09/12/2024 06:07:33 PM logger_alexaltea___orbital INFO <<<<<<<<<<<<<<<<<< Logger setup anew <<<<<<<<<<<<<<<<<<< (utils.py:39) (alexaltea___orbital)
09/12/2024 06:07:33 PM logger_alexaltea___orbital INFO Analyzing repos/repos_400_c_round_two/alexaltea___orbital (install_repos.py:285) (alexaltea___orbital)
09/12/2024 06:07:33 PM logger_alexaltea___orbital INFO Checking for build system in repos/repos_400_c_round_two/alexaltea___orbital/src (install_repos.py:267) (alexaltea___orbital)
09/12/2024 06:07:33 PM logger_alexaltea___orbital INFO Checking for build system in repos/repos_400_c_round_two/alexaltea___orbital/src (install_repos.py:267) (alexaltea___orbital)
09/12/2024 06:07:33 PM logger_alexaltea___orbital INFO Running command: rm -rf build/ (install_repos.py:20) (alexaltea___orbital)
09/12/2024 06:07:33 PM logger_alexaltea___orbital INFO Logging output to: logs/repos/repos_400_c_round_two_install_logs_with_make_cmake_gradlew_meson_scons_bazel_2024-09-12_17-35-05/alexaltea___orbital_build.log (install_repos.py:21) (alexaltea___orbital)
09/12/2024 06:07:33 PM logger_alexaltea___orbital INFO Running command: rm -rf CMakeCache.txt (install_repos.py:20) (alexaltea___orbital)
09/12/2024 06:07:33 PM logger_alexaltea___orbital INFO Logging output to: logs/repos/repos_400_c_round_two_install_logs_with_make_cmake_gradlew_meson_scons_bazel_2024-09-12_17-35-05/alexaltea___orbital_build.log (install_repos.py:21) (alexaltea___orbital)
09/12/2024 06:07:33 PM logger_alexaltea___orbital INFO Running command: rm -rf CMakeFiles/ (install_repos.py:20) (alexaltea___orbital)
09/12/2024 06:07:33 PM logger_alexaltea___orbital INFO Logging output to: logs/repos/repos_400_c_round_two_install_logs_with_make_cmake_gradlew_meson_scons_bazel_2024-09-12_17-35-05/alexaltea___orbital_build.log (install_repos.py:21) (alexaltea___orbital)
09/12/2024 06:07:33 PM logger_alexaltea___orbital INFO Running CMake (install_repos.py:141) (alexaltea___orbital)
09/12/2024 06:07:33 PM logger_alexaltea___orbital INFO Running command: cmake .. (install_repos.py:20) (alexaltea___orbital)
09/12/2024 06:07:33 PM logger_alexaltea___orbital INFO Logging output to: logs/repos/repos_400_c_round_two_install_logs_with_make_cmake_gradlew_meson_scons_bazel_2024-09-12_17-35-05/build_build.log (install_repos.py:21) (alexaltea___orbital)
09/12/2024 06:07:33 PM logger_alexaltea___orbital DEBUG -- The CXX compiler identification is GNU 12.2.0 (install_repos.py:38) (alexaltea___orbital)
09/12/2024 06:07:33 PM logger_alexaltea___orbital DEBUG -- Detecting CXX compiler ABI info (install_repos.py:38) (alexaltea___orbital)
09/12/2024 06:07:33 PM logger_alexaltea___orbital DEBUG -- Detecting CXX compiler ABI info - done (install_repos.py:38) (alexaltea___orbital)
09/12/2024 06:07:33 PM logger_alexaltea___orbital DEBUG -- Check for working CXX compiler: /usr/bin/c++ - skipped (install_repos.py:38) (alexaltea___orbital)
09/12/2024 06:07:33 PM logger_alexaltea___orbital DEBUG -- Detecting CXX compile features (install_repos.py:38) (alexaltea___orbital)
09/12/2024 06:07:33 PM logger_alexaltea___orbital DEBUG -- Detecting CXX compile features - done (install_repos.py:38) (alexaltea___orbital)
09/12/2024 06:07:33 PM logger_alexaltea___orbital DEBUG CMake Error at CMakeLists.txt:20 (find_package): (install_repos.py:38) (alexaltea___orbital)
09/12/2024 06:07:33 PM logger_alexaltea___orbital DEBUG By not providing "FindSDL2.cmake" in CMAKE_MODULE_PATH this project has (install_repos.py:38) (alexaltea___orbital)
09/12/2024 06:07:33 PM logger_alexaltea___orbital DEBUG asked CMake to find a package configuration file provided by "SDL2", but (install_repos.py:38) (alexaltea___orbital)
09/12/2024 06:07:33 PM logger_alexaltea___orbital DEBUG CMake did not find one. (install_repos.py:38) (alexaltea___orbital)
09/12/2024 06:07:33 PM logger_alexaltea___orbital DEBUG  (install_repos.py:38) (alexaltea___orbital)
09/12/2024 06:07:33 PM logger_alexaltea___orbital DEBUG Could not find a package configuration file provided by "SDL2" with any of (install_repos.py:38) (alexaltea___orbital)
09/12/2024 06:07:33 PM logger_alexaltea___orbital DEBUG the following names: (install_repos.py:38) (alexaltea___orbital)
09/12/2024 06:07:33 PM logger_alexaltea___orbital DEBUG  (install_repos.py:38) (alexaltea___orbital)
09/12/2024 06:07:33 PM logger_alexaltea___orbital DEBUG SDL2Config.cmake (install_repos.py:38) (alexaltea___orbital)
09/12/2024 06:07:33 PM logger_alexaltea___orbital DEBUG sdl2-config.cmake (install_repos.py:38) (alexaltea___orbital)
09/12/2024 06:07:33 PM logger_alexaltea___orbital DEBUG  (install_repos.py:38) (alexaltea___orbital)
09/12/2024 06:07:33 PM logger_alexaltea___orbital DEBUG Add the installation prefix of "SDL2" to CMAKE_PREFIX_PATH or set (install_repos.py:38) (alexaltea___orbital)
09/12/2024 06:07:33 PM logger_alexaltea___orbital DEBUG "SDL2_DIR" to a directory containing one of the above files.  If "SDL2" (install_repos.py:38) (alexaltea___orbital)
09/12/2024 06:07:33 PM logger_alexaltea___orbital DEBUG provides a separate development package or SDK, be sure it has been (install_repos.py:38) (alexaltea___orbital)
09/12/2024 06:07:33 PM logger_alexaltea___orbital DEBUG installed. (install_repos.py:38) (alexaltea___orbital)
09/12/2024 06:07:33 PM logger_alexaltea___orbital DEBUG  (install_repos.py:38) (alexaltea___orbital)
09/12/2024 06:07:33 PM logger_alexaltea___orbital DEBUG  (install_repos.py:38) (alexaltea___orbital)
09/12/2024 06:07:33 PM logger_alexaltea___orbital DEBUG -- Configuring incomplete, errors occurred! (install_repos.py:38) (alexaltea___orbital)
09/12/2024 06:07:33 PM logger_alexaltea___orbital DEBUG See also "/INSTALL_C/repos/repos_400_c_round_two/alexaltea___orbital/build/CMakeFiles/CMakeOutput.log". (install_repos.py:38) (alexaltea___orbital)
09/12/2024 06:07:33 PM logger_alexaltea___orbital ERROR Error: Build failed for alexaltea___orbital
Build failed for reason: cmake failed (install_repos.py:295) (alexaltea___orbital)
