09/12/2024 05:56:05 PM logger_ambrop72___badvpn INFO <<<<<<<<<<<<<<<<<< Logger setup anew <<<<<<<<<<<<<<<<<<< (utils.py:39) (ambrop72___badvpn)
09/12/2024 05:56:05 PM logger_ambrop72___badvpn INFO Analyzing repos/repos_400_c_round_two/ambrop72___badvpn (install_repos.py:285) (ambrop72___badvpn)
09/12/2024 05:56:05 PM logger_ambrop72___badvpn INFO Running command: rm -rf build/ (install_repos.py:20) (ambrop72___badvpn)
09/12/2024 05:56:05 PM logger_ambrop72___badvpn INFO Logging output to: logs/repos/repos_400_c_round_two_install_logs_with_make_cmake_gradlew_meson_scons_bazel_2024-09-12_17-35-05/ambrop72___badvpn_build.log (install_repos.py:21) (ambrop72___badvpn)
09/12/2024 05:56:05 PM logger_ambrop72___badvpn INFO Running command: rm -rf CMakeCache.txt (install_repos.py:20) (ambrop72___badvpn)
09/12/2024 05:56:05 PM logger_ambrop72___badvpn INFO Logging output to: logs/repos/repos_400_c_round_two_install_logs_with_make_cmake_gradlew_meson_scons_bazel_2024-09-12_17-35-05/ambrop72___badvpn_build.log (install_repos.py:21) (ambrop72___badvpn)
09/12/2024 05:56:05 PM logger_ambrop72___badvpn INFO Running command: rm -rf CMakeFiles/ (install_repos.py:20) (ambrop72___badvpn)
09/12/2024 05:56:05 PM logger_ambrop72___badvpn INFO Logging output to: logs/repos/repos_400_c_round_two_install_logs_with_make_cmake_gradlew_meson_scons_bazel_2024-09-12_17-35-05/ambrop72___badvpn_build.log (install_repos.py:21) (ambrop72___badvpn)
09/12/2024 05:56:05 PM logger_ambrop72___badvpn INFO Running CMake (install_repos.py:141) (ambrop72___badvpn)
09/12/2024 05:56:05 PM logger_ambrop72___badvpn INFO Running command: cmake .. (install_repos.py:20) (ambrop72___badvpn)
09/12/2024 05:56:05 PM logger_ambrop72___badvpn INFO Logging output to: logs/repos/repos_400_c_round_two_install_logs_with_make_cmake_gradlew_meson_scons_bazel_2024-09-12_17-35-05/build_build.log (install_repos.py:21) (ambrop72___badvpn)
09/12/2024 05:56:05 PM logger_ambrop72___badvpn DEBUG CMake Deprecation Warning at CMakeLists.txt:1 (cmake_minimum_required): (install_repos.py:38) (ambrop72___badvpn)
09/12/2024 05:56:05 PM logger_ambrop72___badvpn DEBUG Compatibility with CMake < 2.8.12 will be removed from a future version of (install_repos.py:38) (ambrop72___badvpn)
09/12/2024 05:56:05 PM logger_ambrop72___badvpn DEBUG CMake. (install_repos.py:38) (ambrop72___badvpn)
09/12/2024 05:56:05 PM logger_ambrop72___badvpn DEBUG  (install_repos.py:38) (ambrop72___badvpn)
09/12/2024 05:56:05 PM logger_ambrop72___badvpn DEBUG Update the VERSION argument <min> value or use a ...<max> suffix to tell (install_repos.py:38) (ambrop72___badvpn)
09/12/2024 05:56:05 PM logger_ambrop72___badvpn DEBUG CMake that the project does not need compatibility with older versions. (install_repos.py:38) (ambrop72___badvpn)
09/12/2024 05:56:05 PM logger_ambrop72___badvpn DEBUG  (install_repos.py:38) (ambrop72___badvpn)
09/12/2024 05:56:05 PM logger_ambrop72___badvpn DEBUG  (install_repos.py:38) (ambrop72___badvpn)
09/12/2024 05:56:05 PM logger_ambrop72___badvpn DEBUG -- The C compiler identification is GNU 12.2.0 (install_repos.py:38) (ambrop72___badvpn)
09/12/2024 05:56:05 PM logger_ambrop72___badvpn DEBUG -- Detecting C compiler ABI info (install_repos.py:38) (ambrop72___badvpn)
09/12/2024 05:56:05 PM logger_ambrop72___badvpn DEBUG -- Detecting C compiler ABI info - done (install_repos.py:38) (ambrop72___badvpn)
09/12/2024 05:56:05 PM logger_ambrop72___badvpn DEBUG -- Check for working C compiler: /usr/bin/cc - skipped (install_repos.py:38) (ambrop72___badvpn)
09/12/2024 05:56:05 PM logger_ambrop72___badvpn DEBUG -- Detecting C compile features (install_repos.py:38) (ambrop72___badvpn)
09/12/2024 05:56:05 PM logger_ambrop72___badvpn DEBUG -- Detecting C compile features - done (install_repos.py:38) (ambrop72___badvpn)
09/12/2024 05:56:05 PM logger_ambrop72___badvpn DEBUG -- Found PkgConfig: /usr/bin/pkg-config (found version "1.8.1") (install_repos.py:38) (ambrop72___badvpn)
09/12/2024 05:56:05 PM logger_ambrop72___badvpn DEBUG -- Checking for module 'openssl' (install_repos.py:38) (ambrop72___badvpn)
09/12/2024 05:56:05 PM logger_ambrop72___badvpn DEBUG --   Package 'openssl', required by 'virtual:world', not found (install_repos.py:38) (ambrop72___badvpn)
09/12/2024 05:56:05 PM logger_ambrop72___badvpn DEBUG CMake Error at cmake/modules/FindOpenSSL.cmake:68 (message): (install_repos.py:38) (ambrop72___badvpn)
09/12/2024 05:56:05 PM logger_ambrop72___badvpn DEBUG Could NOT find OpenSSL (install_repos.py:38) (ambrop72___badvpn)
09/12/2024 05:56:05 PM logger_ambrop72___badvpn DEBUG Call Stack (most recent call first): (install_repos.py:38) (ambrop72___badvpn)
09/12/2024 05:56:05 PM logger_ambrop72___badvpn DEBUG CMakeLists.txt:66 (find_package) (install_repos.py:38) (ambrop72___badvpn)
09/12/2024 05:56:05 PM logger_ambrop72___badvpn DEBUG  (install_repos.py:38) (ambrop72___badvpn)
09/12/2024 05:56:05 PM logger_ambrop72___badvpn DEBUG  (install_repos.py:38) (ambrop72___badvpn)
09/12/2024 05:56:05 PM logger_ambrop72___badvpn DEBUG -- Configuring incomplete, errors occurred! (install_repos.py:38) (ambrop72___badvpn)
09/12/2024 05:56:05 PM logger_ambrop72___badvpn DEBUG See also "/INSTALL_C/repos/repos_400_c_round_two/ambrop72___badvpn/build/CMakeFiles/CMakeOutput.log". (install_repos.py:38) (ambrop72___badvpn)
09/12/2024 05:56:05 PM logger_ambrop72___badvpn ERROR Error: Build failed for ambrop72___badvpn
Build failed for reason: cmake failed (install_repos.py:295) (ambrop72___badvpn)
