09/12/2024 06:07:23 PM logger_andlabs___libui INFO <<<<<<<<<<<<<<<<<< Logger setup anew <<<<<<<<<<<<<<<<<<< (utils.py:39) (andlabs___libui)
09/12/2024 06:07:23 PM logger_andlabs___libui INFO Analyzing repos/repos_400_c_round_two/andlabs___libui (install_repos.py:285) (andlabs___libui)
09/12/2024 06:07:23 PM logger_andlabs___libui INFO Running command: rm -rf build/ (install_repos.py:20) (andlabs___libui)
09/12/2024 06:07:23 PM logger_andlabs___libui INFO Logging output to: logs/repos/repos_400_c_round_two_install_logs_with_make_cmake_gradlew_meson_scons_bazel_2024-09-12_17-35-05/andlabs___libui_build.log (install_repos.py:21) (andlabs___libui)
09/12/2024 06:07:23 PM logger_andlabs___libui INFO Running Meson build (install_repos.py:202) (andlabs___libui)
09/12/2024 06:07:23 PM logger_andlabs___libui INFO Running command: meson .. (install_repos.py:20) (andlabs___libui)
09/12/2024 06:07:23 PM logger_andlabs___libui INFO Logging output to: logs/repos/repos_400_c_round_two_install_logs_with_make_cmake_gradlew_meson_scons_bazel_2024-09-12_17-35-05/build_build.log (install_repos.py:21) (andlabs___libui)
09/12/2024 06:07:23 PM logger_andlabs___libui DEBUG The Meson build system (install_repos.py:38) (andlabs___libui)
09/12/2024 06:07:23 PM logger_andlabs___libui DEBUG Version: 1.5.1 (install_repos.py:38) (andlabs___libui)
09/12/2024 06:07:23 PM logger_andlabs___libui DEBUG Source dir: /INSTALL_C/repos/repos_400_c_round_two/andlabs___libui (install_repos.py:38) (andlabs___libui)
09/12/2024 06:07:23 PM logger_andlabs___libui DEBUG Build dir: /INSTALL_C/repos/repos_400_c_round_two/andlabs___libui/build (install_repos.py:38) (andlabs___libui)
09/12/2024 06:07:23 PM logger_andlabs___libui DEBUG Build type: native build (install_repos.py:38) (andlabs___libui)
09/12/2024 06:07:23 PM logger_andlabs___libui DEBUG Project name: libui (install_repos.py:38) (andlabs___libui)
09/12/2024 06:07:23 PM logger_andlabs___libui DEBUG Project version: undefined (install_repos.py:38) (andlabs___libui)
09/12/2024 06:07:23 PM logger_andlabs___libui DEBUG C compiler for the host machine: cc (gcc 12.2.0 "cc (Debian 12.2.0-14) 12.2.0") (install_repos.py:38) (andlabs___libui)
09/12/2024 06:07:23 PM logger_andlabs___libui DEBUG C linker for the host machine: cc ld.bfd 2.40 (install_repos.py:38) (andlabs___libui)
09/12/2024 06:07:23 PM logger_andlabs___libui DEBUG C++ compiler for the host machine: c++ (gcc 12.2.0 "c++ (Debian 12.2.0-14) 12.2.0") (install_repos.py:38) (andlabs___libui)
09/12/2024 06:07:23 PM logger_andlabs___libui DEBUG C++ linker for the host machine: c++ ld.bfd 2.40 (install_repos.py:38) (andlabs___libui)
09/12/2024 06:07:24 PM logger_andlabs___libui DEBUG Host machine cpu family: x86_64 (install_repos.py:38) (andlabs___libui)
09/12/2024 06:07:24 PM logger_andlabs___libui DEBUG Host machine cpu: x86_64 (install_repos.py:38) (andlabs___libui)
09/12/2024 06:07:24 PM logger_andlabs___libui DEBUG Found pkg-config: YES (/usr/bin/pkg-config) 1.8.1 (install_repos.py:38) (andlabs___libui)
09/12/2024 06:07:24 PM logger_andlabs___libui DEBUG Run-time dependency gtk+-3.0 found: NO (tried pkgconfig) (install_repos.py:38) (andlabs___libui)
09/12/2024 06:07:24 PM logger_andlabs___libui DEBUG  (install_repos.py:38) (andlabs___libui)
09/12/2024 06:07:24 PM logger_andlabs___libui DEBUG ../unix/meson.build:51:1: ERROR: Dependency "gtk+-3.0" not found, tried pkgconfig (install_repos.py:38) (andlabs___libui)
09/12/2024 06:07:24 PM logger_andlabs___libui DEBUG  (install_repos.py:38) (andlabs___libui)
09/12/2024 06:07:24 PM logger_andlabs___libui DEBUG A full log can be found at /INSTALL_C/repos/repos_400_c_round_two/andlabs___libui/build/meson-logs/meson-log.txt (install_repos.py:38) (andlabs___libui)
09/12/2024 06:07:24 PM logger_andlabs___libui DEBUG WARNING: Running the setup command as `meson [options]` instead of `meson setup [options]` is ambiguous and deprecated. (install_repos.py:38) (andlabs___libui)
09/12/2024 06:07:24 PM logger_andlabs___libui ERROR Error: Build failed for andlabs___libui
Build failed for reason: meson failed (install_repos.py:295) (andlabs___libui)
