09/12/2024 05:46:41 PM logger_antimof___uxplay INFO <<<<<<<<<<<<<<<<<< Logger setup anew <<<<<<<<<<<<<<<<<<< (utils.py:39) (antimof___uxplay)
09/12/2024 05:46:41 PM logger_antimof___uxplay INFO Analyzing repos/repos_400_c_round_two/antimof___uxplay (install_repos.py:285) (antimof___uxplay)
09/12/2024 05:46:41 PM logger_antimof___uxplay INFO Running command: rm -rf build/ (install_repos.py:20) (antimof___uxplay)
09/12/2024 05:46:41 PM logger_antimof___uxplay INFO Logging output to: logs/repos/repos_400_c_round_two_install_logs_with_make_cmake_gradlew_meson_scons_bazel_2024-09-12_17-35-05/antimof___uxplay_build.log (install_repos.py:21) (antimof___uxplay)
09/12/2024 05:46:41 PM logger_antimof___uxplay INFO Running command: rm -rf CMakeCache.txt (install_repos.py:20) (antimof___uxplay)
09/12/2024 05:46:41 PM logger_antimof___uxplay INFO Logging output to: logs/repos/repos_400_c_round_two_install_logs_with_make_cmake_gradlew_meson_scons_bazel_2024-09-12_17-35-05/antimof___uxplay_build.log (install_repos.py:21) (antimof___uxplay)
09/12/2024 05:46:41 PM logger_antimof___uxplay INFO Running command: rm -rf CMakeFiles/ (install_repos.py:20) (antimof___uxplay)
09/12/2024 05:46:41 PM logger_antimof___uxplay INFO Logging output to: logs/repos/repos_400_c_round_two_install_logs_with_make_cmake_gradlew_meson_scons_bazel_2024-09-12_17-35-05/antimof___uxplay_build.log (install_repos.py:21) (antimof___uxplay)
09/12/2024 05:46:41 PM logger_antimof___uxplay INFO Running CMake (install_repos.py:141) (antimof___uxplay)
09/12/2024 05:46:41 PM logger_antimof___uxplay INFO Running command: cmake .. (install_repos.py:20) (antimof___uxplay)
09/12/2024 05:46:41 PM logger_antimof___uxplay INFO Logging output to: logs/repos/repos_400_c_round_two_install_logs_with_make_cmake_gradlew_meson_scons_bazel_2024-09-12_17-35-05/build_build.log (install_repos.py:21) (antimof___uxplay)
09/12/2024 05:46:41 PM logger_antimof___uxplay DEBUG -- The C compiler identification is GNU 12.2.0 (install_repos.py:38) (antimof___uxplay)
09/12/2024 05:46:41 PM logger_antimof___uxplay DEBUG -- The CXX compiler identification is GNU 12.2.0 (install_repos.py:38) (antimof___uxplay)
09/12/2024 05:46:41 PM logger_antimof___uxplay DEBUG -- Detecting C compiler ABI info (install_repos.py:38) (antimof___uxplay)
09/12/2024 05:46:41 PM logger_antimof___uxplay DEBUG -- Detecting C compiler ABI info - done (install_repos.py:38) (antimof___uxplay)
09/12/2024 05:46:41 PM logger_antimof___uxplay DEBUG -- Check for working C compiler: /usr/bin/cc - skipped (install_repos.py:38) (antimof___uxplay)
09/12/2024 05:46:41 PM logger_antimof___uxplay DEBUG -- Detecting C compile features (install_repos.py:38) (antimof___uxplay)
09/12/2024 05:46:41 PM logger_antimof___uxplay DEBUG -- Detecting C compile features - done (install_repos.py:38) (antimof___uxplay)
09/12/2024 05:46:41 PM logger_antimof___uxplay DEBUG -- Detecting CXX compiler ABI info (install_repos.py:38) (antimof___uxplay)
09/12/2024 05:46:41 PM logger_antimof___uxplay DEBUG -- Detecting CXX compiler ABI info - done (install_repos.py:38) (antimof___uxplay)
09/12/2024 05:46:41 PM logger_antimof___uxplay DEBUG -- Check for working CXX compiler: /usr/bin/c++ - skipped (install_repos.py:38) (antimof___uxplay)
09/12/2024 05:46:41 PM logger_antimof___uxplay DEBUG -- Detecting CXX compile features (install_repos.py:38) (antimof___uxplay)
09/12/2024 05:46:41 PM logger_antimof___uxplay DEBUG -- Detecting CXX compile features - done (install_repos.py:38) (antimof___uxplay)
09/12/2024 05:46:41 PM logger_antimof___uxplay DEBUG -- Project name: uxplay (install_repos.py:38) (antimof___uxplay)
09/12/2024 05:46:41 PM logger_antimof___uxplay DEBUG -- Could NOT find X11 (missing: X11_X11_INCLUDE_PATH X11_X11_LIB) (install_repos.py:38) (antimof___uxplay)
09/12/2024 05:46:41 PM logger_antimof___uxplay DEBUG -- X11 libraries not found, will compile without X11 dependence (install_repos.py:38) (antimof___uxplay)
09/12/2024 05:46:41 PM logger_antimof___uxplay DEBUG -- *** CFLAGS "" from build environment will be postpended to CMAKE_CFLAGS (install_repos.py:38) (antimof___uxplay)
09/12/2024 05:46:41 PM logger_antimof___uxplay DEBUG -- Using CFLAGS with  -march=native (install_repos.py:38) (antimof___uxplay)
09/12/2024 05:46:41 PM logger_antimof___uxplay DEBUG -- *** ONLY USE THIS WHEN COMPILING ON THE MACHINE THAT WILL RUN UXPLAY (install_repos.py:38) (antimof___uxplay)
09/12/2024 05:46:41 PM logger_antimof___uxplay DEBUG --   run "cmake -DNO_MARCH_NATIVE=ON" to switch off this compiler option (install_repos.py:38) (antimof___uxplay)
09/12/2024 05:46:41 PM logger_antimof___uxplay DEBUG -- using CMAKE_CFLAGS: -DSTANDALONE -D__STDC_CONSTANT_MACROS -D__STDC_LIMIT_MACROS -DTARGET_POSIX -D_LINUX -fPIC -DPIC -D_REENTRANT -D_LARGEFILE64_SOURCE -D_FILE_OFFSET_BITS=64  -Wall -Ofast -march=native (install_repos.py:38) (antimof___uxplay)
09/12/2024 05:46:41 PM logger_antimof___uxplay DEBUG -- Looking for include file sys/endian.h (install_repos.py:38) (antimof___uxplay)
09/12/2024 05:46:41 PM logger_antimof___uxplay DEBUG -- Looking for include file sys/endian.h - not found (install_repos.py:38) (antimof___uxplay)
09/12/2024 05:46:41 PM logger_antimof___uxplay DEBUG -- Found PkgConfig: /usr/bin/pkg-config (found version "1.8.1") (install_repos.py:38) (antimof___uxplay)
09/12/2024 05:46:41 PM logger_antimof___uxplay DEBUG -- Checking for one of the modules 'libplist-2.0' (install_repos.py:38) (antimof___uxplay)
09/12/2024 05:46:41 PM logger_antimof___uxplay DEBUG CMake Error at /usr/share/cmake-3.25/Modules/FindPkgConfig.cmake:894 (message): (install_repos.py:38) (antimof___uxplay)
09/12/2024 05:46:41 PM logger_antimof___uxplay DEBUG None of the required 'libplist-2.0' found (install_repos.py:38) (antimof___uxplay)
09/12/2024 05:46:41 PM logger_antimof___uxplay DEBUG Call Stack (most recent call first): (install_repos.py:38) (antimof___uxplay)
09/12/2024 05:46:41 PM logger_antimof___uxplay DEBUG lib/CMakeLists.txt:83 (pkg_search_module) (install_repos.py:38) (antimof___uxplay)
09/12/2024 05:46:41 PM logger_antimof___uxplay DEBUG  (install_repos.py:38) (antimof___uxplay)
09/12/2024 05:46:41 PM logger_antimof___uxplay DEBUG  (install_repos.py:38) (antimof___uxplay)
09/12/2024 05:46:41 PM logger_antimof___uxplay DEBUG CMake Error at /usr/share/cmake-3.25/Modules/FindPackageHandleStandardArgs.cmake:230 (message): (install_repos.py:38) (antimof___uxplay)
09/12/2024 05:46:41 PM logger_antimof___uxplay DEBUG Could NOT find OpenSSL, try to set the path to OpenSSL root folder in the (install_repos.py:38) (antimof___uxplay)
09/12/2024 05:46:41 PM logger_antimof___uxplay DEBUG system variable OPENSSL_ROOT_DIR (missing: OPENSSL_CRYPTO_LIBRARY (install_repos.py:38) (antimof___uxplay)
09/12/2024 05:46:41 PM logger_antimof___uxplay DEBUG OPENSSL_INCLUDE_DIR) (Required is at least version "1.1.1") (install_repos.py:38) (antimof___uxplay)
09/12/2024 05:46:41 PM logger_antimof___uxplay DEBUG Call Stack (most recent call first): (install_repos.py:38) (antimof___uxplay)
09/12/2024 05:46:41 PM logger_antimof___uxplay DEBUG /usr/share/cmake-3.25/Modules/FindPackageHandleStandardArgs.cmake:600 (_FPHSA_FAILURE_MESSAGE) (install_repos.py:38) (antimof___uxplay)
09/12/2024 05:46:41 PM logger_antimof___uxplay DEBUG /usr/share/cmake-3.25/Modules/FindOpenSSL.cmake:613 (find_package_handle_standard_args) (install_repos.py:38) (antimof___uxplay)
09/12/2024 05:46:41 PM logger_antimof___uxplay DEBUG lib/CMakeLists.txt:124 (find_package) (install_repos.py:38) (antimof___uxplay)
09/12/2024 05:46:41 PM logger_antimof___uxplay DEBUG  (install_repos.py:38) (antimof___uxplay)
09/12/2024 05:46:41 PM logger_antimof___uxplay DEBUG  (install_repos.py:38) (antimof___uxplay)
09/12/2024 05:46:41 PM logger_antimof___uxplay DEBUG -- Configuring incomplete, errors occurred! (install_repos.py:38) (antimof___uxplay)
09/12/2024 05:46:41 PM logger_antimof___uxplay DEBUG See also "/INSTALL_C/repos/repos_400_c_round_two/antimof___uxplay/build/CMakeFiles/CMakeOutput.log". (install_repos.py:38) (antimof___uxplay)
09/12/2024 05:46:41 PM logger_antimof___uxplay DEBUG See also "/INSTALL_C/repos/repos_400_c_round_two/antimof___uxplay/build/CMakeFiles/CMakeError.log". (install_repos.py:38) (antimof___uxplay)
09/12/2024 05:46:41 PM logger_antimof___uxplay ERROR Error: Build failed for antimof___uxplay
Build failed for reason: cmake failed (install_repos.py:295) (antimof___uxplay)
