09/12/2024 05:44:00 PM logger_begeekmyfriend___bplustree INFO <<<<<<<<<<<<<<<<<< Logger setup anew <<<<<<<<<<<<<<<<<<< (utils.py:39) (begeekmyfriend___bplustree)
09/12/2024 05:44:00 PM logger_begeekmyfriend___bplustree INFO Analyzing repos/repos_400_c_round_two/begeekmyfriend___bplustree (install_repos.py:285) (begeekmyfriend___bplustree)
09/12/2024 05:44:00 PM logger_begeekmyfriend___bplustree INFO Running command: rm -rf build/ (install_repos.py:20) (begeekmyfriend___bplustree)
09/12/2024 05:44:00 PM logger_begeekmyfriend___bplustree INFO Logging output to: logs/repos/repos_400_c_round_two_install_logs_with_make_cmake_gradlew_meson_scons_bazel_2024-09-12_17-35-05/begeekmyfriend___bplustree_build.log (install_repos.py:21) (begeekmyfriend___bplustree)
09/12/2024 05:44:00 PM logger_begeekmyfriend___bplustree INFO Running command: rm -rf CMakeCache.txt (install_repos.py:20) (begeekmyfriend___bplustree)
09/12/2024 05:44:00 PM logger_begeekmyfriend___bplustree INFO Logging output to: logs/repos/repos_400_c_round_two_install_logs_with_make_cmake_gradlew_meson_scons_bazel_2024-09-12_17-35-05/begeekmyfriend___bplustree_build.log (install_repos.py:21) (begeekmyfriend___bplustree)
09/12/2024 05:44:00 PM logger_begeekmyfriend___bplustree INFO Running command: rm -rf CMakeFiles/ (install_repos.py:20) (begeekmyfriend___bplustree)
09/12/2024 05:44:00 PM logger_begeekmyfriend___bplustree INFO Logging output to: logs/repos/repos_400_c_round_two_install_logs_with_make_cmake_gradlew_meson_scons_bazel_2024-09-12_17-35-05/begeekmyfriend___bplustree_build.log (install_repos.py:21) (begeekmyfriend___bplustree)
09/12/2024 05:44:00 PM logger_begeekmyfriend___bplustree INFO Running CMake (install_repos.py:141) (begeekmyfriend___bplustree)
09/12/2024 05:44:00 PM logger_begeekmyfriend___bplustree INFO Running command: cmake .. (install_repos.py:20) (begeekmyfriend___bplustree)
09/12/2024 05:44:00 PM logger_begeekmyfriend___bplustree INFO Logging output to: logs/repos/repos_400_c_round_two_install_logs_with_make_cmake_gradlew_meson_scons_bazel_2024-09-12_17-35-05/build_build.log (install_repos.py:21) (begeekmyfriend___bplustree)
09/12/2024 05:44:00 PM logger_begeekmyfriend___bplustree DEBUG CMake Deprecation Warning at CMakeLists.txt:1 (cmake_minimum_required): (install_repos.py:38) (begeekmyfriend___bplustree)
09/12/2024 05:44:00 PM logger_begeekmyfriend___bplustree DEBUG Compatibility with CMake < 2.8.12 will be removed from a future version of (install_repos.py:38) (begeekmyfriend___bplustree)
09/12/2024 05:44:00 PM logger_begeekmyfriend___bplustree DEBUG CMake. (install_repos.py:38) (begeekmyfriend___bplustree)
09/12/2024 05:44:00 PM logger_begeekmyfriend___bplustree DEBUG  (install_repos.py:38) (begeekmyfriend___bplustree)
09/12/2024 05:44:00 PM logger_begeekmyfriend___bplustree DEBUG Update the VERSION argument <min> value or use a ...<max> suffix to tell (install_repos.py:38) (begeekmyfriend___bplustree)
09/12/2024 05:44:00 PM logger_begeekmyfriend___bplustree DEBUG CMake that the project does not need compatibility with older versions. (install_repos.py:38) (begeekmyfriend___bplustree)
09/12/2024 05:44:00 PM logger_begeekmyfriend___bplustree DEBUG  (install_repos.py:38) (begeekmyfriend___bplustree)
09/12/2024 05:44:00 PM logger_begeekmyfriend___bplustree DEBUG  (install_repos.py:38) (begeekmyfriend___bplustree)
09/12/2024 05:44:00 PM logger_begeekmyfriend___bplustree DEBUG -- The C compiler identification is GNU 12.2.0 (install_repos.py:38) (begeekmyfriend___bplustree)
09/12/2024 05:44:00 PM logger_begeekmyfriend___bplustree DEBUG -- The CXX compiler identification is GNU 12.2.0 (install_repos.py:38) (begeekmyfriend___bplustree)
09/12/2024 05:44:00 PM logger_begeekmyfriend___bplustree DEBUG -- Detecting C compiler ABI info (install_repos.py:38) (begeekmyfriend___bplustree)
09/12/2024 05:44:00 PM logger_begeekmyfriend___bplustree DEBUG -- Detecting C compiler ABI info - done (install_repos.py:38) (begeekmyfriend___bplustree)
09/12/2024 05:44:00 PM logger_begeekmyfriend___bplustree DEBUG -- Check for working C compiler: /usr/bin/cc - skipped (install_repos.py:38) (begeekmyfriend___bplustree)
09/12/2024 05:44:00 PM logger_begeekmyfriend___bplustree DEBUG -- Detecting C compile features (install_repos.py:38) (begeekmyfriend___bplustree)
09/12/2024 05:44:00 PM logger_begeekmyfriend___bplustree DEBUG -- Detecting C compile features - done (install_repos.py:38) (begeekmyfriend___bplustree)
09/12/2024 05:44:00 PM logger_begeekmyfriend___bplustree DEBUG -- Detecting CXX compiler ABI info (install_repos.py:38) (begeekmyfriend___bplustree)
09/12/2024 05:44:00 PM logger_begeekmyfriend___bplustree DEBUG -- Detecting CXX compiler ABI info - done (install_repos.py:38) (begeekmyfriend___bplustree)
09/12/2024 05:44:00 PM logger_begeekmyfriend___bplustree DEBUG -- Check for working CXX compiler: /usr/bin/c++ - skipped (install_repos.py:38) (begeekmyfriend___bplustree)
09/12/2024 05:44:00 PM logger_begeekmyfriend___bplustree DEBUG -- Detecting CXX compile features (install_repos.py:38) (begeekmyfriend___bplustree)
09/12/2024 05:44:00 PM logger_begeekmyfriend___bplustree DEBUG -- Detecting CXX compile features - done (install_repos.py:38) (begeekmyfriend___bplustree)
09/12/2024 05:44:00 PM logger_begeekmyfriend___bplustree DEBUG -- Configuring done (install_repos.py:38) (begeekmyfriend___bplustree)
09/12/2024 05:44:00 PM logger_begeekmyfriend___bplustree DEBUG -- Generating done (install_repos.py:38) (begeekmyfriend___bplustree)
09/12/2024 05:44:00 PM logger_begeekmyfriend___bplustree DEBUG -- Build files have been written to: /INSTALL_C/repos/repos_400_c_round_two/begeekmyfriend___bplustree/build (install_repos.py:38) (begeekmyfriend___bplustree)
09/12/2024 05:44:00 PM logger_begeekmyfriend___bplustree INFO Running command: cmake --build . (install_repos.py:20) (begeekmyfriend___bplustree)
09/12/2024 05:44:00 PM logger_begeekmyfriend___bplustree INFO Logging output to: logs/repos/repos_400_c_round_two_install_logs_with_make_cmake_gradlew_meson_scons_bazel_2024-09-12_17-35-05/build_build.log (install_repos.py:21) (begeekmyfriend___bplustree)
09/12/2024 05:44:01 PM logger_begeekmyfriend___bplustree DEBUG [ 16%] Building C object lib/CMakeFiles/bplustree.dir/bplustree.c.o (install_repos.py:38) (begeekmyfriend___bplustree)
09/12/2024 05:44:01 PM logger_begeekmyfriend___bplustree DEBUG [ 33%] Linking C shared library libbplustree.so (install_repos.py:38) (begeekmyfriend___bplustree)
09/12/2024 05:44:01 PM logger_begeekmyfriend___bplustree DEBUG [ 33%] Built target bplustree (install_repos.py:38) (begeekmyfriend___bplustree)
09/12/2024 05:44:01 PM logger_begeekmyfriend___bplustree DEBUG [ 50%] Building C object lib/CMakeFiles/bplustree_static.dir/bplustree.c.o (install_repos.py:38) (begeekmyfriend___bplustree)
09/12/2024 05:44:01 PM logger_begeekmyfriend___bplustree DEBUG [ 66%] Linking C static library libbplustree.a (install_repos.py:38) (begeekmyfriend___bplustree)
09/12/2024 05:44:01 PM logger_begeekmyfriend___bplustree DEBUG [ 66%] Built target bplustree_static (install_repos.py:38) (begeekmyfriend___bplustree)
09/12/2024 05:44:01 PM logger_begeekmyfriend___bplustree DEBUG [ 83%] Building C object tests/CMakeFiles/bplustree_demo.dir/bplustree_demo.c.o (install_repos.py:38) (begeekmyfriend___bplustree)
09/12/2024 05:44:01 PM logger_begeekmyfriend___bplustree DEBUG [100%] Linking C executable ../bin/bplustree_demo (install_repos.py:38) (begeekmyfriend___bplustree)
09/12/2024 05:44:01 PM logger_begeekmyfriend___bplustree DEBUG [100%] Built target bplustree_demo (install_repos.py:38) (begeekmyfriend___bplustree)
09/12/2024 05:44:01 PM logger_begeekmyfriend___bplustree INFO Success: Build succeeded for begeekmyfriend___bplustree (install_repos.py:292) (begeekmyfriend___bplustree)
