09/12/2024 05:59:05 PM logger_bootchk___resynthesizer INFO <<<<<<<<<<<<<<<<<< Logger setup anew <<<<<<<<<<<<<<<<<<< (utils.py:39) (bootchk___resynthesizer)
09/12/2024 05:59:05 PM logger_bootchk___resynthesizer INFO Analyzing repos/repos_400_c_round_two/bootchk___resynthesizer (install_repos.py:285) (bootchk___resynthesizer)
09/12/2024 05:59:05 PM logger_bootchk___resynthesizer INFO Running autoreconf (install_repos.py:85) (bootchk___resynthesizer)
09/12/2024 05:59:05 PM logger_bootchk___resynthesizer INFO Running command: autoreconf -i (install_repos.py:20) (bootchk___resynthesizer)
09/12/2024 05:59:05 PM logger_bootchk___resynthesizer INFO Logging output to: logs/repos/repos_400_c_round_two_install_logs_with_make_cmake_gradlew_meson_scons_bazel_2024-09-12_17-35-05/bootchk___resynthesizer_build.log (install_repos.py:21) (bootchk___resynthesizer)
09/12/2024 05:59:06 PM logger_bootchk___resynthesizer DEBUG configure.ac:82: warning: macro 'AM_GLIB_GNU_GETTEXT' not found in library (install_repos.py:38) (bootchk___resynthesizer)
09/12/2024 05:59:07 PM logger_bootchk___resynthesizer DEBUG configure.ac:31: warning: 'AM_CONFIG_HEADER': this macro is obsolete. (install_repos.py:38) (bootchk___resynthesizer)
09/12/2024 05:59:07 PM logger_bootchk___resynthesizer DEBUG configure.ac:31: You should use the 'AC_CONFIG_HEADERS' macro instead. (install_repos.py:38) (bootchk___resynthesizer)
09/12/2024 05:59:07 PM logger_bootchk___resynthesizer DEBUG ./lib/autoconf/general.m4:2434: AC_DIAGNOSE is expanded from... (install_repos.py:38) (bootchk___resynthesizer)
09/12/2024 05:59:07 PM logger_bootchk___resynthesizer DEBUG aclocal.m4:1125: AM_CONFIG_HEADER is expanded from... (install_repos.py:38) (bootchk___resynthesizer)
09/12/2024 05:59:07 PM logger_bootchk___resynthesizer DEBUG configure.ac:31: the top level (install_repos.py:38) (bootchk___resynthesizer)
09/12/2024 05:59:07 PM logger_bootchk___resynthesizer DEBUG configure.ac:35: warning: The macro `AC_ISC_POSIX' is obsolete. (install_repos.py:38) (bootchk___resynthesizer)
09/12/2024 05:59:07 PM logger_bootchk___resynthesizer DEBUG configure.ac:35: You should run autoupdate. (install_repos.py:38) (bootchk___resynthesizer)
09/12/2024 05:59:07 PM logger_bootchk___resynthesizer DEBUG ./lib/autoconf/specific.m4:550: AC_ISC_POSIX is expanded from... (install_repos.py:38) (bootchk___resynthesizer)
09/12/2024 05:59:07 PM logger_bootchk___resynthesizer DEBUG configure.ac:35: the top level (install_repos.py:38) (bootchk___resynthesizer)
09/12/2024 05:59:07 PM logger_bootchk___resynthesizer DEBUG configure.ac:37: warning: 'AM_PROG_CC_STDC': this macro is obsolete. (install_repos.py:38) (bootchk___resynthesizer)
09/12/2024 05:59:07 PM logger_bootchk___resynthesizer DEBUG configure.ac:37: You should simply use the 'AC_PROG_CC' macro instead. (install_repos.py:38) (bootchk___resynthesizer)
09/12/2024 05:59:07 PM logger_bootchk___resynthesizer DEBUG configure.ac:37: Also, your code should no longer depend upon 'am_cv_prog_cc_stdc', (install_repos.py:38) (bootchk___resynthesizer)
09/12/2024 05:59:07 PM logger_bootchk___resynthesizer DEBUG configure.ac:37: but upon 'ac_cv_prog_cc_stdc'. (install_repos.py:38) (bootchk___resynthesizer)
09/12/2024 05:59:07 PM logger_bootchk___resynthesizer DEBUG ./lib/autoconf/general.m4:2434: AC_DIAGNOSE is expanded from... (install_repos.py:38) (bootchk___resynthesizer)
09/12/2024 05:59:07 PM logger_bootchk___resynthesizer DEBUG aclocal.m4:1131: AM_PROG_CC_STDC is expanded from... (install_repos.py:38) (bootchk___resynthesizer)
09/12/2024 05:59:07 PM logger_bootchk___resynthesizer DEBUG configure.ac:37: the top level (install_repos.py:38) (bootchk___resynthesizer)
09/12/2024 05:59:07 PM logger_bootchk___resynthesizer DEBUG configure.ac:38: warning: The macro `AC_HEADER_STDC' is obsolete. (install_repos.py:38) (bootchk___resynthesizer)
09/12/2024 05:59:07 PM logger_bootchk___resynthesizer DEBUG configure.ac:38: You should run autoupdate. (install_repos.py:38) (bootchk___resynthesizer)
09/12/2024 05:59:07 PM logger_bootchk___resynthesizer DEBUG ./lib/autoconf/headers.m4:704: AC_HEADER_STDC is expanded from... (install_repos.py:38) (bootchk___resynthesizer)
09/12/2024 05:59:07 PM logger_bootchk___resynthesizer DEBUG configure.ac:38: the top level (install_repos.py:38) (bootchk___resynthesizer)
09/12/2024 05:59:07 PM logger_bootchk___resynthesizer DEBUG configure.ac:81: error: possibly undefined macro: AC_PROG_INTLTOOL (install_repos.py:38) (bootchk___resynthesizer)
09/12/2024 05:59:07 PM logger_bootchk___resynthesizer DEBUG If this token and others are legitimate, please use m4_pattern_allow. (install_repos.py:38) (bootchk___resynthesizer)
09/12/2024 05:59:07 PM logger_bootchk___resynthesizer DEBUG See the Autoconf documentation. (install_repos.py:38) (bootchk___resynthesizer)
09/12/2024 05:59:07 PM logger_bootchk___resynthesizer DEBUG configure.ac:82: error: possibly undefined macro: AM_GLIB_GNU_GETTEXT (install_repos.py:38) (bootchk___resynthesizer)
09/12/2024 05:59:07 PM logger_bootchk___resynthesizer DEBUG autoreconf: error: /usr/bin/autoconf failed with exit status: 1 (install_repos.py:38) (bootchk___resynthesizer)
09/12/2024 05:59:07 PM logger_bootchk___resynthesizer ERROR Error: Build failed for bootchk___resynthesizer
Build failed for reason: autoreconf failed (install_repos.py:295) (bootchk___resynthesizer)
