09/12/2024 05:44:01 PM logger_cmusphinx___pocketsphinx INFO <<<<<<<<<<<<<<<<<< Logger setup anew <<<<<<<<<<<<<<<<<<< (utils.py:39) (cmusphinx___pocketsphinx)
09/12/2024 05:44:01 PM logger_cmusphinx___pocketsphinx INFO Analyzing repos/repos_400_c_round_two/cmusphinx___pocketsphinx (install_repos.py:285) (cmusphinx___pocketsphinx)
09/12/2024 05:44:01 PM logger_cmusphinx___pocketsphinx INFO Checking for build system in repos/repos_400_c_round_two/cmusphinx___pocketsphinx/src (install_repos.py:267) (cmusphinx___pocketsphinx)
09/12/2024 05:44:01 PM logger_cmusphinx___pocketsphinx INFO Checking for build system in repos/repos_400_c_round_two/cmusphinx___pocketsphinx/src (install_repos.py:267) (cmusphinx___pocketsphinx)
09/12/2024 05:44:01 PM logger_cmusphinx___pocketsphinx INFO Running command: rm -rf build/ (install_repos.py:20) (cmusphinx___pocketsphinx)
09/12/2024 05:44:01 PM logger_cmusphinx___pocketsphinx INFO Logging output to: logs/repos/repos_400_c_round_two_install_logs_with_make_cmake_gradlew_meson_scons_bazel_2024-09-12_17-35-05/cmusphinx___pocketsphinx_build.log (install_repos.py:21) (cmusphinx___pocketsphinx)
09/12/2024 05:44:01 PM logger_cmusphinx___pocketsphinx INFO Running command: rm -rf CMakeCache.txt (install_repos.py:20) (cmusphinx___pocketsphinx)
09/12/2024 05:44:01 PM logger_cmusphinx___pocketsphinx INFO Logging output to: logs/repos/repos_400_c_round_two_install_logs_with_make_cmake_gradlew_meson_scons_bazel_2024-09-12_17-35-05/cmusphinx___pocketsphinx_build.log (install_repos.py:21) (cmusphinx___pocketsphinx)
09/12/2024 05:44:01 PM logger_cmusphinx___pocketsphinx INFO Running command: rm -rf CMakeFiles/ (install_repos.py:20) (cmusphinx___pocketsphinx)
09/12/2024 05:44:01 PM logger_cmusphinx___pocketsphinx INFO Logging output to: logs/repos/repos_400_c_round_two_install_logs_with_make_cmake_gradlew_meson_scons_bazel_2024-09-12_17-35-05/cmusphinx___pocketsphinx_build.log (install_repos.py:21) (cmusphinx___pocketsphinx)
09/12/2024 05:44:01 PM logger_cmusphinx___pocketsphinx INFO Running CMake (install_repos.py:141) (cmusphinx___pocketsphinx)
09/12/2024 05:44:01 PM logger_cmusphinx___pocketsphinx INFO Running command: cmake .. (install_repos.py:20) (cmusphinx___pocketsphinx)
09/12/2024 05:44:01 PM logger_cmusphinx___pocketsphinx INFO Logging output to: logs/repos/repos_400_c_round_two_install_logs_with_make_cmake_gradlew_meson_scons_bazel_2024-09-12_17-35-05/build_build.log (install_repos.py:21) (cmusphinx___pocketsphinx)
09/12/2024 05:44:02 PM logger_cmusphinx___pocketsphinx DEBUG -- The C compiler identification is GNU 12.2.0 (install_repos.py:38) (cmusphinx___pocketsphinx)
09/12/2024 05:44:02 PM logger_cmusphinx___pocketsphinx DEBUG -- Detecting C compiler ABI info (install_repos.py:38) (cmusphinx___pocketsphinx)
09/12/2024 05:44:02 PM logger_cmusphinx___pocketsphinx DEBUG -- Detecting C compiler ABI info - done (install_repos.py:38) (cmusphinx___pocketsphinx)
09/12/2024 05:44:02 PM logger_cmusphinx___pocketsphinx DEBUG -- Check for working C compiler: /usr/bin/cc - skipped (install_repos.py:38) (cmusphinx___pocketsphinx)
09/12/2024 05:44:02 PM logger_cmusphinx___pocketsphinx DEBUG -- Detecting C compile features (install_repos.py:38) (cmusphinx___pocketsphinx)
09/12/2024 05:44:02 PM logger_cmusphinx___pocketsphinx DEBUG -- Detecting C compile features - done (install_repos.py:38) (cmusphinx___pocketsphinx)
09/12/2024 05:44:02 PM logger_cmusphinx___pocketsphinx DEBUG -- Looking for unistd.h (install_repos.py:38) (cmusphinx___pocketsphinx)
09/12/2024 05:44:02 PM logger_cmusphinx___pocketsphinx DEBUG -- Looking for unistd.h - found (install_repos.py:38) (cmusphinx___pocketsphinx)
09/12/2024 05:44:02 PM logger_cmusphinx___pocketsphinx DEBUG -- Looking for sys/types.h (install_repos.py:38) (cmusphinx___pocketsphinx)
09/12/2024 05:44:02 PM logger_cmusphinx___pocketsphinx DEBUG -- Looking for sys/types.h - found (install_repos.py:38) (cmusphinx___pocketsphinx)
09/12/2024 05:44:02 PM logger_cmusphinx___pocketsphinx DEBUG -- Looking for sys/stat.h (install_repos.py:38) (cmusphinx___pocketsphinx)
09/12/2024 05:44:02 PM logger_cmusphinx___pocketsphinx DEBUG -- Looking for sys/stat.h - found (install_repos.py:38) (cmusphinx___pocketsphinx)
09/12/2024 05:44:02 PM logger_cmusphinx___pocketsphinx DEBUG -- Looking for stdint.h (install_repos.py:38) (cmusphinx___pocketsphinx)
09/12/2024 05:44:02 PM logger_cmusphinx___pocketsphinx DEBUG -- Looking for stdint.h - found (install_repos.py:38) (cmusphinx___pocketsphinx)
09/12/2024 05:44:02 PM logger_cmusphinx___pocketsphinx DEBUG -- Looking for snprintf (install_repos.py:38) (cmusphinx___pocketsphinx)
09/12/2024 05:44:02 PM logger_cmusphinx___pocketsphinx DEBUG -- Looking for snprintf - found (install_repos.py:38) (cmusphinx___pocketsphinx)
09/12/2024 05:44:02 PM logger_cmusphinx___pocketsphinx DEBUG -- Looking for popen (install_repos.py:38) (cmusphinx___pocketsphinx)
09/12/2024 05:44:02 PM logger_cmusphinx___pocketsphinx DEBUG -- Looking for popen - found (install_repos.py:38) (cmusphinx___pocketsphinx)
09/12/2024 05:44:02 PM logger_cmusphinx___pocketsphinx DEBUG -- Looking for stddef.h (install_repos.py:38) (cmusphinx___pocketsphinx)
09/12/2024 05:44:02 PM logger_cmusphinx___pocketsphinx DEBUG -- Looking for stddef.h - found (install_repos.py:38) (cmusphinx___pocketsphinx)
09/12/2024 05:44:02 PM logger_cmusphinx___pocketsphinx DEBUG -- Check size of long (install_repos.py:38) (cmusphinx___pocketsphinx)
09/12/2024 05:44:02 PM logger_cmusphinx___pocketsphinx DEBUG -- Check size of long - done (install_repos.py:38) (cmusphinx___pocketsphinx)
09/12/2024 05:44:02 PM logger_cmusphinx___pocketsphinx DEBUG -- Check size of long long (install_repos.py:38) (cmusphinx___pocketsphinx)
09/12/2024 05:44:02 PM logger_cmusphinx___pocketsphinx DEBUG -- Check size of long long - done (install_repos.py:38) (cmusphinx___pocketsphinx)
09/12/2024 05:44:02 PM logger_cmusphinx___pocketsphinx DEBUG -- SIZEOF_LONG="8" ; SIZEOF_LONG_LONG="8" (install_repos.py:38) (cmusphinx___pocketsphinx)
09/12/2024 05:44:02 PM logger_cmusphinx___pocketsphinx DEBUG -- WORDS_BIGENDIAN="0" (install_repos.py:38) (cmusphinx___pocketsphinx)
09/12/2024 05:44:02 PM logger_cmusphinx___pocketsphinx DEBUG -- SPHINX_DEBUG="" ; DEBUG_ENDIAN="" (install_repos.py:38) (cmusphinx___pocketsphinx)
09/12/2024 05:44:02 PM logger_cmusphinx___pocketsphinx DEBUG -- FIXED_POINT="OFF" ; DEFAULT_RADIX="12" (install_repos.py:38) (cmusphinx___pocketsphinx)
09/12/2024 05:44:02 PM logger_cmusphinx___pocketsphinx DEBUG -- Could NOT find Doxygen (missing: DOXYGEN_EXECUTABLE) (install_repos.py:38) (cmusphinx___pocketsphinx)
09/12/2024 05:44:02 PM logger_cmusphinx___pocketsphinx DEBUG -- Checking for module 'libpulse-simple' (install_repos.py:38) (cmusphinx___pocketsphinx)
09/12/2024 05:44:02 PM logger_cmusphinx___pocketsphinx DEBUG --   Package 'libpulse-simple', required by 'virtual:world', not found (install_repos.py:38) (cmusphinx___pocketsphinx)
09/12/2024 05:44:02 PM logger_cmusphinx___pocketsphinx DEBUG -- Checking for module 'portaudio-2.0' (install_repos.py:38) (cmusphinx___pocketsphinx)
09/12/2024 05:44:02 PM logger_cmusphinx___pocketsphinx DEBUG --   Package 'portaudio-2.0', required by 'virtual:world', not found (install_repos.py:38) (cmusphinx___pocketsphinx)
09/12/2024 05:44:02 PM logger_cmusphinx___pocketsphinx DEBUG -- MODELDIR="/usr/local/share/pocketsphinx/model" (install_repos.py:38) (cmusphinx___pocketsphinx)
09/12/2024 05:44:02 PM logger_cmusphinx___pocketsphinx DEBUG -- Configuring done (install_repos.py:38) (cmusphinx___pocketsphinx)
09/12/2024 05:44:03 PM logger_cmusphinx___pocketsphinx DEBUG -- Generating done (install_repos.py:38) (cmusphinx___pocketsphinx)
09/12/2024 05:44:03 PM logger_cmusphinx___pocketsphinx DEBUG -- Build files have been written to: /INSTALL_C/repos/repos_400_c_round_two/cmusphinx___pocketsphinx/build (install_repos.py:38) (cmusphinx___pocketsphinx)
09/12/2024 05:44:03 PM logger_cmusphinx___pocketsphinx INFO Running command: cmake --build . (install_repos.py:20) (cmusphinx___pocketsphinx)
09/12/2024 05:44:03 PM logger_cmusphinx___pocketsphinx INFO Logging output to: logs/repos/repos_400_c_round_two_install_logs_with_make_cmake_gradlew_meson_scons_bazel_2024-09-12_17-35-05/build_build.log (install_repos.py:21) (cmusphinx___pocketsphinx)
09/12/2024 05:44:03 PM logger_cmusphinx___pocketsphinx DEBUG [  0%] Building C object src/CMakeFiles/pocketsphinx.dir/acmod.c.o (install_repos.py:38) (cmusphinx___pocketsphinx)
09/12/2024 05:44:03 PM logger_cmusphinx___pocketsphinx DEBUG [  0%] Building C object src/CMakeFiles/pocketsphinx.dir/allphone_search.c.o (install_repos.py:38) (cmusphinx___pocketsphinx)
09/12/2024 05:44:03 PM logger_cmusphinx___pocketsphinx DEBUG [  2%] Building C object src/CMakeFiles/pocketsphinx.dir/bin_mdef.c.o (install_repos.py:38) (cmusphinx___pocketsphinx)
09/12/2024 05:44:03 PM logger_cmusphinx___pocketsphinx DEBUG [  2%] Building C object src/CMakeFiles/pocketsphinx.dir/common_audio/vad/vad_gmm.c.o (install_repos.py:38) (cmusphinx___pocketsphinx)
09/12/2024 05:44:03 PM logger_cmusphinx___pocketsphinx DEBUG [  4%] Building C object src/CMakeFiles/pocketsphinx.dir/common_audio/vad/webrtc_vad.c.o (install_repos.py:38) (cmusphinx___pocketsphinx)
09/12/2024 05:44:03 PM logger_cmusphinx___pocketsphinx DEBUG [  4%] Building C object src/CMakeFiles/pocketsphinx.dir/common_audio/vad/vad_filterbank.c.o (install_repos.py:38) (cmusphinx___pocketsphinx)
09/12/2024 05:44:03 PM logger_cmusphinx___pocketsphinx DEBUG [  4%] Building C object src/CMakeFiles/pocketsphinx.dir/common_audio/vad/vad_core.c.o (install_repos.py:38) (cmusphinx___pocketsphinx)
09/12/2024 05:44:03 PM logger_cmusphinx___pocketsphinx DEBUG [  6%] Building C object src/CMakeFiles/pocketsphinx.dir/common_audio/vad/vad_sp.c.o (install_repos.py:38) (cmusphinx___pocketsphinx)
09/12/2024 05:44:03 PM logger_cmusphinx___pocketsphinx DEBUG [  6%] Building C object src/CMakeFiles/pocketsphinx.dir/common_audio/signal_processing/division_operations.c.o (install_repos.py:38) (cmusphinx___pocketsphinx)
09/12/2024 05:44:03 PM logger_cmusphinx___pocketsphinx DEBUG [  6%] Building C object src/CMakeFiles/pocketsphinx.dir/common_audio/signal_processing/resample_48khz.c.o (install_repos.py:38) (cmusphinx___pocketsphinx)
09/12/2024 05:44:03 PM logger_cmusphinx___pocketsphinx DEBUG [  9%] Building C object src/CMakeFiles/pocketsphinx.dir/common_audio/signal_processing/resample.c.o (install_repos.py:38) (cmusphinx___pocketsphinx)
09/12/2024 05:44:03 PM logger_cmusphinx___pocketsphinx DEBUG [  9%] Building C object src/CMakeFiles/pocketsphinx.dir/common_audio/signal_processing/resample_fractional.c.o (install_repos.py:38) (cmusphinx___pocketsphinx)
09/12/2024 05:44:03 PM logger_cmusphinx___pocketsphinx DEBUG [ 11%] Building C object src/CMakeFiles/pocketsphinx.dir/common_audio/signal_processing/downsample_fast.c.o (install_repos.py:38) (cmusphinx___pocketsphinx)
09/12/2024 05:44:04 PM logger_cmusphinx___pocketsphinx DEBUG [ 11%] Building C object src/CMakeFiles/pocketsphinx.dir/common_audio/signal_processing/min_max_operations.c.o (install_repos.py:38) (cmusphinx___pocketsphinx)
09/12/2024 05:44:04 PM logger_cmusphinx___pocketsphinx DEBUG [ 11%] Building C object src/CMakeFiles/pocketsphinx.dir/common_audio/signal_processing/cross_correlation.c.o (install_repos.py:38) (cmusphinx___pocketsphinx)
09/12/2024 05:44:04 PM logger_cmusphinx___pocketsphinx DEBUG [ 13%] Building C object src/CMakeFiles/pocketsphinx.dir/common_audio/signal_processing/vector_scaling_operations.c.o (install_repos.py:38) (cmusphinx___pocketsphinx)
09/12/2024 05:44:04 PM logger_cmusphinx___pocketsphinx DEBUG [ 13%] Building C object src/CMakeFiles/pocketsphinx.dir/common_audio/signal_processing/resample_by_2_internal.c.o (install_repos.py:38) (cmusphinx___pocketsphinx)
09/12/2024 05:44:04 PM logger_cmusphinx___pocketsphinx DEBUG [ 15%] Building C object src/CMakeFiles/pocketsphinx.dir/common_audio/signal_processing/energy.c.o (install_repos.py:38) (cmusphinx___pocketsphinx)
09/12/2024 05:44:04 PM logger_cmusphinx___pocketsphinx DEBUG [ 15%] Building C object src/CMakeFiles/pocketsphinx.dir/common_audio/signal_processing/spl_inl.c.o (install_repos.py:38) (cmusphinx___pocketsphinx)
09/12/2024 05:44:04 PM logger_cmusphinx___pocketsphinx DEBUG [ 15%] Building C object src/CMakeFiles/pocketsphinx.dir/common_audio/signal_processing/get_scaling_square.c.o (install_repos.py:38) (cmusphinx___pocketsphinx)
09/12/2024 05:44:04 PM logger_cmusphinx___pocketsphinx DEBUG [ 18%] Building C object src/CMakeFiles/pocketsphinx.dir/dict2pid.c.o (install_repos.py:38) (cmusphinx___pocketsphinx)
09/12/2024 05:44:04 PM logger_cmusphinx___pocketsphinx DEBUG [ 18%] Building C object src/CMakeFiles/pocketsphinx.dir/dict.c.o (install_repos.py:38) (cmusphinx___pocketsphinx)
09/12/2024 05:44:04 PM logger_cmusphinx___pocketsphinx DEBUG [ 18%] Building C object src/CMakeFiles/pocketsphinx.dir/fe/fe_sigproc.c.o (install_repos.py:38) (cmusphinx___pocketsphinx)
09/12/2024 05:44:04 PM logger_cmusphinx___pocketsphinx DEBUG [ 20%] Building C object src/CMakeFiles/pocketsphinx.dir/fe/fixlog.c.o (install_repos.py:38) (cmusphinx___pocketsphinx)
09/12/2024 05:44:04 PM logger_cmusphinx___pocketsphinx DEBUG [ 20%] Building C object src/CMakeFiles/pocketsphinx.dir/fe/fe_warp_inverse_linear.c.o (install_repos.py:38) (cmusphinx___pocketsphinx)
09/12/2024 05:44:04 PM logger_cmusphinx___pocketsphinx DEBUG [ 22%] Building C object src/CMakeFiles/pocketsphinx.dir/fe/fe_noise.c.o (install_repos.py:38) (cmusphinx___pocketsphinx)
09/12/2024 05:44:04 PM logger_cmusphinx___pocketsphinx DEBUG [ 22%] Building C object src/CMakeFiles/pocketsphinx.dir/fe/fe_warp.c.o (install_repos.py:38) (cmusphinx___pocketsphinx)
09/12/2024 05:44:04 PM logger_cmusphinx___pocketsphinx DEBUG [ 22%] Building C object src/CMakeFiles/pocketsphinx.dir/fe/fe_interface.c.o (install_repos.py:38) (cmusphinx___pocketsphinx)
09/12/2024 05:44:04 PM logger_cmusphinx___pocketsphinx DEBUG [ 25%] Building C object src/CMakeFiles/pocketsphinx.dir/fe/fe_warp_affine.c.o (install_repos.py:38) (cmusphinx___pocketsphinx)
09/12/2024 05:44:04 PM logger_cmusphinx___pocketsphinx DEBUG [ 25%] Building C object src/CMakeFiles/pocketsphinx.dir/fe/yin.c.o (install_repos.py:38) (cmusphinx___pocketsphinx)
09/12/2024 05:44:04 PM logger_cmusphinx___pocketsphinx DEBUG [ 27%] Building C object src/CMakeFiles/pocketsphinx.dir/fe/fe_warp_piecewise_linear.c.o (install_repos.py:38) (cmusphinx___pocketsphinx)
09/12/2024 05:44:05 PM logger_cmusphinx___pocketsphinx DEBUG [ 27%] Building C object src/CMakeFiles/pocketsphinx.dir/feat/cmn.c.o (install_repos.py:38) (cmusphinx___pocketsphinx)
09/12/2024 05:44:05 PM logger_cmusphinx___pocketsphinx DEBUG [ 27%] Building C object src/CMakeFiles/pocketsphinx.dir/feat/agc.c.o (install_repos.py:38) (cmusphinx___pocketsphinx)
09/12/2024 05:44:05 PM logger_cmusphinx___pocketsphinx DEBUG [ 29%] Building C object src/CMakeFiles/pocketsphinx.dir/feat/cmn_live.c.o (install_repos.py:38) (cmusphinx___pocketsphinx)
09/12/2024 05:44:05 PM logger_cmusphinx___pocketsphinx DEBUG [ 29%] Building C object src/CMakeFiles/pocketsphinx.dir/feat/feat.c.o (install_repos.py:38) (cmusphinx___pocketsphinx)
09/12/2024 05:44:05 PM logger_cmusphinx___pocketsphinx DEBUG [ 29%] Building C object src/CMakeFiles/pocketsphinx.dir/feat/lda.c.o (install_repos.py:38) (cmusphinx___pocketsphinx)
09/12/2024 05:44:05 PM logger_cmusphinx___pocketsphinx DEBUG [ 31%] Building C object src/CMakeFiles/pocketsphinx.dir/fsg_history.c.o (install_repos.py:38) (cmusphinx___pocketsphinx)
09/12/2024 05:44:05 PM logger_cmusphinx___pocketsphinx DEBUG [ 31%] Building C object src/CMakeFiles/pocketsphinx.dir/fsg_lextree.c.o (install_repos.py:38) (cmusphinx___pocketsphinx)
09/12/2024 05:44:05 PM logger_cmusphinx___pocketsphinx DEBUG [ 34%] Building C object src/CMakeFiles/pocketsphinx.dir/fsg_search.c.o (install_repos.py:38) (cmusphinx___pocketsphinx)
09/12/2024 05:44:05 PM logger_cmusphinx___pocketsphinx DEBUG [ 34%] Building C object src/CMakeFiles/pocketsphinx.dir/hmm.c.o (install_repos.py:38) (cmusphinx___pocketsphinx)
09/12/2024 05:44:05 PM logger_cmusphinx___pocketsphinx DEBUG [ 34%] Building C object src/CMakeFiles/pocketsphinx.dir/kws_detections.c.o (install_repos.py:38) (cmusphinx___pocketsphinx)
09/12/2024 05:44:05 PM logger_cmusphinx___pocketsphinx DEBUG [ 36%] Building C object src/CMakeFiles/pocketsphinx.dir/kws_search.c.o (install_repos.py:38) (cmusphinx___pocketsphinx)
09/12/2024 05:44:05 PM logger_cmusphinx___pocketsphinx DEBUG [ 36%] Building C object src/CMakeFiles/pocketsphinx.dir/lm/lm_trie_quant.c.o (install_repos.py:38) (cmusphinx___pocketsphinx)
09/12/2024 05:44:05 PM logger_cmusphinx___pocketsphinx DEBUG [ 38%] Building C object src/CMakeFiles/pocketsphinx.dir/lm/ngram_model_trie.c.o (install_repos.py:38) (cmusphinx___pocketsphinx)
09/12/2024 05:44:06 PM logger_cmusphinx___pocketsphinx DEBUG [ 38%] Building C object src/CMakeFiles/pocketsphinx.dir/lm/fsg_model.c.o (install_repos.py:38) (cmusphinx___pocketsphinx)
09/12/2024 05:44:06 PM logger_cmusphinx___pocketsphinx DEBUG [ 38%] Building C object src/CMakeFiles/pocketsphinx.dir/lm/jsgf.c.o (install_repos.py:38) (cmusphinx___pocketsphinx)
09/12/2024 05:44:06 PM logger_cmusphinx___pocketsphinx DEBUG [ 40%] Building C object src/CMakeFiles/pocketsphinx.dir/lm/ngram_model_set.c.o (install_repos.py:38) (cmusphinx___pocketsphinx)
09/12/2024 05:44:06 PM logger_cmusphinx___pocketsphinx DEBUG [ 40%] Building C object src/CMakeFiles/pocketsphinx.dir/lm/ngrams_raw.c.o (install_repos.py:38) (cmusphinx___pocketsphinx)
09/12/2024 05:44:06 PM logger_cmusphinx___pocketsphinx DEBUG [ 43%] Building C object src/CMakeFiles/pocketsphinx.dir/lm/jsgf_scanner.c.o (install_repos.py:38) (cmusphinx___pocketsphinx)
09/12/2024 05:44:06 PM logger_cmusphinx___pocketsphinx DEBUG [ 43%] Building C object src/CMakeFiles/pocketsphinx.dir/lm/bitarr.c.o (install_repos.py:38) (cmusphinx___pocketsphinx)
09/12/2024 05:44:06 PM logger_cmusphinx___pocketsphinx DEBUG [ 43%] Building C object src/CMakeFiles/pocketsphinx.dir/lm/ngram_model.c.o (install_repos.py:38) (cmusphinx___pocketsphinx)
09/12/2024 05:44:06 PM logger_cmusphinx___pocketsphinx DEBUG [ 45%] Building C object src/CMakeFiles/pocketsphinx.dir/lm/lm_trie.c.o (install_repos.py:38) (cmusphinx___pocketsphinx)
09/12/2024 05:44:06 PM logger_cmusphinx___pocketsphinx DEBUG [ 45%] Building C object src/CMakeFiles/pocketsphinx.dir/lm/jsgf_parser.c.o (install_repos.py:38) (cmusphinx___pocketsphinx)
09/12/2024 05:44:06 PM logger_cmusphinx___pocketsphinx DEBUG [ 45%] Building C object src/CMakeFiles/pocketsphinx.dir/mdef.c.o (install_repos.py:38) (cmusphinx___pocketsphinx)
09/12/2024 05:44:06 PM logger_cmusphinx___pocketsphinx DEBUG [ 47%] Building C object src/CMakeFiles/pocketsphinx.dir/ms_gauden.c.o (install_repos.py:38) (cmusphinx___pocketsphinx)
09/12/2024 05:44:07 PM logger_cmusphinx___pocketsphinx DEBUG [ 47%] Building C object src/CMakeFiles/pocketsphinx.dir/ms_mgau.c.o (install_repos.py:38) (cmusphinx___pocketsphinx)
09/12/2024 05:44:07 PM logger_cmusphinx___pocketsphinx DEBUG [ 50%] Building C object src/CMakeFiles/pocketsphinx.dir/ms_senone.c.o (install_repos.py:38) (cmusphinx___pocketsphinx)
09/12/2024 05:44:07 PM logger_cmusphinx___pocketsphinx DEBUG [ 50%] Building C object src/CMakeFiles/pocketsphinx.dir/ngram_search.c.o (install_repos.py:38) (cmusphinx___pocketsphinx)
09/12/2024 05:44:07 PM logger_cmusphinx___pocketsphinx DEBUG [ 50%] Building C object src/CMakeFiles/pocketsphinx.dir/ngram_search_fwdflat.c.o (install_repos.py:38) (cmusphinx___pocketsphinx)
09/12/2024 05:44:07 PM logger_cmusphinx___pocketsphinx DEBUG [ 52%] Building C object src/CMakeFiles/pocketsphinx.dir/ngram_search_fwdtree.c.o (install_repos.py:38) (cmusphinx___pocketsphinx)
09/12/2024 05:44:07 PM logger_cmusphinx___pocketsphinx DEBUG [ 52%] Building C object src/CMakeFiles/pocketsphinx.dir/phone_loop_search.c.o (install_repos.py:38) (cmusphinx___pocketsphinx)
09/12/2024 05:44:07 PM logger_cmusphinx___pocketsphinx DEBUG [ 54%] Building C object src/CMakeFiles/pocketsphinx.dir/pocketsphinx.c.o (install_repos.py:38) (cmusphinx___pocketsphinx)
09/12/2024 05:44:07 PM logger_cmusphinx___pocketsphinx DEBUG [ 54%] Building C object src/CMakeFiles/pocketsphinx.dir/ps_alignment.c.o (install_repos.py:38) (cmusphinx___pocketsphinx)
09/12/2024 05:44:07 PM logger_cmusphinx___pocketsphinx DEBUG [ 54%] Building C object src/CMakeFiles/pocketsphinx.dir/ps_config.c.o (install_repos.py:38) (cmusphinx___pocketsphinx)
09/12/2024 05:44:07 PM logger_cmusphinx___pocketsphinx DEBUG [ 56%] Building C object src/CMakeFiles/pocketsphinx.dir/ps_endpointer.c.o (install_repos.py:38) (cmusphinx___pocketsphinx)
09/12/2024 05:44:08 PM logger_cmusphinx___pocketsphinx DEBUG [ 56%] Building C object src/CMakeFiles/pocketsphinx.dir/ps_lattice.c.o (install_repos.py:38) (cmusphinx___pocketsphinx)
09/12/2024 05:44:08 PM logger_cmusphinx___pocketsphinx DEBUG [ 56%] Building C object src/CMakeFiles/pocketsphinx.dir/ps_mllr.c.o (install_repos.py:38) (cmusphinx___pocketsphinx)
09/12/2024 05:44:08 PM logger_cmusphinx___pocketsphinx DEBUG [ 59%] Building C object src/CMakeFiles/pocketsphinx.dir/ps_vad.c.o (install_repos.py:38) (cmusphinx___pocketsphinx)
09/12/2024 05:44:08 PM logger_cmusphinx___pocketsphinx DEBUG [ 59%] Building C object src/CMakeFiles/pocketsphinx.dir/ptm_mgau.c.o (install_repos.py:38) (cmusphinx___pocketsphinx)
09/12/2024 05:44:08 PM logger_cmusphinx___pocketsphinx DEBUG [ 61%] Building C object src/CMakeFiles/pocketsphinx.dir/s2_semi_mgau.c.o (install_repos.py:38) (cmusphinx___pocketsphinx)
09/12/2024 05:44:08 PM logger_cmusphinx___pocketsphinx DEBUG [ 61%] Building C object src/CMakeFiles/pocketsphinx.dir/state_align_search.c.o (install_repos.py:38) (cmusphinx___pocketsphinx)
09/12/2024 05:44:08 PM logger_cmusphinx___pocketsphinx DEBUG [ 61%] Building C object src/CMakeFiles/pocketsphinx.dir/tmat.c.o (install_repos.py:38) (cmusphinx___pocketsphinx)
09/12/2024 05:44:08 PM logger_cmusphinx___pocketsphinx DEBUG [ 63%] Building C object src/CMakeFiles/pocketsphinx.dir/util/strfuncs.c.o (install_repos.py:38) (cmusphinx___pocketsphinx)
09/12/2024 05:44:08 PM logger_cmusphinx___pocketsphinx DEBUG [ 63%] Building C object src/CMakeFiles/pocketsphinx.dir/util/dtoa.c.o (install_repos.py:38) (cmusphinx___pocketsphinx)
09/12/2024 05:44:08 PM logger_cmusphinx___pocketsphinx DEBUG [ 65%] Building C object src/CMakeFiles/pocketsphinx.dir/util/case.c.o (install_repos.py:38) (cmusphinx___pocketsphinx)
09/12/2024 05:44:08 PM logger_cmusphinx___pocketsphinx DEBUG [ 65%] Building C object src/CMakeFiles/pocketsphinx.dir/util/filename.c.o (install_repos.py:38) (cmusphinx___pocketsphinx)
09/12/2024 05:44:08 PM logger_cmusphinx___pocketsphinx DEBUG [ 65%] Building C object src/CMakeFiles/pocketsphinx.dir/util/slamch.c.o (install_repos.py:38) (cmusphinx___pocketsphinx)
09/12/2024 05:44:09 PM logger_cmusphinx___pocketsphinx DEBUG [ 68%] Building C object src/CMakeFiles/pocketsphinx.dir/util/cmd_ln.c.o (install_repos.py:38) (cmusphinx___pocketsphinx)
09/12/2024 05:44:09 PM logger_cmusphinx___pocketsphinx DEBUG [ 68%] Building C object src/CMakeFiles/pocketsphinx.dir/util/blas_lite.c.o (install_repos.py:38) (cmusphinx___pocketsphinx)
09/12/2024 05:44:09 PM logger_cmusphinx___pocketsphinx DEBUG [ 68%] Building C object src/CMakeFiles/pocketsphinx.dir/util/blkarray_list.c.o (install_repos.py:38) (cmusphinx___pocketsphinx)
09/12/2024 05:44:09 PM logger_cmusphinx___pocketsphinx DEBUG [ 70%] Building C object src/CMakeFiles/pocketsphinx.dir/util/vector.c.o (install_repos.py:38) (cmusphinx___pocketsphinx)
09/12/2024 05:44:09 PM logger_cmusphinx___pocketsphinx DEBUG [ 70%] Building C object src/CMakeFiles/pocketsphinx.dir/util/mmio.c.o (install_repos.py:38) (cmusphinx___pocketsphinx)
09/12/2024 05:44:09 PM logger_cmusphinx___pocketsphinx DEBUG [ 72%] Building C object src/CMakeFiles/pocketsphinx.dir/util/hash_table.c.o (install_repos.py:38) (cmusphinx___pocketsphinx)
09/12/2024 05:44:09 PM logger_cmusphinx___pocketsphinx DEBUG [ 72%] Building C object src/CMakeFiles/pocketsphinx.dir/util/err.c.o (install_repos.py:38) (cmusphinx___pocketsphinx)
09/12/2024 05:44:09 PM logger_cmusphinx___pocketsphinx DEBUG [ 72%] Building C object src/CMakeFiles/pocketsphinx.dir/util/ckd_alloc.c.o (install_repos.py:38) (cmusphinx___pocketsphinx)
09/12/2024 05:44:09 PM logger_cmusphinx___pocketsphinx DEBUG [ 75%] Building C object src/CMakeFiles/pocketsphinx.dir/util/slapack_lite.c.o (install_repos.py:38) (cmusphinx___pocketsphinx)
09/12/2024 05:44:09 PM logger_cmusphinx___pocketsphinx DEBUG [ 75%] Building C object src/CMakeFiles/pocketsphinx.dir/util/matrix.c.o (install_repos.py:38) (cmusphinx___pocketsphinx)
09/12/2024 05:44:09 PM logger_cmusphinx___pocketsphinx DEBUG [ 77%] Building C object src/CMakeFiles/pocketsphinx.dir/util/bio.c.o (install_repos.py:38) (cmusphinx___pocketsphinx)
09/12/2024 05:44:09 PM logger_cmusphinx___pocketsphinx DEBUG [ 77%] Building C object src/CMakeFiles/pocketsphinx.dir/util/heap.c.o (install_repos.py:38) (cmusphinx___pocketsphinx)
09/12/2024 05:44:09 PM logger_cmusphinx___pocketsphinx DEBUG [ 77%] Building C object src/CMakeFiles/pocketsphinx.dir/util/priority_queue.c.o (install_repos.py:38) (cmusphinx___pocketsphinx)
09/12/2024 05:44:09 PM logger_cmusphinx___pocketsphinx DEBUG [ 79%] Building C object src/CMakeFiles/pocketsphinx.dir/util/bitvec.c.o (install_repos.py:38) (cmusphinx___pocketsphinx)
09/12/2024 05:44:09 PM logger_cmusphinx___pocketsphinx DEBUG [ 79%] Building C object src/CMakeFiles/pocketsphinx.dir/util/profile.c.o (install_repos.py:38) (cmusphinx___pocketsphinx)
09/12/2024 05:44:09 PM logger_cmusphinx___pocketsphinx DEBUG [ 79%] Building C object src/CMakeFiles/pocketsphinx.dir/util/errno.c.o (install_repos.py:38) (cmusphinx___pocketsphinx)
09/12/2024 05:44:09 PM logger_cmusphinx___pocketsphinx DEBUG [ 81%] Building C object src/CMakeFiles/pocketsphinx.dir/util/logmath.c.o (install_repos.py:38) (cmusphinx___pocketsphinx)
09/12/2024 05:44:10 PM logger_cmusphinx___pocketsphinx DEBUG [ 81%] Building C object src/CMakeFiles/pocketsphinx.dir/util/glist.c.o (install_repos.py:38) (cmusphinx___pocketsphinx)
09/12/2024 05:44:10 PM logger_cmusphinx___pocketsphinx DEBUG [ 84%] Building C object src/CMakeFiles/pocketsphinx.dir/util/f2c_lite.c.o (install_repos.py:38) (cmusphinx___pocketsphinx)
09/12/2024 05:44:10 PM logger_cmusphinx___pocketsphinx DEBUG [ 84%] Building C object src/CMakeFiles/pocketsphinx.dir/util/listelem_alloc.c.o (install_repos.py:38) (cmusphinx___pocketsphinx)
09/12/2024 05:44:10 PM logger_cmusphinx___pocketsphinx DEBUG [ 84%] Building C object src/CMakeFiles/pocketsphinx.dir/util/pio.c.o (install_repos.py:38) (cmusphinx___pocketsphinx)
09/12/2024 05:44:10 PM logger_cmusphinx___pocketsphinx DEBUG [ 86%] Building C object src/CMakeFiles/pocketsphinx.dir/util/genrand.c.o (install_repos.py:38) (cmusphinx___pocketsphinx)
09/12/2024 05:44:10 PM logger_cmusphinx___pocketsphinx DEBUG [ 86%] Building C object src/CMakeFiles/pocketsphinx.dir/util/soundfiles.c.o (install_repos.py:38) (cmusphinx___pocketsphinx)
09/12/2024 05:44:10 PM logger_cmusphinx___pocketsphinx DEBUG [ 88%] Linking C static library ../libpocketsphinx.a (install_repos.py:38) (cmusphinx___pocketsphinx)
09/12/2024 05:44:10 PM logger_cmusphinx___pocketsphinx DEBUG [ 88%] Built target pocketsphinx (install_repos.py:38) (cmusphinx___pocketsphinx)
09/12/2024 05:44:10 PM logger_cmusphinx___pocketsphinx DEBUG [ 88%] Building C object programs/CMakeFiles/pocketsphinx_main.dir/pocketsphinx_main.c.o (install_repos.py:38) (cmusphinx___pocketsphinx)
09/12/2024 05:44:10 PM logger_cmusphinx___pocketsphinx DEBUG [ 88%] Linking C executable ../pocketsphinx (install_repos.py:38) (cmusphinx___pocketsphinx)
09/12/2024 05:44:10 PM logger_cmusphinx___pocketsphinx DEBUG [ 88%] Built target pocketsphinx_main (install_repos.py:38) (cmusphinx___pocketsphinx)
09/12/2024 05:44:10 PM logger_cmusphinx___pocketsphinx DEBUG [ 88%] Building C object programs/CMakeFiles/pocketsphinx_batch.dir/pocketsphinx_batch.c.o (install_repos.py:38) (cmusphinx___pocketsphinx)
09/12/2024 05:44:10 PM logger_cmusphinx___pocketsphinx DEBUG [ 88%] Linking C executable ../pocketsphinx_batch (install_repos.py:38) (cmusphinx___pocketsphinx)
09/12/2024 05:44:10 PM logger_cmusphinx___pocketsphinx DEBUG [ 88%] Built target pocketsphinx_batch (install_repos.py:38) (cmusphinx___pocketsphinx)
09/12/2024 05:44:10 PM logger_cmusphinx___pocketsphinx DEBUG [ 90%] Building C object programs/CMakeFiles/pocketsphinx_mdef_convert.dir/pocketsphinx_mdef_convert.c.o (install_repos.py:38) (cmusphinx___pocketsphinx)
09/12/2024 05:44:10 PM logger_cmusphinx___pocketsphinx DEBUG [ 90%] Linking C executable ../pocketsphinx_mdef_convert (install_repos.py:38) (cmusphinx___pocketsphinx)
09/12/2024 05:44:10 PM logger_cmusphinx___pocketsphinx DEBUG [ 90%] Built target pocketsphinx_mdef_convert (install_repos.py:38) (cmusphinx___pocketsphinx)
09/12/2024 05:44:10 PM logger_cmusphinx___pocketsphinx DEBUG [ 93%] Building C object programs/CMakeFiles/pocketsphinx_jsgf2fsg.dir/pocketsphinx_jsgf2fsg.c.o (install_repos.py:38) (cmusphinx___pocketsphinx)
09/12/2024 05:44:10 PM logger_cmusphinx___pocketsphinx DEBUG [ 93%] Linking C executable ../pocketsphinx_jsgf2fsg (install_repos.py:38) (cmusphinx___pocketsphinx)
09/12/2024 05:44:11 PM logger_cmusphinx___pocketsphinx DEBUG [ 93%] Built target pocketsphinx_jsgf2fsg (install_repos.py:38) (cmusphinx___pocketsphinx)
09/12/2024 05:44:11 PM logger_cmusphinx___pocketsphinx DEBUG [ 95%] Building C object programs/CMakeFiles/pocketsphinx_lm_convert.dir/pocketsphinx_lm_convert.c.o (install_repos.py:38) (cmusphinx___pocketsphinx)
09/12/2024 05:44:11 PM logger_cmusphinx___pocketsphinx DEBUG [ 95%] Linking C executable ../pocketsphinx_lm_convert (install_repos.py:38) (cmusphinx___pocketsphinx)
09/12/2024 05:44:11 PM logger_cmusphinx___pocketsphinx DEBUG [ 95%] Built target pocketsphinx_lm_convert (install_repos.py:38) (cmusphinx___pocketsphinx)
09/12/2024 05:44:11 PM logger_cmusphinx___pocketsphinx DEBUG [ 95%] Building C object programs/CMakeFiles/pocketsphinx_lm_eval.dir/pocketsphinx_lm_eval.c.o (install_repos.py:38) (cmusphinx___pocketsphinx)
09/12/2024 05:44:11 PM logger_cmusphinx___pocketsphinx DEBUG [ 97%] Linking C executable ../pocketsphinx_lm_eval (install_repos.py:38) (cmusphinx___pocketsphinx)
09/12/2024 05:44:11 PM logger_cmusphinx___pocketsphinx DEBUG [ 97%] Built target pocketsphinx_lm_eval (install_repos.py:38) (cmusphinx___pocketsphinx)
09/12/2024 05:44:11 PM logger_cmusphinx___pocketsphinx DEBUG [100%] Building C object programs/CMakeFiles/pocketsphinx_pitch.dir/pocketsphinx_pitch.c.o (install_repos.py:38) (cmusphinx___pocketsphinx)
09/12/2024 05:44:11 PM logger_cmusphinx___pocketsphinx DEBUG [100%] Linking C executable ../pocketsphinx_pitch (install_repos.py:38) (cmusphinx___pocketsphinx)
09/12/2024 05:44:11 PM logger_cmusphinx___pocketsphinx DEBUG [100%] Built target pocketsphinx_pitch (install_repos.py:38) (cmusphinx___pocketsphinx)
09/12/2024 05:44:11 PM logger_cmusphinx___pocketsphinx INFO Success: Build succeeded for cmusphinx___pocketsphinx (install_repos.py:292) (cmusphinx___pocketsphinx)
