09/12/2024 05:46:40 PM logger_danginsburg___opengles3-book INFO <<<<<<<<<<<<<<<<<< Logger setup anew <<<<<<<<<<<<<<<<<<< (utils.py:39) (danginsburg___opengles3-book)
09/12/2024 05:46:40 PM logger_danginsburg___opengles3-book INFO Analyzing repos/repos_400_c_round_two/danginsburg___opengles3-book (install_repos.py:285) (danginsburg___opengles3-book)
09/12/2024 05:46:40 PM logger_danginsburg___opengles3-book INFO Running command: rm -rf build/ (install_repos.py:20) (danginsburg___opengles3-book)
09/12/2024 05:46:40 PM logger_danginsburg___opengles3-book INFO Logging output to: logs/repos/repos_400_c_round_two_install_logs_with_make_cmake_gradlew_meson_scons_bazel_2024-09-12_17-35-05/danginsburg___opengles3-book_build.log (install_repos.py:21) (danginsburg___opengles3-book)
09/12/2024 05:46:40 PM logger_danginsburg___opengles3-book INFO Running command: rm -rf CMakeCache.txt (install_repos.py:20) (danginsburg___opengles3-book)
09/12/2024 05:46:40 PM logger_danginsburg___opengles3-book INFO Logging output to: logs/repos/repos_400_c_round_two_install_logs_with_make_cmake_gradlew_meson_scons_bazel_2024-09-12_17-35-05/danginsburg___opengles3-book_build.log (install_repos.py:21) (danginsburg___opengles3-book)
09/12/2024 05:46:40 PM logger_danginsburg___opengles3-book INFO Running command: rm -rf CMakeFiles/ (install_repos.py:20) (danginsburg___opengles3-book)
09/12/2024 05:46:40 PM logger_danginsburg___opengles3-book INFO Logging output to: logs/repos/repos_400_c_round_two_install_logs_with_make_cmake_gradlew_meson_scons_bazel_2024-09-12_17-35-05/danginsburg___opengles3-book_build.log (install_repos.py:21) (danginsburg___opengles3-book)
09/12/2024 05:46:40 PM logger_danginsburg___opengles3-book INFO Running CMake (install_repos.py:141) (danginsburg___opengles3-book)
09/12/2024 05:46:40 PM logger_danginsburg___opengles3-book INFO Running command: cmake .. (install_repos.py:20) (danginsburg___opengles3-book)
09/12/2024 05:46:40 PM logger_danginsburg___opengles3-book INFO Logging output to: logs/repos/repos_400_c_round_two_install_logs_with_make_cmake_gradlew_meson_scons_bazel_2024-09-12_17-35-05/build_build.log (install_repos.py:21) (danginsburg___opengles3-book)
09/12/2024 05:46:40 PM logger_danginsburg___opengles3-book DEBUG CMake Deprecation Warning at CMakeLists.txt:1 (cmake_minimum_required): (install_repos.py:38) (danginsburg___opengles3-book)
09/12/2024 05:46:40 PM logger_danginsburg___opengles3-book DEBUG Compatibility with CMake < 2.8.12 will be removed from a future version of (install_repos.py:38) (danginsburg___opengles3-book)
09/12/2024 05:46:40 PM logger_danginsburg___opengles3-book DEBUG CMake. (install_repos.py:38) (danginsburg___opengles3-book)
09/12/2024 05:46:40 PM logger_danginsburg___opengles3-book DEBUG  (install_repos.py:38) (danginsburg___opengles3-book)
09/12/2024 05:46:40 PM logger_danginsburg___opengles3-book DEBUG Update the VERSION argument <min> value or use a ...<max> suffix to tell (install_repos.py:38) (danginsburg___opengles3-book)
09/12/2024 05:46:40 PM logger_danginsburg___opengles3-book DEBUG CMake that the project does not need compatibility with older versions. (install_repos.py:38) (danginsburg___opengles3-book)
09/12/2024 05:46:40 PM logger_danginsburg___opengles3-book DEBUG  (install_repos.py:38) (danginsburg___opengles3-book)
09/12/2024 05:46:40 PM logger_danginsburg___opengles3-book DEBUG  (install_repos.py:38) (danginsburg___opengles3-book)
09/12/2024 05:46:40 PM logger_danginsburg___opengles3-book DEBUG -- The C compiler identification is GNU 12.2.0 (install_repos.py:38) (danginsburg___opengles3-book)
09/12/2024 05:46:40 PM logger_danginsburg___opengles3-book DEBUG -- The CXX compiler identification is GNU 12.2.0 (install_repos.py:38) (danginsburg___opengles3-book)
09/12/2024 05:46:40 PM logger_danginsburg___opengles3-book DEBUG -- Detecting C compiler ABI info (install_repos.py:38) (danginsburg___opengles3-book)
09/12/2024 05:46:41 PM logger_danginsburg___opengles3-book DEBUG -- Detecting C compiler ABI info - done (install_repos.py:38) (danginsburg___opengles3-book)
09/12/2024 05:46:41 PM logger_danginsburg___opengles3-book DEBUG -- Check for working C compiler: /usr/bin/cc - skipped (install_repos.py:38) (danginsburg___opengles3-book)
09/12/2024 05:46:41 PM logger_danginsburg___opengles3-book DEBUG -- Detecting C compile features (install_repos.py:38) (danginsburg___opengles3-book)
09/12/2024 05:46:41 PM logger_danginsburg___opengles3-book DEBUG -- Detecting C compile features - done (install_repos.py:38) (danginsburg___opengles3-book)
09/12/2024 05:46:41 PM logger_danginsburg___opengles3-book DEBUG -- Detecting CXX compiler ABI info (install_repos.py:38) (danginsburg___opengles3-book)
09/12/2024 05:46:41 PM logger_danginsburg___opengles3-book DEBUG -- Detecting CXX compiler ABI info - done (install_repos.py:38) (danginsburg___opengles3-book)
09/12/2024 05:46:41 PM logger_danginsburg___opengles3-book DEBUG -- Check for working CXX compiler: /usr/bin/c++ - skipped (install_repos.py:38) (danginsburg___opengles3-book)
09/12/2024 05:46:41 PM logger_danginsburg___opengles3-book DEBUG -- Detecting CXX compile features (install_repos.py:38) (danginsburg___opengles3-book)
09/12/2024 05:46:41 PM logger_danginsburg___opengles3-book DEBUG -- Detecting CXX compile features - done (install_repos.py:38) (danginsburg___opengles3-book)
09/12/2024 05:46:41 PM logger_danginsburg___opengles3-book DEBUG -- Could NOT find X11 (missing: X11_X11_INCLUDE_PATH X11_X11_LIB) (install_repos.py:38) (danginsburg___opengles3-book)
09/12/2024 05:46:41 PM logger_danginsburg___opengles3-book DEBUG -- Configuring done (install_repos.py:38) (danginsburg___opengles3-book)
09/12/2024 05:46:41 PM logger_danginsburg___opengles3-book DEBUG CMake Error: The following variables are used in this project, but they are set to NOTFOUND. (install_repos.py:38) (danginsburg___opengles3-book)
09/12/2024 05:46:41 PM logger_danginsburg___opengles3-book DEBUG Please set them or make sure they are set and tested correctly in the CMake files: (install_repos.py:38) (danginsburg___opengles3-book)
09/12/2024 05:46:41 PM logger_danginsburg___opengles3-book DEBUG EGL_LIBRARY (install_repos.py:38) (danginsburg___opengles3-book)
09/12/2024 05:46:41 PM logger_danginsburg___opengles3-book DEBUG linked by target "Common" in directory /INSTALL_C/repos/repos_400_c_round_two/danginsburg___opengles3-book/Common (install_repos.py:38) (danginsburg___opengles3-book)
09/12/2024 05:46:41 PM logger_danginsburg___opengles3-book DEBUG OPENGLES3_LIBRARY (install_repos.py:38) (danginsburg___opengles3-book)
09/12/2024 05:46:41 PM logger_danginsburg___opengles3-book DEBUG linked by target "Common" in directory /INSTALL_C/repos/repos_400_c_round_two/danginsburg___opengles3-book/Common (install_repos.py:38) (danginsburg___opengles3-book)
09/12/2024 05:46:41 PM logger_danginsburg___opengles3-book DEBUG  (install_repos.py:38) (danginsburg___opengles3-book)
09/12/2024 05:46:41 PM logger_danginsburg___opengles3-book DEBUG -- Generating done (install_repos.py:38) (danginsburg___opengles3-book)
09/12/2024 05:46:41 PM logger_danginsburg___opengles3-book DEBUG CMake Generate step failed.  Build files cannot be regenerated correctly. (install_repos.py:38) (danginsburg___opengles3-book)
09/12/2024 05:46:41 PM logger_danginsburg___opengles3-book ERROR Error: Build failed for danginsburg___opengles3-book
Build failed for reason: cmake failed (install_repos.py:295) (danginsburg___opengles3-book)
