09/12/2024 06:03:38 PM logger_edk2-porting___edk2-sdm845 INFO <<<<<<<<<<<<<<<<<< Logger setup anew <<<<<<<<<<<<<<<<<<< (utils.py:39) (edk2-porting___edk2-sdm845)
09/12/2024 06:03:38 PM logger_edk2-porting___edk2-sdm845 INFO Analyzing repos/repos_400_c_round_two/edk2-porting___edk2-sdm845 (install_repos.py:285) (edk2-porting___edk2-sdm845)
09/12/2024 06:03:38 PM logger_edk2-porting___edk2-sdm845 INFO Running custom build.sh script (install_repos.py:225) (edk2-porting___edk2-sdm845)
09/12/2024 06:03:38 PM logger_edk2-porting___edk2-sdm845 INFO Running command: ./build.sh (install_repos.py:20) (edk2-porting___edk2-sdm845)
09/12/2024 06:03:38 PM logger_edk2-porting___edk2-sdm845 INFO Logging output to: logs/repos/repos_400_c_round_two_install_logs_with_make_cmake_gradlew_meson_scons_bazel_2024-09-12_17-35-05/edk2-porting___edk2-sdm845_build.log (install_repos.py:21) (edk2-porting___edk2-sdm845)
09/12/2024 06:03:38 PM logger_edk2-porting___edk2-sdm845 DEBUG Usage: build.sh --device DEV (install_repos.py:38) (edk2-porting___edk2-sdm845)
09/12/2024 06:03:38 PM logger_edk2-porting___edk2-sdm845 DEBUG  (install_repos.py:38) (edk2-porting___edk2-sdm845)
09/12/2024 06:03:38 PM logger_edk2-porting___edk2-sdm845 DEBUG Build edk2 for Qualcomm Snapdragon platforms. (install_repos.py:38) (edk2-porting___edk2-sdm845)
09/12/2024 06:03:38 PM logger_edk2-porting___edk2-sdm845 DEBUG  (install_repos.py:38) (edk2-porting___edk2-sdm845)
09/12/2024 06:03:38 PM logger_edk2-porting___edk2-sdm845 DEBUG Options: (install_repos.py:38) (edk2-porting___edk2-sdm845)
09/12/2024 06:03:38 PM logger_edk2-porting___edk2-sdm845 DEBUG --device DEV, -d DEV:    build for DEV. (install_repos.py:38) (edk2-porting___edk2-sdm845)
09/12/2024 06:03:38 PM logger_edk2-porting___edk2-sdm845 DEBUG --all, -a:               build all devices. (install_repos.py:38) (edk2-porting___edk2-sdm845)
09/12/2024 06:03:38 PM logger_edk2-porting___edk2-sdm845 DEBUG --chinese, -c:           use hub.nuaa.cf for submodule cloning. (install_repos.py:38) (edk2-porting___edk2-sdm845)
09/12/2024 06:03:38 PM logger_edk2-porting___edk2-sdm845 DEBUG --release MODE, -r MODE: Release mode for building, default is 'RELEASE', 'DEBUG' alternatively. (install_repos.py:38) (edk2-porting___edk2-sdm845)
09/12/2024 06:03:38 PM logger_edk2-porting___edk2-sdm845 DEBUG --toolchain TOOLCHAIN:   Set toolchain, default is 'CLANG38'. (install_repos.py:38) (edk2-porting___edk2-sdm845)
09/12/2024 06:03:38 PM logger_edk2-porting___edk2-sdm845 DEBUG --uart, -u:              compile with UART support, print debug messages to uart debug port. (install_repos.py:38) (edk2-porting___edk2-sdm845)
09/12/2024 06:03:38 PM logger_edk2-porting___edk2-sdm845 DEBUG --skip-rootfs-gen:       skip generating SimpleInit rootfs to speed up building. (install_repos.py:38) (edk2-porting___edk2-sdm845)
09/12/2024 06:03:38 PM logger_edk2-porting___edk2-sdm845 DEBUG --no-exception-disp:     do not display exception information in DEBUG builds. (install_repos.py:38) (edk2-porting___edk2-sdm845)
09/12/2024 06:03:38 PM logger_edk2-porting___edk2-sdm845 DEBUG --acpi, -A:              compile DSDT using MS asl with wine. (install_repos.py:38) (edk2-porting___edk2-sdm845)
09/12/2024 06:03:38 PM logger_edk2-porting___edk2-sdm845 DEBUG --clean, -C:             clean workspace and output. (install_repos.py:38) (edk2-porting___edk2-sdm845)
09/12/2024 06:03:38 PM logger_edk2-porting___edk2-sdm845 DEBUG --distclean, -D:         clean up all files that are not in repo. (install_repos.py:38) (edk2-porting___edk2-sdm845)
09/12/2024 06:03:38 PM logger_edk2-porting___edk2-sdm845 DEBUG --outputdir, -O:         output folder. (install_repos.py:38) (edk2-porting___edk2-sdm845)
09/12/2024 06:03:38 PM logger_edk2-porting___edk2-sdm845 DEBUG --boot, -b:              fastboot boot image. (install_repos.py:38) (edk2-porting___edk2-sdm845)
09/12/2024 06:03:38 PM logger_edk2-porting___edk2-sdm845 DEBUG --fixclang, -f:          fix build using Clang by suppressing -Os flag. (install_repos.py:38) (edk2-porting___edk2-sdm845)
09/12/2024 06:03:38 PM logger_edk2-porting___edk2-sdm845 DEBUG --installer-zip, -z:     generate flashable installer zip. (install_repos.py:38) (edk2-porting___edk2-sdm845)
09/12/2024 06:03:38 PM logger_edk2-porting___edk2-sdm845 DEBUG --help, -h:              show this help. (install_repos.py:38) (edk2-porting___edk2-sdm845)
09/12/2024 06:03:38 PM logger_edk2-porting___edk2-sdm845 DEBUG  (install_repos.py:38) (edk2-porting___edk2-sdm845)
09/12/2024 06:03:38 PM logger_edk2-porting___edk2-sdm845 DEBUG MainPage: https://github.com/edk2-porting/edk2-msm (install_repos.py:38) (edk2-porting___edk2-sdm845)
09/12/2024 06:03:38 PM logger_edk2-porting___edk2-sdm845 ERROR Error: Build failed for edk2-porting___edk2-sdm845
Build failed for reason: build.sh failed (install_repos.py:295) (edk2-porting___edk2-sdm845)
