09/12/2024 06:07:21 PM logger_emojicode___emojicode INFO <<<<<<<<<<<<<<<<<< Logger setup anew <<<<<<<<<<<<<<<<<<< (utils.py:39) (emojicode___emojicode)
09/12/2024 06:07:21 PM logger_emojicode___emojicode INFO Analyzing repos/repos_400_c_round_two/emojicode___emojicode (install_repos.py:285) (emojicode___emojicode)
09/12/2024 06:07:21 PM logger_emojicode___emojicode INFO Running command: rm -rf build/ (install_repos.py:20) (emojicode___emojicode)
09/12/2024 06:07:21 PM logger_emojicode___emojicode INFO Logging output to: logs/repos/repos_400_c_round_two_install_logs_with_make_cmake_gradlew_meson_scons_bazel_2024-09-12_17-35-05/emojicode___emojicode_build.log (install_repos.py:21) (emojicode___emojicode)
09/12/2024 06:07:21 PM logger_emojicode___emojicode INFO Running command: rm -rf CMakeCache.txt (install_repos.py:20) (emojicode___emojicode)
09/12/2024 06:07:21 PM logger_emojicode___emojicode INFO Logging output to: logs/repos/repos_400_c_round_two_install_logs_with_make_cmake_gradlew_meson_scons_bazel_2024-09-12_17-35-05/emojicode___emojicode_build.log (install_repos.py:21) (emojicode___emojicode)
09/12/2024 06:07:21 PM logger_emojicode___emojicode INFO Running command: rm -rf CMakeFiles/ (install_repos.py:20) (emojicode___emojicode)
09/12/2024 06:07:21 PM logger_emojicode___emojicode INFO Logging output to: logs/repos/repos_400_c_round_two_install_logs_with_make_cmake_gradlew_meson_scons_bazel_2024-09-12_17-35-05/emojicode___emojicode_build.log (install_repos.py:21) (emojicode___emojicode)
09/12/2024 06:07:21 PM logger_emojicode___emojicode INFO Running CMake (install_repos.py:141) (emojicode___emojicode)
09/12/2024 06:07:21 PM logger_emojicode___emojicode INFO Running command: cmake .. (install_repos.py:20) (emojicode___emojicode)
09/12/2024 06:07:21 PM logger_emojicode___emojicode INFO Logging output to: logs/repos/repos_400_c_round_two_install_logs_with_make_cmake_gradlew_meson_scons_bazel_2024-09-12_17-35-05/build_build.log (install_repos.py:21) (emojicode___emojicode)
09/12/2024 06:07:21 PM logger_emojicode___emojicode DEBUG -- The C compiler identification is GNU 12.2.0 (install_repos.py:38) (emojicode___emojicode)
09/12/2024 06:07:21 PM logger_emojicode___emojicode DEBUG -- The CXX compiler identification is GNU 12.2.0 (install_repos.py:38) (emojicode___emojicode)
09/12/2024 06:07:21 PM logger_emojicode___emojicode DEBUG -- Detecting C compiler ABI info (install_repos.py:38) (emojicode___emojicode)
09/12/2024 06:07:21 PM logger_emojicode___emojicode DEBUG -- Detecting C compiler ABI info - done (install_repos.py:38) (emojicode___emojicode)
09/12/2024 06:07:21 PM logger_emojicode___emojicode DEBUG -- Check for working C compiler: /usr/bin/cc - skipped (install_repos.py:38) (emojicode___emojicode)
09/12/2024 06:07:21 PM logger_emojicode___emojicode DEBUG -- Detecting C compile features (install_repos.py:38) (emojicode___emojicode)
09/12/2024 06:07:21 PM logger_emojicode___emojicode DEBUG -- Detecting C compile features - done (install_repos.py:38) (emojicode___emojicode)
09/12/2024 06:07:21 PM logger_emojicode___emojicode DEBUG -- Detecting CXX compiler ABI info (install_repos.py:38) (emojicode___emojicode)
09/12/2024 06:07:21 PM logger_emojicode___emojicode DEBUG -- Detecting CXX compiler ABI info - done (install_repos.py:38) (emojicode___emojicode)
09/12/2024 06:07:21 PM logger_emojicode___emojicode DEBUG -- Check for working CXX compiler: /usr/bin/c++ - skipped (install_repos.py:38) (emojicode___emojicode)
09/12/2024 06:07:21 PM logger_emojicode___emojicode DEBUG -- Detecting CXX compile features (install_repos.py:38) (emojicode___emojicode)
09/12/2024 06:07:21 PM logger_emojicode___emojicode DEBUG -- Detecting CXX compile features - done (install_repos.py:38) (emojicode___emojicode)
09/12/2024 06:07:21 PM logger_emojicode___emojicode DEBUG CMake Error at Compiler/CMakeLists.txt:1 (find_package): (install_repos.py:38) (emojicode___emojicode)
09/12/2024 06:07:21 PM logger_emojicode___emojicode DEBUG Could not find a package configuration file provided by "LLVM" (requested (install_repos.py:38) (emojicode___emojicode)
09/12/2024 06:07:21 PM logger_emojicode___emojicode DEBUG version 8.0) with any of the following names: (install_repos.py:38) (emojicode___emojicode)
09/12/2024 06:07:21 PM logger_emojicode___emojicode DEBUG  (install_repos.py:38) (emojicode___emojicode)
09/12/2024 06:07:21 PM logger_emojicode___emojicode DEBUG LLVMConfig.cmake (install_repos.py:38) (emojicode___emojicode)
09/12/2024 06:07:21 PM logger_emojicode___emojicode DEBUG llvm-config.cmake (install_repos.py:38) (emojicode___emojicode)
09/12/2024 06:07:21 PM logger_emojicode___emojicode DEBUG  (install_repos.py:38) (emojicode___emojicode)
09/12/2024 06:07:21 PM logger_emojicode___emojicode DEBUG Add the installation prefix of "LLVM" to CMAKE_PREFIX_PATH or set (install_repos.py:38) (emojicode___emojicode)
09/12/2024 06:07:21 PM logger_emojicode___emojicode DEBUG "LLVM_DIR" to a directory containing one of the above files.  If "LLVM" (install_repos.py:38) (emojicode___emojicode)
09/12/2024 06:07:21 PM logger_emojicode___emojicode DEBUG provides a separate development package or SDK, be sure it has been (install_repos.py:38) (emojicode___emojicode)
09/12/2024 06:07:21 PM logger_emojicode___emojicode DEBUG installed. (install_repos.py:38) (emojicode___emojicode)
09/12/2024 06:07:21 PM logger_emojicode___emojicode DEBUG  (install_repos.py:38) (emojicode___emojicode)
09/12/2024 06:07:21 PM logger_emojicode___emojicode DEBUG  (install_repos.py:38) (emojicode___emojicode)
09/12/2024 06:07:21 PM logger_emojicode___emojicode DEBUG -- Configuring incomplete, errors occurred! (install_repos.py:38) (emojicode___emojicode)
09/12/2024 06:07:21 PM logger_emojicode___emojicode DEBUG See also "/INSTALL_C/repos/repos_400_c_round_two/emojicode___emojicode/build/CMakeFiles/CMakeOutput.log". (install_repos.py:38) (emojicode___emojicode)
09/12/2024 06:07:21 PM logger_emojicode___emojicode ERROR Error: Build failed for emojicode___emojicode
Build failed for reason: cmake failed (install_repos.py:295) (emojicode___emojicode)
