Running command: autoreconf -i
libtoolize: Consider adding 'AC_CONFIG_MACRO_DIRS([m4])' to configure.ac,
libtoolize: and rerunning libtoolize and aclocal.
libtoolize: Consider adding '-I m4' to ACLOCAL_AMFLAGS in Makefile.am.
configure.ac:182: warning: The macro `AC_TRY_LINK' is obsolete.
configure.ac:182: You should run autoupdate.
./lib/autoconf/general.m4:2920: AC_TRY_LINK is expanded from...
configure.ac:182: the top level
configure.ac:222: warning: The macro `AC_TRY_COMPILE' is obsolete.
configure.ac:222: You should run autoupdate.
./lib/autoconf/general.m4:2847: AC_TRY_COMPILE is expanded from...
configure.ac:222: the top level
configure.ac:348: warning: The macro `AC_CONFIG_HEADER' is obsolete.
configure.ac:348: You should run autoupdate.
./lib/autoconf/status.m4:719: AC_CONFIG_HEADER is expanded from...
configure.ac:348: the top level
Makefile.am:183: warning: filter %.c, $(libphenom_la_SOURCES: non-POSIX variable name
Makefile.am:183: (probably a GNU make extension)
Makefile.am: error: required file './AUTHORS' not found
Makefile.am: error: required file './ChangeLog' not found
Makefile.am: error: required file './NEWS' not found
Makefile.am: error: required file './README' not found
autoreconf: error: automake failed with exit status: 1
Command finished with return code: 1

