09/12/2024 06:00:55 PM logger_fascinatedbox___lily INFO <<<<<<<<<<<<<<<<<< Logger setup anew <<<<<<<<<<<<<<<<<<< (utils.py:39) (fascinatedbox___lily)
09/12/2024 06:00:55 PM logger_fascinatedbox___lily INFO Analyzing repos/repos_400_c_round_two/fascinatedbox___lily (install_repos.py:285) (fascinatedbox___lily)
09/12/2024 06:00:55 PM logger_fascinatedbox___lily INFO Checking for build system in repos/repos_400_c_round_two/fascinatedbox___lily/src (install_repos.py:267) (fascinatedbox___lily)
09/12/2024 06:00:55 PM logger_fascinatedbox___lily INFO Checking for build system in repos/repos_400_c_round_two/fascinatedbox___lily/src (install_repos.py:267) (fascinatedbox___lily)
09/12/2024 06:00:55 PM logger_fascinatedbox___lily INFO Running command: rm -rf build/ (install_repos.py:20) (fascinatedbox___lily)
09/12/2024 06:00:55 PM logger_fascinatedbox___lily INFO Logging output to: logs/repos/repos_400_c_round_two_install_logs_with_make_cmake_gradlew_meson_scons_bazel_2024-09-12_17-35-05/fascinatedbox___lily_build.log (install_repos.py:21) (fascinatedbox___lily)
09/12/2024 06:00:55 PM logger_fascinatedbox___lily INFO Running command: rm -rf CMakeCache.txt (install_repos.py:20) (fascinatedbox___lily)
09/12/2024 06:00:55 PM logger_fascinatedbox___lily INFO Logging output to: logs/repos/repos_400_c_round_two_install_logs_with_make_cmake_gradlew_meson_scons_bazel_2024-09-12_17-35-05/fascinatedbox___lily_build.log (install_repos.py:21) (fascinatedbox___lily)
09/12/2024 06:00:55 PM logger_fascinatedbox___lily INFO Running command: rm -rf CMakeFiles/ (install_repos.py:20) (fascinatedbox___lily)
09/12/2024 06:00:55 PM logger_fascinatedbox___lily INFO Logging output to: logs/repos/repos_400_c_round_two_install_logs_with_make_cmake_gradlew_meson_scons_bazel_2024-09-12_17-35-05/fascinatedbox___lily_build.log (install_repos.py:21) (fascinatedbox___lily)
09/12/2024 06:00:55 PM logger_fascinatedbox___lily INFO Running CMake (install_repos.py:141) (fascinatedbox___lily)
09/12/2024 06:00:55 PM logger_fascinatedbox___lily INFO Running command: cmake .. (install_repos.py:20) (fascinatedbox___lily)
09/12/2024 06:00:55 PM logger_fascinatedbox___lily INFO Logging output to: logs/repos/repos_400_c_round_two_install_logs_with_make_cmake_gradlew_meson_scons_bazel_2024-09-12_17-35-05/build_build.log (install_repos.py:21) (fascinatedbox___lily)
09/12/2024 06:00:55 PM logger_fascinatedbox___lily DEBUG -- The C compiler identification is GNU 12.2.0 (install_repos.py:38) (fascinatedbox___lily)
09/12/2024 06:00:55 PM logger_fascinatedbox___lily DEBUG -- Detecting C compiler ABI info (install_repos.py:38) (fascinatedbox___lily)
09/12/2024 06:00:55 PM logger_fascinatedbox___lily DEBUG -- Detecting C compiler ABI info - done (install_repos.py:38) (fascinatedbox___lily)
09/12/2024 06:00:55 PM logger_fascinatedbox___lily DEBUG -- Check for working C compiler: /usr/bin/cc - skipped (install_repos.py:38) (fascinatedbox___lily)
09/12/2024 06:00:55 PM logger_fascinatedbox___lily DEBUG -- Detecting C compile features (install_repos.py:38) (fascinatedbox___lily)
09/12/2024 06:00:55 PM logger_fascinatedbox___lily DEBUG -- Detecting C compile features - done (install_repos.py:38) (fascinatedbox___lily)
09/12/2024 06:00:55 PM logger_fascinatedbox___lily DEBUG -- Configuring done (install_repos.py:38) (fascinatedbox___lily)
09/12/2024 06:00:55 PM logger_fascinatedbox___lily DEBUG -- Generating done (install_repos.py:38) (fascinatedbox___lily)
09/12/2024 06:00:55 PM logger_fascinatedbox___lily DEBUG -- Build files have been written to: /INSTALL_C/repos/repos_400_c_round_two/fascinatedbox___lily/build (install_repos.py:38) (fascinatedbox___lily)
09/12/2024 06:00:55 PM logger_fascinatedbox___lily INFO Running command: cmake --build . (install_repos.py:20) (fascinatedbox___lily)
09/12/2024 06:00:55 PM logger_fascinatedbox___lily INFO Logging output to: logs/repos/repos_400_c_round_two_install_logs_with_make_cmake_gradlew_meson_scons_bazel_2024-09-12_17-35-05/build_build.log (install_repos.py:21) (fascinatedbox___lily)
09/12/2024 06:00:55 PM logger_fascinatedbox___lily DEBUG [  2%] Building C object src/CMakeFiles/liblily_obj.dir/csiphash.c.o (install_repos.py:38) (fascinatedbox___lily)
09/12/2024 06:00:55 PM logger_fascinatedbox___lily DEBUG [  5%] Building C object src/CMakeFiles/liblily_obj.dir/lily_alloc.c.o (install_repos.py:38) (fascinatedbox___lily)
09/12/2024 06:00:55 PM logger_fascinatedbox___lily DEBUG [  7%] Building C object src/CMakeFiles/liblily_obj.dir/lily_api.c.o (install_repos.py:38) (fascinatedbox___lily)
09/12/2024 06:00:56 PM logger_fascinatedbox___lily DEBUG [ 10%] Building C object src/CMakeFiles/liblily_obj.dir/lily_buffer_u16.c.o (install_repos.py:38) (fascinatedbox___lily)
09/12/2024 06:00:56 PM logger_fascinatedbox___lily DEBUG [ 13%] Building C object src/CMakeFiles/liblily_obj.dir/lily_code_iter.c.o (install_repos.py:38) (fascinatedbox___lily)
09/12/2024 06:00:56 PM logger_fascinatedbox___lily DEBUG [ 15%] Building C object src/CMakeFiles/liblily_obj.dir/lily_emitter.c.o (install_repos.py:38) (fascinatedbox___lily)
09/12/2024 06:00:57 PM logger_fascinatedbox___lily DEBUG [ 18%] Building C object src/CMakeFiles/liblily_obj.dir/lily_expr.c.o (install_repos.py:38) (fascinatedbox___lily)
09/12/2024 06:00:57 PM logger_fascinatedbox___lily DEBUG [ 21%] Building C object src/CMakeFiles/liblily_obj.dir/lily_generic_pool.c.o (install_repos.py:38) (fascinatedbox___lily)
09/12/2024 06:00:57 PM logger_fascinatedbox___lily DEBUG [ 23%] Building C object src/CMakeFiles/liblily_obj.dir/lily_lexer.c.o (install_repos.py:38) (fascinatedbox___lily)
09/12/2024 06:00:58 PM logger_fascinatedbox___lily DEBUG [ 26%] Building C object src/CMakeFiles/liblily_obj.dir/lily_library.c.o (install_repos.py:38) (fascinatedbox___lily)
09/12/2024 06:00:58 PM logger_fascinatedbox___lily DEBUG [ 28%] Building C object src/CMakeFiles/liblily_obj.dir/lily_msgbuf.c.o (install_repos.py:38) (fascinatedbox___lily)
09/12/2024 06:00:58 PM logger_fascinatedbox___lily DEBUG [ 31%] Building C object src/CMakeFiles/liblily_obj.dir/lily_parser.c.o (install_repos.py:38) (fascinatedbox___lily)
09/12/2024 06:00:59 PM logger_fascinatedbox___lily DEBUG [ 34%] Building C object src/CMakeFiles/liblily_obj.dir/lily_pkg_core.c.o (install_repos.py:38) (fascinatedbox___lily)
09/12/2024 06:00:59 PM logger_fascinatedbox___lily DEBUG [ 36%] Building C object src/CMakeFiles/liblily_obj.dir/lily_pkg_coroutine.c.o (install_repos.py:38) (fascinatedbox___lily)
09/12/2024 06:00:59 PM logger_fascinatedbox___lily DEBUG [ 39%] Building C object src/CMakeFiles/liblily_obj.dir/lily_pkg_fs.c.o (install_repos.py:38) (fascinatedbox___lily)
09/12/2024 06:00:59 PM logger_fascinatedbox___lily DEBUG [ 42%] Building C object src/CMakeFiles/liblily_obj.dir/lily_pkg_introspect.c.o (install_repos.py:38) (fascinatedbox___lily)
09/12/2024 06:01:00 PM logger_fascinatedbox___lily DEBUG [ 44%] Building C object src/CMakeFiles/liblily_obj.dir/lily_pkg_math.c.o (install_repos.py:38) (fascinatedbox___lily)
09/12/2024 06:01:00 PM logger_fascinatedbox___lily DEBUG [ 47%] Building C object src/CMakeFiles/liblily_obj.dir/lily_pkg_prelude.c.o (install_repos.py:38) (fascinatedbox___lily)
09/12/2024 06:01:00 PM logger_fascinatedbox___lily DEBUG [ 50%] Building C object src/CMakeFiles/liblily_obj.dir/lily_pkg_random.c.o (install_repos.py:38) (fascinatedbox___lily)
09/12/2024 06:01:00 PM logger_fascinatedbox___lily DEBUG [ 52%] Building C object src/CMakeFiles/liblily_obj.dir/lily_pkg_subprocess.c.o (install_repos.py:38) (fascinatedbox___lily)
09/12/2024 06:01:00 PM logger_fascinatedbox___lily DEBUG [ 55%] Building C object src/CMakeFiles/liblily_obj.dir/lily_pkg_sys.c.o (install_repos.py:38) (fascinatedbox___lily)
09/12/2024 06:01:00 PM logger_fascinatedbox___lily DEBUG [ 57%] Building C object src/CMakeFiles/liblily_obj.dir/lily_pkg_time.c.o (install_repos.py:38) (fascinatedbox___lily)
09/12/2024 06:01:00 PM logger_fascinatedbox___lily DEBUG [ 60%] Building C object src/CMakeFiles/liblily_obj.dir/lily_raiser.c.o (install_repos.py:38) (fascinatedbox___lily)
09/12/2024 06:01:01 PM logger_fascinatedbox___lily DEBUG [ 63%] Building C object src/CMakeFiles/liblily_obj.dir/lily_string_pile.c.o (install_repos.py:38) (fascinatedbox___lily)
09/12/2024 06:01:01 PM logger_fascinatedbox___lily DEBUG [ 65%] Building C object src/CMakeFiles/liblily_obj.dir/lily_symtab.c.o (install_repos.py:38) (fascinatedbox___lily)
09/12/2024 06:01:01 PM logger_fascinatedbox___lily DEBUG [ 68%] Building C object src/CMakeFiles/liblily_obj.dir/lily_type_maker.c.o (install_repos.py:38) (fascinatedbox___lily)
09/12/2024 06:01:01 PM logger_fascinatedbox___lily DEBUG [ 71%] Building C object src/CMakeFiles/liblily_obj.dir/lily_type_system.c.o (install_repos.py:38) (fascinatedbox___lily)
09/12/2024 06:01:01 PM logger_fascinatedbox___lily DEBUG [ 73%] Building C object src/CMakeFiles/liblily_obj.dir/lily_utf8.c.o (install_repos.py:38) (fascinatedbox___lily)
09/12/2024 06:01:01 PM logger_fascinatedbox___lily DEBUG [ 76%] Building C object src/CMakeFiles/liblily_obj.dir/lily_vm.c.o (install_repos.py:38) (fascinatedbox___lily)
09/12/2024 06:01:02 PM logger_fascinatedbox___lily DEBUG [ 78%] Building C object src/CMakeFiles/liblily_obj.dir/st.c.o (install_repos.py:38) (fascinatedbox___lily)
09/12/2024 06:01:02 PM logger_fascinatedbox___lily DEBUG [ 78%] Built target liblily_obj (install_repos.py:38) (fascinatedbox___lily)
09/12/2024 06:01:02 PM logger_fascinatedbox___lily DEBUG [ 81%] Linking C shared library ../lib/liblily.so (install_repos.py:38) (fascinatedbox___lily)
09/12/2024 06:01:02 PM logger_fascinatedbox___lily DEBUG [ 81%] Built target liblily (install_repos.py:38) (fascinatedbox___lily)
09/12/2024 06:01:02 PM logger_fascinatedbox___lily DEBUG [ 84%] Building C object run/CMakeFiles/lily.dir/lily.c.o (install_repos.py:38) (fascinatedbox___lily)
09/12/2024 06:01:02 PM logger_fascinatedbox___lily DEBUG [ 86%] Linking C executable ../lily (install_repos.py:38) (fascinatedbox___lily)
09/12/2024 06:01:02 PM logger_fascinatedbox___lily DEBUG [ 86%] Built target lily (install_repos.py:38) (fascinatedbox___lily)
09/12/2024 06:01:02 PM logger_fascinatedbox___lily DEBUG [ 89%] Building C object test/CMakeFiles/backbone.dir/t/src/lily_backbone.c.o (install_repos.py:38) (fascinatedbox___lily)
09/12/2024 06:01:02 PM logger_fascinatedbox___lily DEBUG [ 92%] Building C object test/CMakeFiles/backbone.dir/t/src/lily_covlib.c.o (install_repos.py:38) (fascinatedbox___lily)
09/12/2024 06:01:02 PM logger_fascinatedbox___lily DEBUG [ 94%] Linking C shared library t/backbone.so (install_repos.py:38) (fascinatedbox___lily)
09/12/2024 06:01:02 PM logger_fascinatedbox___lily DEBUG [ 94%] Built target backbone (install_repos.py:38) (fascinatedbox___lily)
09/12/2024 06:01:02 PM logger_fascinatedbox___lily DEBUG [ 97%] Building C object test/CMakeFiles/pre-commit-tests.dir/test_driver.c.o (install_repos.py:38) (fascinatedbox___lily)
09/12/2024 06:01:02 PM logger_fascinatedbox___lily DEBUG [100%] Linking C executable ../pre-commit-tests (install_repos.py:38) (fascinatedbox___lily)
09/12/2024 06:01:02 PM logger_fascinatedbox___lily DEBUG [100%] Built target pre-commit-tests (install_repos.py:38) (fascinatedbox___lily)
09/12/2024 06:01:02 PM logger_fascinatedbox___lily INFO Success: Build succeeded for fascinatedbox___lily (install_repos.py:292) (fascinatedbox___lily)
