09/12/2024 06:01:02 PM logger_feralinteractive___gamemode INFO <<<<<<<<<<<<<<<<<< Logger setup anew <<<<<<<<<<<<<<<<<<< (utils.py:39) (feralinteractive___gamemode)
09/12/2024 06:01:02 PM logger_feralinteractive___gamemode INFO Analyzing repos/repos_400_c_round_two/feralinteractive___gamemode (install_repos.py:285) (feralinteractive___gamemode)
09/12/2024 06:01:02 PM logger_feralinteractive___gamemode INFO Running command: rm -rf build/ (install_repos.py:20) (feralinteractive___gamemode)
09/12/2024 06:01:02 PM logger_feralinteractive___gamemode INFO Logging output to: logs/repos/repos_400_c_round_two_install_logs_with_make_cmake_gradlew_meson_scons_bazel_2024-09-12_17-35-05/feralinteractive___gamemode_build.log (install_repos.py:21) (feralinteractive___gamemode)
09/12/2024 06:01:02 PM logger_feralinteractive___gamemode INFO Running Meson build (install_repos.py:202) (feralinteractive___gamemode)
09/12/2024 06:01:02 PM logger_feralinteractive___gamemode INFO Running command: meson .. (install_repos.py:20) (feralinteractive___gamemode)
09/12/2024 06:01:02 PM logger_feralinteractive___gamemode INFO Logging output to: logs/repos/repos_400_c_round_two_install_logs_with_make_cmake_gradlew_meson_scons_bazel_2024-09-12_17-35-05/build_build.log (install_repos.py:21) (feralinteractive___gamemode)
09/12/2024 06:01:03 PM logger_feralinteractive___gamemode DEBUG The Meson build system (install_repos.py:38) (feralinteractive___gamemode)
09/12/2024 06:01:03 PM logger_feralinteractive___gamemode DEBUG Version: 1.5.1 (install_repos.py:38) (feralinteractive___gamemode)
09/12/2024 06:01:03 PM logger_feralinteractive___gamemode DEBUG Source dir: /INSTALL_C/repos/repos_400_c_round_two/feralinteractive___gamemode (install_repos.py:38) (feralinteractive___gamemode)
09/12/2024 06:01:03 PM logger_feralinteractive___gamemode DEBUG Build dir: /INSTALL_C/repos/repos_400_c_round_two/feralinteractive___gamemode/build (install_repos.py:38) (feralinteractive___gamemode)
09/12/2024 06:01:03 PM logger_feralinteractive___gamemode DEBUG Build type: native build (install_repos.py:38) (feralinteractive___gamemode)
09/12/2024 06:01:03 PM logger_feralinteractive___gamemode DEBUG Project name: gamemode (install_repos.py:38) (feralinteractive___gamemode)
09/12/2024 06:01:03 PM logger_feralinteractive___gamemode DEBUG Project version: 1.8.2 (install_repos.py:38) (feralinteractive___gamemode)
09/12/2024 06:01:03 PM logger_feralinteractive___gamemode DEBUG C compiler for the host machine: cc (gcc 12.2.0 "cc (Debian 12.2.0-14) 12.2.0") (install_repos.py:38) (feralinteractive___gamemode)
09/12/2024 06:01:03 PM logger_feralinteractive___gamemode DEBUG C linker for the host machine: cc ld.bfd 2.40 (install_repos.py:38) (feralinteractive___gamemode)
09/12/2024 06:01:03 PM logger_feralinteractive___gamemode DEBUG Host machine cpu family: x86_64 (install_repos.py:38) (feralinteractive___gamemode)
09/12/2024 06:01:03 PM logger_feralinteractive___gamemode DEBUG Host machine cpu: x86_64 (install_repos.py:38) (feralinteractive___gamemode)
09/12/2024 06:01:03 PM logger_feralinteractive___gamemode DEBUG Compiler for C supports arguments -Waggregate-return: YES (install_repos.py:38) (feralinteractive___gamemode)
09/12/2024 06:01:03 PM logger_feralinteractive___gamemode DEBUG Compiler for C supports arguments -Wunused: YES (install_repos.py:38) (feralinteractive___gamemode)
09/12/2024 06:01:03 PM logger_feralinteractive___gamemode DEBUG Compiler for C supports arguments -Warray-bounds: YES (install_repos.py:38) (feralinteractive___gamemode)
09/12/2024 06:01:03 PM logger_feralinteractive___gamemode DEBUG Compiler for C supports arguments -Wcast-align: YES (install_repos.py:38) (feralinteractive___gamemode)
09/12/2024 06:01:03 PM logger_feralinteractive___gamemode DEBUG Compiler for C supports arguments -Wclobbered: YES (install_repos.py:38) (feralinteractive___gamemode)
09/12/2024 06:01:03 PM logger_feralinteractive___gamemode DEBUG Compiler for C supports arguments -Wempty-body: YES (install_repos.py:38) (feralinteractive___gamemode)
09/12/2024 06:01:03 PM logger_feralinteractive___gamemode DEBUG Compiler for C supports arguments -Wformat=2: YES (install_repos.py:38) (feralinteractive___gamemode)
09/12/2024 06:01:03 PM logger_feralinteractive___gamemode DEBUG Compiler for C supports arguments -Wformat-nonliteral: YES (install_repos.py:38) (feralinteractive___gamemode)
09/12/2024 06:01:03 PM logger_feralinteractive___gamemode DEBUG Compiler for C supports arguments -Wformat-signedness: YES (install_repos.py:38) (feralinteractive___gamemode)
09/12/2024 06:01:03 PM logger_feralinteractive___gamemode DEBUG Compiler for C supports arguments -Wignored-qualifiers: YES (install_repos.py:38) (feralinteractive___gamemode)
09/12/2024 06:01:03 PM logger_feralinteractive___gamemode DEBUG Compiler for C supports arguments -Wimplicit-function-declaration: YES (install_repos.py:38) (feralinteractive___gamemode)
09/12/2024 06:01:03 PM logger_feralinteractive___gamemode DEBUG Compiler for C supports arguments -Winit-self: YES (install_repos.py:38) (feralinteractive___gamemode)
09/12/2024 06:01:03 PM logger_feralinteractive___gamemode DEBUG Compiler for C supports arguments -Wmissing-format-attribute: YES (install_repos.py:38) (feralinteractive___gamemode)
09/12/2024 06:01:04 PM logger_feralinteractive___gamemode DEBUG Compiler for C supports arguments -Wmissing-include-dirs: YES (install_repos.py:38) (feralinteractive___gamemode)
09/12/2024 06:01:04 PM logger_feralinteractive___gamemode DEBUG Compiler for C supports arguments -Wmissing-noreturn: YES (install_repos.py:38) (feralinteractive___gamemode)
09/12/2024 06:01:04 PM logger_feralinteractive___gamemode DEBUG Compiler for C supports arguments -Wmissing-parameter-type: YES (install_repos.py:38) (feralinteractive___gamemode)
09/12/2024 06:01:04 PM logger_feralinteractive___gamemode DEBUG Compiler for C supports arguments -Wnested-externs: YES (install_repos.py:38) (feralinteractive___gamemode)
09/12/2024 06:01:04 PM logger_feralinteractive___gamemode DEBUG Compiler for C supports arguments -Wno-discarded-qualifiers: YES (install_repos.py:38) (feralinteractive___gamemode)
09/12/2024 06:01:04 PM logger_feralinteractive___gamemode DEBUG Compiler for C supports arguments -Wno-missing-field-initializers: YES (install_repos.py:38) (feralinteractive___gamemode)
09/12/2024 06:01:04 PM logger_feralinteractive___gamemode DEBUG Compiler for C supports arguments -Wno-suggest-attribute=format: YES (install_repos.py:38) (feralinteractive___gamemode)
09/12/2024 06:01:04 PM logger_feralinteractive___gamemode DEBUG Compiler for C supports arguments -Wno-unused-parameter: YES (install_repos.py:38) (feralinteractive___gamemode)
09/12/2024 06:01:04 PM logger_feralinteractive___gamemode DEBUG Compiler for C supports arguments -Wold-style-definition: YES (install_repos.py:38) (feralinteractive___gamemode)
09/12/2024 06:01:04 PM logger_feralinteractive___gamemode DEBUG Compiler for C supports arguments -Woverride-init: YES (install_repos.py:38) (feralinteractive___gamemode)
09/12/2024 06:01:04 PM logger_feralinteractive___gamemode DEBUG Compiler for C supports arguments -Wpointer-arith: YES (install_repos.py:38) (feralinteractive___gamemode)
09/12/2024 06:01:04 PM logger_feralinteractive___gamemode DEBUG Compiler for C supports arguments -Wredundant-decls: YES (install_repos.py:38) (feralinteractive___gamemode)
09/12/2024 06:01:04 PM logger_feralinteractive___gamemode DEBUG Compiler for C supports arguments -Wreturn-type: YES (install_repos.py:38) (feralinteractive___gamemode)
09/12/2024 06:01:04 PM logger_feralinteractive___gamemode DEBUG Compiler for C supports arguments -Wshadow: YES (install_repos.py:38) (feralinteractive___gamemode)
09/12/2024 06:01:04 PM logger_feralinteractive___gamemode DEBUG Compiler for C supports arguments -Wsign-compare: YES (install_repos.py:38) (feralinteractive___gamemode)
09/12/2024 06:01:04 PM logger_feralinteractive___gamemode DEBUG Compiler for C supports arguments -Wstrict-aliasing=3: YES (install_repos.py:38) (feralinteractive___gamemode)
09/12/2024 06:01:04 PM logger_feralinteractive___gamemode DEBUG Compiler for C supports arguments -Wstrict-prototypes: YES (install_repos.py:38) (feralinteractive___gamemode)
09/12/2024 06:01:04 PM logger_feralinteractive___gamemode DEBUG Compiler for C supports arguments -Wstringop-overflow: YES (install_repos.py:38) (feralinteractive___gamemode)
09/12/2024 06:01:04 PM logger_feralinteractive___gamemode DEBUG Compiler for C supports arguments -Wstringop-truncation: YES (install_repos.py:38) (feralinteractive___gamemode)
09/12/2024 06:01:04 PM logger_feralinteractive___gamemode DEBUG Compiler for C supports arguments -Wtype-limits: YES (install_repos.py:38) (feralinteractive___gamemode)
09/12/2024 06:01:04 PM logger_feralinteractive___gamemode DEBUG Compiler for C supports arguments -Wundef: YES (install_repos.py:38) (feralinteractive___gamemode)
09/12/2024 06:01:04 PM logger_feralinteractive___gamemode DEBUG Compiler for C supports arguments -Wuninitialized: YES (install_repos.py:38) (feralinteractive___gamemode)
09/12/2024 06:01:04 PM logger_feralinteractive___gamemode DEBUG Compiler for C supports arguments -Wunused-but-set-variable: YES (install_repos.py:38) (feralinteractive___gamemode)
09/12/2024 06:01:04 PM logger_feralinteractive___gamemode DEBUG Compiler for C supports arguments -Wwrite-strings: YES (install_repos.py:38) (feralinteractive___gamemode)
09/12/2024 06:01:04 PM logger_feralinteractive___gamemode DEBUG Found pkg-config: YES (/usr/bin/pkg-config) 1.8.1 (install_repos.py:38) (feralinteractive___gamemode)
09/12/2024 06:01:04 PM logger_feralinteractive___gamemode DEBUG Found CMake: /usr/bin/cmake (3.25.1) (install_repos.py:38) (feralinteractive___gamemode)
09/12/2024 06:01:04 PM logger_feralinteractive___gamemode DEBUG Run-time dependency libsystemd found: NO (tried pkgconfig and cmake) (install_repos.py:38) (feralinteractive___gamemode)
09/12/2024 06:01:04 PM logger_feralinteractive___gamemode DEBUG  (install_repos.py:38) (feralinteractive___gamemode)
09/12/2024 06:01:04 PM logger_feralinteractive___gamemode DEBUG ../meson.build:90:17: ERROR: Dependency "libsystemd" not found, tried pkgconfig and cmake (install_repos.py:38) (feralinteractive___gamemode)
09/12/2024 06:01:04 PM logger_feralinteractive___gamemode DEBUG  (install_repos.py:38) (feralinteractive___gamemode)
09/12/2024 06:01:04 PM logger_feralinteractive___gamemode DEBUG A full log can be found at /INSTALL_C/repos/repos_400_c_round_two/feralinteractive___gamemode/build/meson-logs/meson-log.txt (install_repos.py:38) (feralinteractive___gamemode)
09/12/2024 06:01:04 PM logger_feralinteractive___gamemode DEBUG WARNING: Running the setup command as `meson [options]` instead of `meson setup [options]` is ambiguous and deprecated. (install_repos.py:38) (feralinteractive___gamemode)
09/12/2024 06:01:04 PM logger_feralinteractive___gamemode ERROR Error: Build failed for feralinteractive___gamemode
Build failed for reason: meson failed (install_repos.py:295) (feralinteractive___gamemode)
