09/12/2024 05:45:21 PM logger_fogleman___craft INFO <<<<<<<<<<<<<<<<<< Logger setup anew <<<<<<<<<<<<<<<<<<< (utils.py:39) (fogleman___craft)
09/12/2024 05:45:21 PM logger_fogleman___craft INFO Analyzing repos/repos_400_c_round_two/fogleman___craft (install_repos.py:285) (fogleman___craft)
09/12/2024 05:45:21 PM logger_fogleman___craft INFO Checking for build system in repos/repos_400_c_round_two/fogleman___craft/src (install_repos.py:267) (fogleman___craft)
09/12/2024 05:45:21 PM logger_fogleman___craft INFO Checking for build system in repos/repos_400_c_round_two/fogleman___craft/src (install_repos.py:267) (fogleman___craft)
09/12/2024 05:45:21 PM logger_fogleman___craft INFO Running command: rm -rf build/ (install_repos.py:20) (fogleman___craft)
09/12/2024 05:45:21 PM logger_fogleman___craft INFO Logging output to: logs/repos/repos_400_c_round_two_install_logs_with_make_cmake_gradlew_meson_scons_bazel_2024-09-12_17-35-05/fogleman___craft_build.log (install_repos.py:21) (fogleman___craft)
09/12/2024 05:45:21 PM logger_fogleman___craft INFO Running command: rm -rf CMakeCache.txt (install_repos.py:20) (fogleman___craft)
09/12/2024 05:45:21 PM logger_fogleman___craft INFO Logging output to: logs/repos/repos_400_c_round_two_install_logs_with_make_cmake_gradlew_meson_scons_bazel_2024-09-12_17-35-05/fogleman___craft_build.log (install_repos.py:21) (fogleman___craft)
09/12/2024 05:45:21 PM logger_fogleman___craft INFO Running command: rm -rf CMakeFiles/ (install_repos.py:20) (fogleman___craft)
09/12/2024 05:45:21 PM logger_fogleman___craft INFO Logging output to: logs/repos/repos_400_c_round_two_install_logs_with_make_cmake_gradlew_meson_scons_bazel_2024-09-12_17-35-05/fogleman___craft_build.log (install_repos.py:21) (fogleman___craft)
09/12/2024 05:45:21 PM logger_fogleman___craft INFO Running CMake (install_repos.py:141) (fogleman___craft)
09/12/2024 05:45:21 PM logger_fogleman___craft INFO Running command: cmake .. (install_repos.py:20) (fogleman___craft)
09/12/2024 05:45:21 PM logger_fogleman___craft INFO Logging output to: logs/repos/repos_400_c_round_two_install_logs_with_make_cmake_gradlew_meson_scons_bazel_2024-09-12_17-35-05/build_build.log (install_repos.py:21) (fogleman___craft)
09/12/2024 05:45:21 PM logger_fogleman___craft DEBUG CMake Deprecation Warning at CMakeLists.txt:1 (cmake_minimum_required): (install_repos.py:38) (fogleman___craft)
09/12/2024 05:45:21 PM logger_fogleman___craft DEBUG Compatibility with CMake < 2.8.12 will be removed from a future version of (install_repos.py:38) (fogleman___craft)
09/12/2024 05:45:21 PM logger_fogleman___craft DEBUG CMake. (install_repos.py:38) (fogleman___craft)
09/12/2024 05:45:21 PM logger_fogleman___craft DEBUG  (install_repos.py:38) (fogleman___craft)
09/12/2024 05:45:21 PM logger_fogleman___craft DEBUG Update the VERSION argument <min> value or use a ...<max> suffix to tell (install_repos.py:38) (fogleman___craft)
09/12/2024 05:45:21 PM logger_fogleman___craft DEBUG CMake that the project does not need compatibility with older versions. (install_repos.py:38) (fogleman___craft)
09/12/2024 05:45:21 PM logger_fogleman___craft DEBUG  (install_repos.py:38) (fogleman___craft)
09/12/2024 05:45:21 PM logger_fogleman___craft DEBUG  (install_repos.py:38) (fogleman___craft)
09/12/2024 05:45:21 PM logger_fogleman___craft DEBUG -- The C compiler identification is GNU 12.2.0 (install_repos.py:38) (fogleman___craft)
09/12/2024 05:45:21 PM logger_fogleman___craft DEBUG -- The CXX compiler identification is GNU 12.2.0 (install_repos.py:38) (fogleman___craft)
09/12/2024 05:45:21 PM logger_fogleman___craft DEBUG -- Detecting C compiler ABI info (install_repos.py:38) (fogleman___craft)
09/12/2024 05:45:21 PM logger_fogleman___craft DEBUG -- Detecting C compiler ABI info - done (install_repos.py:38) (fogleman___craft)
09/12/2024 05:45:21 PM logger_fogleman___craft DEBUG -- Check for working C compiler: /usr/bin/cc - skipped (install_repos.py:38) (fogleman___craft)
09/12/2024 05:45:21 PM logger_fogleman___craft DEBUG -- Detecting C compile features (install_repos.py:38) (fogleman___craft)
09/12/2024 05:45:21 PM logger_fogleman___craft DEBUG -- Detecting C compile features - done (install_repos.py:38) (fogleman___craft)
09/12/2024 05:45:21 PM logger_fogleman___craft DEBUG -- Detecting CXX compiler ABI info (install_repos.py:38) (fogleman___craft)
09/12/2024 05:45:21 PM logger_fogleman___craft DEBUG -- Detecting CXX compiler ABI info - done (install_repos.py:38) (fogleman___craft)
09/12/2024 05:45:21 PM logger_fogleman___craft DEBUG -- Check for working CXX compiler: /usr/bin/c++ - skipped (install_repos.py:38) (fogleman___craft)
09/12/2024 05:45:21 PM logger_fogleman___craft DEBUG -- Detecting CXX compile features (install_repos.py:38) (fogleman___craft)
09/12/2024 05:45:21 PM logger_fogleman___craft DEBUG -- Detecting CXX compile features - done (install_repos.py:38) (fogleman___craft)
09/12/2024 05:45:21 PM logger_fogleman___craft DEBUG CMake Deprecation Warning at deps/glfw/CMakeLists.txt:8 (cmake_policy): (install_repos.py:38) (fogleman___craft)
09/12/2024 05:45:21 PM logger_fogleman___craft DEBUG The OLD behavior for policy CMP0042 will be removed from a future version (install_repos.py:38) (fogleman___craft)
09/12/2024 05:45:21 PM logger_fogleman___craft DEBUG of CMake. (install_repos.py:38) (fogleman___craft)
09/12/2024 05:45:21 PM logger_fogleman___craft DEBUG  (install_repos.py:38) (fogleman___craft)
09/12/2024 05:45:21 PM logger_fogleman___craft DEBUG The cmake-policies(7) manual explains that the OLD behaviors of all (install_repos.py:38) (fogleman___craft)
09/12/2024 05:45:21 PM logger_fogleman___craft DEBUG policies are deprecated and that a policy should be set to OLD only under (install_repos.py:38) (fogleman___craft)
09/12/2024 05:45:21 PM logger_fogleman___craft DEBUG specific short-term circumstances.  Projects should be ported to the NEW (install_repos.py:38) (fogleman___craft)
09/12/2024 05:45:21 PM logger_fogleman___craft DEBUG behavior and not rely on setting a policy to OLD. (install_repos.py:38) (fogleman___craft)
09/12/2024 05:45:21 PM logger_fogleman___craft DEBUG  (install_repos.py:38) (fogleman___craft)
09/12/2024 05:45:21 PM logger_fogleman___craft DEBUG  (install_repos.py:38) (fogleman___craft)
09/12/2024 05:45:21 PM logger_fogleman___craft DEBUG CMake Error at /usr/share/cmake-3.25/Modules/FindPackageHandleStandardArgs.cmake:230 (message): (install_repos.py:38) (fogleman___craft)
09/12/2024 05:45:21 PM logger_fogleman___craft DEBUG Could NOT find OpenGL (missing: OPENGL_opengl_LIBRARY OPENGL_glx_LIBRARY (install_repos.py:38) (fogleman___craft)
09/12/2024 05:45:21 PM logger_fogleman___craft DEBUG OPENGL_INCLUDE_DIR) (install_repos.py:38) (fogleman___craft)
09/12/2024 05:45:21 PM logger_fogleman___craft DEBUG Call Stack (most recent call first): (install_repos.py:38) (fogleman___craft)
09/12/2024 05:45:21 PM logger_fogleman___craft DEBUG /usr/share/cmake-3.25/Modules/FindPackageHandleStandardArgs.cmake:600 (_FPHSA_FAILURE_MESSAGE) (install_repos.py:38) (fogleman___craft)
09/12/2024 05:45:21 PM logger_fogleman___craft DEBUG /usr/share/cmake-3.25/Modules/FindOpenGL.cmake:443 (FIND_PACKAGE_HANDLE_STANDARD_ARGS) (install_repos.py:38) (fogleman___craft)
09/12/2024 05:45:21 PM logger_fogleman___craft DEBUG deps/glfw/CMakeLists.txt:88 (find_package) (install_repos.py:38) (fogleman___craft)
09/12/2024 05:45:21 PM logger_fogleman___craft DEBUG  (install_repos.py:38) (fogleman___craft)
09/12/2024 05:45:21 PM logger_fogleman___craft DEBUG  (install_repos.py:38) (fogleman___craft)
09/12/2024 05:45:21 PM logger_fogleman___craft DEBUG -- Configuring incomplete, errors occurred! (install_repos.py:38) (fogleman___craft)
09/12/2024 05:45:21 PM logger_fogleman___craft DEBUG See also "/INSTALL_C/repos/repos_400_c_round_two/fogleman___craft/build/CMakeFiles/CMakeOutput.log". (install_repos.py:38) (fogleman___craft)
09/12/2024 05:45:21 PM logger_fogleman___craft ERROR Error: Build failed for fogleman___craft
Build failed for reason: cmake failed (install_repos.py:295) (fogleman___craft)
