09/12/2024 05:42:03 PM logger_fossasia___pslab-bootloader INFO <<<<<<<<<<<<<<<<<< Logger setup anew <<<<<<<<<<<<<<<<<<< (utils.py:39) (fossasia___pslab-bootloader)
09/12/2024 05:42:03 PM logger_fossasia___pslab-bootloader INFO Analyzing repos/repos_400_c_round_two/fossasia___pslab-bootloader (install_repos.py:285) (fossasia___pslab-bootloader)
09/12/2024 05:42:03 PM logger_fossasia___pslab-bootloader INFO Checking for build system in repos/repos_400_c_round_two/fossasia___pslab-bootloader/src (install_repos.py:267) (fossasia___pslab-bootloader)
09/12/2024 05:42:03 PM logger_fossasia___pslab-bootloader INFO Checking for build system in repos/repos_400_c_round_two/fossasia___pslab-bootloader/src (install_repos.py:267) (fossasia___pslab-bootloader)
09/12/2024 05:42:03 PM logger_fossasia___pslab-bootloader INFO Running command: rm -rf build/ (install_repos.py:20) (fossasia___pslab-bootloader)
09/12/2024 05:42:03 PM logger_fossasia___pslab-bootloader INFO Logging output to: logs/repos/repos_400_c_round_two_install_logs_with_make_cmake_gradlew_meson_scons_bazel_2024-09-12_17-35-05/fossasia___pslab-bootloader_build.log (install_repos.py:21) (fossasia___pslab-bootloader)
09/12/2024 05:42:03 PM logger_fossasia___pslab-bootloader INFO Running command: rm -rf CMakeCache.txt (install_repos.py:20) (fossasia___pslab-bootloader)
09/12/2024 05:42:03 PM logger_fossasia___pslab-bootloader INFO Logging output to: logs/repos/repos_400_c_round_two_install_logs_with_make_cmake_gradlew_meson_scons_bazel_2024-09-12_17-35-05/fossasia___pslab-bootloader_build.log (install_repos.py:21) (fossasia___pslab-bootloader)
09/12/2024 05:42:03 PM logger_fossasia___pslab-bootloader INFO Running command: rm -rf CMakeFiles/ (install_repos.py:20) (fossasia___pslab-bootloader)
09/12/2024 05:42:03 PM logger_fossasia___pslab-bootloader INFO Logging output to: logs/repos/repos_400_c_round_two_install_logs_with_make_cmake_gradlew_meson_scons_bazel_2024-09-12_17-35-05/fossasia___pslab-bootloader_build.log (install_repos.py:21) (fossasia___pslab-bootloader)
09/12/2024 05:42:03 PM logger_fossasia___pslab-bootloader INFO Running CMake (install_repos.py:141) (fossasia___pslab-bootloader)
09/12/2024 05:42:03 PM logger_fossasia___pslab-bootloader INFO Running command: cmake .. (install_repos.py:20) (fossasia___pslab-bootloader)
09/12/2024 05:42:03 PM logger_fossasia___pslab-bootloader INFO Logging output to: logs/repos/repos_400_c_round_two_install_logs_with_make_cmake_gradlew_meson_scons_bazel_2024-09-12_17-35-05/build_build.log (install_repos.py:21) (fossasia___pslab-bootloader)
09/12/2024 05:42:03 PM logger_fossasia___pslab-bootloader DEBUG CMake Error at /usr/share/cmake-3.25/Modules/CMakeDetermineSystem.cmake:130 (message): (install_repos.py:38) (fossasia___pslab-bootloader)
09/12/2024 05:42:03 PM logger_fossasia___pslab-bootloader DEBUG Could not find toolchain file: external/cmake-microchip/toolchain.cmake (install_repos.py:38) (fossasia___pslab-bootloader)
09/12/2024 05:42:03 PM logger_fossasia___pslab-bootloader DEBUG Call Stack (most recent call first): (install_repos.py:38) (fossasia___pslab-bootloader)
09/12/2024 05:42:03 PM logger_fossasia___pslab-bootloader DEBUG CMakeLists.txt:5 (project) (install_repos.py:38) (fossasia___pslab-bootloader)
09/12/2024 05:42:03 PM logger_fossasia___pslab-bootloader DEBUG  (install_repos.py:38) (fossasia___pslab-bootloader)
09/12/2024 05:42:03 PM logger_fossasia___pslab-bootloader DEBUG  (install_repos.py:38) (fossasia___pslab-bootloader)
09/12/2024 05:42:03 PM logger_fossasia___pslab-bootloader DEBUG CMake Error: CMake was unable to find a build program corresponding to "Unix Makefiles".  CMAKE_MAKE_PROGRAM is not set.  You probably need to select a different build tool. (install_repos.py:38) (fossasia___pslab-bootloader)
09/12/2024 05:42:03 PM logger_fossasia___pslab-bootloader DEBUG CMake Error: CMAKE_C_COMPILER not set, after EnableLanguage (install_repos.py:38) (fossasia___pslab-bootloader)
09/12/2024 05:42:03 PM logger_fossasia___pslab-bootloader DEBUG CMake Error: CMAKE_ASM_COMPILER not set, after EnableLanguage (install_repos.py:38) (fossasia___pslab-bootloader)
09/12/2024 05:42:03 PM logger_fossasia___pslab-bootloader DEBUG -- Configuring incomplete, errors occurred! (install_repos.py:38) (fossasia___pslab-bootloader)
09/12/2024 05:42:03 PM logger_fossasia___pslab-bootloader ERROR Error: Build failed for fossasia___pslab-bootloader
Build failed for reason: cmake failed (install_repos.py:295) (fossasia___pslab-bootloader)
