09/12/2024 05:46:36 PM logger_getdnsapi___stubby INFO <<<<<<<<<<<<<<<<<< Logger setup anew <<<<<<<<<<<<<<<<<<< (utils.py:39) (getdnsapi___stubby)
09/12/2024 05:46:36 PM logger_getdnsapi___stubby INFO Analyzing repos/repos_400_c_round_two/getdnsapi___stubby (install_repos.py:285) (getdnsapi___stubby)
09/12/2024 05:46:36 PM logger_getdnsapi___stubby INFO Checking for build system in repos/repos_400_c_round_two/getdnsapi___stubby/src (install_repos.py:267) (getdnsapi___stubby)
09/12/2024 05:46:36 PM logger_getdnsapi___stubby INFO Checking for build system in repos/repos_400_c_round_two/getdnsapi___stubby/src (install_repos.py:267) (getdnsapi___stubby)
09/12/2024 05:46:36 PM logger_getdnsapi___stubby INFO Running command: rm -rf build/ (install_repos.py:20) (getdnsapi___stubby)
09/12/2024 05:46:36 PM logger_getdnsapi___stubby INFO Logging output to: logs/repos/repos_400_c_round_two_install_logs_with_make_cmake_gradlew_meson_scons_bazel_2024-09-12_17-35-05/getdnsapi___stubby_build.log (install_repos.py:21) (getdnsapi___stubby)
09/12/2024 05:46:36 PM logger_getdnsapi___stubby INFO Running command: rm -rf CMakeCache.txt (install_repos.py:20) (getdnsapi___stubby)
09/12/2024 05:46:36 PM logger_getdnsapi___stubby INFO Logging output to: logs/repos/repos_400_c_round_two_install_logs_with_make_cmake_gradlew_meson_scons_bazel_2024-09-12_17-35-05/getdnsapi___stubby_build.log (install_repos.py:21) (getdnsapi___stubby)
09/12/2024 05:46:36 PM logger_getdnsapi___stubby INFO Running command: rm -rf CMakeFiles/ (install_repos.py:20) (getdnsapi___stubby)
09/12/2024 05:46:36 PM logger_getdnsapi___stubby INFO Logging output to: logs/repos/repos_400_c_round_two_install_logs_with_make_cmake_gradlew_meson_scons_bazel_2024-09-12_17-35-05/getdnsapi___stubby_build.log (install_repos.py:21) (getdnsapi___stubby)
09/12/2024 05:46:36 PM logger_getdnsapi___stubby INFO Running CMake (install_repos.py:141) (getdnsapi___stubby)
09/12/2024 05:46:36 PM logger_getdnsapi___stubby INFO Running command: cmake .. (install_repos.py:20) (getdnsapi___stubby)
09/12/2024 05:46:36 PM logger_getdnsapi___stubby INFO Logging output to: logs/repos/repos_400_c_round_two_install_logs_with_make_cmake_gradlew_meson_scons_bazel_2024-09-12_17-35-05/build_build.log (install_repos.py:21) (getdnsapi___stubby)
09/12/2024 05:46:36 PM logger_getdnsapi___stubby DEBUG -- No build type defined; defaulting to 'Debug' (install_repos.py:38) (getdnsapi___stubby)
09/12/2024 05:46:36 PM logger_getdnsapi___stubby DEBUG -- The C compiler identification is GNU 12.2.0 (install_repos.py:38) (getdnsapi___stubby)
09/12/2024 05:46:36 PM logger_getdnsapi___stubby DEBUG -- Detecting C compiler ABI info (install_repos.py:38) (getdnsapi___stubby)
09/12/2024 05:46:36 PM logger_getdnsapi___stubby DEBUG -- Detecting C compiler ABI info - done (install_repos.py:38) (getdnsapi___stubby)
09/12/2024 05:46:36 PM logger_getdnsapi___stubby DEBUG -- Check for working C compiler: /usr/bin/cc - skipped (install_repos.py:38) (getdnsapi___stubby)
09/12/2024 05:46:36 PM logger_getdnsapi___stubby DEBUG -- Detecting C compile features (install_repos.py:38) (getdnsapi___stubby)
09/12/2024 05:46:36 PM logger_getdnsapi___stubby DEBUG -- Detecting C compile features - done (install_repos.py:38) (getdnsapi___stubby)
09/12/2024 05:46:36 PM logger_getdnsapi___stubby DEBUG -- Could NOT find Libsystemd (missing: LIBSYSTEMD_LIBRARIES LIBSYSTEMD_INCLUDE_DIR) (install_repos.py:38) (getdnsapi___stubby)
09/12/2024 05:46:36 PM logger_getdnsapi___stubby DEBUG CMake Error at /usr/share/cmake-3.25/Modules/FindPackageHandleStandardArgs.cmake:230 (message): (install_repos.py:38) (getdnsapi___stubby)
09/12/2024 05:46:36 PM logger_getdnsapi___stubby DEBUG Could NOT find Libyaml (missing: LIBYAML_LIBRARIES LIBYAML_INCLUDE_DIR) (install_repos.py:38) (getdnsapi___stubby)
09/12/2024 05:46:36 PM logger_getdnsapi___stubby DEBUG Call Stack (most recent call first): (install_repos.py:38) (getdnsapi___stubby)
09/12/2024 05:46:36 PM logger_getdnsapi___stubby DEBUG /usr/share/cmake-3.25/Modules/FindPackageHandleStandardArgs.cmake:600 (_FPHSA_FAILURE_MESSAGE) (install_repos.py:38) (getdnsapi___stubby)
09/12/2024 05:46:36 PM logger_getdnsapi___stubby DEBUG cmake/modules/FindLibyaml.cmake:58 (find_package_handle_standard_args) (install_repos.py:38) (getdnsapi___stubby)
09/12/2024 05:46:36 PM logger_getdnsapi___stubby DEBUG CMakeLists.txt:70 (find_package) (install_repos.py:38) (getdnsapi___stubby)
09/12/2024 05:46:36 PM logger_getdnsapi___stubby DEBUG  (install_repos.py:38) (getdnsapi___stubby)
09/12/2024 05:46:36 PM logger_getdnsapi___stubby DEBUG  (install_repos.py:38) (getdnsapi___stubby)
09/12/2024 05:46:36 PM logger_getdnsapi___stubby DEBUG -- Configuring incomplete, errors occurred! (install_repos.py:38) (getdnsapi___stubby)
09/12/2024 05:46:36 PM logger_getdnsapi___stubby DEBUG See also "/INSTALL_C/repos/repos_400_c_round_two/getdnsapi___stubby/build/CMakeFiles/CMakeOutput.log". (install_repos.py:38) (getdnsapi___stubby)
09/12/2024 05:46:36 PM logger_getdnsapi___stubby ERROR Error: Build failed for getdnsapi___stubby
Build failed for reason: cmake failed (install_repos.py:295) (getdnsapi___stubby)
