09/12/2024 05:42:03 PM logger_grimfang4___sdl-gpu INFO <<<<<<<<<<<<<<<<<< Logger setup anew <<<<<<<<<<<<<<<<<<< (utils.py:39) (grimfang4___sdl-gpu)
09/12/2024 05:42:03 PM logger_grimfang4___sdl-gpu INFO Analyzing repos/repos_400_c_round_two/grimfang4___sdl-gpu (install_repos.py:285) (grimfang4___sdl-gpu)
09/12/2024 05:42:03 PM logger_grimfang4___sdl-gpu INFO Checking for build system in repos/repos_400_c_round_two/grimfang4___sdl-gpu/src (install_repos.py:267) (grimfang4___sdl-gpu)
09/12/2024 05:42:03 PM logger_grimfang4___sdl-gpu INFO Checking for build system in repos/repos_400_c_round_two/grimfang4___sdl-gpu/src (install_repos.py:267) (grimfang4___sdl-gpu)
09/12/2024 05:42:03 PM logger_grimfang4___sdl-gpu INFO Running command: rm -rf build/ (install_repos.py:20) (grimfang4___sdl-gpu)
09/12/2024 05:42:03 PM logger_grimfang4___sdl-gpu INFO Logging output to: logs/repos/repos_400_c_round_two_install_logs_with_make_cmake_gradlew_meson_scons_bazel_2024-09-12_17-35-05/grimfang4___sdl-gpu_build.log (install_repos.py:21) (grimfang4___sdl-gpu)
09/12/2024 05:42:03 PM logger_grimfang4___sdl-gpu INFO Running command: rm -rf CMakeCache.txt (install_repos.py:20) (grimfang4___sdl-gpu)
09/12/2024 05:42:03 PM logger_grimfang4___sdl-gpu INFO Logging output to: logs/repos/repos_400_c_round_two_install_logs_with_make_cmake_gradlew_meson_scons_bazel_2024-09-12_17-35-05/grimfang4___sdl-gpu_build.log (install_repos.py:21) (grimfang4___sdl-gpu)
09/12/2024 05:42:03 PM logger_grimfang4___sdl-gpu INFO Running command: rm -rf CMakeFiles/ (install_repos.py:20) (grimfang4___sdl-gpu)
09/12/2024 05:42:03 PM logger_grimfang4___sdl-gpu INFO Logging output to: logs/repos/repos_400_c_round_two_install_logs_with_make_cmake_gradlew_meson_scons_bazel_2024-09-12_17-35-05/grimfang4___sdl-gpu_build.log (install_repos.py:21) (grimfang4___sdl-gpu)
09/12/2024 05:42:03 PM logger_grimfang4___sdl-gpu INFO Running CMake (install_repos.py:141) (grimfang4___sdl-gpu)
09/12/2024 05:42:03 PM logger_grimfang4___sdl-gpu INFO Running command: cmake .. (install_repos.py:20) (grimfang4___sdl-gpu)
09/12/2024 05:42:03 PM logger_grimfang4___sdl-gpu INFO Logging output to: logs/repos/repos_400_c_round_two_install_logs_with_make_cmake_gradlew_meson_scons_bazel_2024-09-12_17-35-05/build_build.log (install_repos.py:21) (grimfang4___sdl-gpu)
09/12/2024 05:42:03 PM logger_grimfang4___sdl-gpu DEBUG -- The C compiler identification is GNU 12.2.0 (install_repos.py:38) (grimfang4___sdl-gpu)
09/12/2024 05:42:03 PM logger_grimfang4___sdl-gpu DEBUG -- The CXX compiler identification is GNU 12.2.0 (install_repos.py:38) (grimfang4___sdl-gpu)
09/12/2024 05:42:03 PM logger_grimfang4___sdl-gpu DEBUG -- Detecting C compiler ABI info (install_repos.py:38) (grimfang4___sdl-gpu)
09/12/2024 05:42:03 PM logger_grimfang4___sdl-gpu DEBUG -- Detecting C compiler ABI info - done (install_repos.py:38) (grimfang4___sdl-gpu)
09/12/2024 05:42:03 PM logger_grimfang4___sdl-gpu DEBUG -- Check for working C compiler: /usr/bin/cc - skipped (install_repos.py:38) (grimfang4___sdl-gpu)
09/12/2024 05:42:03 PM logger_grimfang4___sdl-gpu DEBUG -- Detecting C compile features (install_repos.py:38) (grimfang4___sdl-gpu)
09/12/2024 05:42:03 PM logger_grimfang4___sdl-gpu DEBUG -- Detecting C compile features - done (install_repos.py:38) (grimfang4___sdl-gpu)
09/12/2024 05:42:03 PM logger_grimfang4___sdl-gpu DEBUG -- Detecting CXX compiler ABI info (install_repos.py:38) (grimfang4___sdl-gpu)
09/12/2024 05:42:03 PM logger_grimfang4___sdl-gpu DEBUG -- Detecting CXX compiler ABI info - done (install_repos.py:38) (grimfang4___sdl-gpu)
09/12/2024 05:42:03 PM logger_grimfang4___sdl-gpu DEBUG -- Check for working CXX compiler: /usr/bin/c++ - skipped (install_repos.py:38) (grimfang4___sdl-gpu)
09/12/2024 05:42:03 PM logger_grimfang4___sdl-gpu DEBUG -- Detecting CXX compile features (install_repos.py:38) (grimfang4___sdl-gpu)
09/12/2024 05:42:03 PM logger_grimfang4___sdl-gpu DEBUG -- Detecting CXX compile features - done (install_repos.py:38) (grimfang4___sdl-gpu)
09/12/2024 05:42:03 PM logger_grimfang4___sdl-gpu DEBUG Using generic defaults. (install_repos.py:38) (grimfang4___sdl-gpu)
09/12/2024 05:42:03 PM logger_grimfang4___sdl-gpu DEBUG CMake Error at scripts/FindPackageHandleStandardArgs.cmake:97 (message): (install_repos.py:38) (grimfang4___sdl-gpu)
09/12/2024 05:42:03 PM logger_grimfang4___sdl-gpu DEBUG Could NOT find SDL2 (missing: SDL2_LIBRARY SDL2_INCLUDE_DIR) (install_repos.py:38) (grimfang4___sdl-gpu)
09/12/2024 05:42:03 PM logger_grimfang4___sdl-gpu DEBUG Call Stack (most recent call first): (install_repos.py:38) (grimfang4___sdl-gpu)
09/12/2024 05:42:03 PM logger_grimfang4___sdl-gpu DEBUG scripts/FindPackageHandleStandardArgs.cmake:291 (_FPHSA_FAILURE_MESSAGE) (install_repos.py:38) (grimfang4___sdl-gpu)
09/12/2024 05:42:03 PM logger_grimfang4___sdl-gpu DEBUG scripts/FindSDL2.cmake:54 (FIND_PACKAGE_HANDLE_STANDARD_ARGS) (install_repos.py:38) (grimfang4___sdl-gpu)
09/12/2024 05:42:03 PM logger_grimfang4___sdl-gpu DEBUG CMakeLists.txt:182 (find_package) (install_repos.py:38) (grimfang4___sdl-gpu)
09/12/2024 05:42:03 PM logger_grimfang4___sdl-gpu DEBUG  (install_repos.py:38) (grimfang4___sdl-gpu)
09/12/2024 05:42:03 PM logger_grimfang4___sdl-gpu DEBUG  (install_repos.py:38) (grimfang4___sdl-gpu)
09/12/2024 05:42:03 PM logger_grimfang4___sdl-gpu DEBUG -- Configuring incomplete, errors occurred! (install_repos.py:38) (grimfang4___sdl-gpu)
09/12/2024 05:42:03 PM logger_grimfang4___sdl-gpu DEBUG See also "/INSTALL_C/repos/repos_400_c_round_two/grimfang4___sdl-gpu/build/CMakeFiles/CMakeOutput.log". (install_repos.py:38) (grimfang4___sdl-gpu)
09/12/2024 05:42:03 PM logger_grimfang4___sdl-gpu ERROR Error: Build failed for grimfang4___sdl-gpu
Build failed for reason: cmake failed (install_repos.py:295) (grimfang4___sdl-gpu)
