09/12/2024 05:40:27 PM logger_iolanguage___io INFO <<<<<<<<<<<<<<<<<< Logger setup anew <<<<<<<<<<<<<<<<<<< (utils.py:39) (iolanguage___io)
09/12/2024 05:40:27 PM logger_iolanguage___io INFO Analyzing repos/repos_400_c_round_two/iolanguage___io (install_repos.py:285) (iolanguage___io)
09/12/2024 05:40:27 PM logger_iolanguage___io INFO Running command: rm -rf build/ (install_repos.py:20) (iolanguage___io)
09/12/2024 05:40:27 PM logger_iolanguage___io INFO Logging output to: logs/repos/repos_400_c_round_two_install_logs_with_make_cmake_gradlew_meson_scons_bazel_2024-09-12_17-35-05/iolanguage___io_build.log (install_repos.py:21) (iolanguage___io)
09/12/2024 05:40:27 PM logger_iolanguage___io INFO Running command: rm -rf CMakeCache.txt (install_repos.py:20) (iolanguage___io)
09/12/2024 05:40:27 PM logger_iolanguage___io INFO Logging output to: logs/repos/repos_400_c_round_two_install_logs_with_make_cmake_gradlew_meson_scons_bazel_2024-09-12_17-35-05/iolanguage___io_build.log (install_repos.py:21) (iolanguage___io)
09/12/2024 05:40:27 PM logger_iolanguage___io INFO Running command: rm -rf CMakeFiles/ (install_repos.py:20) (iolanguage___io)
09/12/2024 05:40:27 PM logger_iolanguage___io INFO Logging output to: logs/repos/repos_400_c_round_two_install_logs_with_make_cmake_gradlew_meson_scons_bazel_2024-09-12_17-35-05/iolanguage___io_build.log (install_repos.py:21) (iolanguage___io)
09/12/2024 05:40:27 PM logger_iolanguage___io INFO Running CMake (install_repos.py:141) (iolanguage___io)
09/12/2024 05:40:27 PM logger_iolanguage___io INFO Running command: cmake .. (install_repos.py:20) (iolanguage___io)
09/12/2024 05:40:27 PM logger_iolanguage___io INFO Logging output to: logs/repos/repos_400_c_round_two_install_logs_with_make_cmake_gradlew_meson_scons_bazel_2024-09-12_17-35-05/build_build.log (install_repos.py:21) (iolanguage___io)
09/12/2024 05:40:27 PM logger_iolanguage___io DEBUG -- The C compiler identification is GNU 12.2.0 (install_repos.py:38) (iolanguage___io)
09/12/2024 05:40:27 PM logger_iolanguage___io DEBUG -- Detecting C compiler ABI info (install_repos.py:38) (iolanguage___io)
09/12/2024 05:40:27 PM logger_iolanguage___io DEBUG -- Detecting C compiler ABI info - done (install_repos.py:38) (iolanguage___io)
09/12/2024 05:40:27 PM logger_iolanguage___io DEBUG -- Check for working C compiler: /usr/bin/cc - skipped (install_repos.py:38) (iolanguage___io)
09/12/2024 05:40:27 PM logger_iolanguage___io DEBUG -- Detecting C compile features (install_repos.py:38) (iolanguage___io)
09/12/2024 05:40:27 PM logger_iolanguage___io DEBUG -- Detecting C compile features - done (install_repos.py:38) (iolanguage___io)
09/12/2024 05:40:27 PM logger_iolanguage___io DEBUG -- Configuration set to: DebugFast (install_repos.py:38) (iolanguage___io)
09/12/2024 05:40:27 PM logger_iolanguage___io DEBUG -- Performing Test HAVE_POSITIVE_NAN (install_repos.py:38) (iolanguage___io)
09/12/2024 05:40:27 PM logger_iolanguage___io DEBUG -- Performing Test HAVE_POSITIVE_NAN - Success (install_repos.py:38) (iolanguage___io)
09/12/2024 05:40:27 PM logger_iolanguage___io DEBUG -- rpmbuild binary not found, not building rpm package (install_repos.py:38) (iolanguage___io)
09/12/2024 05:40:27 PM logger_iolanguage___io DEBUG -- Configuring done (install_repos.py:38) (iolanguage___io)
09/12/2024 05:40:27 PM logger_iolanguage___io DEBUG CMake Error at libs/CMakeLists.txt:94 (add_library): (install_repos.py:38) (iolanguage___io)
09/12/2024 05:40:27 PM logger_iolanguage___io DEBUG Cannot find source file: (install_repos.py:38) (iolanguage___io)
09/12/2024 05:40:27 PM logger_iolanguage___io DEBUG  (install_repos.py:38) (iolanguage___io)
09/12/2024 05:40:27 PM logger_iolanguage___io DEBUG /INSTALL_C/repos/repos_400_c_round_two/iolanguage___io/deps/parson/parson.c (install_repos.py:38) (iolanguage___io)
09/12/2024 05:40:27 PM logger_iolanguage___io DEBUG  (install_repos.py:38) (iolanguage___io)
09/12/2024 05:40:27 PM logger_iolanguage___io DEBUG Tried extensions .c .C .c++ .cc .cpp .cxx .cu .mpp .m .M .mm .ixx .cppm .h (install_repos.py:38) (iolanguage___io)
09/12/2024 05:40:27 PM logger_iolanguage___io DEBUG .hh .h++ .hm .hpp .hxx .in .txx .f .F .for .f77 .f90 .f95 .f03 .hip .ispc (install_repos.py:38) (iolanguage___io)
09/12/2024 05:40:27 PM logger_iolanguage___io DEBUG  (install_repos.py:38) (iolanguage___io)
09/12/2024 05:40:27 PM logger_iolanguage___io DEBUG  (install_repos.py:38) (iolanguage___io)
09/12/2024 05:40:27 PM logger_iolanguage___io DEBUG CMake Error at libs/iovm/CMakeLists.txt:107 (add_library): (install_repos.py:38) (iolanguage___io)
09/12/2024 05:40:27 PM logger_iolanguage___io DEBUG Cannot find source file: (install_repos.py:38) (iolanguage___io)
09/12/2024 05:40:27 PM logger_iolanguage___io DEBUG  (install_repos.py:38) (iolanguage___io)
09/12/2024 05:40:27 PM logger_iolanguage___io DEBUG ../../deps/parson/parson.c (install_repos.py:38) (iolanguage___io)
09/12/2024 05:40:27 PM logger_iolanguage___io DEBUG  (install_repos.py:38) (iolanguage___io)
09/12/2024 05:40:27 PM logger_iolanguage___io DEBUG Tried extensions .c .C .c++ .cc .cpp .cxx .cu .mpp .m .M .mm .ixx .cppm .h (install_repos.py:38) (iolanguage___io)
09/12/2024 05:40:27 PM logger_iolanguage___io DEBUG .hh .h++ .hm .hpp .hxx .in .txx .f .F .for .f77 .f90 .f95 .f03 .hip .ispc (install_repos.py:38) (iolanguage___io)
09/12/2024 05:40:27 PM logger_iolanguage___io DEBUG  (install_repos.py:38) (iolanguage___io)
09/12/2024 05:40:27 PM logger_iolanguage___io DEBUG  (install_repos.py:38) (iolanguage___io)
09/12/2024 05:40:27 PM logger_iolanguage___io DEBUG CMake Error at libs/CMakeLists.txt:94 (add_library): (install_repos.py:38) (iolanguage___io)
09/12/2024 05:40:27 PM logger_iolanguage___io DEBUG No SOURCES given to target: iovmall_static (install_repos.py:38) (iolanguage___io)
09/12/2024 05:40:27 PM logger_iolanguage___io DEBUG  (install_repos.py:38) (iolanguage___io)
09/12/2024 05:40:27 PM logger_iolanguage___io DEBUG  (install_repos.py:38) (iolanguage___io)
09/12/2024 05:40:27 PM logger_iolanguage___io DEBUG CMake Error at libs/iovm/CMakeLists.txt:107 (add_library): (install_repos.py:38) (iolanguage___io)
09/12/2024 05:40:27 PM logger_iolanguage___io DEBUG No SOURCES given to target: iovmall (install_repos.py:38) (iolanguage___io)
09/12/2024 05:40:27 PM logger_iolanguage___io DEBUG  (install_repos.py:38) (iolanguage___io)
09/12/2024 05:40:27 PM logger_iolanguage___io DEBUG  (install_repos.py:38) (iolanguage___io)
09/12/2024 05:40:27 PM logger_iolanguage___io DEBUG CMake Generate step failed.  Build files cannot be regenerated correctly. (install_repos.py:38) (iolanguage___io)
09/12/2024 05:40:27 PM logger_iolanguage___io ERROR Error: Build failed for iolanguage___io
Build failed for reason: cmake failed (install_repos.py:295) (iolanguage___io)
