09/12/2024 05:58:49 PM logger_jedisct1___minisign INFO <<<<<<<<<<<<<<<<<< Logger setup anew <<<<<<<<<<<<<<<<<<< (utils.py:39) (jedisct1___minisign)
09/12/2024 05:58:49 PM logger_jedisct1___minisign INFO Analyzing repos/repos_400_c_round_two/jedisct1___minisign (install_repos.py:285) (jedisct1___minisign)
09/12/2024 05:58:49 PM logger_jedisct1___minisign INFO Checking for build system in repos/repos_400_c_round_two/jedisct1___minisign/src (install_repos.py:267) (jedisct1___minisign)
09/12/2024 05:58:49 PM logger_jedisct1___minisign INFO Checking for build system in repos/repos_400_c_round_two/jedisct1___minisign/src (install_repos.py:267) (jedisct1___minisign)
09/12/2024 05:58:49 PM logger_jedisct1___minisign INFO Running command: rm -rf build/ (install_repos.py:20) (jedisct1___minisign)
09/12/2024 05:58:49 PM logger_jedisct1___minisign INFO Logging output to: logs/repos/repos_400_c_round_two_install_logs_with_make_cmake_gradlew_meson_scons_bazel_2024-09-12_17-35-05/jedisct1___minisign_build.log (install_repos.py:21) (jedisct1___minisign)
09/12/2024 05:58:49 PM logger_jedisct1___minisign INFO Running command: rm -rf CMakeCache.txt (install_repos.py:20) (jedisct1___minisign)
09/12/2024 05:58:49 PM logger_jedisct1___minisign INFO Logging output to: logs/repos/repos_400_c_round_two_install_logs_with_make_cmake_gradlew_meson_scons_bazel_2024-09-12_17-35-05/jedisct1___minisign_build.log (install_repos.py:21) (jedisct1___minisign)
09/12/2024 05:58:49 PM logger_jedisct1___minisign INFO Running command: rm -rf CMakeFiles/ (install_repos.py:20) (jedisct1___minisign)
09/12/2024 05:58:49 PM logger_jedisct1___minisign INFO Logging output to: logs/repos/repos_400_c_round_two_install_logs_with_make_cmake_gradlew_meson_scons_bazel_2024-09-12_17-35-05/jedisct1___minisign_build.log (install_repos.py:21) (jedisct1___minisign)
09/12/2024 05:58:49 PM logger_jedisct1___minisign INFO Running CMake (install_repos.py:141) (jedisct1___minisign)
09/12/2024 05:58:49 PM logger_jedisct1___minisign INFO Running command: cmake .. (install_repos.py:20) (jedisct1___minisign)
09/12/2024 05:58:49 PM logger_jedisct1___minisign INFO Logging output to: logs/repos/repos_400_c_round_two_install_logs_with_make_cmake_gradlew_meson_scons_bazel_2024-09-12_17-35-05/build_build.log (install_repos.py:21) (jedisct1___minisign)
09/12/2024 05:58:49 PM logger_jedisct1___minisign DEBUG -- The C compiler identification is GNU 12.2.0 (install_repos.py:38) (jedisct1___minisign)
09/12/2024 05:58:49 PM logger_jedisct1___minisign DEBUG -- Detecting C compiler ABI info (install_repos.py:38) (jedisct1___minisign)
09/12/2024 05:58:50 PM logger_jedisct1___minisign DEBUG -- Detecting C compiler ABI info - done (install_repos.py:38) (jedisct1___minisign)
09/12/2024 05:58:50 PM logger_jedisct1___minisign DEBUG -- Check for working C compiler: /usr/bin/cc - skipped (install_repos.py:38) (jedisct1___minisign)
09/12/2024 05:58:50 PM logger_jedisct1___minisign DEBUG -- Detecting C compile features (install_repos.py:38) (jedisct1___minisign)
09/12/2024 05:58:50 PM logger_jedisct1___minisign DEBUG -- Detecting C compile features - done (install_repos.py:38) (jedisct1___minisign)
09/12/2024 05:58:50 PM logger_jedisct1___minisign DEBUG -- Found PkgConfig: /usr/bin/pkg-config (found version "1.8.1") (install_repos.py:38) (jedisct1___minisign)
09/12/2024 05:58:50 PM logger_jedisct1___minisign DEBUG -- Checking for module 'libsodium' (install_repos.py:38) (jedisct1___minisign)
09/12/2024 05:58:50 PM logger_jedisct1___minisign DEBUG --   Package 'libsodium', required by 'virtual:world', not found (install_repos.py:38) (jedisct1___minisign)
09/12/2024 05:58:50 PM logger_jedisct1___minisign DEBUG -- Performing Test CMAKE_HAVE_LIBC_PTHREAD (install_repos.py:38) (jedisct1___minisign)
09/12/2024 05:58:50 PM logger_jedisct1___minisign DEBUG -- Performing Test CMAKE_HAVE_LIBC_PTHREAD - Success (install_repos.py:38) (jedisct1___minisign)
09/12/2024 05:58:50 PM logger_jedisct1___minisign DEBUG -- Found Threads: TRUE (install_repos.py:38) (jedisct1___minisign)
09/12/2024 05:58:50 PM logger_jedisct1___minisign DEBUG -- Configuring done (install_repos.py:38) (jedisct1___minisign)
09/12/2024 05:58:50 PM logger_jedisct1___minisign DEBUG CMake Error: The following variables are used in this project, but they are set to NOTFOUND. (install_repos.py:38) (jedisct1___minisign)
09/12/2024 05:58:50 PM logger_jedisct1___minisign DEBUG Please set them or make sure they are set and tested correctly in the CMake files: (install_repos.py:38) (jedisct1___minisign)
09/12/2024 05:58:50 PM logger_jedisct1___minisign DEBUG /INSTALL_C/repos/repos_400_c_round_two/jedisct1___minisign/SODIUM_INCLUDE_DIR (install_repos.py:38) (jedisct1___minisign)
09/12/2024 05:58:50 PM logger_jedisct1___minisign DEBUG used as include directory in directory /INSTALL_C/repos/repos_400_c_round_two/jedisct1___minisign (install_repos.py:38) (jedisct1___minisign)
09/12/2024 05:58:50 PM logger_jedisct1___minisign DEBUG SODIUM_LIBRARY (install_repos.py:38) (jedisct1___minisign)
09/12/2024 05:58:50 PM logger_jedisct1___minisign DEBUG linked by target "minisign" in directory /INSTALL_C/repos/repos_400_c_round_two/jedisct1___minisign (install_repos.py:38) (jedisct1___minisign)
09/12/2024 05:58:50 PM logger_jedisct1___minisign DEBUG  (install_repos.py:38) (jedisct1___minisign)
09/12/2024 05:58:50 PM logger_jedisct1___minisign DEBUG -- Generating done (install_repos.py:38) (jedisct1___minisign)
09/12/2024 05:58:50 PM logger_jedisct1___minisign DEBUG CMake Generate step failed.  Build files cannot be regenerated correctly. (install_repos.py:38) (jedisct1___minisign)
09/12/2024 05:58:50 PM logger_jedisct1___minisign ERROR Error: Build failed for jedisct1___minisign
Build failed for reason: cmake failed (install_repos.py:295) (jedisct1___minisign)
