09/12/2024 05:46:36 PM logger_jerryscript-project___iotjs INFO <<<<<<<<<<<<<<<<<< Logger setup anew <<<<<<<<<<<<<<<<<<< (utils.py:39) (jerryscript-project___iotjs)
09/12/2024 05:46:36 PM logger_jerryscript-project___iotjs INFO Analyzing repos/repos_400_c_round_two/jerryscript-project___iotjs (install_repos.py:285) (jerryscript-project___iotjs)
09/12/2024 05:46:36 PM logger_jerryscript-project___iotjs INFO Checking for build system in repos/repos_400_c_round_two/jerryscript-project___iotjs/src (install_repos.py:267) (jerryscript-project___iotjs)
09/12/2024 05:46:36 PM logger_jerryscript-project___iotjs INFO Checking for build system in repos/repos_400_c_round_two/jerryscript-project___iotjs/src (install_repos.py:267) (jerryscript-project___iotjs)
09/12/2024 05:46:36 PM logger_jerryscript-project___iotjs INFO Running command: rm -rf build/ (install_repos.py:20) (jerryscript-project___iotjs)
09/12/2024 05:46:36 PM logger_jerryscript-project___iotjs INFO Logging output to: logs/repos/repos_400_c_round_two_install_logs_with_make_cmake_gradlew_meson_scons_bazel_2024-09-12_17-35-05/jerryscript-project___iotjs_build.log (install_repos.py:21) (jerryscript-project___iotjs)
09/12/2024 05:46:36 PM logger_jerryscript-project___iotjs INFO Running command: rm -rf CMakeCache.txt (install_repos.py:20) (jerryscript-project___iotjs)
09/12/2024 05:46:36 PM logger_jerryscript-project___iotjs INFO Logging output to: logs/repos/repos_400_c_round_two_install_logs_with_make_cmake_gradlew_meson_scons_bazel_2024-09-12_17-35-05/jerryscript-project___iotjs_build.log (install_repos.py:21) (jerryscript-project___iotjs)
09/12/2024 05:46:36 PM logger_jerryscript-project___iotjs INFO Running command: rm -rf CMakeFiles/ (install_repos.py:20) (jerryscript-project___iotjs)
09/12/2024 05:46:36 PM logger_jerryscript-project___iotjs INFO Logging output to: logs/repos/repos_400_c_round_two_install_logs_with_make_cmake_gradlew_meson_scons_bazel_2024-09-12_17-35-05/jerryscript-project___iotjs_build.log (install_repos.py:21) (jerryscript-project___iotjs)
09/12/2024 05:46:36 PM logger_jerryscript-project___iotjs INFO Running CMake (install_repos.py:141) (jerryscript-project___iotjs)
09/12/2024 05:46:36 PM logger_jerryscript-project___iotjs INFO Running command: cmake .. (install_repos.py:20) (jerryscript-project___iotjs)
09/12/2024 05:46:36 PM logger_jerryscript-project___iotjs INFO Logging output to: logs/repos/repos_400_c_round_two_install_logs_with_make_cmake_gradlew_meson_scons_bazel_2024-09-12_17-35-05/build_build.log (install_repos.py:21) (jerryscript-project___iotjs)
09/12/2024 05:46:36 PM logger_jerryscript-project___iotjs DEBUG CMake Deprecation Warning at CMakeLists.txt:15 (cmake_minimum_required): (install_repos.py:38) (jerryscript-project___iotjs)
09/12/2024 05:46:36 PM logger_jerryscript-project___iotjs DEBUG Compatibility with CMake < 2.8.12 will be removed from a future version of (install_repos.py:38) (jerryscript-project___iotjs)
09/12/2024 05:46:36 PM logger_jerryscript-project___iotjs DEBUG CMake. (install_repos.py:38) (jerryscript-project___iotjs)
09/12/2024 05:46:36 PM logger_jerryscript-project___iotjs DEBUG  (install_repos.py:38) (jerryscript-project___iotjs)
09/12/2024 05:46:36 PM logger_jerryscript-project___iotjs DEBUG Update the VERSION argument <min> value or use a ...<max> suffix to tell (install_repos.py:38) (jerryscript-project___iotjs)
09/12/2024 05:46:36 PM logger_jerryscript-project___iotjs DEBUG CMake that the project does not need compatibility with older versions. (install_repos.py:38) (jerryscript-project___iotjs)
09/12/2024 05:46:36 PM logger_jerryscript-project___iotjs DEBUG  (install_repos.py:38) (jerryscript-project___iotjs)
09/12/2024 05:46:36 PM logger_jerryscript-project___iotjs DEBUG  (install_repos.py:38) (jerryscript-project___iotjs)
09/12/2024 05:46:36 PM logger_jerryscript-project___iotjs DEBUG -- The C compiler identification is GNU 12.2.0 (install_repos.py:38) (jerryscript-project___iotjs)
09/12/2024 05:46:36 PM logger_jerryscript-project___iotjs DEBUG -- Detecting C compiler ABI info (install_repos.py:38) (jerryscript-project___iotjs)
09/12/2024 05:46:36 PM logger_jerryscript-project___iotjs DEBUG -- Detecting C compiler ABI info - done (install_repos.py:38) (jerryscript-project___iotjs)
09/12/2024 05:46:36 PM logger_jerryscript-project___iotjs DEBUG -- Check for working C compiler: /usr/bin/cc - skipped (install_repos.py:38) (jerryscript-project___iotjs)
09/12/2024 05:46:36 PM logger_jerryscript-project___iotjs DEBUG -- Detecting C compile features (install_repos.py:38) (jerryscript-project___iotjs)
09/12/2024 05:46:36 PM logger_jerryscript-project___iotjs DEBUG -- Detecting C compile features - done (install_repos.py:38) (jerryscript-project___iotjs)
09/12/2024 05:46:36 PM logger_jerryscript-project___iotjs DEBUG TARGET_OS not specified, using 'linux' from CMAKE_SYSTEM_NAME (install_repos.py:38) (jerryscript-project___iotjs)
09/12/2024 05:46:36 PM logger_jerryscript-project___iotjs DEBUG CMAKE_BUILD_TYPE was not set! Configuring for Debug build! (install_repos.py:38) (jerryscript-project___iotjs)
09/12/2024 05:46:36 PM logger_jerryscript-project___iotjs DEBUG Snapshot mode force enabled (install_repos.py:38) (jerryscript-project___iotjs)
09/12/2024 05:46:36 PM logger_jerryscript-project___iotjs DEBUG LTO force disabled (install_repos.py:38) (jerryscript-project___iotjs)
09/12/2024 05:46:36 PM logger_jerryscript-project___iotjs DEBUG -- Performing Test HAS_NO_PIE (install_repos.py:38) (jerryscript-project___iotjs)
09/12/2024 05:46:36 PM logger_jerryscript-project___iotjs DEBUG -- Performing Test HAS_NO_PIE - Success (install_repos.py:38) (jerryscript-project___iotjs)
09/12/2024 05:46:36 PM logger_jerryscript-project___iotjs DEBUG CMake Warning at CMakeLists.txt:111 (message): (install_repos.py:38) (jerryscript-project___iotjs)
09/12/2024 05:46:36 PM logger_jerryscript-project___iotjs DEBUG Use generic flags since TARGET_ARCH is not defined (install_repos.py:38) (jerryscript-project___iotjs)
09/12/2024 05:46:36 PM logger_jerryscript-project___iotjs DEBUG  (install_repos.py:38) (jerryscript-project___iotjs)
09/12/2024 05:46:36 PM logger_jerryscript-project___iotjs DEBUG  (install_repos.py:38) (jerryscript-project___iotjs)
09/12/2024 05:46:36 PM logger_jerryscript-project___iotjs DEBUG CMake Deprecation Warning at cmake/jerry.cmake:15 (cmake_minimum_required): (install_repos.py:38) (jerryscript-project___iotjs)
09/12/2024 05:46:36 PM logger_jerryscript-project___iotjs DEBUG Compatibility with CMake < 2.8.12 will be removed from a future version of (install_repos.py:38) (jerryscript-project___iotjs)
09/12/2024 05:46:36 PM logger_jerryscript-project___iotjs DEBUG CMake. (install_repos.py:38) (jerryscript-project___iotjs)
09/12/2024 05:46:36 PM logger_jerryscript-project___iotjs DEBUG  (install_repos.py:38) (jerryscript-project___iotjs)
09/12/2024 05:46:36 PM logger_jerryscript-project___iotjs DEBUG Update the VERSION argument <min> value or use a ...<max> suffix to tell (install_repos.py:38) (jerryscript-project___iotjs)
09/12/2024 05:46:36 PM logger_jerryscript-project___iotjs DEBUG CMake that the project does not need compatibility with older versions. (install_repos.py:38) (jerryscript-project___iotjs)
09/12/2024 05:46:36 PM logger_jerryscript-project___iotjs DEBUG Call Stack (most recent call first): (install_repos.py:38) (jerryscript-project___iotjs)
09/12/2024 05:46:36 PM logger_jerryscript-project___iotjs DEBUG CMakeLists.txt:220 (include) (install_repos.py:38) (jerryscript-project___iotjs)
09/12/2024 05:46:36 PM logger_jerryscript-project___iotjs DEBUG  (install_repos.py:38) (jerryscript-project___iotjs)
09/12/2024 05:46:36 PM logger_jerryscript-project___iotjs DEBUG  (install_repos.py:38) (jerryscript-project___iotjs)
09/12/2024 05:46:36 PM logger_jerryscript-project___iotjs DEBUG CMake Error at /usr/share/cmake-3.25/Modules/ExternalProject.cmake:3115 (message): (install_repos.py:38) (jerryscript-project___iotjs)
09/12/2024 05:46:36 PM logger_jerryscript-project___iotjs DEBUG No download info given for 'hostjerry' and its source directory: (install_repos.py:38) (jerryscript-project___iotjs)
09/12/2024 05:46:36 PM logger_jerryscript-project___iotjs DEBUG  (install_repos.py:38) (jerryscript-project___iotjs)
09/12/2024 05:46:36 PM logger_jerryscript-project___iotjs DEBUG /INSTALL_C/repos/repos_400_c_round_two/jerryscript-project___iotjs/deps/jerry (install_repos.py:38) (jerryscript-project___iotjs)
09/12/2024 05:46:36 PM logger_jerryscript-project___iotjs DEBUG  (install_repos.py:38) (jerryscript-project___iotjs)
09/12/2024 05:46:36 PM logger_jerryscript-project___iotjs DEBUG is not an existing non-empty directory.  Please specify one of: (install_repos.py:38) (jerryscript-project___iotjs)
09/12/2024 05:46:36 PM logger_jerryscript-project___iotjs DEBUG  (install_repos.py:38) (jerryscript-project___iotjs)
09/12/2024 05:46:36 PM logger_jerryscript-project___iotjs DEBUG * SOURCE_DIR with an existing non-empty directory (install_repos.py:38) (jerryscript-project___iotjs)
09/12/2024 05:46:36 PM logger_jerryscript-project___iotjs DEBUG * DOWNLOAD_COMMAND (install_repos.py:38) (jerryscript-project___iotjs)
09/12/2024 05:46:36 PM logger_jerryscript-project___iotjs DEBUG * URL (install_repos.py:38) (jerryscript-project___iotjs)
09/12/2024 05:46:36 PM logger_jerryscript-project___iotjs DEBUG * GIT_REPOSITORY (install_repos.py:38) (jerryscript-project___iotjs)
09/12/2024 05:46:36 PM logger_jerryscript-project___iotjs DEBUG * SVN_REPOSITORY (install_repos.py:38) (jerryscript-project___iotjs)
09/12/2024 05:46:36 PM logger_jerryscript-project___iotjs DEBUG * HG_REPOSITORY (install_repos.py:38) (jerryscript-project___iotjs)
09/12/2024 05:46:36 PM logger_jerryscript-project___iotjs DEBUG * CVS_REPOSITORY and CVS_MODULE (install_repos.py:38) (jerryscript-project___iotjs)
09/12/2024 05:46:36 PM logger_jerryscript-project___iotjs DEBUG Call Stack (most recent call first): (install_repos.py:38) (jerryscript-project___iotjs)
09/12/2024 05:46:36 PM logger_jerryscript-project___iotjs DEBUG /usr/share/cmake-3.25/Modules/ExternalProject.cmake:4185 (_ep_add_download_command) (install_repos.py:38) (jerryscript-project___iotjs)
09/12/2024 05:46:36 PM logger_jerryscript-project___iotjs DEBUG cmake/jerry.cmake:19 (ExternalProject_Add) (install_repos.py:38) (jerryscript-project___iotjs)
09/12/2024 05:46:36 PM logger_jerryscript-project___iotjs DEBUG CMakeLists.txt:220 (include) (install_repos.py:38) (jerryscript-project___iotjs)
09/12/2024 05:46:36 PM logger_jerryscript-project___iotjs DEBUG  (install_repos.py:38) (jerryscript-project___iotjs)
09/12/2024 05:46:36 PM logger_jerryscript-project___iotjs DEBUG  (install_repos.py:38) (jerryscript-project___iotjs)
09/12/2024 05:46:36 PM logger_jerryscript-project___iotjs DEBUG -- Configuring incomplete, errors occurred! (install_repos.py:38) (jerryscript-project___iotjs)
09/12/2024 05:46:36 PM logger_jerryscript-project___iotjs DEBUG See also "/INSTALL_C/repos/repos_400_c_round_two/jerryscript-project___iotjs/build/CMakeFiles/CMakeOutput.log". (install_repos.py:38) (jerryscript-project___iotjs)
09/12/2024 05:46:36 PM logger_jerryscript-project___iotjs ERROR Error: Build failed for jerryscript-project___iotjs
Build failed for reason: cmake failed (install_repos.py:295) (jerryscript-project___iotjs)
