09/12/2024 05:45:50 PM logger_jgarff___rpi_ws281x INFO <<<<<<<<<<<<<<<<<< Logger setup anew <<<<<<<<<<<<<<<<<<< (utils.py:39) (jgarff___rpi_ws281x)
09/12/2024 05:45:50 PM logger_jgarff___rpi_ws281x INFO Analyzing repos/repos_400_c_round_two/jgarff___rpi_ws281x (install_repos.py:285) (jgarff___rpi_ws281x)
09/12/2024 05:45:50 PM logger_jgarff___rpi_ws281x INFO Running command: rm -rf build/ (install_repos.py:20) (jgarff___rpi_ws281x)
09/12/2024 05:45:50 PM logger_jgarff___rpi_ws281x INFO Logging output to: logs/repos/repos_400_c_round_two_install_logs_with_make_cmake_gradlew_meson_scons_bazel_2024-09-12_17-35-05/jgarff___rpi_ws281x_build.log (install_repos.py:21) (jgarff___rpi_ws281x)
09/12/2024 05:45:50 PM logger_jgarff___rpi_ws281x INFO Running command: rm -rf CMakeCache.txt (install_repos.py:20) (jgarff___rpi_ws281x)
09/12/2024 05:45:50 PM logger_jgarff___rpi_ws281x INFO Logging output to: logs/repos/repos_400_c_round_two_install_logs_with_make_cmake_gradlew_meson_scons_bazel_2024-09-12_17-35-05/jgarff___rpi_ws281x_build.log (install_repos.py:21) (jgarff___rpi_ws281x)
09/12/2024 05:45:50 PM logger_jgarff___rpi_ws281x INFO Running command: rm -rf CMakeFiles/ (install_repos.py:20) (jgarff___rpi_ws281x)
09/12/2024 05:45:50 PM logger_jgarff___rpi_ws281x INFO Logging output to: logs/repos/repos_400_c_round_two_install_logs_with_make_cmake_gradlew_meson_scons_bazel_2024-09-12_17-35-05/jgarff___rpi_ws281x_build.log (install_repos.py:21) (jgarff___rpi_ws281x)
09/12/2024 05:45:50 PM logger_jgarff___rpi_ws281x INFO Running CMake (install_repos.py:141) (jgarff___rpi_ws281x)
09/12/2024 05:45:50 PM logger_jgarff___rpi_ws281x INFO Running command: cmake .. (install_repos.py:20) (jgarff___rpi_ws281x)
09/12/2024 05:45:50 PM logger_jgarff___rpi_ws281x INFO Logging output to: logs/repos/repos_400_c_round_two_install_logs_with_make_cmake_gradlew_meson_scons_bazel_2024-09-12_17-35-05/build_build.log (install_repos.py:21) (jgarff___rpi_ws281x)
09/12/2024 05:45:50 PM logger_jgarff___rpi_ws281x DEBUG -- The C compiler identification is GNU 12.2.0 (install_repos.py:38) (jgarff___rpi_ws281x)
09/12/2024 05:45:50 PM logger_jgarff___rpi_ws281x DEBUG -- The CXX compiler identification is GNU 12.2.0 (install_repos.py:38) (jgarff___rpi_ws281x)
09/12/2024 05:45:50 PM logger_jgarff___rpi_ws281x DEBUG -- Detecting C compiler ABI info (install_repos.py:38) (jgarff___rpi_ws281x)
09/12/2024 05:45:50 PM logger_jgarff___rpi_ws281x DEBUG -- Detecting C compiler ABI info - done (install_repos.py:38) (jgarff___rpi_ws281x)
09/12/2024 05:45:50 PM logger_jgarff___rpi_ws281x DEBUG -- Check for working C compiler: /usr/bin/cc - skipped (install_repos.py:38) (jgarff___rpi_ws281x)
09/12/2024 05:45:50 PM logger_jgarff___rpi_ws281x DEBUG -- Detecting C compile features (install_repos.py:38) (jgarff___rpi_ws281x)
09/12/2024 05:45:50 PM logger_jgarff___rpi_ws281x DEBUG -- Detecting C compile features - done (install_repos.py:38) (jgarff___rpi_ws281x)
09/12/2024 05:45:50 PM logger_jgarff___rpi_ws281x DEBUG -- Detecting CXX compiler ABI info (install_repos.py:38) (jgarff___rpi_ws281x)
09/12/2024 05:45:50 PM logger_jgarff___rpi_ws281x DEBUG -- Detecting CXX compiler ABI info - done (install_repos.py:38) (jgarff___rpi_ws281x)
09/12/2024 05:45:50 PM logger_jgarff___rpi_ws281x DEBUG -- Check for working CXX compiler: /usr/bin/c++ - skipped (install_repos.py:38) (jgarff___rpi_ws281x)
09/12/2024 05:45:50 PM logger_jgarff___rpi_ws281x DEBUG -- Detecting CXX compile features (install_repos.py:38) (jgarff___rpi_ws281x)
09/12/2024 05:45:50 PM logger_jgarff___rpi_ws281x DEBUG -- Detecting CXX compile features - done (install_repos.py:38) (jgarff___rpi_ws281x)
09/12/2024 05:45:50 PM logger_jgarff___rpi_ws281x DEBUG -- Configuring done (install_repos.py:38) (jgarff___rpi_ws281x)
09/12/2024 05:45:50 PM logger_jgarff___rpi_ws281x DEBUG -- Generating done (install_repos.py:38) (jgarff___rpi_ws281x)
09/12/2024 05:45:50 PM logger_jgarff___rpi_ws281x DEBUG -- Build files have been written to: /INSTALL_C/repos/repos_400_c_round_two/jgarff___rpi_ws281x/build (install_repos.py:38) (jgarff___rpi_ws281x)
09/12/2024 05:45:50 PM logger_jgarff___rpi_ws281x INFO Running command: cmake --build . (install_repos.py:20) (jgarff___rpi_ws281x)
09/12/2024 05:45:50 PM logger_jgarff___rpi_ws281x INFO Logging output to: logs/repos/repos_400_c_round_two_install_logs_with_make_cmake_gradlew_meson_scons_bazel_2024-09-12_17-35-05/build_build.log (install_repos.py:21) (jgarff___rpi_ws281x)
09/12/2024 05:45:50 PM logger_jgarff___rpi_ws281x DEBUG [ 11%] Building C object CMakeFiles/ws2811.dir/mailbox.c.o (install_repos.py:38) (jgarff___rpi_ws281x)
09/12/2024 05:45:50 PM logger_jgarff___rpi_ws281x DEBUG [ 22%] Building C object CMakeFiles/ws2811.dir/ws2811.c.o (install_repos.py:38) (jgarff___rpi_ws281x)
09/12/2024 05:45:50 PM logger_jgarff___rpi_ws281x DEBUG [ 33%] Building C object CMakeFiles/ws2811.dir/pwm.c.o (install_repos.py:38) (jgarff___rpi_ws281x)
09/12/2024 05:45:50 PM logger_jgarff___rpi_ws281x DEBUG [ 44%] Building C object CMakeFiles/ws2811.dir/pcm.c.o (install_repos.py:38) (jgarff___rpi_ws281x)
09/12/2024 05:45:50 PM logger_jgarff___rpi_ws281x DEBUG [ 55%] Building C object CMakeFiles/ws2811.dir/dma.c.o (install_repos.py:38) (jgarff___rpi_ws281x)
09/12/2024 05:45:50 PM logger_jgarff___rpi_ws281x DEBUG [ 66%] Building C object CMakeFiles/ws2811.dir/rpihw.c.o (install_repos.py:38) (jgarff___rpi_ws281x)
09/12/2024 05:45:50 PM logger_jgarff___rpi_ws281x DEBUG [ 77%] Linking C static library libws2811.a (install_repos.py:38) (jgarff___rpi_ws281x)
09/12/2024 05:45:50 PM logger_jgarff___rpi_ws281x DEBUG [ 77%] Built target ws2811 (install_repos.py:38) (jgarff___rpi_ws281x)
09/12/2024 05:45:50 PM logger_jgarff___rpi_ws281x DEBUG [ 88%] Building C object CMakeFiles/test.dir/main.c.o (install_repos.py:38) (jgarff___rpi_ws281x)
09/12/2024 05:45:50 PM logger_jgarff___rpi_ws281x DEBUG [100%] Linking C executable test (install_repos.py:38) (jgarff___rpi_ws281x)
09/12/2024 05:45:50 PM logger_jgarff___rpi_ws281x DEBUG [100%] Built target test (install_repos.py:38) (jgarff___rpi_ws281x)
09/12/2024 05:45:50 PM logger_jgarff___rpi_ws281x INFO Success: Build succeeded for jgarff___rpi_ws281x (install_repos.py:292) (jgarff___rpi_ws281x)
