09/12/2024 06:06:41 PM logger_larryli___putty INFO <<<<<<<<<<<<<<<<<< Logger setup anew <<<<<<<<<<<<<<<<<<< (utils.py:39) (larryli___putty)
09/12/2024 06:06:41 PM logger_larryli___putty INFO Analyzing repos/repos_400_c_round_two/larryli___putty (install_repos.py:285) (larryli___putty)
09/12/2024 06:06:41 PM logger_larryli___putty INFO Running command: rm -rf build/ (install_repos.py:20) (larryli___putty)
09/12/2024 06:06:41 PM logger_larryli___putty INFO Logging output to: logs/repos/repos_400_c_round_two_install_logs_with_make_cmake_gradlew_meson_scons_bazel_2024-09-12_17-35-05/larryli___putty_build.log (install_repos.py:21) (larryli___putty)
09/12/2024 06:06:41 PM logger_larryli___putty INFO Running command: rm -rf CMakeCache.txt (install_repos.py:20) (larryli___putty)
09/12/2024 06:06:41 PM logger_larryli___putty INFO Logging output to: logs/repos/repos_400_c_round_two_install_logs_with_make_cmake_gradlew_meson_scons_bazel_2024-09-12_17-35-05/larryli___putty_build.log (install_repos.py:21) (larryli___putty)
09/12/2024 06:06:41 PM logger_larryli___putty INFO Running command: rm -rf CMakeFiles/ (install_repos.py:20) (larryli___putty)
09/12/2024 06:06:41 PM logger_larryli___putty INFO Logging output to: logs/repos/repos_400_c_round_two_install_logs_with_make_cmake_gradlew_meson_scons_bazel_2024-09-12_17-35-05/larryli___putty_build.log (install_repos.py:21) (larryli___putty)
09/12/2024 06:06:41 PM logger_larryli___putty INFO Running CMake (install_repos.py:141) (larryli___putty)
09/12/2024 06:06:41 PM logger_larryli___putty INFO Running command: cmake .. (install_repos.py:20) (larryli___putty)
09/12/2024 06:06:41 PM logger_larryli___putty INFO Logging output to: logs/repos/repos_400_c_round_two_install_logs_with_make_cmake_gradlew_meson_scons_bazel_2024-09-12_17-35-05/build_build.log (install_repos.py:21) (larryli___putty)
09/12/2024 06:06:41 PM logger_larryli___putty DEBUG -- The C compiler identification is GNU 12.2.0 (install_repos.py:38) (larryli___putty)
09/12/2024 06:06:41 PM logger_larryli___putty DEBUG -- Detecting C compiler ABI info (install_repos.py:38) (larryli___putty)
09/12/2024 06:06:41 PM logger_larryli___putty DEBUG -- Detecting C compiler ABI info - done (install_repos.py:38) (larryli___putty)
09/12/2024 06:06:41 PM logger_larryli___putty DEBUG -- Check for working C compiler: /usr/bin/cc - skipped (install_repos.py:38) (larryli___putty)
09/12/2024 06:06:41 PM logger_larryli___putty DEBUG -- Detecting C compile features (install_repos.py:38) (larryli___putty)
09/12/2024 06:06:41 PM logger_larryli___putty DEBUG -- Detecting C compile features - done (install_repos.py:38) (larryli___putty)
09/12/2024 06:06:41 PM logger_larryli___putty DEBUG -- Found Git: /usr/bin/git (found version "2.39.2") (install_repos.py:38) (larryli___putty)
09/12/2024 06:06:41 PM logger_larryli___putty DEBUG -- Looking for sys/auxv.h (install_repos.py:38) (larryli___putty)
09/12/2024 06:06:42 PM logger_larryli___putty DEBUG -- Looking for sys/auxv.h - found (install_repos.py:38) (larryli___putty)
09/12/2024 06:06:42 PM logger_larryli___putty DEBUG -- Looking for asm/hwcap.h (install_repos.py:38) (larryli___putty)
09/12/2024 06:06:42 PM logger_larryli___putty DEBUG -- Looking for asm/hwcap.h - not found (install_repos.py:38) (larryli___putty)
09/12/2024 06:06:42 PM logger_larryli___putty DEBUG -- Looking for sys/sysctl.h (install_repos.py:38) (larryli___putty)
09/12/2024 06:06:42 PM logger_larryli___putty DEBUG -- Looking for sys/sysctl.h - not found (install_repos.py:38) (larryli___putty)
09/12/2024 06:06:42 PM logger_larryli___putty DEBUG -- Looking for sys/types.h (install_repos.py:38) (larryli___putty)
09/12/2024 06:06:42 PM logger_larryli___putty DEBUG -- Looking for sys/types.h - found (install_repos.py:38) (larryli___putty)
09/12/2024 06:06:42 PM logger_larryli___putty DEBUG -- Looking for glob.h (install_repos.py:38) (larryli___putty)
09/12/2024 06:06:42 PM logger_larryli___putty DEBUG -- Looking for glob.h - found (install_repos.py:38) (larryli___putty)
09/12/2024 06:06:42 PM logger_larryli___putty DEBUG -- Looking for utmp.h (install_repos.py:38) (larryli___putty)
09/12/2024 06:06:42 PM logger_larryli___putty DEBUG -- Looking for utmp.h - found (install_repos.py:38) (larryli___putty)
09/12/2024 06:06:42 PM logger_larryli___putty DEBUG -- Looking for utmpx.h (install_repos.py:38) (larryli___putty)
09/12/2024 06:06:42 PM logger_larryli___putty DEBUG -- Looking for utmpx.h - found (install_repos.py:38) (larryli___putty)
09/12/2024 06:06:42 PM logger_larryli___putty DEBUG -- Looking for futimes (install_repos.py:38) (larryli___putty)
09/12/2024 06:06:42 PM logger_larryli___putty DEBUG -- Looking for futimes - found (install_repos.py:38) (larryli___putty)
09/12/2024 06:06:42 PM logger_larryli___putty DEBUG -- Looking for getaddrinfo (install_repos.py:38) (larryli___putty)
09/12/2024 06:06:42 PM logger_larryli___putty DEBUG -- Looking for getaddrinfo - found (install_repos.py:38) (larryli___putty)
09/12/2024 06:06:42 PM logger_larryli___putty DEBUG -- Looking for posix_openpt (install_repos.py:38) (larryli___putty)
09/12/2024 06:06:42 PM logger_larryli___putty DEBUG -- Looking for posix_openpt - found (install_repos.py:38) (larryli___putty)
09/12/2024 06:06:42 PM logger_larryli___putty DEBUG -- Looking for ptsname (install_repos.py:38) (larryli___putty)
09/12/2024 06:06:42 PM logger_larryli___putty DEBUG -- Looking for ptsname - found (install_repos.py:38) (larryli___putty)
09/12/2024 06:06:42 PM logger_larryli___putty DEBUG -- Looking for setresuid (install_repos.py:38) (larryli___putty)
09/12/2024 06:06:42 PM logger_larryli___putty DEBUG -- Looking for setresuid - found (install_repos.py:38) (larryli___putty)
09/12/2024 06:06:42 PM logger_larryli___putty DEBUG -- Looking for setresgid (install_repos.py:38) (larryli___putty)
09/12/2024 06:06:42 PM logger_larryli___putty DEBUG -- Looking for setresgid - found (install_repos.py:38) (larryli___putty)
09/12/2024 06:06:42 PM logger_larryli___putty DEBUG -- Looking for strsignal (install_repos.py:38) (larryli___putty)
09/12/2024 06:06:43 PM logger_larryli___putty DEBUG -- Looking for strsignal - found (install_repos.py:38) (larryli___putty)
09/12/2024 06:06:43 PM logger_larryli___putty DEBUG -- Looking for updwtmpx (install_repos.py:38) (larryli___putty)
09/12/2024 06:06:43 PM logger_larryli___putty DEBUG -- Looking for updwtmpx - found (install_repos.py:38) (larryli___putty)
09/12/2024 06:06:43 PM logger_larryli___putty DEBUG -- Looking for fstatat (install_repos.py:38) (larryli___putty)
09/12/2024 06:06:43 PM logger_larryli___putty DEBUG -- Looking for fstatat - found (install_repos.py:38) (larryli___putty)
09/12/2024 06:06:43 PM logger_larryli___putty DEBUG -- Looking for dirfd (install_repos.py:38) (larryli___putty)
09/12/2024 06:06:43 PM logger_larryli___putty DEBUG -- Looking for dirfd - found (install_repos.py:38) (larryli___putty)
09/12/2024 06:06:43 PM logger_larryli___putty DEBUG -- Looking for setpwent (install_repos.py:38) (larryli___putty)
09/12/2024 06:06:43 PM logger_larryli___putty DEBUG -- Looking for setpwent - found (install_repos.py:38) (larryli___putty)
09/12/2024 06:06:43 PM logger_larryli___putty DEBUG -- Looking for endpwent (install_repos.py:38) (larryli___putty)
09/12/2024 06:06:43 PM logger_larryli___putty DEBUG -- Looking for endpwent - found (install_repos.py:38) (larryli___putty)
09/12/2024 06:06:43 PM logger_larryli___putty DEBUG -- Looking for getauxval (install_repos.py:38) (larryli___putty)
09/12/2024 06:06:43 PM logger_larryli___putty DEBUG -- Looking for getauxval - found (install_repos.py:38) (larryli___putty)
09/12/2024 06:06:43 PM logger_larryli___putty DEBUG -- Looking for elf_aux_info (install_repos.py:38) (larryli___putty)
09/12/2024 06:06:43 PM logger_larryli___putty DEBUG -- Looking for elf_aux_info - not found (install_repos.py:38) (larryli___putty)
09/12/2024 06:06:43 PM logger_larryli___putty DEBUG -- Looking for sysctlbyname (install_repos.py:38) (larryli___putty)
09/12/2024 06:06:43 PM logger_larryli___putty DEBUG -- Looking for sysctlbyname - not found (install_repos.py:38) (larryli___putty)
09/12/2024 06:06:43 PM logger_larryli___putty DEBUG -- Looking for CLOCK_MONOTONIC (install_repos.py:38) (larryli___putty)
09/12/2024 06:06:43 PM logger_larryli___putty DEBUG -- Looking for CLOCK_MONOTONIC - found (install_repos.py:38) (larryli___putty)
09/12/2024 06:06:43 PM logger_larryli___putty DEBUG -- Looking for clock_gettime (install_repos.py:38) (larryli___putty)
09/12/2024 06:06:43 PM logger_larryli___putty DEBUG -- Looking for clock_gettime - found (install_repos.py:38) (larryli___putty)
09/12/2024 06:06:43 PM logger_larryli___putty DEBUG -- Performing Test HAVE_SO_PEERCRED (install_repos.py:38) (larryli___putty)
09/12/2024 06:06:43 PM logger_larryli___putty DEBUG -- Performing Test HAVE_SO_PEERCRED - Success (install_repos.py:38) (larryli___putty)
09/12/2024 06:06:43 PM logger_larryli___putty DEBUG -- Performing Test HAVE_NULLARY_SETPGRP (install_repos.py:38) (larryli___putty)
09/12/2024 06:06:44 PM logger_larryli___putty DEBUG -- Performing Test HAVE_NULLARY_SETPGRP - Success (install_repos.py:38) (larryli___putty)
09/12/2024 06:06:44 PM logger_larryli___putty DEBUG -- Performing Test HAVE_BINARY_SETPGRP (install_repos.py:38) (larryli___putty)
09/12/2024 06:06:44 PM logger_larryli___putty DEBUG -- Performing Test HAVE_BINARY_SETPGRP - Failed (install_repos.py:38) (larryli___putty)
09/12/2024 06:06:44 PM logger_larryli___putty DEBUG -- Found PkgConfig: /usr/bin/pkg-config (found version "1.8.1") (install_repos.py:38) (larryli___putty)
09/12/2024 06:06:44 PM logger_larryli___putty DEBUG -- Checking for module 'gtk+-3.0' (install_repos.py:38) (larryli___putty)
09/12/2024 06:06:44 PM logger_larryli___putty DEBUG --   Package 'gtk+-3.0', required by 'virtual:world', not found (install_repos.py:38) (larryli___putty)
09/12/2024 06:06:44 PM logger_larryli___putty DEBUG -- Checking for module 'gtk+-2.0' (install_repos.py:38) (larryli___putty)
09/12/2024 06:06:44 PM logger_larryli___putty DEBUG --   Package 'gtk+-2.0', required by 'virtual:world', not found (install_repos.py:38) (larryli___putty)
09/12/2024 06:06:44 PM logger_larryli___putty DEBUG -- Checking for GTK1 (via gtk-config) (install_repos.py:38) (larryli___putty)
09/12/2024 06:06:44 PM logger_larryli___putty DEBUG -- Looking for pow in m (install_repos.py:38) (larryli___putty)
09/12/2024 06:06:44 PM logger_larryli___putty DEBUG -- Looking for pow in m - found (install_repos.py:38) (larryli___putty)
09/12/2024 06:06:44 PM logger_larryli___putty DEBUG -- Looking for clock_gettime in rt (install_repos.py:38) (larryli___putty)
09/12/2024 06:06:44 PM logger_larryli___putty DEBUG -- Looking for clock_gettime in rt - found (install_repos.py:38) (larryli___putty)
09/12/2024 06:06:44 PM logger_larryli___putty DEBUG -- Looking for socket in xnet (install_repos.py:38) (larryli___putty)
09/12/2024 06:06:44 PM logger_larryli___putty DEBUG -- Looking for socket in xnet - not found (install_repos.py:38) (larryli___putty)
09/12/2024 06:06:44 PM logger_larryli___putty DEBUG -- Looking for dlopen in dl (install_repos.py:38) (larryli___putty)
09/12/2024 06:06:44 PM logger_larryli___putty DEBUG -- Looking for dlopen in dl - found (install_repos.py:38) (larryli___putty)
09/12/2024 06:06:44 PM logger_larryli___putty DEBUG -- Performing Test HAVE_ALIGNED_ALLOC (install_repos.py:38) (larryli___putty)
09/12/2024 06:06:44 PM logger_larryli___putty DEBUG -- Performing Test HAVE_ALIGNED_ALLOC - Success (install_repos.py:38) (larryli___putty)
09/12/2024 06:06:44 PM logger_larryli___putty DEBUG -- Found Perl: /usr/bin/perl (found version "5.36.0") (install_repos.py:38) (larryli___putty)
09/12/2024 06:06:44 PM logger_larryli___putty DEBUG -- Performing Test HAVE_WMMINTRIN_H (install_repos.py:38) (larryli___putty)
09/12/2024 06:06:44 PM logger_larryli___putty DEBUG -- Performing Test HAVE_WMMINTRIN_H - Success (install_repos.py:38) (larryli___putty)
09/12/2024 06:06:44 PM logger_larryli___putty DEBUG -- Performing Test HAVE_AES_NI (install_repos.py:38) (larryli___putty)
09/12/2024 06:06:44 PM logger_larryli___putty DEBUG -- Performing Test HAVE_AES_NI - Success (install_repos.py:38) (larryli___putty)
09/12/2024 06:06:44 PM logger_larryli___putty DEBUG -- Performing Test HAVE_SHAINTRIN_H (install_repos.py:38) (larryli___putty)
09/12/2024 06:06:45 PM logger_larryli___putty DEBUG -- Performing Test HAVE_SHAINTRIN_H - Success (install_repos.py:38) (larryli___putty)
09/12/2024 06:06:45 PM logger_larryli___putty DEBUG -- Performing Test HAVE_SHA_NI (install_repos.py:38) (larryli___putty)
09/12/2024 06:06:45 PM logger_larryli___putty DEBUG -- Performing Test HAVE_SHA_NI - Success (install_repos.py:38) (larryli___putty)
09/12/2024 06:06:45 PM logger_larryli___putty DEBUG -- Performing Test HAVE_CLMUL (install_repos.py:38) (larryli___putty)
09/12/2024 06:06:45 PM logger_larryli___putty DEBUG -- Performing Test HAVE_CLMUL - Success (install_repos.py:38) (larryli___putty)
09/12/2024 06:06:45 PM logger_larryli___putty DEBUG -- Performing Test HAVE_ARM_NEON_H (install_repos.py:38) (larryli___putty)
09/12/2024 06:06:45 PM logger_larryli___putty DEBUG -- Performing Test HAVE_ARM_NEON_H - Failed (install_repos.py:38) (larryli___putty)
09/12/2024 06:06:45 PM logger_larryli___putty DEBUG -- Performing Test HAVE_ARM64_NEON_H (install_repos.py:38) (larryli___putty)
09/12/2024 06:06:45 PM logger_larryli___putty DEBUG -- Performing Test HAVE_ARM64_NEON_H - Failed (install_repos.py:38) (larryli___putty)
09/12/2024 06:06:45 PM logger_larryli___putty DEBUG CMake Warning at cmake/platforms/unix.cmake:232 (message): (install_repos.py:38) (larryli___putty)
09/12/2024 06:06:45 PM logger_larryli___putty DEBUG Could not build man page plink.1 (install_repos.py:38) (larryli___putty)
09/12/2024 06:06:45 PM logger_larryli___putty DEBUG Call Stack (most recent call first): (install_repos.py:38) (larryli___putty)
09/12/2024 06:06:45 PM logger_larryli___putty DEBUG CMakeLists.txt:125 (installed_program) (install_repos.py:38) (larryli___putty)
09/12/2024 06:06:45 PM logger_larryli___putty DEBUG  (install_repos.py:38) (larryli___putty)
09/12/2024 06:06:45 PM logger_larryli___putty DEBUG  (install_repos.py:38) (larryli___putty)
09/12/2024 06:06:45 PM logger_larryli___putty DEBUG CMake Warning at cmake/platforms/unix.cmake:232 (message): (install_repos.py:38) (larryli___putty)
09/12/2024 06:06:45 PM logger_larryli___putty DEBUG Could not build man page pscp.1 (install_repos.py:38) (larryli___putty)
09/12/2024 06:06:45 PM logger_larryli___putty DEBUG Call Stack (most recent call first): (install_repos.py:38) (larryli___putty)
09/12/2024 06:06:45 PM logger_larryli___putty DEBUG CMakeLists.txt:133 (installed_program) (install_repos.py:38) (larryli___putty)
09/12/2024 06:06:45 PM logger_larryli___putty DEBUG  (install_repos.py:38) (larryli___putty)
09/12/2024 06:06:45 PM logger_larryli___putty DEBUG  (install_repos.py:38) (larryli___putty)
09/12/2024 06:06:45 PM logger_larryli___putty DEBUG CMake Warning at cmake/platforms/unix.cmake:232 (message): (install_repos.py:38) (larryli___putty)
09/12/2024 06:06:45 PM logger_larryli___putty DEBUG Could not build man page psftp.1 (install_repos.py:38) (larryli___putty)
09/12/2024 06:06:45 PM logger_larryli___putty DEBUG Call Stack (most recent call first): (install_repos.py:38) (larryli___putty)
09/12/2024 06:06:45 PM logger_larryli___putty DEBUG CMakeLists.txt:141 (installed_program) (install_repos.py:38) (larryli___putty)
09/12/2024 06:06:45 PM logger_larryli___putty DEBUG  (install_repos.py:38) (larryli___putty)
09/12/2024 06:06:45 PM logger_larryli___putty DEBUG  (install_repos.py:38) (larryli___putty)
09/12/2024 06:06:45 PM logger_larryli___putty DEBUG CMake Warning at cmake/platforms/unix.cmake:232 (message): (install_repos.py:38) (larryli___putty)
09/12/2024 06:06:45 PM logger_larryli___putty DEBUG Could not build man page psusan.1 (install_repos.py:38) (larryli___putty)
09/12/2024 06:06:45 PM logger_larryli___putty DEBUG Call Stack (most recent call first): (install_repos.py:38) (larryli___putty)
09/12/2024 06:06:45 PM logger_larryli___putty DEBUG unix/CMakeLists.txt:81 (installed_program) (install_repos.py:38) (larryli___putty)
09/12/2024 06:06:45 PM logger_larryli___putty DEBUG  (install_repos.py:38) (larryli___putty)
09/12/2024 06:06:45 PM logger_larryli___putty DEBUG  (install_repos.py:38) (larryli___putty)
09/12/2024 06:06:45 PM logger_larryli___putty DEBUG CMake Warning at cmake/platforms/unix.cmake:232 (message): (install_repos.py:38) (larryli___putty)
09/12/2024 06:06:45 PM logger_larryli___putty DEBUG Could not build man page puttygen.1 (install_repos.py:38) (larryli___putty)
09/12/2024 06:06:45 PM logger_larryli___putty DEBUG Call Stack (most recent call first): (install_repos.py:38) (larryli___putty)
09/12/2024 06:06:45 PM logger_larryli___putty DEBUG unix/CMakeLists.txt:96 (installed_program) (install_repos.py:38) (larryli___putty)
09/12/2024 06:06:45 PM logger_larryli___putty DEBUG  (install_repos.py:38) (larryli___putty)
09/12/2024 06:06:45 PM logger_larryli___putty DEBUG  (install_repos.py:38) (larryli___putty)
09/12/2024 06:06:45 PM logger_larryli___putty DEBUG CMake Warning at cmake/platforms/unix.cmake:232 (message): (install_repos.py:38) (larryli___putty)
09/12/2024 06:06:45 PM logger_larryli___putty DEBUG Could not build man page pageant.1 (install_repos.py:38) (larryli___putty)
09/12/2024 06:06:45 PM logger_larryli___putty DEBUG Call Stack (most recent call first): (install_repos.py:38) (larryli___putty)
09/12/2024 06:06:45 PM logger_larryli___putty DEBUG unix/CMakeLists.txt:229 (installed_program) (install_repos.py:38) (larryli___putty)
09/12/2024 06:06:45 PM logger_larryli___putty DEBUG  (install_repos.py:38) (larryli___putty)
09/12/2024 06:06:45 PM logger_larryli___putty DEBUG  (install_repos.py:38) (larryli___putty)
09/12/2024 06:06:45 PM logger_larryli___putty DEBUG -- Configuring done (install_repos.py:38) (larryli___putty)
09/12/2024 06:06:45 PM logger_larryli___putty DEBUG -- Generating done (install_repos.py:38) (larryli___putty)
09/12/2024 06:06:45 PM logger_larryli___putty DEBUG -- Build files have been written to: /INSTALL_C/repos/repos_400_c_round_two/larryli___putty/build (install_repos.py:38) (larryli___putty)
09/12/2024 06:06:45 PM logger_larryli___putty INFO Running command: cmake --build . (install_repos.py:20) (larryli___putty)
09/12/2024 06:06:45 PM logger_larryli___putty INFO Logging output to: logs/repos/repos_400_c_round_two_install_logs_with_make_cmake_gradlew_meson_scons_bazel_2024-09-12_17-35-05/build_build.log (install_repos.py:21) (larryli___putty)
09/12/2024 06:06:45 PM logger_larryli___putty DEBUG [  0%] Checking current git commit (install_repos.py:38) (larryli___putty)
09/12/2024 06:06:45 PM logger_larryli___putty DEBUG [  0%] Built target check_git_commit (install_repos.py:38) (larryli___putty)
09/12/2024 06:06:45 PM logger_larryli___putty DEBUG [  0%] Updating cmake_commit.c (install_repos.py:38) (larryli___putty)
09/12/2024 06:06:45 PM logger_larryli___putty DEBUG [  0%] Built target cmake_commit_c (install_repos.py:38) (larryli___putty)
09/12/2024 06:06:45 PM logger_larryli___putty DEBUG [  0%] Building C object CMakeFiles/utils.dir/CMakeFiles/cmake_commit.c.o (install_repos.py:38) (larryli___putty)
09/12/2024 06:06:46 PM logger_larryli___putty DEBUG [  0%] Building C object CMakeFiles/utils.dir/utils/antispoof.c.o (install_repos.py:38) (larryli___putty)
09/12/2024 06:06:46 PM logger_larryli___putty DEBUG [  1%] Building C object CMakeFiles/utils.dir/utils/backend_socket_log.c.o (install_repos.py:38) (larryli___putty)
09/12/2024 06:06:46 PM logger_larryli___putty DEBUG [  1%] Building C object CMakeFiles/utils.dir/utils/base64_decode_atom.c.o (install_repos.py:38) (larryli___putty)
09/12/2024 06:06:46 PM logger_larryli___putty DEBUG [  1%] Building C object CMakeFiles/utils.dir/utils/base64_decode.c.o (install_repos.py:38) (larryli___putty)
09/12/2024 06:06:46 PM logger_larryli___putty DEBUG [  2%] Building C object CMakeFiles/utils.dir/utils/base64_encode_atom.c.o (install_repos.py:38) (larryli___putty)
09/12/2024 06:06:46 PM logger_larryli___putty DEBUG [  2%] Building C object CMakeFiles/utils.dir/utils/base64_encode.c.o (install_repos.py:38) (larryli___putty)
09/12/2024 06:06:46 PM logger_larryli___putty DEBUG [  2%] Building C object CMakeFiles/utils.dir/utils/base64_valid.c.o (install_repos.py:38) (larryli___putty)
09/12/2024 06:06:46 PM logger_larryli___putty DEBUG [  2%] Building C object CMakeFiles/utils.dir/utils/bufchain.c.o (install_repos.py:38) (larryli___putty)
09/12/2024 06:06:46 PM logger_larryli___putty DEBUG [  3%] Building C object CMakeFiles/utils.dir/utils/buildinfo.c.o (install_repos.py:38) (larryli___putty)
09/12/2024 06:06:46 PM logger_larryli___putty DEBUG [  3%] Building C object CMakeFiles/utils.dir/utils/burnstr.c.o (install_repos.py:38) (larryli___putty)
09/12/2024 06:06:46 PM logger_larryli___putty DEBUG [  3%] Building C object CMakeFiles/utils.dir/utils/cert-expr.c.o (install_repos.py:38) (larryli___putty)
09/12/2024 06:06:46 PM logger_larryli___putty DEBUG [  3%] Building C object CMakeFiles/utils.dir/utils/chomp.c.o (install_repos.py:38) (larryli___putty)
09/12/2024 06:06:46 PM logger_larryli___putty DEBUG [  4%] Building C object CMakeFiles/utils.dir/utils/cmdline_get_passwd_input_state_new.c.o (install_repos.py:38) (larryli___putty)
09/12/2024 06:06:46 PM logger_larryli___putty DEBUG [  4%] Building C object CMakeFiles/utils.dir/utils/conf.c.o (install_repos.py:38) (larryli___putty)
09/12/2024 06:06:46 PM logger_larryli___putty DEBUG [  4%] Building C object CMakeFiles/utils.dir/utils/conf_dest.c.o (install_repos.py:38) (larryli___putty)
09/12/2024 06:06:46 PM logger_larryli___putty DEBUG [  4%] Building C object CMakeFiles/utils.dir/utils/conf_launchable.c.o (install_repos.py:38) (larryli___putty)
09/12/2024 06:06:46 PM logger_larryli___putty DEBUG [  5%] Building C object CMakeFiles/utils.dir/utils/ctrlparse.c.o (install_repos.py:38) (larryli___putty)
09/12/2024 06:06:46 PM logger_larryli___putty DEBUG [  5%] Building C object CMakeFiles/utils.dir/utils/ctrlset_normalise.c.o (install_repos.py:38) (larryli___putty)
09/12/2024 06:06:46 PM logger_larryli___putty DEBUG [  5%] Building C object CMakeFiles/utils.dir/utils/debug.c.o (install_repos.py:38) (larryli___putty)
09/12/2024 06:06:46 PM logger_larryli___putty DEBUG [  5%] Building C object CMakeFiles/utils.dir/utils/decode_utf8.c.o (install_repos.py:38) (larryli___putty)
09/12/2024 06:06:47 PM logger_larryli___putty DEBUG [  6%] Building C object CMakeFiles/utils.dir/utils/decode_utf8_to_wchar.c.o (install_repos.py:38) (larryli___putty)
09/12/2024 06:06:47 PM logger_larryli___putty DEBUG [  6%] Building C object CMakeFiles/utils.dir/utils/default_description.c.o (install_repos.py:38) (larryli___putty)
09/12/2024 06:06:47 PM logger_larryli___putty DEBUG [  6%] Building C object CMakeFiles/utils.dir/utils/dupcat.c.o (install_repos.py:38) (larryli___putty)
09/12/2024 06:06:47 PM logger_larryli___putty DEBUG [  7%] Building C object CMakeFiles/utils.dir/utils/dupprintf.c.o (install_repos.py:38) (larryli___putty)
09/12/2024 06:06:47 PM logger_larryli___putty DEBUG [  7%] Building C object CMakeFiles/utils.dir/utils/dupstr.c.o (install_repos.py:38) (larryli___putty)
09/12/2024 06:06:47 PM logger_larryli___putty DEBUG [  7%] Building C object CMakeFiles/utils.dir/utils/dup_mb_to_wc.c.o (install_repos.py:38) (larryli___putty)
09/12/2024 06:06:47 PM logger_larryli___putty DEBUG [  7%] Building C object CMakeFiles/utils.dir/utils/dup_wc_to_mb.c.o (install_repos.py:38) (larryli___putty)
09/12/2024 06:06:47 PM logger_larryli___putty DEBUG [  8%] Building C object CMakeFiles/utils.dir/utils/encode_utf8.c.o (install_repos.py:38) (larryli___putty)
09/12/2024 06:06:47 PM logger_larryli___putty DEBUG [  8%] Building C object CMakeFiles/utils.dir/utils/encode_wide_string_as_utf8.c.o (install_repos.py:38) (larryli___putty)
09/12/2024 06:06:47 PM logger_larryli___putty DEBUG [  8%] Building C object CMakeFiles/utils.dir/utils/fgetline.c.o (install_repos.py:38) (larryli___putty)
09/12/2024 06:06:47 PM logger_larryli___putty DEBUG [  8%] Building C object CMakeFiles/utils.dir/utils/host_ca_new_free.c.o (install_repos.py:38) (larryli___putty)
09/12/2024 06:06:47 PM logger_larryli___putty DEBUG [  9%] Building C object CMakeFiles/utils.dir/utils/host_strchr.c.o (install_repos.py:38) (larryli___putty)
09/12/2024 06:06:47 PM logger_larryli___putty DEBUG [  9%] Building C object CMakeFiles/utils.dir/utils/host_strchr_internal.c.o (install_repos.py:38) (larryli___putty)
09/12/2024 06:06:47 PM logger_larryli___putty DEBUG [  9%] Building C object CMakeFiles/utils.dir/utils/host_strcspn.c.o (install_repos.py:38) (larryli___putty)
09/12/2024 06:06:47 PM logger_larryli___putty DEBUG [  9%] Building C object CMakeFiles/utils.dir/utils/host_strduptrim.c.o (install_repos.py:38) (larryli___putty)
09/12/2024 06:06:47 PM logger_larryli___putty DEBUG [ 10%] Building C object CMakeFiles/utils.dir/utils/host_strrchr.c.o (install_repos.py:38) (larryli___putty)
09/12/2024 06:06:47 PM logger_larryli___putty DEBUG [ 10%] Building C object CMakeFiles/utils.dir/utils/key_components.c.o (install_repos.py:38) (larryli___putty)
09/12/2024 06:06:47 PM logger_larryli___putty DEBUG [ 10%] Building C object CMakeFiles/utils.dir/utils/log_proxy_stderr.c.o (install_repos.py:38) (larryli___putty)
09/12/2024 06:06:47 PM logger_larryli___putty DEBUG [ 10%] Building C object CMakeFiles/utils.dir/utils/make_spr_sw_abort_static.c.o (install_repos.py:38) (larryli___putty)
09/12/2024 06:06:47 PM logger_larryli___putty DEBUG [ 11%] Building C object CMakeFiles/utils.dir/utils/marshal.c.o (install_repos.py:38) (larryli___putty)
09/12/2024 06:06:48 PM logger_larryli___putty DEBUG [ 11%] Building C object CMakeFiles/utils.dir/utils/memory.c.o (install_repos.py:38) (larryli___putty)
09/12/2024 06:06:48 PM logger_larryli___putty DEBUG [ 11%] Building C object CMakeFiles/utils.dir/utils/memxor.c.o (install_repos.py:38) (larryli___putty)
09/12/2024 06:06:48 PM logger_larryli___putty DEBUG [ 11%] Building C object CMakeFiles/utils.dir/utils/nullstrcmp.c.o (install_repos.py:38) (larryli___putty)
09/12/2024 06:06:48 PM logger_larryli___putty DEBUG [ 12%] Building C object CMakeFiles/utils.dir/utils/out_of_memory.c.o (install_repos.py:38) (larryli___putty)
09/12/2024 06:06:48 PM logger_larryli___putty DEBUG [ 12%] Building C object CMakeFiles/utils.dir/utils/parse_blocksize.c.o (install_repos.py:38) (larryli___putty)
09/12/2024 06:06:48 PM logger_larryli___putty DEBUG [ 12%] Building C object CMakeFiles/utils.dir/utils/percent_decode.c.o (install_repos.py:38) (larryli___putty)
09/12/2024 06:06:48 PM logger_larryli___putty DEBUG [ 13%] Building C object CMakeFiles/utils.dir/utils/percent_encode.c.o (install_repos.py:38) (larryli___putty)
09/12/2024 06:06:48 PM logger_larryli___putty DEBUG [ 13%] Building C object CMakeFiles/utils.dir/utils/prompts.c.o (install_repos.py:38) (larryli___putty)
09/12/2024 06:06:48 PM logger_larryli___putty DEBUG [ 13%] Building C object CMakeFiles/utils.dir/utils/ptrlen.c.o (install_repos.py:38) (larryli___putty)
09/12/2024 06:06:48 PM logger_larryli___putty DEBUG [ 13%] Building C object CMakeFiles/utils.dir/utils/read_file_into.c.o (install_repos.py:38) (larryli___putty)
09/12/2024 06:06:48 PM logger_larryli___putty DEBUG [ 14%] Building C object CMakeFiles/utils.dir/utils/seat_connection_fatal.c.o (install_repos.py:38) (larryli___putty)
09/12/2024 06:06:48 PM logger_larryli___putty DEBUG [ 14%] Building C object CMakeFiles/utils.dir/utils/seat_dialog_text.c.o (install_repos.py:38) (larryli___putty)
09/12/2024 06:06:48 PM logger_larryli___putty DEBUG [ 14%] Building C object CMakeFiles/utils.dir/utils/sessprep.c.o (install_repos.py:38) (larryli___putty)
09/12/2024 06:06:48 PM logger_larryli___putty DEBUG [ 14%] Building C object CMakeFiles/utils.dir/utils/sk_free_peer_info.c.o (install_repos.py:38) (larryli___putty)
09/12/2024 06:06:48 PM logger_larryli___putty DEBUG [ 15%] Building C object CMakeFiles/utils.dir/utils/smemclr.c.o (install_repos.py:38) (larryli___putty)
09/12/2024 06:06:48 PM logger_larryli___putty DEBUG [ 15%] Building C object CMakeFiles/utils.dir/utils/smemeq.c.o (install_repos.py:38) (larryli___putty)
09/12/2024 06:06:48 PM logger_larryli___putty DEBUG [ 15%] Building C object CMakeFiles/utils.dir/utils/spr_get_error_message.c.o (install_repos.py:38) (larryli___putty)
09/12/2024 06:06:48 PM logger_larryli___putty DEBUG [ 15%] Building C object CMakeFiles/utils.dir/utils/ssh_key_clone.c.o (install_repos.py:38) (larryli___putty)
09/12/2024 06:06:48 PM logger_larryli___putty DEBUG [ 16%] Building C object CMakeFiles/utils.dir/utils/ssh2_pick_fingerprint.c.o (install_repos.py:38) (larryli___putty)
09/12/2024 06:06:48 PM logger_larryli___putty DEBUG [ 16%] Building C object CMakeFiles/utils.dir/utils/sshutils.c.o (install_repos.py:38) (larryli___putty)
09/12/2024 06:06:49 PM logger_larryli___putty DEBUG [ 16%] Building C object CMakeFiles/utils.dir/utils/strbuf.c.o (install_repos.py:38) (larryli___putty)
09/12/2024 06:06:49 PM logger_larryli___putty DEBUG [ 16%] Building C object CMakeFiles/utils.dir/utils/string_length_for_printf.c.o (install_repos.py:38) (larryli___putty)
09/12/2024 06:06:49 PM logger_larryli___putty DEBUG [ 17%] Building C object CMakeFiles/utils.dir/utils/stripctrl.c.o (install_repos.py:38) (larryli___putty)
09/12/2024 06:06:49 PM logger_larryli___putty DEBUG [ 17%] Building C object CMakeFiles/utils.dir/utils/tempseat.c.o (install_repos.py:38) (larryli___putty)
09/12/2024 06:06:49 PM logger_larryli___putty DEBUG [ 17%] Building C object CMakeFiles/utils.dir/utils/tree234.c.o (install_repos.py:38) (larryli___putty)
09/12/2024 06:06:49 PM logger_larryli___putty DEBUG [ 18%] Building C object CMakeFiles/utils.dir/utils/validate_manual_hostkey.c.o (install_repos.py:38) (larryli___putty)
09/12/2024 06:06:49 PM logger_larryli___putty DEBUG [ 18%] Building C object CMakeFiles/utils.dir/utils/version.c.o (install_repos.py:38) (larryli___putty)
09/12/2024 06:06:49 PM logger_larryli___putty DEBUG [ 18%] Building C object CMakeFiles/utils.dir/utils/wcwidth.c.o (install_repos.py:38) (larryli___putty)
09/12/2024 06:06:49 PM logger_larryli___putty DEBUG [ 18%] Building C object CMakeFiles/utils.dir/utils/wildcard.c.o (install_repos.py:38) (larryli___putty)
09/12/2024 06:06:49 PM logger_larryli___putty DEBUG [ 19%] Building C object CMakeFiles/utils.dir/utils/wordwrap.c.o (install_repos.py:38) (larryli___putty)
09/12/2024 06:06:49 PM logger_larryli___putty DEBUG [ 19%] Building C object CMakeFiles/utils.dir/utils/write_c_string_literal.c.o (install_repos.py:38) (larryli___putty)
09/12/2024 06:06:49 PM logger_larryli___putty DEBUG [ 19%] Building C object CMakeFiles/utils.dir/utils/x11authfile.c.o (install_repos.py:38) (larryli___putty)
09/12/2024 06:06:49 PM logger_larryli___putty DEBUG [ 19%] Building C object CMakeFiles/utils.dir/utils/x11authnames.c.o (install_repos.py:38) (larryli___putty)
09/12/2024 06:06:49 PM logger_larryli___putty DEBUG [ 20%] Building C object CMakeFiles/utils.dir/utils/x11_dehexify.c.o (install_repos.py:38) (larryli___putty)
09/12/2024 06:06:49 PM logger_larryli___putty DEBUG [ 20%] Building C object CMakeFiles/utils.dir/utils/x11_identify_auth_proto.c.o (install_repos.py:38) (larryli___putty)
09/12/2024 06:06:49 PM logger_larryli___putty DEBUG [ 20%] Building C object CMakeFiles/utils.dir/utils/x11_make_greeting.c.o (install_repos.py:38) (larryli___putty)
09/12/2024 06:06:49 PM logger_larryli___putty DEBUG [ 20%] Building C object CMakeFiles/utils.dir/utils/x11_parse_ip.c.o (install_repos.py:38) (larryli___putty)
09/12/2024 06:06:49 PM logger_larryli___putty DEBUG [ 21%] Building C object CMakeFiles/utils.dir/stubs/null-lp.c.o (install_repos.py:38) (larryli___putty)
09/12/2024 06:06:50 PM logger_larryli___putty DEBUG [ 21%] Building C object CMakeFiles/utils.dir/stubs/null-cipher.c.o (install_repos.py:38) (larryli___putty)
09/12/2024 06:06:50 PM logger_larryli___putty DEBUG [ 21%] Building C object CMakeFiles/utils.dir/stubs/null-key.c.o (install_repos.py:38) (larryli___putty)
09/12/2024 06:06:50 PM logger_larryli___putty DEBUG [ 21%] Building C object CMakeFiles/utils.dir/stubs/null-mac.c.o (install_repos.py:38) (larryli___putty)
09/12/2024 06:06:50 PM logger_larryli___putty DEBUG [ 22%] Building C object CMakeFiles/utils.dir/stubs/null-opener.c.o (install_repos.py:38) (larryli___putty)
09/12/2024 06:06:50 PM logger_larryli___putty DEBUG [ 22%] Building C object CMakeFiles/utils.dir/stubs/null-plug.c.o (install_repos.py:38) (larryli___putty)
09/12/2024 06:06:50 PM logger_larryli___putty DEBUG [ 22%] Building C object CMakeFiles/utils.dir/stubs/null-seat.c.o (install_repos.py:38) (larryli___putty)
09/12/2024 06:06:50 PM logger_larryli___putty DEBUG [ 23%] Building C object CMakeFiles/utils.dir/unix/utils/arm_arch_queries.c.o (install_repos.py:38) (larryli___putty)
09/12/2024 06:06:50 PM logger_larryli___putty DEBUG [ 23%] Building C object CMakeFiles/utils.dir/unix/utils/block_signal.c.o (install_repos.py:38) (larryli___putty)
09/12/2024 06:06:50 PM logger_larryli___putty DEBUG [ 23%] Building C object CMakeFiles/utils.dir/unix/utils/cloexec.c.o (install_repos.py:38) (larryli___putty)
09/12/2024 06:06:50 PM logger_larryli___putty DEBUG [ 23%] Building C object CMakeFiles/utils.dir/unix/utils/dputs.c.o (install_repos.py:38) (larryli___putty)
09/12/2024 06:06:50 PM logger_larryli___putty DEBUG [ 24%] Building C object CMakeFiles/utils.dir/unix/utils/filename.c.o (install_repos.py:38) (larryli___putty)
09/12/2024 06:06:50 PM logger_larryli___putty DEBUG [ 24%] Building C object CMakeFiles/utils.dir/unix/utils/fontspec.c.o (install_repos.py:38) (larryli___putty)
09/12/2024 06:06:50 PM logger_larryli___putty DEBUG [ 24%] Building C object CMakeFiles/utils.dir/unix/utils/getticks.c.o (install_repos.py:38) (larryli___putty)
09/12/2024 06:06:50 PM logger_larryli___putty DEBUG [ 24%] Building C object CMakeFiles/utils.dir/unix/utils/get_username.c.o (install_repos.py:38) (larryli___putty)
09/12/2024 06:06:50 PM logger_larryli___putty DEBUG [ 25%] Building C object CMakeFiles/utils.dir/unix/utils/keysym_to_unicode.c.o (install_repos.py:38) (larryli___putty)
09/12/2024 06:06:50 PM logger_larryli___putty DEBUG [ 25%] Building C object CMakeFiles/utils.dir/unix/utils/make_dir_and_check_ours.c.o (install_repos.py:38) (larryli___putty)
09/12/2024 06:06:50 PM logger_larryli___putty DEBUG [ 25%] Building C object CMakeFiles/utils.dir/unix/utils/make_dir_path.c.o (install_repos.py:38) (larryli___putty)
09/12/2024 06:06:50 PM logger_larryli___putty DEBUG [ 25%] Building C object CMakeFiles/utils.dir/unix/utils/make_spr_sw_abort_errno.c.o (install_repos.py:38) (larryli___putty)
09/12/2024 06:06:50 PM logger_larryli___putty DEBUG [ 26%] Building C object CMakeFiles/utils.dir/unix/utils/nonblock.c.o (install_repos.py:38) (larryli___putty)
09/12/2024 06:06:51 PM logger_larryli___putty DEBUG [ 26%] Building C object CMakeFiles/utils.dir/unix/utils/open_for_write_would_lose_data.c.o (install_repos.py:38) (larryli___putty)
09/12/2024 06:06:51 PM logger_larryli___putty DEBUG [ 26%] Building C object CMakeFiles/utils.dir/unix/utils/pgp_fingerprints.c.o (install_repos.py:38) (larryli___putty)
09/12/2024 06:06:51 PM logger_larryli___putty DEBUG [ 26%] Building C object CMakeFiles/utils.dir/unix/utils/pollwrap.c.o (install_repos.py:38) (larryli___putty)
09/12/2024 06:06:51 PM logger_larryli___putty DEBUG [ 27%] Building C object CMakeFiles/utils.dir/unix/utils/signal.c.o (install_repos.py:38) (larryli___putty)
09/12/2024 06:06:51 PM logger_larryli___putty DEBUG [ 27%] Building C object CMakeFiles/utils.dir/unix/utils/x11_ignore_error.c.o (install_repos.py:38) (larryli___putty)
09/12/2024 06:06:51 PM logger_larryli___putty DEBUG [ 27%] Building C object CMakeFiles/utils.dir/utils/ltime.c.o (install_repos.py:38) (larryli___putty)
09/12/2024 06:06:51 PM logger_larryli___putty DEBUG [ 28%] Linking C static library libutils.a (install_repos.py:38) (larryli___putty)
09/12/2024 06:06:51 PM logger_larryli___putty DEBUG [ 28%] Built target utils (install_repos.py:38) (larryli___putty)
09/12/2024 06:06:51 PM logger_larryli___putty DEBUG [ 28%] Building C object CMakeFiles/logging.dir/logging.c.o (install_repos.py:38) (larryli___putty)
09/12/2024 06:06:51 PM logger_larryli___putty DEBUG [ 28%] Built target logging (install_repos.py:38) (larryli___putty)
09/12/2024 06:06:51 PM logger_larryli___putty DEBUG [ 29%] Building C object CMakeFiles/eventloop.dir/callback.c.o (install_repos.py:38) (larryli___putty)
09/12/2024 06:06:51 PM logger_larryli___putty DEBUG [ 29%] Building C object CMakeFiles/eventloop.dir/timing.c.o (install_repos.py:38) (larryli___putty)
09/12/2024 06:06:51 PM logger_larryli___putty DEBUG [ 29%] Building C object CMakeFiles/eventloop.dir/unix/cliloop.c.o (install_repos.py:38) (larryli___putty)
09/12/2024 06:06:51 PM logger_larryli___putty DEBUG [ 29%] Building C object CMakeFiles/eventloop.dir/unix/uxsel.c.o (install_repos.py:38) (larryli___putty)
09/12/2024 06:06:51 PM logger_larryli___putty DEBUG [ 30%] Linking C static library libeventloop.a (install_repos.py:38) (larryli___putty)
09/12/2024 06:06:51 PM logger_larryli___putty DEBUG [ 30%] Built target eventloop (install_repos.py:38) (larryli___putty)
09/12/2024 06:06:51 PM logger_larryli___putty DEBUG [ 30%] Building C object CMakeFiles/console.dir/clicons.c.o (install_repos.py:38) (larryli___putty)
09/12/2024 06:06:51 PM logger_larryli___putty DEBUG [ 31%] Building C object CMakeFiles/console.dir/console.c.o (install_repos.py:38) (larryli___putty)
09/12/2024 06:06:51 PM logger_larryli___putty DEBUG [ 31%] Building C object CMakeFiles/console.dir/unix/console.c.o (install_repos.py:38) (larryli___putty)
09/12/2024 06:06:51 PM logger_larryli___putty DEBUG [ 31%] Linking C static library libconsole.a (install_repos.py:38) (larryli___putty)
09/12/2024 06:06:51 PM logger_larryli___putty DEBUG [ 31%] Built target console (install_repos.py:38) (larryli___putty)
09/12/2024 06:06:52 PM logger_larryli___putty DEBUG [ 31%] Building C object CMakeFiles/settings.dir/cmdline.c.o (install_repos.py:38) (larryli___putty)
09/12/2024 06:06:52 PM logger_larryli___putty DEBUG [ 31%] Building C object CMakeFiles/settings.dir/settings.c.o (install_repos.py:38) (larryli___putty)
09/12/2024 06:06:52 PM logger_larryli___putty DEBUG [ 32%] Building C object CMakeFiles/settings.dir/unix/storage.c.o (install_repos.py:38) (larryli___putty)
09/12/2024 06:06:52 PM logger_larryli___putty DEBUG [ 32%] Linking C static library libsettings.a (install_repos.py:38) (larryli___putty)
09/12/2024 06:06:52 PM logger_larryli___putty DEBUG [ 32%] Built target settings (install_repos.py:38) (larryli___putty)
09/12/2024 06:06:52 PM logger_larryli___putty DEBUG [ 32%] Building C object crypto/CMakeFiles/object_lib_HAVE_CLMUL.dir/aesgcm-clmul.c.o (install_repos.py:38) (larryli___putty)
09/12/2024 06:06:52 PM logger_larryli___putty DEBUG [ 32%] Built target object_lib_HAVE_CLMUL (install_repos.py:38) (larryli___putty)
09/12/2024 06:06:52 PM logger_larryli___putty DEBUG [ 32%] Building C object crypto/CMakeFiles/object_lib_HAVE_AES_NI.dir/aes-ni.c.o (install_repos.py:38) (larryli___putty)
09/12/2024 06:06:52 PM logger_larryli___putty DEBUG [ 32%] Built target object_lib_HAVE_AES_NI (install_repos.py:38) (larryli___putty)
09/12/2024 06:06:52 PM logger_larryli___putty DEBUG [ 32%] Building C object crypto/CMakeFiles/object_lib_HAVE_SHA_NI.dir/sha256-ni.c.o (install_repos.py:38) (larryli___putty)
09/12/2024 06:06:53 PM logger_larryli___putty DEBUG [ 33%] Building C object crypto/CMakeFiles/object_lib_HAVE_SHA_NI.dir/sha1-ni.c.o (install_repos.py:38) (larryli___putty)
09/12/2024 06:06:53 PM logger_larryli___putty DEBUG [ 33%] Built target object_lib_HAVE_SHA_NI (install_repos.py:38) (larryli___putty)
09/12/2024 06:06:53 PM logger_larryli___putty DEBUG [ 33%] Building C object CMakeFiles/crypto.dir/proxy/cproxy.c.o (install_repos.py:38) (larryli___putty)
09/12/2024 06:06:53 PM logger_larryli___putty DEBUG [ 34%] Building C object CMakeFiles/crypto.dir/proxy/sshproxy.c.o (install_repos.py:38) (larryli___putty)
09/12/2024 06:06:53 PM logger_larryli___putty DEBUG [ 34%] Building C object CMakeFiles/crypto.dir/crypto/aes-common.c.o (install_repos.py:38) (larryli___putty)
09/12/2024 06:06:53 PM logger_larryli___putty DEBUG [ 34%] Building C object CMakeFiles/crypto.dir/crypto/aes-select.c.o (install_repos.py:38) (larryli___putty)
09/12/2024 06:06:53 PM logger_larryli___putty DEBUG [ 34%] Building C object CMakeFiles/crypto.dir/crypto/aes-sw.c.o (install_repos.py:38) (larryli___putty)
09/12/2024 06:06:53 PM logger_larryli___putty DEBUG [ 35%] Building C object CMakeFiles/crypto.dir/crypto/aesgcm-common.c.o (install_repos.py:38) (larryli___putty)
09/12/2024 06:06:54 PM logger_larryli___putty DEBUG [ 35%] Building C object CMakeFiles/crypto.dir/crypto/aesgcm-select.c.o (install_repos.py:38) (larryli___putty)
09/12/2024 06:06:54 PM logger_larryli___putty DEBUG [ 35%] Building C object CMakeFiles/crypto.dir/crypto/aesgcm-sw.c.o (install_repos.py:38) (larryli___putty)
09/12/2024 06:06:54 PM logger_larryli___putty DEBUG [ 35%] Building C object CMakeFiles/crypto.dir/crypto/aesgcm-ref-poly.c.o (install_repos.py:38) (larryli___putty)
09/12/2024 06:06:54 PM logger_larryli___putty DEBUG [ 36%] Building C object CMakeFiles/crypto.dir/crypto/arcfour.c.o (install_repos.py:38) (larryli___putty)
09/12/2024 06:06:54 PM logger_larryli___putty DEBUG [ 36%] Building C object CMakeFiles/crypto.dir/crypto/argon2.c.o (install_repos.py:38) (larryli___putty)
09/12/2024 06:06:54 PM logger_larryli___putty DEBUG [ 36%] Building C object CMakeFiles/crypto.dir/crypto/bcrypt.c.o (install_repos.py:38) (larryli___putty)
09/12/2024 06:06:54 PM logger_larryli___putty DEBUG [ 37%] Building C object CMakeFiles/crypto.dir/crypto/blake2.c.o (install_repos.py:38) (larryli___putty)
09/12/2024 06:06:54 PM logger_larryli___putty DEBUG [ 37%] Building C object CMakeFiles/crypto.dir/crypto/blowfish.c.o (install_repos.py:38) (larryli___putty)
09/12/2024 06:06:54 PM logger_larryli___putty DEBUG [ 37%] Building C object CMakeFiles/crypto.dir/crypto/chacha20-poly1305.c.o (install_repos.py:38) (larryli___putty)
09/12/2024 06:06:54 PM logger_larryli___putty DEBUG [ 37%] Building C object CMakeFiles/crypto.dir/crypto/crc32.c.o (install_repos.py:38) (larryli___putty)
09/12/2024 06:06:54 PM logger_larryli___putty DEBUG [ 38%] Building C object CMakeFiles/crypto.dir/crypto/des.c.o (install_repos.py:38) (larryli___putty)
09/12/2024 06:06:54 PM logger_larryli___putty DEBUG [ 38%] Building C object CMakeFiles/crypto.dir/crypto/diffie-hellman.c.o (install_repos.py:38) (larryli___putty)
09/12/2024 06:06:54 PM logger_larryli___putty DEBUG [ 38%] Building C object CMakeFiles/crypto.dir/crypto/dsa.c.o (install_repos.py:38) (larryli___putty)
09/12/2024 06:06:54 PM logger_larryli___putty DEBUG [ 38%] Building C object CMakeFiles/crypto.dir/crypto/ecc-arithmetic.c.o (install_repos.py:38) (larryli___putty)
09/12/2024 06:06:55 PM logger_larryli___putty DEBUG [ 39%] Building C object CMakeFiles/crypto.dir/crypto/ecc-ssh.c.o (install_repos.py:38) (larryli___putty)
09/12/2024 06:06:55 PM logger_larryli___putty DEBUG [ 39%] Building C object CMakeFiles/crypto.dir/crypto/hash_simple.c.o (install_repos.py:38) (larryli___putty)
09/12/2024 06:06:55 PM logger_larryli___putty DEBUG [ 39%] Building C object CMakeFiles/crypto.dir/crypto/hmac.c.o (install_repos.py:38) (larryli___putty)
09/12/2024 06:06:55 PM logger_larryli___putty DEBUG [ 39%] Building C object CMakeFiles/crypto.dir/crypto/mac.c.o (install_repos.py:38) (larryli___putty)
09/12/2024 06:06:55 PM logger_larryli___putty DEBUG [ 40%] Building C object CMakeFiles/crypto.dir/crypto/mac_simple.c.o (install_repos.py:38) (larryli___putty)
09/12/2024 06:06:55 PM logger_larryli___putty DEBUG [ 40%] Building C object CMakeFiles/crypto.dir/crypto/md5.c.o (install_repos.py:38) (larryli___putty)
09/12/2024 06:06:55 PM logger_larryli___putty DEBUG [ 40%] Building C object CMakeFiles/crypto.dir/crypto/mpint.c.o (install_repos.py:38) (larryli___putty)
09/12/2024 06:06:55 PM logger_larryli___putty DEBUG [ 40%] Building C object CMakeFiles/crypto.dir/crypto/ntru.c.o (install_repos.py:38) (larryli___putty)
09/12/2024 06:06:55 PM logger_larryli___putty DEBUG [ 41%] Building C object CMakeFiles/crypto.dir/crypto/openssh-certs.c.o (install_repos.py:38) (larryli___putty)
09/12/2024 06:06:55 PM logger_larryli___putty DEBUG [ 41%] Building C object CMakeFiles/crypto.dir/crypto/prng.c.o (install_repos.py:38) (larryli___putty)
09/12/2024 06:06:55 PM logger_larryli___putty DEBUG [ 41%] Building C object CMakeFiles/crypto.dir/crypto/pubkey-pem.c.o (install_repos.py:38) (larryli___putty)
09/12/2024 06:06:56 PM logger_larryli___putty DEBUG [ 42%] Building C object CMakeFiles/crypto.dir/crypto/pubkey-ppk.c.o (install_repos.py:38) (larryli___putty)
09/12/2024 06:06:56 PM logger_larryli___putty DEBUG [ 42%] Building C object CMakeFiles/crypto.dir/crypto/pubkey-ssh1.c.o (install_repos.py:38) (larryli___putty)
09/12/2024 06:06:56 PM logger_larryli___putty DEBUG [ 42%] Building C object CMakeFiles/crypto.dir/crypto/rfc6979.c.o (install_repos.py:38) (larryli___putty)
09/12/2024 06:06:56 PM logger_larryli___putty DEBUG [ 42%] Building C object CMakeFiles/crypto.dir/crypto/rsa.c.o (install_repos.py:38) (larryli___putty)
09/12/2024 06:06:56 PM logger_larryli___putty DEBUG [ 43%] Building C object CMakeFiles/crypto.dir/crypto/sha256-common.c.o (install_repos.py:38) (larryli___putty)
09/12/2024 06:06:56 PM logger_larryli___putty DEBUG [ 43%] Building C object CMakeFiles/crypto.dir/crypto/sha256-select.c.o (install_repos.py:38) (larryli___putty)
09/12/2024 06:06:56 PM logger_larryli___putty DEBUG [ 43%] Building C object CMakeFiles/crypto.dir/crypto/sha256-sw.c.o (install_repos.py:38) (larryli___putty)
09/12/2024 06:06:56 PM logger_larryli___putty DEBUG [ 43%] Building C object CMakeFiles/crypto.dir/crypto/sha512-common.c.o (install_repos.py:38) (larryli___putty)
09/12/2024 06:06:56 PM logger_larryli___putty DEBUG [ 44%] Building C object CMakeFiles/crypto.dir/crypto/sha512-select.c.o (install_repos.py:38) (larryli___putty)
09/12/2024 06:06:56 PM logger_larryli___putty DEBUG [ 44%] Building C object CMakeFiles/crypto.dir/crypto/sha512-sw.c.o (install_repos.py:38) (larryli___putty)
09/12/2024 06:06:56 PM logger_larryli___putty DEBUG [ 44%] Building C object CMakeFiles/crypto.dir/crypto/sha3.c.o (install_repos.py:38) (larryli___putty)
09/12/2024 06:06:56 PM logger_larryli___putty DEBUG [ 44%] Building C object CMakeFiles/crypto.dir/crypto/sha1-common.c.o (install_repos.py:38) (larryli___putty)
09/12/2024 06:06:56 PM logger_larryli___putty DEBUG [ 45%] Building C object CMakeFiles/crypto.dir/crypto/sha1-select.c.o (install_repos.py:38) (larryli___putty)
09/12/2024 06:06:56 PM logger_larryli___putty DEBUG [ 45%] Building C object CMakeFiles/crypto.dir/crypto/sha1-sw.c.o (install_repos.py:38) (larryli___putty)
09/12/2024 06:06:56 PM logger_larryli___putty DEBUG [ 45%] Building C object CMakeFiles/crypto.dir/crypto/xdmauth.c.o (install_repos.py:38) (larryli___putty)
09/12/2024 06:06:56 PM logger_larryli___putty DEBUG [ 45%] Linking C static library libcrypto.a (install_repos.py:38) (larryli___putty)
09/12/2024 06:06:57 PM logger_larryli___putty DEBUG [ 45%] Built target crypto (install_repos.py:38) (larryli___putty)
09/12/2024 06:06:57 PM logger_larryli___putty DEBUG [ 46%] Building C object CMakeFiles/network.dir/errsock.c.o (install_repos.py:38) (larryli___putty)
09/12/2024 06:06:57 PM logger_larryli___putty DEBUG [ 46%] Building C object CMakeFiles/network.dir/logging.c.o (install_repos.py:38) (larryli___putty)
09/12/2024 06:06:57 PM logger_larryli___putty DEBUG [ 46%] Building C object CMakeFiles/network.dir/x11disp.c.o (install_repos.py:38) (larryli___putty)
09/12/2024 06:06:57 PM logger_larryli___putty DEBUG [ 46%] Building C object CMakeFiles/network.dir/proxy/proxy.c.o (install_repos.py:38) (larryli___putty)
09/12/2024 06:06:57 PM logger_larryli___putty DEBUG [ 47%] Building C object CMakeFiles/network.dir/proxy/http.c.o (install_repos.py:38) (larryli___putty)
09/12/2024 06:06:57 PM logger_larryli___putty DEBUG [ 47%] Building C object CMakeFiles/network.dir/proxy/socks4.c.o (install_repos.py:38) (larryli___putty)
09/12/2024 06:06:57 PM logger_larryli___putty DEBUG [ 47%] Building C object CMakeFiles/network.dir/proxy/socks5.c.o (install_repos.py:38) (larryli___putty)
09/12/2024 06:06:57 PM logger_larryli___putty DEBUG [ 47%] Building C object CMakeFiles/network.dir/proxy/telnet.c.o (install_repos.py:38) (larryli___putty)
09/12/2024 06:06:57 PM logger_larryli___putty DEBUG [ 48%] Building C object CMakeFiles/network.dir/proxy/local.c.o (install_repos.py:38) (larryli___putty)
09/12/2024 06:06:57 PM logger_larryli___putty DEBUG [ 48%] Building C object CMakeFiles/network.dir/proxy/interactor.c.o (install_repos.py:38) (larryli___putty)
09/12/2024 06:06:57 PM logger_larryli___putty DEBUG [ 48%] Building C object CMakeFiles/network.dir/unix/network.c.o (install_repos.py:38) (larryli___putty)
09/12/2024 06:06:57 PM logger_larryli___putty DEBUG [ 49%] Building C object CMakeFiles/network.dir/unix/fd-socket.c.o (install_repos.py:38) (larryli___putty)
09/12/2024 06:06:57 PM logger_larryli___putty DEBUG [ 49%] Building C object CMakeFiles/network.dir/unix/agent-socket.c.o (install_repos.py:38) (larryli___putty)
09/12/2024 06:06:58 PM logger_larryli___putty DEBUG [ 49%] Building C object CMakeFiles/network.dir/unix/peerinfo.c.o (install_repos.py:38) (larryli___putty)
09/12/2024 06:06:58 PM logger_larryli___putty DEBUG [ 49%] Building C object CMakeFiles/network.dir/unix/local-proxy.c.o (install_repos.py:38) (larryli___putty)
09/12/2024 06:06:58 PM logger_larryli___putty DEBUG [ 50%] Building C object CMakeFiles/network.dir/unix/x11.c.o (install_repos.py:38) (larryli___putty)
09/12/2024 06:06:58 PM logger_larryli___putty DEBUG [ 50%] Linking C static library libnetwork.a (install_repos.py:38) (larryli___putty)
09/12/2024 06:06:58 PM logger_larryli___putty DEBUG [ 50%] Built target network (install_repos.py:38) (larryli___putty)
09/12/2024 06:06:58 PM logger_larryli___putty DEBUG [ 50%] Building C object CMakeFiles/keygen.dir/import.c.o (install_repos.py:38) (larryli___putty)
09/12/2024 06:06:58 PM logger_larryli___putty DEBUG [ 51%] Building C object CMakeFiles/keygen.dir/keygen/dsa.c.o (install_repos.py:38) (larryli___putty)
09/12/2024 06:06:58 PM logger_larryli___putty DEBUG [ 51%] Building C object CMakeFiles/keygen.dir/keygen/ecdsa.c.o (install_repos.py:38) (larryli___putty)
09/12/2024 06:06:58 PM logger_larryli___putty DEBUG [ 51%] Building C object CMakeFiles/keygen.dir/keygen/millerrabin.c.o (install_repos.py:38) (larryli___putty)
09/12/2024 06:06:58 PM logger_larryli___putty DEBUG [ 52%] Building C object CMakeFiles/keygen.dir/keygen/mpunsafe.c.o (install_repos.py:38) (larryli___putty)
09/12/2024 06:06:58 PM logger_larryli___putty DEBUG [ 52%] Building C object CMakeFiles/keygen.dir/keygen/pockle.c.o (install_repos.py:38) (larryli___putty)
09/12/2024 06:06:58 PM logger_larryli___putty DEBUG [ 52%] Building C object CMakeFiles/keygen.dir/keygen/prime.c.o (install_repos.py:38) (larryli___putty)
09/12/2024 06:06:58 PM logger_larryli___putty DEBUG [ 52%] Building C object CMakeFiles/keygen.dir/keygen/primecandidate.c.o (install_repos.py:38) (larryli___putty)
09/12/2024 06:06:58 PM logger_larryli___putty DEBUG [ 53%] Building C object CMakeFiles/keygen.dir/keygen/rsa.c.o (install_repos.py:38) (larryli___putty)
09/12/2024 06:06:58 PM logger_larryli___putty DEBUG [ 53%] Building C object CMakeFiles/keygen.dir/keygen/smallprimes.c.o (install_repos.py:38) (larryli___putty)
09/12/2024 06:06:59 PM logger_larryli___putty DEBUG [ 53%] Linking C static library libkeygen.a (install_repos.py:38) (larryli___putty)
09/12/2024 06:06:59 PM logger_larryli___putty DEBUG [ 53%] Built target keygen (install_repos.py:38) (larryli___putty)
09/12/2024 06:06:59 PM logger_larryli___putty DEBUG [ 53%] Building C object CMakeFiles/agent.dir/sshpubk.c.o (install_repos.py:38) (larryli___putty)
09/12/2024 06:06:59 PM logger_larryli___putty DEBUG [ 53%] Building C object CMakeFiles/agent.dir/pageant.c.o (install_repos.py:38) (larryli___putty)
09/12/2024 06:06:59 PM logger_larryli___putty DEBUG [ 53%] Building C object CMakeFiles/agent.dir/aqsync.c.o (install_repos.py:38) (larryli___putty)
09/12/2024 06:06:59 PM logger_larryli___putty DEBUG [ 54%] Building C object CMakeFiles/agent.dir/unix/agent-client.c.o (install_repos.py:38) (larryli___putty)
09/12/2024 06:06:59 PM logger_larryli___putty DEBUG [ 54%] Linking C static library libagent.a (install_repos.py:38) (larryli___putty)
09/12/2024 06:06:59 PM logger_larryli___putty DEBUG [ 54%] Built target agent (install_repos.py:38) (larryli___putty)
09/12/2024 06:06:59 PM logger_larryli___putty DEBUG [ 54%] Building C object CMakeFiles/guiterminal.dir/terminal/terminal.c.o (install_repos.py:38) (larryli___putty)
09/12/2024 06:07:00 PM logger_larryli___putty DEBUG [ 54%] Building C object CMakeFiles/guiterminal.dir/terminal/bidi.c.o (install_repos.py:38) (larryli___putty)
09/12/2024 06:07:00 PM logger_larryli___putty DEBUG [ 54%] Building C object CMakeFiles/guiterminal.dir/ldisc.c.o (install_repos.py:38) (larryli___putty)
09/12/2024 06:07:00 PM logger_larryli___putty DEBUG [ 55%] Building C object CMakeFiles/guiterminal.dir/config.c.o (install_repos.py:38) (larryli___putty)
09/12/2024 06:07:00 PM logger_larryli___putty DEBUG [ 55%] Building C object CMakeFiles/guiterminal.dir/dialog.c.o (install_repos.py:38) (larryli___putty)
09/12/2024 06:07:00 PM logger_larryli___putty DEBUG [ 55%] Linking C static library libguiterminal.a (install_repos.py:38) (larryli___putty)
09/12/2024 06:07:00 PM logger_larryli___putty DEBUG [ 55%] Built target guiterminal (install_repos.py:38) (larryli___putty)
09/12/2024 06:07:00 PM logger_larryli___putty DEBUG [ 55%] Building C object CMakeFiles/noterminal.dir/stubs/no-term.c.o (install_repos.py:38) (larryli___putty)
09/12/2024 06:07:00 PM logger_larryli___putty DEBUG [ 55%] Building C object CMakeFiles/noterminal.dir/ldisc.c.o (install_repos.py:38) (larryli___putty)
09/12/2024 06:07:00 PM logger_larryli___putty DEBUG [ 56%] Linking C static library libnoterminal.a (install_repos.py:38) (larryli___putty)
09/12/2024 06:07:00 PM logger_larryli___putty DEBUG [ 56%] Built target noterminal (install_repos.py:38) (larryli___putty)
09/12/2024 06:07:00 PM logger_larryli___putty DEBUG [ 56%] Building C object CMakeFiles/all-backends.dir/pinger.c.o (install_repos.py:38) (larryli___putty)
09/12/2024 06:07:00 PM logger_larryli___putty DEBUG [ 56%] Built target all-backends (install_repos.py:38) (larryli___putty)
09/12/2024 06:07:00 PM logger_larryli___putty DEBUG [ 56%] Building C object ssh/CMakeFiles/sftpcommon.dir/sftpcommon.c.o (install_repos.py:38) (larryli___putty)
09/12/2024 06:07:00 PM logger_larryli___putty DEBUG [ 56%] Built target sftpcommon (install_repos.py:38) (larryli___putty)
09/12/2024 06:07:01 PM logger_larryli___putty DEBUG [ 56%] Building C object CMakeFiles/sftpclient.dir/psftpcommon.c.o (install_repos.py:38) (larryli___putty)
09/12/2024 06:07:01 PM logger_larryli___putty DEBUG [ 57%] Building C object CMakeFiles/sftpclient.dir/ssh/sftp.c.o (install_repos.py:38) (larryli___putty)
09/12/2024 06:07:01 PM logger_larryli___putty DEBUG [ 57%] Building C object CMakeFiles/sftpclient.dir/unix/sftp.c.o (install_repos.py:38) (larryli___putty)
09/12/2024 06:07:01 PM logger_larryli___putty DEBUG [ 57%] Linking C static library libsftpclient.a (install_repos.py:38) (larryli___putty)
09/12/2024 06:07:01 PM logger_larryli___putty DEBUG [ 57%] Built target sftpclient (install_repos.py:38) (larryli___putty)
09/12/2024 06:07:01 PM logger_larryli___putty DEBUG [ 57%] Building C object CMakeFiles/otherbackends.dir/otherbackends/raw.c.o (install_repos.py:38) (larryli___putty)
09/12/2024 06:07:01 PM logger_larryli___putty DEBUG [ 58%] Building C object CMakeFiles/otherbackends.dir/otherbackends/rlogin.c.o (install_repos.py:38) (larryli___putty)
09/12/2024 06:07:01 PM logger_larryli___putty DEBUG [ 58%] Building C object CMakeFiles/otherbackends.dir/otherbackends/supdup.c.o (install_repos.py:38) (larryli___putty)
09/12/2024 06:07:01 PM logger_larryli___putty DEBUG [ 58%] Building C object CMakeFiles/otherbackends.dir/otherbackends/telnet.c.o (install_repos.py:38) (larryli___putty)
09/12/2024 06:07:01 PM logger_larryli___putty DEBUG [ 59%] Building C object CMakeFiles/otherbackends.dir/otherbackends/testback.c.o (install_repos.py:38) (larryli___putty)
09/12/2024 06:07:01 PM logger_larryli___putty DEBUG [ 59%] Building C object CMakeFiles/otherbackends.dir/unix/serial.c.o (install_repos.py:38) (larryli___putty)
09/12/2024 06:07:01 PM logger_larryli___putty DEBUG [ 59%] Linking C static library libotherbackends.a (install_repos.py:38) (larryli___putty)
09/12/2024 06:07:01 PM logger_larryli___putty DEBUG [ 59%] Built target otherbackends (install_repos.py:38) (larryli___putty)
09/12/2024 06:07:01 PM logger_larryli___putty DEBUG [ 59%] Building C object CMakeFiles/testcrypt.dir/test/testcrypt.c.o (install_repos.py:38) (larryli___putty)
09/12/2024 06:07:02 PM logger_larryli___putty DEBUG [ 59%] Building C object CMakeFiles/testcrypt.dir/sshpubk.c.o (install_repos.py:38) (larryli___putty)
09/12/2024 06:07:02 PM logger_larryli___putty DEBUG [ 60%] Building C object CMakeFiles/testcrypt.dir/ssh/crc-attack-detector.c.o (install_repos.py:38) (larryli___putty)
09/12/2024 06:07:02 PM logger_larryli___putty DEBUG [ 60%] Linking C executable testcrypt (install_repos.py:38) (larryli___putty)
09/12/2024 06:07:02 PM logger_larryli___putty DEBUG [ 60%] Built target testcrypt (install_repos.py:38) (larryli___putty)
09/12/2024 06:07:02 PM logger_larryli___putty DEBUG [ 60%] Building C object CMakeFiles/test_host_strfoo.dir/utils/host_strchr_internal.c.o (install_repos.py:38) (larryli___putty)
09/12/2024 06:07:02 PM logger_larryli___putty DEBUG [ 61%] Linking C executable test_host_strfoo (install_repos.py:38) (larryli___putty)
09/12/2024 06:07:03 PM logger_larryli___putty DEBUG [ 61%] Built target test_host_strfoo (install_repos.py:38) (larryli___putty)
09/12/2024 06:07:03 PM logger_larryli___putty DEBUG [ 61%] Building C object CMakeFiles/test_decode_utf8.dir/utils/decode_utf8.c.o (install_repos.py:38) (larryli___putty)
09/12/2024 06:07:03 PM logger_larryli___putty DEBUG [ 61%] Linking C executable test_decode_utf8 (install_repos.py:38) (larryli___putty)
09/12/2024 06:07:03 PM logger_larryli___putty DEBUG [ 61%] Built target test_decode_utf8 (install_repos.py:38) (larryli___putty)
09/12/2024 06:07:03 PM logger_larryli___putty DEBUG [ 61%] Building C object CMakeFiles/test_tree234.dir/utils/tree234.c.o (install_repos.py:38) (larryli___putty)
09/12/2024 06:07:03 PM logger_larryli___putty DEBUG [ 61%] Linking C executable test_tree234 (install_repos.py:38) (larryli___putty)
09/12/2024 06:07:03 PM logger_larryli___putty DEBUG [ 61%] Built target test_tree234 (install_repos.py:38) (larryli___putty)
09/12/2024 06:07:03 PM logger_larryli___putty DEBUG [ 61%] Building C object CMakeFiles/test_wildcard.dir/utils/wildcard.c.o (install_repos.py:38) (larryli___putty)
09/12/2024 06:07:03 PM logger_larryli___putty DEBUG [ 62%] Linking C executable test_wildcard (install_repos.py:38) (larryli___putty)
09/12/2024 06:07:03 PM logger_larryli___putty DEBUG [ 62%] Built target test_wildcard (install_repos.py:38) (larryli___putty)
09/12/2024 06:07:03 PM logger_larryli___putty DEBUG [ 62%] Building C object CMakeFiles/test_cert_expr.dir/utils/cert-expr.c.o (install_repos.py:38) (larryli___putty)
09/12/2024 06:07:03 PM logger_larryli___putty DEBUG [ 63%] Linking C executable test_cert_expr (install_repos.py:38) (larryli___putty)
09/12/2024 06:07:03 PM logger_larryli___putty DEBUG [ 63%] Built target test_cert_expr (install_repos.py:38) (larryli___putty)
09/12/2024 06:07:03 PM logger_larryli___putty DEBUG [ 63%] Building C object CMakeFiles/bidi_gettype.dir/terminal/bidi_gettype.c.o (install_repos.py:38) (larryli___putty)
09/12/2024 06:07:03 PM logger_larryli___putty DEBUG [ 64%] Linking C executable bidi_gettype (install_repos.py:38) (larryli___putty)
09/12/2024 06:07:03 PM logger_larryli___putty DEBUG [ 64%] Built target bidi_gettype (install_repos.py:38) (larryli___putty)
09/12/2024 06:07:03 PM logger_larryli___putty DEBUG [ 64%] Building C object CMakeFiles/bidi_test.dir/terminal/bidi_test.c.o (install_repos.py:38) (larryli___putty)
09/12/2024 06:07:03 PM logger_larryli___putty DEBUG [ 64%] Linking C executable bidi_test (install_repos.py:38) (larryli___putty)
09/12/2024 06:07:03 PM logger_larryli___putty DEBUG [ 64%] Built target bidi_test (install_repos.py:38) (larryli___putty)
09/12/2024 06:07:03 PM logger_larryli___putty DEBUG [ 65%] Building C object ssh/CMakeFiles/sshcommon.dir/bpp1.c.o (install_repos.py:38) (larryli___putty)
09/12/2024 06:07:03 PM logger_larryli___putty DEBUG [ 65%] Building C object ssh/CMakeFiles/sshcommon.dir/bpp2.c.o (install_repos.py:38) (larryli___putty)
09/12/2024 06:07:04 PM logger_larryli___putty DEBUG [ 65%] Building C object ssh/CMakeFiles/sshcommon.dir/bpp-bare.c.o (install_repos.py:38) (larryli___putty)
09/12/2024 06:07:04 PM logger_larryli___putty DEBUG [ 66%] Building C object ssh/CMakeFiles/sshcommon.dir/ca-config.c.o (install_repos.py:38) (larryli___putty)
09/12/2024 06:07:04 PM logger_larryli___putty DEBUG [ 66%] Building C object ssh/CMakeFiles/sshcommon.dir/censor1.c.o (install_repos.py:38) (larryli___putty)
09/12/2024 06:07:04 PM logger_larryli___putty DEBUG [ 66%] Building C object ssh/CMakeFiles/sshcommon.dir/censor2.c.o (install_repos.py:38) (larryli___putty)
09/12/2024 06:07:04 PM logger_larryli___putty DEBUG [ 66%] Building C object ssh/CMakeFiles/sshcommon.dir/common.c.o (install_repos.py:38) (larryli___putty)
09/12/2024 06:07:04 PM logger_larryli___putty DEBUG [ 67%] Building C object ssh/CMakeFiles/sshcommon.dir/connection1.c.o (install_repos.py:38) (larryli___putty)
09/12/2024 06:07:04 PM logger_larryli___putty DEBUG [ 67%] Building C object ssh/CMakeFiles/sshcommon.dir/connection2.c.o (install_repos.py:38) (larryli___putty)
09/12/2024 06:07:04 PM logger_larryli___putty DEBUG [ 67%] Building C object ssh/CMakeFiles/sshcommon.dir/crc-attack-detector.c.o (install_repos.py:38) (larryli___putty)
09/12/2024 06:07:04 PM logger_larryli___putty DEBUG [ 67%] Building C object ssh/CMakeFiles/sshcommon.dir/gssc.c.o (install_repos.py:38) (larryli___putty)
09/12/2024 06:07:04 PM logger_larryli___putty DEBUG [ 68%] Building C object ssh/CMakeFiles/sshcommon.dir/login1.c.o (install_repos.py:38) (larryli___putty)
09/12/2024 06:07:05 PM logger_larryli___putty DEBUG [ 68%] Building C object ssh/CMakeFiles/sshcommon.dir/pgssapi.c.o (install_repos.py:38) (larryli___putty)
09/12/2024 06:07:05 PM logger_larryli___putty DEBUG [ 68%] Building C object ssh/CMakeFiles/sshcommon.dir/portfwd.c.o (install_repos.py:38) (larryli___putty)
09/12/2024 06:07:05 PM logger_larryli___putty DEBUG [ 68%] Building C object ssh/CMakeFiles/sshcommon.dir/__/sshpubk.c.o (install_repos.py:38) (larryli___putty)
09/12/2024 06:07:05 PM logger_larryli___putty DEBUG [ 69%] Building C object ssh/CMakeFiles/sshcommon.dir/__/sshrand.c.o (install_repos.py:38) (larryli___putty)
09/12/2024 06:07:05 PM logger_larryli___putty DEBUG [ 69%] Building C object ssh/CMakeFiles/sshcommon.dir/transient-hostkey-cache.c.o (install_repos.py:38) (larryli___putty)
09/12/2024 06:07:05 PM logger_larryli___putty DEBUG [ 69%] Building C object ssh/CMakeFiles/sshcommon.dir/transport2.c.o (install_repos.py:38) (larryli___putty)
09/12/2024 06:07:05 PM logger_larryli___putty DEBUG [ 69%] Building C object ssh/CMakeFiles/sshcommon.dir/verstring.c.o (install_repos.py:38) (larryli___putty)
09/12/2024 06:07:05 PM logger_larryli___putty DEBUG [ 70%] Building C object ssh/CMakeFiles/sshcommon.dir/x11fwd.c.o (install_repos.py:38) (larryli___putty)
09/12/2024 06:07:05 PM logger_larryli___putty DEBUG [ 70%] Building C object ssh/CMakeFiles/sshcommon.dir/zlib.c.o (install_repos.py:38) (larryli___putty)
09/12/2024 06:07:05 PM logger_larryli___putty DEBUG [ 70%] Building C object ssh/CMakeFiles/sshcommon.dir/__/unix/noise.c.o (install_repos.py:38) (larryli___putty)
09/12/2024 06:07:06 PM logger_larryli___putty DEBUG [ 70%] Built target sshcommon (install_repos.py:38) (larryli___putty)
09/12/2024 06:07:06 PM logger_larryli___putty DEBUG [ 71%] Building C object ssh/CMakeFiles/sshclient.dir/agentf.c.o (install_repos.py:38) (larryli___putty)
09/12/2024 06:07:06 PM logger_larryli___putty DEBUG [ 71%] Building C object ssh/CMakeFiles/sshclient.dir/connection1-client.c.o (install_repos.py:38) (larryli___putty)
09/12/2024 06:07:06 PM logger_larryli___putty DEBUG [ 71%] Building C object ssh/CMakeFiles/sshclient.dir/connection2-client.c.o (install_repos.py:38) (larryli___putty)
09/12/2024 06:07:06 PM logger_larryli___putty DEBUG [ 71%] Building C object ssh/CMakeFiles/sshclient.dir/kex2-client.c.o (install_repos.py:38) (larryli___putty)
09/12/2024 06:07:06 PM logger_larryli___putty DEBUG [ 72%] Building C object ssh/CMakeFiles/sshclient.dir/mainchan.c.o (install_repos.py:38) (larryli___putty)
09/12/2024 06:07:06 PM logger_larryli___putty DEBUG [ 72%] Building C object ssh/CMakeFiles/sshclient.dir/sharing.c.o (install_repos.py:38) (larryli___putty)
09/12/2024 06:07:06 PM logger_larryli___putty DEBUG [ 72%] Building C object ssh/CMakeFiles/sshclient.dir/ssh.c.o (install_repos.py:38) (larryli___putty)
09/12/2024 06:07:06 PM logger_larryli___putty DEBUG [ 72%] Building C object ssh/CMakeFiles/sshclient.dir/userauth2-client.c.o (install_repos.py:38) (larryli___putty)
09/12/2024 06:07:07 PM logger_larryli___putty DEBUG [ 73%] Building C object ssh/CMakeFiles/sshclient.dir/__/unix/gss.c.o (install_repos.py:38) (larryli___putty)
09/12/2024 06:07:07 PM logger_larryli___putty DEBUG [ 73%] Building C object ssh/CMakeFiles/sshclient.dir/__/unix/agent-client.c.o (install_repos.py:38) (larryli___putty)
09/12/2024 06:07:07 PM logger_larryli___putty DEBUG [ 73%] Building C object ssh/CMakeFiles/sshclient.dir/__/unix/sharing.c.o (install_repos.py:38) (larryli___putty)
09/12/2024 06:07:07 PM logger_larryli___putty DEBUG [ 73%] Linking C static library libsshclient.a (install_repos.py:38) (larryli___putty)
09/12/2024 06:07:07 PM logger_larryli___putty DEBUG [ 73%] Built target sshclient (install_repos.py:38) (larryli___putty)
09/12/2024 06:07:07 PM logger_larryli___putty DEBUG [ 73%] Building C object CMakeFiles/plink-be-list.dir/be_list.c.o (install_repos.py:38) (larryli___putty)
09/12/2024 06:07:07 PM logger_larryli___putty DEBUG [ 73%] Built target plink-be-list (install_repos.py:38) (larryli___putty)
09/12/2024 06:07:07 PM logger_larryli___putty DEBUG [ 73%] Building C object CMakeFiles/plink.dir/unix/plink.c.o (install_repos.py:38) (larryli___putty)
09/12/2024 06:07:07 PM logger_larryli___putty DEBUG [ 73%] Building C object CMakeFiles/plink.dir/unix/no-gtk.c.o (install_repos.py:38) (larryli___putty)
09/12/2024 06:07:07 PM logger_larryli___putty DEBUG [ 74%] Linking C executable plink (install_repos.py:38) (larryli___putty)
09/12/2024 06:07:07 PM logger_larryli___putty DEBUG [ 74%] Built target plink (install_repos.py:38) (larryli___putty)
09/12/2024 06:07:07 PM logger_larryli___putty DEBUG [ 74%] Building C object CMakeFiles/pscp-be-list.dir/be_list.c.o (install_repos.py:38) (larryli___putty)
09/12/2024 06:07:07 PM logger_larryli___putty DEBUG [ 74%] Built target pscp-be-list (install_repos.py:38) (larryli___putty)
09/12/2024 06:07:07 PM logger_larryli___putty DEBUG [ 74%] Building C object CMakeFiles/pscp.dir/pscp.c.o (install_repos.py:38) (larryli___putty)
09/12/2024 06:07:07 PM logger_larryli___putty DEBUG [ 74%] Building C object CMakeFiles/pscp.dir/unix/no-gtk.c.o (install_repos.py:38) (larryli___putty)
09/12/2024 06:07:07 PM logger_larryli___putty DEBUG [ 75%] Linking C executable pscp (install_repos.py:38) (larryli___putty)
09/12/2024 06:07:07 PM logger_larryli___putty DEBUG [ 75%] Built target pscp (install_repos.py:38) (larryli___putty)
09/12/2024 06:07:08 PM logger_larryli___putty DEBUG [ 75%] Building C object CMakeFiles/psftp-be-list.dir/be_list.c.o (install_repos.py:38) (larryli___putty)
09/12/2024 06:07:08 PM logger_larryli___putty DEBUG [ 75%] Built target psftp-be-list (install_repos.py:38) (larryli___putty)
09/12/2024 06:07:08 PM logger_larryli___putty DEBUG [ 75%] Building C object CMakeFiles/psftp.dir/psftp.c.o (install_repos.py:38) (larryli___putty)
09/12/2024 06:07:08 PM logger_larryli___putty DEBUG [ 76%] Building C object CMakeFiles/psftp.dir/unix/no-gtk.c.o (install_repos.py:38) (larryli___putty)
09/12/2024 06:07:08 PM logger_larryli___putty DEBUG [ 76%] Linking C executable psftp (install_repos.py:38) (larryli___putty)
09/12/2024 06:07:08 PM logger_larryli___putty DEBUG [ 76%] Built target psftp (install_repos.py:38) (larryli___putty)
09/12/2024 06:07:08 PM logger_larryli___putty DEBUG [ 76%] Building C object CMakeFiles/psocks.dir/unix/psocks.c.o (install_repos.py:38) (larryli___putty)
09/12/2024 06:07:08 PM logger_larryli___putty DEBUG [ 77%] Building C object CMakeFiles/psocks.dir/psocks.c.o (install_repos.py:38) (larryli___putty)
09/12/2024 06:07:08 PM logger_larryli___putty DEBUG [ 77%] Building C object CMakeFiles/psocks.dir/stubs/no-rand.c.o (install_repos.py:38) (larryli___putty)
09/12/2024 06:07:08 PM logger_larryli___putty DEBUG [ 77%] Building C object CMakeFiles/psocks.dir/proxy/nocproxy.c.o (install_repos.py:38) (larryli___putty)
09/12/2024 06:07:08 PM logger_larryli___putty DEBUG [ 77%] Building C object CMakeFiles/psocks.dir/proxy/nosshproxy.c.o (install_repos.py:38) (larryli___putty)
09/12/2024 06:07:08 PM logger_larryli___putty DEBUG [ 78%] Building C object CMakeFiles/psocks.dir/ssh/portfwd.c.o (install_repos.py:38) (larryli___putty)
09/12/2024 06:07:08 PM logger_larryli___putty DEBUG [ 78%] Building C object CMakeFiles/psocks.dir/unix/no-gtk.c.o (install_repos.py:38) (larryli___putty)
09/12/2024 06:07:08 PM logger_larryli___putty DEBUG [ 78%] Linking C executable psocks (install_repos.py:38) (larryli___putty)
09/12/2024 06:07:08 PM logger_larryli___putty DEBUG [ 78%] Built target psocks (install_repos.py:38) (larryli___putty)
09/12/2024 06:07:08 PM logger_larryli___putty DEBUG [ 78%] Built target manpages (install_repos.py:38) (larryli___putty)
09/12/2024 06:07:09 PM logger_larryli___putty DEBUG [ 78%] Building C object ssh/CMakeFiles/sshserver.dir/connection1-server.c.o (install_repos.py:38) (larryli___putty)
09/12/2024 06:07:09 PM logger_larryli___putty DEBUG [ 79%] Building C object ssh/CMakeFiles/sshserver.dir/connection2-server.c.o (install_repos.py:38) (larryli___putty)
09/12/2024 06:07:09 PM logger_larryli___putty DEBUG [ 79%] Building C object ssh/CMakeFiles/sshserver.dir/kex2-server.c.o (install_repos.py:38) (larryli___putty)
09/12/2024 06:07:09 PM logger_larryli___putty DEBUG [ 79%] Building C object ssh/CMakeFiles/sshserver.dir/login1-server.c.o (install_repos.py:38) (larryli___putty)
09/12/2024 06:07:09 PM logger_larryli___putty DEBUG [ 80%] Building C object ssh/CMakeFiles/sshserver.dir/server.c.o (install_repos.py:38) (larryli___putty)
09/12/2024 06:07:09 PM logger_larryli___putty DEBUG [ 80%] Building C object ssh/CMakeFiles/sshserver.dir/sesschan.c.o (install_repos.py:38) (larryli___putty)
09/12/2024 06:07:09 PM logger_larryli___putty DEBUG [ 80%] Building C object ssh/CMakeFiles/sshserver.dir/sftpserver.c.o (install_repos.py:38) (larryli___putty)
09/12/2024 06:07:09 PM logger_larryli___putty DEBUG [ 80%] Building C object ssh/CMakeFiles/sshserver.dir/userauth2-server.c.o (install_repos.py:38) (larryli___putty)
09/12/2024 06:07:09 PM logger_larryli___putty DEBUG [ 81%] Building C object ssh/CMakeFiles/sshserver.dir/__/unix/sftpserver.c.o (install_repos.py:38) (larryli___putty)
09/12/2024 06:07:09 PM logger_larryli___putty DEBUG [ 81%] Building C object ssh/CMakeFiles/sshserver.dir/__/unix/procnet.c.o (install_repos.py:38) (larryli___putty)
09/12/2024 06:07:09 PM logger_larryli___putty DEBUG [ 81%] Linking C static library libsshserver.a (install_repos.py:38) (larryli___putty)
09/12/2024 06:07:09 PM logger_larryli___putty DEBUG [ 81%] Built target sshserver (install_repos.py:38) (larryli___putty)
09/12/2024 06:07:09 PM logger_larryli___putty DEBUG [ 81%] Building C object unix/CMakeFiles/puttyxpms.dir/putty-xpm.c.o (install_repos.py:38) (larryli___putty)
09/12/2024 06:07:09 PM logger_larryli___putty DEBUG [ 82%] Building C object unix/CMakeFiles/puttyxpms.dir/putty-config-xpm.c.o (install_repos.py:38) (larryli___putty)
09/12/2024 06:07:10 PM logger_larryli___putty DEBUG [ 82%] Linking C static library libputtyxpms.a (install_repos.py:38) (larryli___putty)
09/12/2024 06:07:10 PM logger_larryli___putty DEBUG [ 82%] Built target puttyxpms (install_repos.py:38) (larryli___putty)
09/12/2024 06:07:10 PM logger_larryli___putty DEBUG [ 82%] Building C object unix/CMakeFiles/ptermxpms.dir/pterm-xpm.c.o (install_repos.py:38) (larryli___putty)
09/12/2024 06:07:10 PM logger_larryli___putty DEBUG [ 83%] Building C object unix/CMakeFiles/ptermxpms.dir/pterm-config-xpm.c.o (install_repos.py:38) (larryli___putty)
09/12/2024 06:07:10 PM logger_larryli___putty DEBUG [ 83%] Linking C static library libptermxpms.a (install_repos.py:38) (larryli___putty)
09/12/2024 06:07:10 PM logger_larryli___putty DEBUG [ 83%] Built target ptermxpms (install_repos.py:38) (larryli___putty)
09/12/2024 06:07:10 PM logger_larryli___putty DEBUG [ 84%] Generating ../CMakeFiles/sbcsdat.c.tmp (install_repos.py:38) (larryli___putty)
09/12/2024 06:07:10 PM logger_larryli___putty DEBUG [ 84%] Updating sbcsdat.c (install_repos.py:38) (larryli___putty)
09/12/2024 06:07:10 PM logger_larryli___putty DEBUG [ 84%] Built target generated_sbcsdat_c (install_repos.py:38) (larryli___putty)
09/12/2024 06:07:10 PM logger_larryli___putty DEBUG [ 84%] Building C object charset/CMakeFiles/charset.dir/fromucs.c.o (install_repos.py:38) (larryli___putty)
09/12/2024 06:07:10 PM logger_larryli___putty DEBUG [ 84%] Building C object charset/CMakeFiles/charset.dir/localenc.c.o (install_repos.py:38) (larryli___putty)
09/12/2024 06:07:10 PM logger_larryli___putty DEBUG [ 84%] Building C object charset/CMakeFiles/charset.dir/macenc.c.o (install_repos.py:38) (larryli___putty)
09/12/2024 06:07:10 PM logger_larryli___putty DEBUG [ 85%] Building C object charset/CMakeFiles/charset.dir/mimeenc.c.o (install_repos.py:38) (larryli___putty)
09/12/2024 06:07:10 PM logger_larryli___putty DEBUG [ 85%] Building C object charset/CMakeFiles/charset.dir/sbcs.c.o (install_repos.py:38) (larryli___putty)
09/12/2024 06:07:10 PM logger_larryli___putty DEBUG [ 85%] Building C object charset/CMakeFiles/charset.dir/__/CMakeFiles/sbcsdat.c.o (install_repos.py:38) (larryli___putty)
09/12/2024 06:07:10 PM logger_larryli___putty DEBUG [ 85%] Building C object charset/CMakeFiles/charset.dir/slookup.c.o (install_repos.py:38) (larryli___putty)
09/12/2024 06:07:10 PM logger_larryli___putty DEBUG [ 86%] Building C object charset/CMakeFiles/charset.dir/toucs.c.o (install_repos.py:38) (larryli___putty)
09/12/2024 06:07:10 PM logger_larryli___putty DEBUG [ 86%] Building C object charset/CMakeFiles/charset.dir/utf8.c.o (install_repos.py:38) (larryli___putty)
09/12/2024 06:07:10 PM logger_larryli___putty DEBUG [ 86%] Building C object charset/CMakeFiles/charset.dir/xenc.c.o (install_repos.py:38) (larryli___putty)
09/12/2024 06:07:10 PM logger_larryli___putty DEBUG [ 87%] Linking C static library libcharset.a (install_repos.py:38) (larryli___putty)
09/12/2024 06:07:10 PM logger_larryli___putty DEBUG [ 87%] Built target charset (install_repos.py:38) (larryli___putty)
09/12/2024 06:07:10 PM logger_larryli___putty DEBUG [ 87%] Generating CMakeFiles/licence.h.tmp (install_repos.py:38) (larryli___putty)
09/12/2024 06:07:10 PM logger_larryli___putty DEBUG [ 87%] Updating licence.h (install_repos.py:38) (larryli___putty)
09/12/2024 06:07:10 PM logger_larryli___putty DEBUG [ 87%] Built target generated_licence_h (install_repos.py:38) (larryli___putty)
09/12/2024 06:07:10 PM logger_larryli___putty DEBUG [ 88%] Building C object unix/CMakeFiles/fuzzterm-be-list.dir/__/be_list.c.o (install_repos.py:38) (larryli___putty)
09/12/2024 06:07:10 PM logger_larryli___putty DEBUG [ 88%] Built target fuzzterm-be-list (install_repos.py:38) (larryli___putty)
09/12/2024 06:07:10 PM logger_larryli___putty DEBUG [ 88%] Building C object unix/CMakeFiles/fuzzterm.dir/__/test/fuzzterm.c.o (install_repos.py:38) (larryli___putty)
09/12/2024 06:07:10 PM logger_larryli___putty DEBUG [ 88%] Building C object unix/CMakeFiles/fuzzterm.dir/__/logging.c.o (install_repos.py:38) (larryli___putty)
09/12/2024 06:07:11 PM logger_larryli___putty DEBUG [ 89%] Building C object unix/CMakeFiles/fuzzterm.dir/__/stubs/no-print.c.o (install_repos.py:38) (larryli___putty)
09/12/2024 06:07:11 PM logger_larryli___putty DEBUG [ 89%] Building C object unix/CMakeFiles/fuzzterm.dir/unicode.c.o (install_repos.py:38) (larryli___putty)
09/12/2024 06:07:11 PM logger_larryli___putty DEBUG [ 89%] Building C object unix/CMakeFiles/fuzzterm.dir/no-gtk.c.o (install_repos.py:38) (larryli___putty)
09/12/2024 06:07:11 PM logger_larryli___putty DEBUG [ 89%] Linking C executable ../fuzzterm (install_repos.py:38) (larryli___putty)
09/12/2024 06:07:11 PM logger_larryli___putty DEBUG [ 89%] Built target fuzzterm (install_repos.py:38) (larryli___putty)
09/12/2024 06:07:11 PM logger_larryli___putty DEBUG [ 89%] Building C object unix/CMakeFiles/osxlaunch.dir/osxlaunch.c.o (install_repos.py:38) (larryli___putty)
09/12/2024 06:07:11 PM logger_larryli___putty DEBUG [ 89%] Linking C executable ../osxlaunch (install_repos.py:38) (larryli___putty)
09/12/2024 06:07:11 PM logger_larryli___putty DEBUG [ 89%] Built target osxlaunch (install_repos.py:38) (larryli___putty)
09/12/2024 06:07:11 PM logger_larryli___putty DEBUG [ 89%] Building C object unix/CMakeFiles/psusan-be-list.dir/__/be_list.c.o (install_repos.py:38) (larryli___putty)
09/12/2024 06:07:11 PM logger_larryli___putty DEBUG [ 89%] Built target psusan-be-list (install_repos.py:38) (larryli___putty)
09/12/2024 06:07:11 PM logger_larryli___putty DEBUG [ 89%] Building C object unix/CMakeFiles/psusan.dir/psusan.c.o (install_repos.py:38) (larryli___putty)
09/12/2024 06:07:11 PM logger_larryli___putty DEBUG [ 90%] Building C object unix/CMakeFiles/psusan.dir/__/stubs/no-gss.c.o (install_repos.py:38) (larryli___putty)
09/12/2024 06:07:11 PM logger_larryli___putty DEBUG [ 90%] Building C object unix/CMakeFiles/psusan.dir/__/ssh/scpserver.c.o (install_repos.py:38) (larryli___putty)
09/12/2024 06:07:11 PM logger_larryli___putty DEBUG [ 90%] Building C object unix/CMakeFiles/psusan.dir/no-gtk.c.o (install_repos.py:38) (larryli___putty)
09/12/2024 06:07:11 PM logger_larryli___putty DEBUG [ 90%] Building C object unix/CMakeFiles/psusan.dir/pty.c.o (install_repos.py:38) (larryli___putty)
09/12/2024 06:07:11 PM logger_larryli___putty DEBUG [ 91%] Linking C executable ../psusan (install_repos.py:38) (larryli___putty)
09/12/2024 06:07:11 PM logger_larryli___putty DEBUG [ 91%] Built target psusan (install_repos.py:38) (larryli___putty)
09/12/2024 06:07:11 PM logger_larryli___putty DEBUG [ 92%] Building C object unix/CMakeFiles/puttygen-common.dir/__/stubs/no-timing.c.o (install_repos.py:38) (larryli___putty)
09/12/2024 06:07:12 PM logger_larryli___putty DEBUG [ 92%] Building C object unix/CMakeFiles/puttygen-common.dir/keygen-noise.c.o (install_repos.py:38) (larryli___putty)
09/12/2024 06:07:12 PM logger_larryli___putty DEBUG [ 92%] Building C object unix/CMakeFiles/puttygen-common.dir/no-gtk.c.o (install_repos.py:38) (larryli___putty)
09/12/2024 06:07:12 PM logger_larryli___putty DEBUG [ 92%] Building C object unix/CMakeFiles/puttygen-common.dir/noise.c.o (install_repos.py:38) (larryli___putty)
09/12/2024 06:07:12 PM logger_larryli___putty DEBUG [ 93%] Building C object unix/CMakeFiles/puttygen-common.dir/storage.c.o (install_repos.py:38) (larryli___putty)
09/12/2024 06:07:12 PM logger_larryli___putty DEBUG [ 93%] Building C object unix/CMakeFiles/puttygen-common.dir/__/sshpubk.c.o (install_repos.py:38) (larryli___putty)
09/12/2024 06:07:12 PM logger_larryli___putty DEBUG [ 93%] Building C object unix/CMakeFiles/puttygen-common.dir/__/sshrand.c.o (install_repos.py:38) (larryli___putty)
09/12/2024 06:07:12 PM logger_larryli___putty DEBUG [ 93%] Built target puttygen-common (install_repos.py:38) (larryli___putty)
09/12/2024 06:07:12 PM logger_larryli___putty DEBUG [ 93%] Building C object unix/CMakeFiles/puttygen.dir/__/cmdgen.c.o (install_repos.py:38) (larryli___putty)
09/12/2024 06:07:12 PM logger_larryli___putty DEBUG [ 93%] Linking C executable ../puttygen (install_repos.py:38) (larryli___putty)
09/12/2024 06:07:12 PM logger_larryli___putty DEBUG [ 93%] Built target puttygen (install_repos.py:38) (larryli___putty)
09/12/2024 06:07:12 PM logger_larryli___putty DEBUG [ 93%] Building C object unix/CMakeFiles/cgtest.dir/__/cgtest.c.o (install_repos.py:38) (larryli___putty)
09/12/2024 06:07:12 PM logger_larryli___putty DEBUG [ 94%] Linking C executable ../cgtest (install_repos.py:38) (larryli___putty)
09/12/2024 06:07:13 PM logger_larryli___putty DEBUG [ 94%] Built target cgtest (install_repos.py:38) (larryli___putty)
09/12/2024 06:07:13 PM logger_larryli___putty DEBUG [ 94%] Building C object unix/CMakeFiles/overaligned_alloc.dir/__/utils/memory.c.o (install_repos.py:38) (larryli___putty)
09/12/2024 06:07:13 PM logger_larryli___putty DEBUG [ 94%] Built target overaligned_alloc (install_repos.py:38) (larryli___putty)
09/12/2024 06:07:13 PM logger_larryli___putty DEBUG [ 94%] Building C object unix/CMakeFiles/testsc.dir/__/test/testsc.c.o (install_repos.py:38) (larryli___putty)
09/12/2024 06:07:13 PM logger_larryli___putty DEBUG [ 94%] Linking C executable ../testsc (install_repos.py:38) (larryli___putty)
09/12/2024 06:07:13 PM logger_larryli___putty DEBUG [ 94%] Built target testsc (install_repos.py:38) (larryli___putty)
09/12/2024 06:07:13 PM logger_larryli___putty DEBUG [ 95%] Building C object unix/CMakeFiles/testzlib.dir/__/test/testzlib.c.o (install_repos.py:38) (larryli___putty)
09/12/2024 06:07:13 PM logger_larryli___putty DEBUG [ 95%] Building C object unix/CMakeFiles/testzlib.dir/__/ssh/zlib.c.o (install_repos.py:38) (larryli___putty)
09/12/2024 06:07:13 PM logger_larryli___putty DEBUG [ 95%] Linking C executable ../testzlib (install_repos.py:38) (larryli___putty)
09/12/2024 06:07:13 PM logger_larryli___putty DEBUG [ 95%] Built target testzlib (install_repos.py:38) (larryli___putty)
09/12/2024 06:07:13 PM logger_larryli___putty DEBUG [ 95%] Building C object unix/CMakeFiles/uppity-be-list.dir/__/be_list.c.o (install_repos.py:38) (larryli___putty)
09/12/2024 06:07:13 PM logger_larryli___putty DEBUG [ 95%] Built target uppity-be-list (install_repos.py:38) (larryli___putty)
09/12/2024 06:07:13 PM logger_larryli___putty DEBUG [ 95%] Building C object unix/CMakeFiles/uppity.dir/uppity.c.o (install_repos.py:38) (larryli___putty)
09/12/2024 06:07:13 PM logger_larryli___putty DEBUG [ 96%] Building C object unix/CMakeFiles/uppity.dir/__/ssh/scpserver.c.o (install_repos.py:38) (larryli___putty)
09/12/2024 06:07:13 PM logger_larryli___putty DEBUG [ 96%] Building C object unix/CMakeFiles/uppity.dir/no-gtk.c.o (install_repos.py:38) (larryli___putty)
09/12/2024 06:07:14 PM logger_larryli___putty DEBUG [ 96%] Building C object unix/CMakeFiles/uppity.dir/pty.c.o (install_repos.py:38) (larryli___putty)
09/12/2024 06:07:14 PM logger_larryli___putty DEBUG [ 96%] Building C object unix/CMakeFiles/uppity.dir/__/stubs/no-gss.c.o (install_repos.py:38) (larryli___putty)
09/12/2024 06:07:14 PM logger_larryli___putty DEBUG [ 97%] Linking C executable ../uppity (install_repos.py:38) (larryli___putty)
09/12/2024 06:07:14 PM logger_larryli___putty DEBUG [ 97%] Built target uppity (install_repos.py:38) (larryli___putty)
09/12/2024 06:07:14 PM logger_larryli___putty DEBUG [ 97%] Building C object unix/CMakeFiles/pageant-be-list.dir/__/be_list.c.o (install_repos.py:38) (larryli___putty)
09/12/2024 06:07:14 PM logger_larryli___putty DEBUG [ 97%] Built target pageant-be-list (install_repos.py:38) (larryli___putty)
09/12/2024 06:07:14 PM logger_larryli___putty DEBUG [ 98%] Building C object unix/CMakeFiles/pageant.dir/pageant.c.o (install_repos.py:38) (larryli___putty)
09/12/2024 06:07:14 PM logger_larryli___putty DEBUG [ 98%] Building C object unix/CMakeFiles/pageant.dir/__/stubs/no-gss.c.o (install_repos.py:38) (larryli___putty)
09/12/2024 06:07:14 PM logger_larryli___putty DEBUG [ 98%] Building C object unix/CMakeFiles/pageant.dir/x11.c.o (install_repos.py:38) (larryli___putty)
09/12/2024 06:07:14 PM logger_larryli___putty DEBUG [ 98%] Building C object unix/CMakeFiles/pageant.dir/noise.c.o (install_repos.py:38) (larryli___putty)
09/12/2024 06:07:14 PM logger_larryli___putty DEBUG [ 99%] Building C object unix/CMakeFiles/pageant.dir/__/ssh/x11fwd.c.o (install_repos.py:38) (larryli___putty)
09/12/2024 06:07:14 PM logger_larryli___putty DEBUG [ 99%] Building C object unix/CMakeFiles/pageant.dir/__/proxy/nosshproxy.c.o (install_repos.py:38) (larryli___putty)
09/12/2024 06:07:14 PM logger_larryli___putty DEBUG [ 99%] Building C object unix/CMakeFiles/pageant.dir/noaskpass.c.o (install_repos.py:38) (larryli___putty)
09/12/2024 06:07:14 PM logger_larryli___putty DEBUG [ 99%] Building C object unix/CMakeFiles/pageant.dir/no-gtk.c.o (install_repos.py:38) (larryli___putty)
09/12/2024 06:07:14 PM logger_larryli___putty DEBUG [100%] Linking C executable ../pageant (install_repos.py:38) (larryli___putty)
09/12/2024 06:07:14 PM logger_larryli___putty DEBUG [100%] Built target pageant (install_repos.py:38) (larryli___putty)
09/12/2024 06:07:15 PM logger_larryli___putty INFO Success: Build succeeded for larryli___putty (install_repos.py:292) (larryli___putty)
