09/12/2024 05:56:26 PM logger_lexbor___lexbor INFO <<<<<<<<<<<<<<<<<< Logger setup anew <<<<<<<<<<<<<<<<<<< (utils.py:39) (lexbor___lexbor)
09/12/2024 05:56:26 PM logger_lexbor___lexbor INFO Analyzing repos/repos_400_c_round_two/lexbor___lexbor (install_repos.py:285) (lexbor___lexbor)
09/12/2024 05:56:26 PM logger_lexbor___lexbor INFO Running command: rm -rf build/ (install_repos.py:20) (lexbor___lexbor)
09/12/2024 05:56:26 PM logger_lexbor___lexbor INFO Logging output to: logs/repos/repos_400_c_round_two_install_logs_with_make_cmake_gradlew_meson_scons_bazel_2024-09-12_17-35-05/lexbor___lexbor_build.log (install_repos.py:21) (lexbor___lexbor)
09/12/2024 05:56:26 PM logger_lexbor___lexbor INFO Running command: rm -rf CMakeCache.txt (install_repos.py:20) (lexbor___lexbor)
09/12/2024 05:56:26 PM logger_lexbor___lexbor INFO Logging output to: logs/repos/repos_400_c_round_two_install_logs_with_make_cmake_gradlew_meson_scons_bazel_2024-09-12_17-35-05/lexbor___lexbor_build.log (install_repos.py:21) (lexbor___lexbor)
09/12/2024 05:56:26 PM logger_lexbor___lexbor INFO Running command: rm -rf CMakeFiles/ (install_repos.py:20) (lexbor___lexbor)
09/12/2024 05:56:26 PM logger_lexbor___lexbor INFO Logging output to: logs/repos/repos_400_c_round_two_install_logs_with_make_cmake_gradlew_meson_scons_bazel_2024-09-12_17-35-05/lexbor___lexbor_build.log (install_repos.py:21) (lexbor___lexbor)
09/12/2024 05:56:26 PM logger_lexbor___lexbor INFO Running CMake (install_repos.py:141) (lexbor___lexbor)
09/12/2024 05:56:26 PM logger_lexbor___lexbor INFO Running command: cmake .. (install_repos.py:20) (lexbor___lexbor)
09/12/2024 05:56:26 PM logger_lexbor___lexbor INFO Logging output to: logs/repos/repos_400_c_round_two_install_logs_with_make_cmake_gradlew_meson_scons_bazel_2024-09-12_17-35-05/build_build.log (install_repos.py:21) (lexbor___lexbor)
09/12/2024 05:56:26 PM logger_lexbor___lexbor DEBUG -- Project name: lexbor (install_repos.py:38) (lexbor___lexbor)
09/12/2024 05:56:26 PM logger_lexbor___lexbor DEBUG -- The C compiler identification is GNU 12.2.0 (install_repos.py:38) (lexbor___lexbor)
09/12/2024 05:56:26 PM logger_lexbor___lexbor DEBUG -- Detecting C compiler ABI info (install_repos.py:38) (lexbor___lexbor)
09/12/2024 05:56:27 PM logger_lexbor___lexbor DEBUG -- Detecting C compiler ABI info - done (install_repos.py:38) (lexbor___lexbor)
09/12/2024 05:56:27 PM logger_lexbor___lexbor DEBUG -- Check for working C compiler: /usr/bin/cc - skipped (install_repos.py:38) (lexbor___lexbor)
09/12/2024 05:56:27 PM logger_lexbor___lexbor DEBUG -- Detecting C compile features (install_repos.py:38) (lexbor___lexbor)
09/12/2024 05:56:27 PM logger_lexbor___lexbor DEBUG -- Detecting C compile features - done (install_repos.py:38) (lexbor___lexbor)
09/12/2024 05:56:27 PM logger_lexbor___lexbor DEBUG -- Build without Threads (install_repos.py:38) (lexbor___lexbor)
09/12/2024 05:56:27 PM logger_lexbor___lexbor DEBUG -- Lexbor version: 2.4.0 (install_repos.py:38) (lexbor___lexbor)
09/12/2024 05:56:27 PM logger_lexbor___lexbor DEBUG -- Looking for ceil (install_repos.py:38) (lexbor___lexbor)
09/12/2024 05:56:27 PM logger_lexbor___lexbor DEBUG -- Looking for ceil - not found (install_repos.py:38) (lexbor___lexbor)
09/12/2024 05:56:27 PM logger_lexbor___lexbor DEBUG -- Looking for ceil (install_repos.py:38) (lexbor___lexbor)
09/12/2024 05:56:27 PM logger_lexbor___lexbor DEBUG -- Looking for ceil - found (install_repos.py:38) (lexbor___lexbor)
09/12/2024 05:56:27 PM logger_lexbor___lexbor DEBUG -- Append module: core (1.7.0) (install_repos.py:38) (lexbor___lexbor)
09/12/2024 05:56:27 PM logger_lexbor___lexbor DEBUG -- Append module: css (1.2.0) (install_repos.py:38) (lexbor___lexbor)
09/12/2024 05:56:27 PM logger_lexbor___lexbor DEBUG -- Append module: dom (1.7.0) (install_repos.py:38) (lexbor___lexbor)
09/12/2024 05:56:27 PM logger_lexbor___lexbor DEBUG -- Append module: encoding (2.0.1) (install_repos.py:38) (lexbor___lexbor)
09/12/2024 05:56:27 PM logger_lexbor___lexbor DEBUG -- Append module: html (2.5.0) (install_repos.py:38) (lexbor___lexbor)
09/12/2024 05:56:27 PM logger_lexbor___lexbor DEBUG -- Append module: ns (1.2.0) (install_repos.py:38) (lexbor___lexbor)
09/12/2024 05:56:27 PM logger_lexbor___lexbor DEBUG -- Append module: punycode (1.0.0) (install_repos.py:38) (lexbor___lexbor)
09/12/2024 05:56:27 PM logger_lexbor___lexbor DEBUG -- Append module: selectors (0.3.0) (install_repos.py:38) (lexbor___lexbor)
09/12/2024 05:56:27 PM logger_lexbor___lexbor DEBUG -- Append module: tag (1.2.0) (install_repos.py:38) (lexbor___lexbor)
09/12/2024 05:56:27 PM logger_lexbor___lexbor DEBUG -- Append module: unicode (0.1.0) (install_repos.py:38) (lexbor___lexbor)
09/12/2024 05:56:27 PM logger_lexbor___lexbor DEBUG -- Append module: url (0.2.0) (install_repos.py:38) (lexbor___lexbor)
09/12/2024 05:56:27 PM logger_lexbor___lexbor DEBUG -- Append module: utils (0.3.0) (install_repos.py:38) (lexbor___lexbor)
09/12/2024 05:56:27 PM logger_lexbor___lexbor DEBUG -- CFLAGS:  -O2 -Wall -pedantic -pipe -std=c99 -fPIC (install_repos.py:38) (lexbor___lexbor)
09/12/2024 05:56:27 PM logger_lexbor___lexbor DEBUG -- CXXFLAGS:  -O2 (install_repos.py:38) (lexbor___lexbor)
09/12/2024 05:56:27 PM logger_lexbor___lexbor DEBUG -- Feature ASAN: disable (install_repos.py:38) (lexbor___lexbor)
09/12/2024 05:56:27 PM logger_lexbor___lexbor DEBUG -- Feature Fuzzer: disable (install_repos.py:38) (lexbor___lexbor)
09/12/2024 05:56:27 PM logger_lexbor___lexbor DEBUG -- Configuring done (install_repos.py:38) (lexbor___lexbor)
09/12/2024 05:56:27 PM logger_lexbor___lexbor DEBUG -- Generating done (install_repos.py:38) (lexbor___lexbor)
09/12/2024 05:56:27 PM logger_lexbor___lexbor DEBUG -- Build files have been written to: /INSTALL_C/repos/repos_400_c_round_two/lexbor___lexbor/build (install_repos.py:38) (lexbor___lexbor)
09/12/2024 05:56:27 PM logger_lexbor___lexbor INFO Running command: cmake --build . (install_repos.py:20) (lexbor___lexbor)
09/12/2024 05:56:27 PM logger_lexbor___lexbor INFO Logging output to: logs/repos/repos_400_c_round_two_install_logs_with_make_cmake_gradlew_meson_scons_bazel_2024-09-12_17-35-05/build_build.log (install_repos.py:21) (lexbor___lexbor)
09/12/2024 05:56:27 PM logger_lexbor___lexbor DEBUG [  0%] Building C object CMakeFiles/lexbor.dir/source/lexbor/core/array.c.o (install_repos.py:38) (lexbor___lexbor)
09/12/2024 05:56:27 PM logger_lexbor___lexbor DEBUG [  0%] Building C object CMakeFiles/lexbor.dir/source/lexbor/core/array_obj.c.o (install_repos.py:38) (lexbor___lexbor)
09/12/2024 05:56:27 PM logger_lexbor___lexbor DEBUG [  0%] Building C object CMakeFiles/lexbor.dir/source/lexbor/core/avl.c.o (install_repos.py:38) (lexbor___lexbor)
09/12/2024 05:56:27 PM logger_lexbor___lexbor DEBUG [  0%] Building C object CMakeFiles/lexbor.dir/source/lexbor/core/bst.c.o (install_repos.py:38) (lexbor___lexbor)
09/12/2024 05:56:27 PM logger_lexbor___lexbor DEBUG [  1%] Building C object CMakeFiles/lexbor.dir/source/lexbor/core/bst_map.c.o (install_repos.py:38) (lexbor___lexbor)
09/12/2024 05:56:27 PM logger_lexbor___lexbor DEBUG [  1%] Building C object CMakeFiles/lexbor.dir/source/lexbor/core/conv.c.o (install_repos.py:38) (lexbor___lexbor)
09/12/2024 05:56:27 PM logger_lexbor___lexbor DEBUG [  1%] Building C object CMakeFiles/lexbor.dir/source/lexbor/core/diyfp.c.o (install_repos.py:38) (lexbor___lexbor)
09/12/2024 05:56:28 PM logger_lexbor___lexbor DEBUG [  1%] Building C object CMakeFiles/lexbor.dir/source/lexbor/core/dobject.c.o (install_repos.py:38) (lexbor___lexbor)
09/12/2024 05:56:28 PM logger_lexbor___lexbor DEBUG [  2%] Building C object CMakeFiles/lexbor.dir/source/lexbor/core/dtoa.c.o (install_repos.py:38) (lexbor___lexbor)
09/12/2024 05:56:28 PM logger_lexbor___lexbor DEBUG [  2%] Building C object CMakeFiles/lexbor.dir/source/lexbor/core/hash.c.o (install_repos.py:38) (lexbor___lexbor)
09/12/2024 05:56:28 PM logger_lexbor___lexbor DEBUG [  2%] Building C object CMakeFiles/lexbor.dir/source/lexbor/core/in.c.o (install_repos.py:38) (lexbor___lexbor)
09/12/2024 05:56:28 PM logger_lexbor___lexbor DEBUG [  2%] Building C object CMakeFiles/lexbor.dir/source/lexbor/core/mem.c.o (install_repos.py:38) (lexbor___lexbor)
09/12/2024 05:56:28 PM logger_lexbor___lexbor DEBUG [  3%] Building C object CMakeFiles/lexbor.dir/source/lexbor/core/mraw.c.o (install_repos.py:38) (lexbor___lexbor)
09/12/2024 05:56:28 PM logger_lexbor___lexbor DEBUG [  3%] Building C object CMakeFiles/lexbor.dir/source/lexbor/core/plog.c.o (install_repos.py:38) (lexbor___lexbor)
09/12/2024 05:56:28 PM logger_lexbor___lexbor DEBUG [  3%] Building C object CMakeFiles/lexbor.dir/source/lexbor/core/print.c.o (install_repos.py:38) (lexbor___lexbor)
09/12/2024 05:56:28 PM logger_lexbor___lexbor DEBUG [  3%] Building C object CMakeFiles/lexbor.dir/source/lexbor/core/serialize.c.o (install_repos.py:38) (lexbor___lexbor)
09/12/2024 05:56:28 PM logger_lexbor___lexbor DEBUG [  4%] Building C object CMakeFiles/lexbor.dir/source/lexbor/core/shs.c.o (install_repos.py:38) (lexbor___lexbor)
09/12/2024 05:56:28 PM logger_lexbor___lexbor DEBUG [  4%] Building C object CMakeFiles/lexbor.dir/source/lexbor/core/str.c.o (install_repos.py:38) (lexbor___lexbor)
09/12/2024 05:56:28 PM logger_lexbor___lexbor DEBUG [  4%] Building C object CMakeFiles/lexbor.dir/source/lexbor/core/strtod.c.o (install_repos.py:38) (lexbor___lexbor)
09/12/2024 05:56:29 PM logger_lexbor___lexbor DEBUG [  4%] Building C object CMakeFiles/lexbor.dir/source/lexbor/core/utils.c.o (install_repos.py:38) (lexbor___lexbor)
09/12/2024 05:56:29 PM logger_lexbor___lexbor DEBUG [  5%] Building C object CMakeFiles/lexbor.dir/source/lexbor/ports/posix/lexbor/core/fs.c.o (install_repos.py:38) (lexbor___lexbor)
09/12/2024 05:56:29 PM logger_lexbor___lexbor DEBUG [  5%] Building C object CMakeFiles/lexbor.dir/source/lexbor/ports/posix/lexbor/core/memory.c.o (install_repos.py:38) (lexbor___lexbor)
09/12/2024 05:56:29 PM logger_lexbor___lexbor DEBUG [  5%] Building C object CMakeFiles/lexbor.dir/source/lexbor/ports/posix/lexbor/core/perf.c.o (install_repos.py:38) (lexbor___lexbor)
09/12/2024 05:56:29 PM logger_lexbor___lexbor DEBUG [  5%] Building C object CMakeFiles/lexbor.dir/source/lexbor/css/at_rule.c.o (install_repos.py:38) (lexbor___lexbor)
09/12/2024 05:56:29 PM logger_lexbor___lexbor DEBUG [  6%] Building C object CMakeFiles/lexbor.dir/source/lexbor/css/at_rule/state.c.o (install_repos.py:38) (lexbor___lexbor)
09/12/2024 05:56:29 PM logger_lexbor___lexbor DEBUG [  6%] Building C object CMakeFiles/lexbor.dir/source/lexbor/css/css.c.o (install_repos.py:38) (lexbor___lexbor)
09/12/2024 05:56:29 PM logger_lexbor___lexbor DEBUG [  6%] Building C object CMakeFiles/lexbor.dir/source/lexbor/css/declaration.c.o (install_repos.py:38) (lexbor___lexbor)
09/12/2024 05:56:29 PM logger_lexbor___lexbor DEBUG [  6%] Building C object CMakeFiles/lexbor.dir/source/lexbor/css/log.c.o (install_repos.py:38) (lexbor___lexbor)
09/12/2024 05:56:29 PM logger_lexbor___lexbor DEBUG [  7%] Building C object CMakeFiles/lexbor.dir/source/lexbor/css/parser.c.o (install_repos.py:38) (lexbor___lexbor)
09/12/2024 05:56:29 PM logger_lexbor___lexbor DEBUG [  7%] Building C object CMakeFiles/lexbor.dir/source/lexbor/css/property.c.o (install_repos.py:38) (lexbor___lexbor)
09/12/2024 05:56:30 PM logger_lexbor___lexbor DEBUG [  7%] Building C object CMakeFiles/lexbor.dir/source/lexbor/css/property/state.c.o (install_repos.py:38) (lexbor___lexbor)
09/12/2024 05:56:31 PM logger_lexbor___lexbor DEBUG [  7%] Building C object CMakeFiles/lexbor.dir/source/lexbor/css/rule.c.o (install_repos.py:38) (lexbor___lexbor)
09/12/2024 05:56:31 PM logger_lexbor___lexbor DEBUG [  8%] Building C object CMakeFiles/lexbor.dir/source/lexbor/css/selectors/pseudo.c.o (install_repos.py:38) (lexbor___lexbor)
09/12/2024 05:56:31 PM logger_lexbor___lexbor DEBUG [  8%] Building C object CMakeFiles/lexbor.dir/source/lexbor/css/selectors/pseudo_state.c.o (install_repos.py:38) (lexbor___lexbor)
09/12/2024 05:56:31 PM logger_lexbor___lexbor DEBUG [  8%] Building C object CMakeFiles/lexbor.dir/source/lexbor/css/selectors/selector.c.o (install_repos.py:38) (lexbor___lexbor)
09/12/2024 05:56:31 PM logger_lexbor___lexbor DEBUG [  8%] Building C object CMakeFiles/lexbor.dir/source/lexbor/css/selectors/selectors.c.o (install_repos.py:38) (lexbor___lexbor)
09/12/2024 05:56:31 PM logger_lexbor___lexbor DEBUG [  9%] Building C object CMakeFiles/lexbor.dir/source/lexbor/css/selectors/state.c.o (install_repos.py:38) (lexbor___lexbor)
09/12/2024 05:56:31 PM logger_lexbor___lexbor DEBUG [  9%] Building C object CMakeFiles/lexbor.dir/source/lexbor/css/state.c.o (install_repos.py:38) (lexbor___lexbor)
09/12/2024 05:56:31 PM logger_lexbor___lexbor DEBUG [  9%] Building C object CMakeFiles/lexbor.dir/source/lexbor/css/stylesheet.c.o (install_repos.py:38) (lexbor___lexbor)
09/12/2024 05:56:32 PM logger_lexbor___lexbor DEBUG [  9%] Building C object CMakeFiles/lexbor.dir/source/lexbor/css/syntax/anb.c.o (install_repos.py:38) (lexbor___lexbor)
09/12/2024 05:56:32 PM logger_lexbor___lexbor DEBUG [ 10%] Building C object CMakeFiles/lexbor.dir/source/lexbor/css/syntax/parser.c.o (install_repos.py:38) (lexbor___lexbor)
09/12/2024 05:56:32 PM logger_lexbor___lexbor DEBUG [ 10%] Building C object CMakeFiles/lexbor.dir/source/lexbor/css/syntax/state.c.o (install_repos.py:38) (lexbor___lexbor)
09/12/2024 05:56:33 PM logger_lexbor___lexbor DEBUG [ 10%] Building C object CMakeFiles/lexbor.dir/source/lexbor/css/syntax/syntax.c.o (install_repos.py:38) (lexbor___lexbor)
09/12/2024 05:56:33 PM logger_lexbor___lexbor DEBUG [ 10%] Building C object CMakeFiles/lexbor.dir/source/lexbor/css/syntax/token.c.o (install_repos.py:38) (lexbor___lexbor)
09/12/2024 05:56:33 PM logger_lexbor___lexbor DEBUG [ 11%] Building C object CMakeFiles/lexbor.dir/source/lexbor/css/syntax/tokenizer.c.o (install_repos.py:38) (lexbor___lexbor)
09/12/2024 05:56:33 PM logger_lexbor___lexbor DEBUG [ 11%] Building C object CMakeFiles/lexbor.dir/source/lexbor/css/syntax/tokenizer/error.c.o (install_repos.py:38) (lexbor___lexbor)
09/12/2024 05:56:33 PM logger_lexbor___lexbor DEBUG [ 11%] Building C object CMakeFiles/lexbor.dir/source/lexbor/css/unit.c.o (install_repos.py:38) (lexbor___lexbor)
09/12/2024 05:56:33 PM logger_lexbor___lexbor DEBUG [ 11%] Building C object CMakeFiles/lexbor.dir/source/lexbor/css/value.c.o (install_repos.py:38) (lexbor___lexbor)
09/12/2024 05:56:33 PM logger_lexbor___lexbor DEBUG [ 12%] Building C object CMakeFiles/lexbor.dir/source/lexbor/dom/collection.c.o (install_repos.py:38) (lexbor___lexbor)
09/12/2024 05:56:33 PM logger_lexbor___lexbor DEBUG [ 12%] Building C object CMakeFiles/lexbor.dir/source/lexbor/dom/exception.c.o (install_repos.py:38) (lexbor___lexbor)
09/12/2024 05:56:33 PM logger_lexbor___lexbor DEBUG [ 12%] Building C object CMakeFiles/lexbor.dir/source/lexbor/dom/interface.c.o (install_repos.py:38) (lexbor___lexbor)
09/12/2024 05:56:33 PM logger_lexbor___lexbor DEBUG [ 12%] Building C object CMakeFiles/lexbor.dir/source/lexbor/dom/interfaces/attr.c.o (install_repos.py:38) (lexbor___lexbor)
09/12/2024 05:56:33 PM logger_lexbor___lexbor DEBUG [ 12%] Building C object CMakeFiles/lexbor.dir/source/lexbor/dom/interfaces/cdata_section.c.o (install_repos.py:38) (lexbor___lexbor)
09/12/2024 05:56:33 PM logger_lexbor___lexbor DEBUG [ 13%] Building C object CMakeFiles/lexbor.dir/source/lexbor/dom/interfaces/character_data.c.o (install_repos.py:38) (lexbor___lexbor)
09/12/2024 05:56:34 PM logger_lexbor___lexbor DEBUG [ 13%] Building C object CMakeFiles/lexbor.dir/source/lexbor/dom/interfaces/comment.c.o (install_repos.py:38) (lexbor___lexbor)
09/12/2024 05:56:34 PM logger_lexbor___lexbor DEBUG [ 13%] Building C object CMakeFiles/lexbor.dir/source/lexbor/dom/interfaces/document.c.o (install_repos.py:38) (lexbor___lexbor)
09/12/2024 05:56:34 PM logger_lexbor___lexbor DEBUG [ 13%] Building C object CMakeFiles/lexbor.dir/source/lexbor/dom/interfaces/document_fragment.c.o (install_repos.py:38) (lexbor___lexbor)
09/12/2024 05:56:34 PM logger_lexbor___lexbor DEBUG [ 14%] Building C object CMakeFiles/lexbor.dir/source/lexbor/dom/interfaces/document_type.c.o (install_repos.py:38) (lexbor___lexbor)
09/12/2024 05:56:34 PM logger_lexbor___lexbor DEBUG [ 14%] Building C object CMakeFiles/lexbor.dir/source/lexbor/dom/interfaces/element.c.o (install_repos.py:38) (lexbor___lexbor)
09/12/2024 05:56:34 PM logger_lexbor___lexbor DEBUG [ 14%] Building C object CMakeFiles/lexbor.dir/source/lexbor/dom/interfaces/event_target.c.o (install_repos.py:38) (lexbor___lexbor)
09/12/2024 05:56:34 PM logger_lexbor___lexbor DEBUG [ 14%] Building C object CMakeFiles/lexbor.dir/source/lexbor/dom/interfaces/node.c.o (install_repos.py:38) (lexbor___lexbor)
09/12/2024 05:56:34 PM logger_lexbor___lexbor DEBUG [ 15%] Building C object CMakeFiles/lexbor.dir/source/lexbor/dom/interfaces/processing_instruction.c.o (install_repos.py:38) (lexbor___lexbor)
09/12/2024 05:56:34 PM logger_lexbor___lexbor DEBUG [ 15%] Building C object CMakeFiles/lexbor.dir/source/lexbor/dom/interfaces/shadow_root.c.o (install_repos.py:38) (lexbor___lexbor)
09/12/2024 05:56:34 PM logger_lexbor___lexbor DEBUG [ 15%] Building C object CMakeFiles/lexbor.dir/source/lexbor/dom/interfaces/text.c.o (install_repos.py:38) (lexbor___lexbor)
09/12/2024 05:56:34 PM logger_lexbor___lexbor DEBUG [ 15%] Building C object CMakeFiles/lexbor.dir/source/lexbor/encoding/big5.c.o (install_repos.py:38) (lexbor___lexbor)
09/12/2024 05:56:35 PM logger_lexbor___lexbor DEBUG [ 16%] Building C object CMakeFiles/lexbor.dir/source/lexbor/encoding/decode.c.o (install_repos.py:38) (lexbor___lexbor)
09/12/2024 05:56:36 PM logger_lexbor___lexbor DEBUG [ 16%] Building C object CMakeFiles/lexbor.dir/source/lexbor/encoding/encode.c.o (install_repos.py:38) (lexbor___lexbor)
09/12/2024 05:56:36 PM logger_lexbor___lexbor DEBUG [ 16%] Building C object CMakeFiles/lexbor.dir/source/lexbor/encoding/encoding.c.o (install_repos.py:38) (lexbor___lexbor)
09/12/2024 05:56:37 PM logger_lexbor___lexbor DEBUG [ 16%] Building C object CMakeFiles/lexbor.dir/source/lexbor/encoding/euc_kr.c.o (install_repos.py:38) (lexbor___lexbor)
09/12/2024 05:56:37 PM logger_lexbor___lexbor DEBUG [ 17%] Building C object CMakeFiles/lexbor.dir/source/lexbor/encoding/gb18030.c.o (install_repos.py:38) (lexbor___lexbor)
09/12/2024 05:56:37 PM logger_lexbor___lexbor DEBUG [ 17%] Building C object CMakeFiles/lexbor.dir/source/lexbor/encoding/iso_2022_jp_katakana.c.o (install_repos.py:38) (lexbor___lexbor)
09/12/2024 05:56:37 PM logger_lexbor___lexbor DEBUG [ 17%] Building C object CMakeFiles/lexbor.dir/source/lexbor/encoding/jis0208.c.o (install_repos.py:38) (lexbor___lexbor)
09/12/2024 05:56:38 PM logger_lexbor___lexbor DEBUG [ 17%] Building C object CMakeFiles/lexbor.dir/source/lexbor/encoding/jis0212.c.o (install_repos.py:38) (lexbor___lexbor)
09/12/2024 05:56:38 PM logger_lexbor___lexbor DEBUG [ 18%] Building C object CMakeFiles/lexbor.dir/source/lexbor/encoding/range.c.o (install_repos.py:38) (lexbor___lexbor)
09/12/2024 05:56:38 PM logger_lexbor___lexbor DEBUG [ 18%] Building C object CMakeFiles/lexbor.dir/source/lexbor/encoding/res.c.o (install_repos.py:38) (lexbor___lexbor)
09/12/2024 05:56:38 PM logger_lexbor___lexbor DEBUG [ 18%] Building C object CMakeFiles/lexbor.dir/source/lexbor/encoding/single.c.o (install_repos.py:38) (lexbor___lexbor)
09/12/2024 05:56:38 PM logger_lexbor___lexbor DEBUG [ 18%] Building C object CMakeFiles/lexbor.dir/source/lexbor/html/encoding.c.o (install_repos.py:38) (lexbor___lexbor)
09/12/2024 05:56:38 PM logger_lexbor___lexbor DEBUG [ 19%] Building C object CMakeFiles/lexbor.dir/source/lexbor/html/interface.c.o (install_repos.py:38) (lexbor___lexbor)
09/12/2024 05:56:38 PM logger_lexbor___lexbor DEBUG [ 19%] Building C object CMakeFiles/lexbor.dir/source/lexbor/html/interfaces/anchor_element.c.o (install_repos.py:38) (lexbor___lexbor)
09/12/2024 05:56:38 PM logger_lexbor___lexbor DEBUG [ 19%] Building C object CMakeFiles/lexbor.dir/source/lexbor/html/interfaces/area_element.c.o (install_repos.py:38) (lexbor___lexbor)
09/12/2024 05:56:38 PM logger_lexbor___lexbor DEBUG [ 19%] Building C object CMakeFiles/lexbor.dir/source/lexbor/html/interfaces/audio_element.c.o (install_repos.py:38) (lexbor___lexbor)
09/12/2024 05:56:38 PM logger_lexbor___lexbor DEBUG [ 20%] Building C object CMakeFiles/lexbor.dir/source/lexbor/html/interfaces/base_element.c.o (install_repos.py:38) (lexbor___lexbor)
09/12/2024 05:56:38 PM logger_lexbor___lexbor DEBUG [ 20%] Building C object CMakeFiles/lexbor.dir/source/lexbor/html/interfaces/body_element.c.o (install_repos.py:38) (lexbor___lexbor)
09/12/2024 05:56:38 PM logger_lexbor___lexbor DEBUG [ 20%] Building C object CMakeFiles/lexbor.dir/source/lexbor/html/interfaces/br_element.c.o (install_repos.py:38) (lexbor___lexbor)
09/12/2024 05:56:38 PM logger_lexbor___lexbor DEBUG [ 20%] Building C object CMakeFiles/lexbor.dir/source/lexbor/html/interfaces/button_element.c.o (install_repos.py:38) (lexbor___lexbor)
09/12/2024 05:56:39 PM logger_lexbor___lexbor DEBUG [ 21%] Building C object CMakeFiles/lexbor.dir/source/lexbor/html/interfaces/canvas_element.c.o (install_repos.py:38) (lexbor___lexbor)
09/12/2024 05:56:39 PM logger_lexbor___lexbor DEBUG [ 21%] Building C object CMakeFiles/lexbor.dir/source/lexbor/html/interfaces/d_list_element.c.o (install_repos.py:38) (lexbor___lexbor)
09/12/2024 05:56:39 PM logger_lexbor___lexbor DEBUG [ 21%] Building C object CMakeFiles/lexbor.dir/source/lexbor/html/interfaces/data_element.c.o (install_repos.py:38) (lexbor___lexbor)
09/12/2024 05:56:39 PM logger_lexbor___lexbor DEBUG [ 21%] Building C object CMakeFiles/lexbor.dir/source/lexbor/html/interfaces/data_list_element.c.o (install_repos.py:38) (lexbor___lexbor)
09/12/2024 05:56:39 PM logger_lexbor___lexbor DEBUG [ 22%] Building C object CMakeFiles/lexbor.dir/source/lexbor/html/interfaces/details_element.c.o (install_repos.py:38) (lexbor___lexbor)
09/12/2024 05:56:39 PM logger_lexbor___lexbor DEBUG [ 22%] Building C object CMakeFiles/lexbor.dir/source/lexbor/html/interfaces/dialog_element.c.o (install_repos.py:38) (lexbor___lexbor)
09/12/2024 05:56:39 PM logger_lexbor___lexbor DEBUG [ 22%] Building C object CMakeFiles/lexbor.dir/source/lexbor/html/interfaces/directory_element.c.o (install_repos.py:38) (lexbor___lexbor)
09/12/2024 05:56:39 PM logger_lexbor___lexbor DEBUG [ 22%] Building C object CMakeFiles/lexbor.dir/source/lexbor/html/interfaces/div_element.c.o (install_repos.py:38) (lexbor___lexbor)
09/12/2024 05:56:39 PM logger_lexbor___lexbor DEBUG [ 23%] Building C object CMakeFiles/lexbor.dir/source/lexbor/html/interfaces/document.c.o (install_repos.py:38) (lexbor___lexbor)
09/12/2024 05:56:39 PM logger_lexbor___lexbor DEBUG [ 23%] Building C object CMakeFiles/lexbor.dir/source/lexbor/html/interfaces/element.c.o (install_repos.py:38) (lexbor___lexbor)
09/12/2024 05:56:39 PM logger_lexbor___lexbor DEBUG [ 23%] Building C object CMakeFiles/lexbor.dir/source/lexbor/html/interfaces/embed_element.c.o (install_repos.py:38) (lexbor___lexbor)
09/12/2024 05:56:39 PM logger_lexbor___lexbor DEBUG [ 23%] Building C object CMakeFiles/lexbor.dir/source/lexbor/html/interfaces/field_set_element.c.o (install_repos.py:38) (lexbor___lexbor)
09/12/2024 05:56:40 PM logger_lexbor___lexbor DEBUG [ 24%] Building C object CMakeFiles/lexbor.dir/source/lexbor/html/interfaces/font_element.c.o (install_repos.py:38) (lexbor___lexbor)
09/12/2024 05:56:40 PM logger_lexbor___lexbor DEBUG [ 24%] Building C object CMakeFiles/lexbor.dir/source/lexbor/html/interfaces/form_element.c.o (install_repos.py:38) (lexbor___lexbor)
09/12/2024 05:56:40 PM logger_lexbor___lexbor DEBUG [ 24%] Building C object CMakeFiles/lexbor.dir/source/lexbor/html/interfaces/frame_element.c.o (install_repos.py:38) (lexbor___lexbor)
09/12/2024 05:56:40 PM logger_lexbor___lexbor DEBUG [ 24%] Building C object CMakeFiles/lexbor.dir/source/lexbor/html/interfaces/frame_set_element.c.o (install_repos.py:38) (lexbor___lexbor)
09/12/2024 05:56:40 PM logger_lexbor___lexbor DEBUG [ 25%] Building C object CMakeFiles/lexbor.dir/source/lexbor/html/interfaces/head_element.c.o (install_repos.py:38) (lexbor___lexbor)
09/12/2024 05:56:40 PM logger_lexbor___lexbor DEBUG [ 25%] Building C object CMakeFiles/lexbor.dir/source/lexbor/html/interfaces/heading_element.c.o (install_repos.py:38) (lexbor___lexbor)
09/12/2024 05:56:40 PM logger_lexbor___lexbor DEBUG [ 25%] Building C object CMakeFiles/lexbor.dir/source/lexbor/html/interfaces/hr_element.c.o (install_repos.py:38) (lexbor___lexbor)
09/12/2024 05:56:40 PM logger_lexbor___lexbor DEBUG [ 25%] Building C object CMakeFiles/lexbor.dir/source/lexbor/html/interfaces/html_element.c.o (install_repos.py:38) (lexbor___lexbor)
09/12/2024 05:56:40 PM logger_lexbor___lexbor DEBUG [ 25%] Building C object CMakeFiles/lexbor.dir/source/lexbor/html/interfaces/iframe_element.c.o (install_repos.py:38) (lexbor___lexbor)
09/12/2024 05:56:40 PM logger_lexbor___lexbor DEBUG [ 26%] Building C object CMakeFiles/lexbor.dir/source/lexbor/html/interfaces/image_element.c.o (install_repos.py:38) (lexbor___lexbor)
09/12/2024 05:56:40 PM logger_lexbor___lexbor DEBUG [ 26%] Building C object CMakeFiles/lexbor.dir/source/lexbor/html/interfaces/input_element.c.o (install_repos.py:38) (lexbor___lexbor)
09/12/2024 05:56:40 PM logger_lexbor___lexbor DEBUG [ 26%] Building C object CMakeFiles/lexbor.dir/source/lexbor/html/interfaces/label_element.c.o (install_repos.py:38) (lexbor___lexbor)
09/12/2024 05:56:40 PM logger_lexbor___lexbor DEBUG [ 26%] Building C object CMakeFiles/lexbor.dir/source/lexbor/html/interfaces/legend_element.c.o (install_repos.py:38) (lexbor___lexbor)
09/12/2024 05:56:40 PM logger_lexbor___lexbor DEBUG [ 27%] Building C object CMakeFiles/lexbor.dir/source/lexbor/html/interfaces/li_element.c.o (install_repos.py:38) (lexbor___lexbor)
09/12/2024 05:56:40 PM logger_lexbor___lexbor DEBUG [ 27%] Building C object CMakeFiles/lexbor.dir/source/lexbor/html/interfaces/link_element.c.o (install_repos.py:38) (lexbor___lexbor)
09/12/2024 05:56:40 PM logger_lexbor___lexbor DEBUG [ 27%] Building C object CMakeFiles/lexbor.dir/source/lexbor/html/interfaces/map_element.c.o (install_repos.py:38) (lexbor___lexbor)
09/12/2024 05:56:40 PM logger_lexbor___lexbor DEBUG [ 27%] Building C object CMakeFiles/lexbor.dir/source/lexbor/html/interfaces/marquee_element.c.o (install_repos.py:38) (lexbor___lexbor)
09/12/2024 05:56:40 PM logger_lexbor___lexbor DEBUG [ 28%] Building C object CMakeFiles/lexbor.dir/source/lexbor/html/interfaces/media_element.c.o (install_repos.py:38) (lexbor___lexbor)
09/12/2024 05:56:41 PM logger_lexbor___lexbor DEBUG [ 28%] Building C object CMakeFiles/lexbor.dir/source/lexbor/html/interfaces/menu_element.c.o (install_repos.py:38) (lexbor___lexbor)
09/12/2024 05:56:41 PM logger_lexbor___lexbor DEBUG [ 28%] Building C object CMakeFiles/lexbor.dir/source/lexbor/html/interfaces/meta_element.c.o (install_repos.py:38) (lexbor___lexbor)
09/12/2024 05:56:41 PM logger_lexbor___lexbor DEBUG [ 28%] Building C object CMakeFiles/lexbor.dir/source/lexbor/html/interfaces/meter_element.c.o (install_repos.py:38) (lexbor___lexbor)
09/12/2024 05:56:41 PM logger_lexbor___lexbor DEBUG [ 29%] Building C object CMakeFiles/lexbor.dir/source/lexbor/html/interfaces/mod_element.c.o (install_repos.py:38) (lexbor___lexbor)
09/12/2024 05:56:41 PM logger_lexbor___lexbor DEBUG [ 29%] Building C object CMakeFiles/lexbor.dir/source/lexbor/html/interfaces/o_list_element.c.o (install_repos.py:38) (lexbor___lexbor)
09/12/2024 05:56:41 PM logger_lexbor___lexbor DEBUG [ 29%] Building C object CMakeFiles/lexbor.dir/source/lexbor/html/interfaces/object_element.c.o (install_repos.py:38) (lexbor___lexbor)
09/12/2024 05:56:41 PM logger_lexbor___lexbor DEBUG [ 29%] Building C object CMakeFiles/lexbor.dir/source/lexbor/html/interfaces/opt_group_element.c.o (install_repos.py:38) (lexbor___lexbor)
09/12/2024 05:56:41 PM logger_lexbor___lexbor DEBUG [ 30%] Building C object CMakeFiles/lexbor.dir/source/lexbor/html/interfaces/option_element.c.o (install_repos.py:38) (lexbor___lexbor)
09/12/2024 05:56:41 PM logger_lexbor___lexbor DEBUG [ 30%] Building C object CMakeFiles/lexbor.dir/source/lexbor/html/interfaces/output_element.c.o (install_repos.py:38) (lexbor___lexbor)
09/12/2024 05:56:41 PM logger_lexbor___lexbor DEBUG [ 30%] Building C object CMakeFiles/lexbor.dir/source/lexbor/html/interfaces/paragraph_element.c.o (install_repos.py:38) (lexbor___lexbor)
09/12/2024 05:56:41 PM logger_lexbor___lexbor DEBUG [ 30%] Building C object CMakeFiles/lexbor.dir/source/lexbor/html/interfaces/param_element.c.o (install_repos.py:38) (lexbor___lexbor)
09/12/2024 05:56:41 PM logger_lexbor___lexbor DEBUG [ 31%] Building C object CMakeFiles/lexbor.dir/source/lexbor/html/interfaces/picture_element.c.o (install_repos.py:38) (lexbor___lexbor)
09/12/2024 05:56:41 PM logger_lexbor___lexbor DEBUG [ 31%] Building C object CMakeFiles/lexbor.dir/source/lexbor/html/interfaces/pre_element.c.o (install_repos.py:38) (lexbor___lexbor)
09/12/2024 05:56:41 PM logger_lexbor___lexbor DEBUG [ 31%] Building C object CMakeFiles/lexbor.dir/source/lexbor/html/interfaces/progress_element.c.o (install_repos.py:38) (lexbor___lexbor)
09/12/2024 05:56:41 PM logger_lexbor___lexbor DEBUG [ 31%] Building C object CMakeFiles/lexbor.dir/source/lexbor/html/interfaces/quote_element.c.o (install_repos.py:38) (lexbor___lexbor)
09/12/2024 05:56:41 PM logger_lexbor___lexbor DEBUG [ 32%] Building C object CMakeFiles/lexbor.dir/source/lexbor/html/interfaces/script_element.c.o (install_repos.py:38) (lexbor___lexbor)
09/12/2024 05:56:41 PM logger_lexbor___lexbor DEBUG [ 32%] Building C object CMakeFiles/lexbor.dir/source/lexbor/html/interfaces/select_element.c.o (install_repos.py:38) (lexbor___lexbor)
09/12/2024 05:56:42 PM logger_lexbor___lexbor DEBUG [ 32%] Building C object CMakeFiles/lexbor.dir/source/lexbor/html/interfaces/slot_element.c.o (install_repos.py:38) (lexbor___lexbor)
09/12/2024 05:56:42 PM logger_lexbor___lexbor DEBUG [ 32%] Building C object CMakeFiles/lexbor.dir/source/lexbor/html/interfaces/source_element.c.o (install_repos.py:38) (lexbor___lexbor)
09/12/2024 05:56:42 PM logger_lexbor___lexbor DEBUG [ 33%] Building C object CMakeFiles/lexbor.dir/source/lexbor/html/interfaces/span_element.c.o (install_repos.py:38) (lexbor___lexbor)
09/12/2024 05:56:42 PM logger_lexbor___lexbor DEBUG [ 33%] Building C object CMakeFiles/lexbor.dir/source/lexbor/html/interfaces/style_element.c.o (install_repos.py:38) (lexbor___lexbor)
09/12/2024 05:56:42 PM logger_lexbor___lexbor DEBUG [ 33%] Building C object CMakeFiles/lexbor.dir/source/lexbor/html/interfaces/table_caption_element.c.o (install_repos.py:38) (lexbor___lexbor)
09/12/2024 05:56:42 PM logger_lexbor___lexbor DEBUG [ 33%] Building C object CMakeFiles/lexbor.dir/source/lexbor/html/interfaces/table_cell_element.c.o (install_repos.py:38) (lexbor___lexbor)
09/12/2024 05:56:42 PM logger_lexbor___lexbor DEBUG [ 34%] Building C object CMakeFiles/lexbor.dir/source/lexbor/html/interfaces/table_col_element.c.o (install_repos.py:38) (lexbor___lexbor)
09/12/2024 05:56:42 PM logger_lexbor___lexbor DEBUG [ 34%] Building C object CMakeFiles/lexbor.dir/source/lexbor/html/interfaces/table_element.c.o (install_repos.py:38) (lexbor___lexbor)
09/12/2024 05:56:42 PM logger_lexbor___lexbor DEBUG [ 34%] Building C object CMakeFiles/lexbor.dir/source/lexbor/html/interfaces/table_row_element.c.o (install_repos.py:38) (lexbor___lexbor)
09/12/2024 05:56:42 PM logger_lexbor___lexbor DEBUG [ 34%] Building C object CMakeFiles/lexbor.dir/source/lexbor/html/interfaces/table_section_element.c.o (install_repos.py:38) (lexbor___lexbor)
09/12/2024 05:56:42 PM logger_lexbor___lexbor DEBUG [ 35%] Building C object CMakeFiles/lexbor.dir/source/lexbor/html/interfaces/template_element.c.o (install_repos.py:38) (lexbor___lexbor)
09/12/2024 05:56:42 PM logger_lexbor___lexbor DEBUG [ 35%] Building C object CMakeFiles/lexbor.dir/source/lexbor/html/interfaces/text_area_element.c.o (install_repos.py:38) (lexbor___lexbor)
09/12/2024 05:56:42 PM logger_lexbor___lexbor DEBUG [ 35%] Building C object CMakeFiles/lexbor.dir/source/lexbor/html/interfaces/time_element.c.o (install_repos.py:38) (lexbor___lexbor)
09/12/2024 05:56:42 PM logger_lexbor___lexbor DEBUG [ 35%] Building C object CMakeFiles/lexbor.dir/source/lexbor/html/interfaces/title_element.c.o (install_repos.py:38) (lexbor___lexbor)
09/12/2024 05:56:42 PM logger_lexbor___lexbor DEBUG [ 36%] Building C object CMakeFiles/lexbor.dir/source/lexbor/html/interfaces/track_element.c.o (install_repos.py:38) (lexbor___lexbor)
09/12/2024 05:56:42 PM logger_lexbor___lexbor DEBUG [ 36%] Building C object CMakeFiles/lexbor.dir/source/lexbor/html/interfaces/u_list_element.c.o (install_repos.py:38) (lexbor___lexbor)
09/12/2024 05:56:42 PM logger_lexbor___lexbor DEBUG [ 36%] Building C object CMakeFiles/lexbor.dir/source/lexbor/html/interfaces/unknown_element.c.o (install_repos.py:38) (lexbor___lexbor)
09/12/2024 05:56:42 PM logger_lexbor___lexbor DEBUG [ 36%] Building C object CMakeFiles/lexbor.dir/source/lexbor/html/interfaces/video_element.c.o (install_repos.py:38) (lexbor___lexbor)
09/12/2024 05:56:43 PM logger_lexbor___lexbor DEBUG [ 37%] Building C object CMakeFiles/lexbor.dir/source/lexbor/html/interfaces/window.c.o (install_repos.py:38) (lexbor___lexbor)
09/12/2024 05:56:43 PM logger_lexbor___lexbor DEBUG [ 37%] Building C object CMakeFiles/lexbor.dir/source/lexbor/html/node.c.o (install_repos.py:38) (lexbor___lexbor)
09/12/2024 05:56:43 PM logger_lexbor___lexbor DEBUG [ 37%] Building C object CMakeFiles/lexbor.dir/source/lexbor/html/parser.c.o (install_repos.py:38) (lexbor___lexbor)
09/12/2024 05:56:43 PM logger_lexbor___lexbor DEBUG [ 37%] Building C object CMakeFiles/lexbor.dir/source/lexbor/html/serialize.c.o (install_repos.py:38) (lexbor___lexbor)
09/12/2024 05:56:43 PM logger_lexbor___lexbor DEBUG [ 37%] Building C object CMakeFiles/lexbor.dir/source/lexbor/html/style.c.o (install_repos.py:38) (lexbor___lexbor)
09/12/2024 05:56:43 PM logger_lexbor___lexbor DEBUG [ 38%] Building C object CMakeFiles/lexbor.dir/source/lexbor/html/token.c.o (install_repos.py:38) (lexbor___lexbor)
09/12/2024 05:56:43 PM logger_lexbor___lexbor DEBUG [ 38%] Building C object CMakeFiles/lexbor.dir/source/lexbor/html/token_attr.c.o (install_repos.py:38) (lexbor___lexbor)
09/12/2024 05:56:43 PM logger_lexbor___lexbor DEBUG [ 38%] Building C object CMakeFiles/lexbor.dir/source/lexbor/html/tokenizer.c.o (install_repos.py:38) (lexbor___lexbor)
09/12/2024 05:56:43 PM logger_lexbor___lexbor DEBUG [ 38%] Building C object CMakeFiles/lexbor.dir/source/lexbor/html/tokenizer/error.c.o (install_repos.py:38) (lexbor___lexbor)
09/12/2024 05:56:43 PM logger_lexbor___lexbor DEBUG [ 39%] Building C object CMakeFiles/lexbor.dir/source/lexbor/html/tokenizer/state.c.o (install_repos.py:38) (lexbor___lexbor)
09/12/2024 05:56:44 PM logger_lexbor___lexbor DEBUG [ 39%] Building C object CMakeFiles/lexbor.dir/source/lexbor/html/tokenizer/state_comment.c.o (install_repos.py:38) (lexbor___lexbor)
09/12/2024 05:56:44 PM logger_lexbor___lexbor DEBUG [ 39%] Building C object CMakeFiles/lexbor.dir/source/lexbor/html/tokenizer/state_doctype.c.o (install_repos.py:38) (lexbor___lexbor)
09/12/2024 05:56:45 PM logger_lexbor___lexbor DEBUG [ 39%] Building C object CMakeFiles/lexbor.dir/source/lexbor/html/tokenizer/state_rawtext.c.o (install_repos.py:38) (lexbor___lexbor)
09/12/2024 05:56:45 PM logger_lexbor___lexbor DEBUG [ 40%] Building C object CMakeFiles/lexbor.dir/source/lexbor/html/tokenizer/state_rcdata.c.o (install_repos.py:38) (lexbor___lexbor)
09/12/2024 05:56:45 PM logger_lexbor___lexbor DEBUG [ 40%] Building C object CMakeFiles/lexbor.dir/source/lexbor/html/tokenizer/state_script.c.o (install_repos.py:38) (lexbor___lexbor)
09/12/2024 05:56:45 PM logger_lexbor___lexbor DEBUG [ 40%] Building C object CMakeFiles/lexbor.dir/source/lexbor/html/tree.c.o (install_repos.py:38) (lexbor___lexbor)
09/12/2024 05:56:46 PM logger_lexbor___lexbor DEBUG [ 40%] Building C object CMakeFiles/lexbor.dir/source/lexbor/html/tree/active_formatting.c.o (install_repos.py:38) (lexbor___lexbor)
09/12/2024 05:56:46 PM logger_lexbor___lexbor DEBUG [ 41%] Building C object CMakeFiles/lexbor.dir/source/lexbor/html/tree/error.c.o (install_repos.py:38) (lexbor___lexbor)
09/12/2024 05:56:46 PM logger_lexbor___lexbor DEBUG [ 41%] Building C object CMakeFiles/lexbor.dir/source/lexbor/html/tree/insertion_mode/after_after_body.c.o (install_repos.py:38) (lexbor___lexbor)
09/12/2024 05:56:46 PM logger_lexbor___lexbor DEBUG [ 41%] Building C object CMakeFiles/lexbor.dir/source/lexbor/html/tree/insertion_mode/after_after_frameset.c.o (install_repos.py:38) (lexbor___lexbor)
09/12/2024 05:56:46 PM logger_lexbor___lexbor DEBUG [ 41%] Building C object CMakeFiles/lexbor.dir/source/lexbor/html/tree/insertion_mode/after_body.c.o (install_repos.py:38) (lexbor___lexbor)
09/12/2024 05:56:46 PM logger_lexbor___lexbor DEBUG [ 42%] Building C object CMakeFiles/lexbor.dir/source/lexbor/html/tree/insertion_mode/after_frameset.c.o (install_repos.py:38) (lexbor___lexbor)
09/12/2024 05:56:46 PM logger_lexbor___lexbor DEBUG [ 42%] Building C object CMakeFiles/lexbor.dir/source/lexbor/html/tree/insertion_mode/after_head.c.o (install_repos.py:38) (lexbor___lexbor)
09/12/2024 05:56:46 PM logger_lexbor___lexbor DEBUG [ 42%] Building C object CMakeFiles/lexbor.dir/source/lexbor/html/tree/insertion_mode/before_head.c.o (install_repos.py:38) (lexbor___lexbor)
09/12/2024 05:56:46 PM logger_lexbor___lexbor DEBUG [ 42%] Building C object CMakeFiles/lexbor.dir/source/lexbor/html/tree/insertion_mode/before_html.c.o (install_repos.py:38) (lexbor___lexbor)
09/12/2024 05:56:46 PM logger_lexbor___lexbor DEBUG [ 43%] Building C object CMakeFiles/lexbor.dir/source/lexbor/html/tree/insertion_mode/foreign_content.c.o (install_repos.py:38) (lexbor___lexbor)
09/12/2024 05:56:46 PM logger_lexbor___lexbor DEBUG [ 43%] Building C object CMakeFiles/lexbor.dir/source/lexbor/html/tree/insertion_mode/in_body.c.o (install_repos.py:38) (lexbor___lexbor)
09/12/2024 05:56:47 PM logger_lexbor___lexbor DEBUG [ 43%] Building C object CMakeFiles/lexbor.dir/source/lexbor/html/tree/insertion_mode/in_caption.c.o (install_repos.py:38) (lexbor___lexbor)
09/12/2024 05:56:47 PM logger_lexbor___lexbor DEBUG [ 43%] Building C object CMakeFiles/lexbor.dir/source/lexbor/html/tree/insertion_mode/in_cell.c.o (install_repos.py:38) (lexbor___lexbor)
09/12/2024 05:56:47 PM logger_lexbor___lexbor DEBUG [ 44%] Building C object CMakeFiles/lexbor.dir/source/lexbor/html/tree/insertion_mode/in_column_group.c.o (install_repos.py:38) (lexbor___lexbor)
09/12/2024 05:56:47 PM logger_lexbor___lexbor DEBUG [ 44%] Building C object CMakeFiles/lexbor.dir/source/lexbor/html/tree/insertion_mode/in_frameset.c.o (install_repos.py:38) (lexbor___lexbor)
09/12/2024 05:56:47 PM logger_lexbor___lexbor DEBUG [ 44%] Building C object CMakeFiles/lexbor.dir/source/lexbor/html/tree/insertion_mode/in_head.c.o (install_repos.py:38) (lexbor___lexbor)
09/12/2024 05:56:47 PM logger_lexbor___lexbor DEBUG [ 44%] Building C object CMakeFiles/lexbor.dir/source/lexbor/html/tree/insertion_mode/in_head_noscript.c.o (install_repos.py:38) (lexbor___lexbor)
09/12/2024 05:56:47 PM logger_lexbor___lexbor DEBUG [ 45%] Building C object CMakeFiles/lexbor.dir/source/lexbor/html/tree/insertion_mode/in_row.c.o (install_repos.py:38) (lexbor___lexbor)
09/12/2024 05:56:47 PM logger_lexbor___lexbor DEBUG [ 45%] Building C object CMakeFiles/lexbor.dir/source/lexbor/html/tree/insertion_mode/in_select.c.o (install_repos.py:38) (lexbor___lexbor)
09/12/2024 05:56:47 PM logger_lexbor___lexbor DEBUG [ 45%] Building C object CMakeFiles/lexbor.dir/source/lexbor/html/tree/insertion_mode/in_select_in_table.c.o (install_repos.py:38) (lexbor___lexbor)
09/12/2024 05:56:47 PM logger_lexbor___lexbor DEBUG [ 45%] Building C object CMakeFiles/lexbor.dir/source/lexbor/html/tree/insertion_mode/in_table.c.o (install_repos.py:38) (lexbor___lexbor)
09/12/2024 05:56:47 PM logger_lexbor___lexbor DEBUG [ 46%] Building C object CMakeFiles/lexbor.dir/source/lexbor/html/tree/insertion_mode/in_table_body.c.o (install_repos.py:38) (lexbor___lexbor)
09/12/2024 05:56:47 PM logger_lexbor___lexbor DEBUG [ 46%] Building C object CMakeFiles/lexbor.dir/source/lexbor/html/tree/insertion_mode/in_table_text.c.o (install_repos.py:38) (lexbor___lexbor)
09/12/2024 05:56:48 PM logger_lexbor___lexbor DEBUG [ 46%] Building C object CMakeFiles/lexbor.dir/source/lexbor/html/tree/insertion_mode/in_template.c.o (install_repos.py:38) (lexbor___lexbor)
09/12/2024 05:56:48 PM logger_lexbor___lexbor DEBUG [ 46%] Building C object CMakeFiles/lexbor.dir/source/lexbor/html/tree/insertion_mode/initial.c.o (install_repos.py:38) (lexbor___lexbor)
09/12/2024 05:56:48 PM logger_lexbor___lexbor DEBUG [ 47%] Building C object CMakeFiles/lexbor.dir/source/lexbor/html/tree/insertion_mode/text.c.o (install_repos.py:38) (lexbor___lexbor)
09/12/2024 05:56:48 PM logger_lexbor___lexbor DEBUG [ 47%] Building C object CMakeFiles/lexbor.dir/source/lexbor/html/tree/open_elements.c.o (install_repos.py:38) (lexbor___lexbor)
09/12/2024 05:56:48 PM logger_lexbor___lexbor DEBUG [ 47%] Building C object CMakeFiles/lexbor.dir/source/lexbor/html/tree/template_insertion.c.o (install_repos.py:38) (lexbor___lexbor)
09/12/2024 05:56:48 PM logger_lexbor___lexbor DEBUG [ 47%] Building C object CMakeFiles/lexbor.dir/source/lexbor/ns/ns.c.o (install_repos.py:38) (lexbor___lexbor)
09/12/2024 05:56:48 PM logger_lexbor___lexbor DEBUG [ 48%] Building C object CMakeFiles/lexbor.dir/source/lexbor/punycode/punycode.c.o (install_repos.py:38) (lexbor___lexbor)
09/12/2024 05:56:48 PM logger_lexbor___lexbor DEBUG [ 48%] Building C object CMakeFiles/lexbor.dir/source/lexbor/selectors/selectors.c.o (install_repos.py:38) (lexbor___lexbor)
09/12/2024 05:56:48 PM logger_lexbor___lexbor DEBUG [ 48%] Building C object CMakeFiles/lexbor.dir/source/lexbor/tag/tag.c.o (install_repos.py:38) (lexbor___lexbor)
09/12/2024 05:56:49 PM logger_lexbor___lexbor DEBUG [ 48%] Building C object CMakeFiles/lexbor.dir/source/lexbor/unicode/idna.c.o (install_repos.py:38) (lexbor___lexbor)
09/12/2024 05:56:49 PM logger_lexbor___lexbor DEBUG [ 49%] Building C object CMakeFiles/lexbor.dir/source/lexbor/unicode/unicode.c.o (install_repos.py:38) (lexbor___lexbor)
09/12/2024 05:56:51 PM logger_lexbor___lexbor DEBUG [ 49%] Building C object CMakeFiles/lexbor.dir/source/lexbor/url/url.c.o (install_repos.py:38) (lexbor___lexbor)
09/12/2024 05:56:52 PM logger_lexbor___lexbor DEBUG [ 49%] Building C object CMakeFiles/lexbor.dir/source/lexbor/utils/http.c.o (install_repos.py:38) (lexbor___lexbor)
09/12/2024 05:56:52 PM logger_lexbor___lexbor DEBUG [ 49%] Building C object CMakeFiles/lexbor.dir/source/lexbor/utils/warc.c.o (install_repos.py:38) (lexbor___lexbor)
09/12/2024 05:56:52 PM logger_lexbor___lexbor DEBUG [ 50%] Linking C shared library liblexbor.so (install_repos.py:38) (lexbor___lexbor)
09/12/2024 05:56:52 PM logger_lexbor___lexbor DEBUG [ 50%] Built target lexbor (install_repos.py:38) (lexbor___lexbor)
09/12/2024 05:56:52 PM logger_lexbor___lexbor DEBUG [ 50%] Building C object CMakeFiles/lexbor_static.dir/source/lexbor/core/array.c.o (install_repos.py:38) (lexbor___lexbor)
09/12/2024 05:56:53 PM logger_lexbor___lexbor DEBUG [ 50%] Building C object CMakeFiles/lexbor_static.dir/source/lexbor/core/array_obj.c.o (install_repos.py:38) (lexbor___lexbor)
09/12/2024 05:56:53 PM logger_lexbor___lexbor DEBUG [ 50%] Building C object CMakeFiles/lexbor_static.dir/source/lexbor/core/avl.c.o (install_repos.py:38) (lexbor___lexbor)
09/12/2024 05:56:53 PM logger_lexbor___lexbor DEBUG [ 50%] Building C object CMakeFiles/lexbor_static.dir/source/lexbor/core/bst.c.o (install_repos.py:38) (lexbor___lexbor)
09/12/2024 05:56:53 PM logger_lexbor___lexbor DEBUG [ 51%] Building C object CMakeFiles/lexbor_static.dir/source/lexbor/core/bst_map.c.o (install_repos.py:38) (lexbor___lexbor)
09/12/2024 05:56:53 PM logger_lexbor___lexbor DEBUG [ 51%] Building C object CMakeFiles/lexbor_static.dir/source/lexbor/core/conv.c.o (install_repos.py:38) (lexbor___lexbor)
09/12/2024 05:56:53 PM logger_lexbor___lexbor DEBUG [ 51%] Building C object CMakeFiles/lexbor_static.dir/source/lexbor/core/diyfp.c.o (install_repos.py:38) (lexbor___lexbor)
09/12/2024 05:56:53 PM logger_lexbor___lexbor DEBUG [ 51%] Building C object CMakeFiles/lexbor_static.dir/source/lexbor/core/dobject.c.o (install_repos.py:38) (lexbor___lexbor)
09/12/2024 05:56:53 PM logger_lexbor___lexbor DEBUG [ 52%] Building C object CMakeFiles/lexbor_static.dir/source/lexbor/core/dtoa.c.o (install_repos.py:38) (lexbor___lexbor)
09/12/2024 05:56:53 PM logger_lexbor___lexbor DEBUG [ 52%] Building C object CMakeFiles/lexbor_static.dir/source/lexbor/core/hash.c.o (install_repos.py:38) (lexbor___lexbor)
09/12/2024 05:56:53 PM logger_lexbor___lexbor DEBUG [ 52%] Building C object CMakeFiles/lexbor_static.dir/source/lexbor/core/in.c.o (install_repos.py:38) (lexbor___lexbor)
09/12/2024 05:56:53 PM logger_lexbor___lexbor DEBUG [ 52%] Building C object CMakeFiles/lexbor_static.dir/source/lexbor/core/mem.c.o (install_repos.py:38) (lexbor___lexbor)
09/12/2024 05:56:53 PM logger_lexbor___lexbor DEBUG [ 53%] Building C object CMakeFiles/lexbor_static.dir/source/lexbor/core/mraw.c.o (install_repos.py:38) (lexbor___lexbor)
09/12/2024 05:56:54 PM logger_lexbor___lexbor DEBUG [ 53%] Building C object CMakeFiles/lexbor_static.dir/source/lexbor/core/plog.c.o (install_repos.py:38) (lexbor___lexbor)
09/12/2024 05:56:54 PM logger_lexbor___lexbor DEBUG [ 53%] Building C object CMakeFiles/lexbor_static.dir/source/lexbor/core/print.c.o (install_repos.py:38) (lexbor___lexbor)
09/12/2024 05:56:54 PM logger_lexbor___lexbor DEBUG [ 53%] Building C object CMakeFiles/lexbor_static.dir/source/lexbor/core/serialize.c.o (install_repos.py:38) (lexbor___lexbor)
09/12/2024 05:56:54 PM logger_lexbor___lexbor DEBUG [ 54%] Building C object CMakeFiles/lexbor_static.dir/source/lexbor/core/shs.c.o (install_repos.py:38) (lexbor___lexbor)
09/12/2024 05:56:54 PM logger_lexbor___lexbor DEBUG [ 54%] Building C object CMakeFiles/lexbor_static.dir/source/lexbor/core/str.c.o (install_repos.py:38) (lexbor___lexbor)
09/12/2024 05:56:54 PM logger_lexbor___lexbor DEBUG [ 54%] Building C object CMakeFiles/lexbor_static.dir/source/lexbor/core/strtod.c.o (install_repos.py:38) (lexbor___lexbor)
09/12/2024 05:56:54 PM logger_lexbor___lexbor DEBUG [ 54%] Building C object CMakeFiles/lexbor_static.dir/source/lexbor/core/utils.c.o (install_repos.py:38) (lexbor___lexbor)
09/12/2024 05:56:54 PM logger_lexbor___lexbor DEBUG [ 55%] Building C object CMakeFiles/lexbor_static.dir/source/lexbor/ports/posix/lexbor/core/fs.c.o (install_repos.py:38) (lexbor___lexbor)
09/12/2024 05:56:54 PM logger_lexbor___lexbor DEBUG [ 55%] Building C object CMakeFiles/lexbor_static.dir/source/lexbor/ports/posix/lexbor/core/memory.c.o (install_repos.py:38) (lexbor___lexbor)
09/12/2024 05:56:54 PM logger_lexbor___lexbor DEBUG [ 55%] Building C object CMakeFiles/lexbor_static.dir/source/lexbor/ports/posix/lexbor/core/perf.c.o (install_repos.py:38) (lexbor___lexbor)
09/12/2024 05:56:54 PM logger_lexbor___lexbor DEBUG [ 55%] Building C object CMakeFiles/lexbor_static.dir/source/lexbor/css/at_rule.c.o (install_repos.py:38) (lexbor___lexbor)
09/12/2024 05:56:54 PM logger_lexbor___lexbor DEBUG [ 56%] Building C object CMakeFiles/lexbor_static.dir/source/lexbor/css/at_rule/state.c.o (install_repos.py:38) (lexbor___lexbor)
09/12/2024 05:56:54 PM logger_lexbor___lexbor DEBUG [ 56%] Building C object CMakeFiles/lexbor_static.dir/source/lexbor/css/css.c.o (install_repos.py:38) (lexbor___lexbor)
09/12/2024 05:56:54 PM logger_lexbor___lexbor DEBUG [ 56%] Building C object CMakeFiles/lexbor_static.dir/source/lexbor/css/declaration.c.o (install_repos.py:38) (lexbor___lexbor)
09/12/2024 05:56:55 PM logger_lexbor___lexbor DEBUG [ 56%] Building C object CMakeFiles/lexbor_static.dir/source/lexbor/css/log.c.o (install_repos.py:38) (lexbor___lexbor)
09/12/2024 05:56:55 PM logger_lexbor___lexbor DEBUG [ 57%] Building C object CMakeFiles/lexbor_static.dir/source/lexbor/css/parser.c.o (install_repos.py:38) (lexbor___lexbor)
09/12/2024 05:56:55 PM logger_lexbor___lexbor DEBUG [ 57%] Building C object CMakeFiles/lexbor_static.dir/source/lexbor/css/property.c.o (install_repos.py:38) (lexbor___lexbor)
09/12/2024 05:56:55 PM logger_lexbor___lexbor DEBUG [ 57%] Building C object CMakeFiles/lexbor_static.dir/source/lexbor/css/property/state.c.o (install_repos.py:38) (lexbor___lexbor)
09/12/2024 05:56:56 PM logger_lexbor___lexbor DEBUG [ 57%] Building C object CMakeFiles/lexbor_static.dir/source/lexbor/css/rule.c.o (install_repos.py:38) (lexbor___lexbor)
09/12/2024 05:56:56 PM logger_lexbor___lexbor DEBUG [ 58%] Building C object CMakeFiles/lexbor_static.dir/source/lexbor/css/selectors/pseudo.c.o (install_repos.py:38) (lexbor___lexbor)
09/12/2024 05:56:56 PM logger_lexbor___lexbor DEBUG [ 58%] Building C object CMakeFiles/lexbor_static.dir/source/lexbor/css/selectors/pseudo_state.c.o (install_repos.py:38) (lexbor___lexbor)
09/12/2024 05:56:56 PM logger_lexbor___lexbor DEBUG [ 58%] Building C object CMakeFiles/lexbor_static.dir/source/lexbor/css/selectors/selector.c.o (install_repos.py:38) (lexbor___lexbor)
09/12/2024 05:56:56 PM logger_lexbor___lexbor DEBUG [ 58%] Building C object CMakeFiles/lexbor_static.dir/source/lexbor/css/selectors/selectors.c.o (install_repos.py:38) (lexbor___lexbor)
09/12/2024 05:56:56 PM logger_lexbor___lexbor DEBUG [ 59%] Building C object CMakeFiles/lexbor_static.dir/source/lexbor/css/selectors/state.c.o (install_repos.py:38) (lexbor___lexbor)
09/12/2024 05:56:57 PM logger_lexbor___lexbor DEBUG [ 59%] Building C object CMakeFiles/lexbor_static.dir/source/lexbor/css/state.c.o (install_repos.py:38) (lexbor___lexbor)
09/12/2024 05:56:57 PM logger_lexbor___lexbor DEBUG [ 59%] Building C object CMakeFiles/lexbor_static.dir/source/lexbor/css/stylesheet.c.o (install_repos.py:38) (lexbor___lexbor)
09/12/2024 05:56:57 PM logger_lexbor___lexbor DEBUG [ 59%] Building C object CMakeFiles/lexbor_static.dir/source/lexbor/css/syntax/anb.c.o (install_repos.py:38) (lexbor___lexbor)
09/12/2024 05:56:57 PM logger_lexbor___lexbor DEBUG [ 60%] Building C object CMakeFiles/lexbor_static.dir/source/lexbor/css/syntax/parser.c.o (install_repos.py:38) (lexbor___lexbor)
09/12/2024 05:56:57 PM logger_lexbor___lexbor DEBUG [ 60%] Building C object CMakeFiles/lexbor_static.dir/source/lexbor/css/syntax/state.c.o (install_repos.py:38) (lexbor___lexbor)
09/12/2024 05:56:58 PM logger_lexbor___lexbor DEBUG [ 60%] Building C object CMakeFiles/lexbor_static.dir/source/lexbor/css/syntax/syntax.c.o (install_repos.py:38) (lexbor___lexbor)
09/12/2024 05:56:58 PM logger_lexbor___lexbor DEBUG [ 60%] Building C object CMakeFiles/lexbor_static.dir/source/lexbor/css/syntax/token.c.o (install_repos.py:38) (lexbor___lexbor)
09/12/2024 05:56:58 PM logger_lexbor___lexbor DEBUG [ 61%] Building C object CMakeFiles/lexbor_static.dir/source/lexbor/css/syntax/tokenizer.c.o (install_repos.py:38) (lexbor___lexbor)
09/12/2024 05:56:58 PM logger_lexbor___lexbor DEBUG [ 61%] Building C object CMakeFiles/lexbor_static.dir/source/lexbor/css/syntax/tokenizer/error.c.o (install_repos.py:38) (lexbor___lexbor)
09/12/2024 05:56:58 PM logger_lexbor___lexbor DEBUG [ 61%] Building C object CMakeFiles/lexbor_static.dir/source/lexbor/css/unit.c.o (install_repos.py:38) (lexbor___lexbor)
09/12/2024 05:56:58 PM logger_lexbor___lexbor DEBUG [ 61%] Building C object CMakeFiles/lexbor_static.dir/source/lexbor/css/value.c.o (install_repos.py:38) (lexbor___lexbor)
09/12/2024 05:56:58 PM logger_lexbor___lexbor DEBUG [ 62%] Building C object CMakeFiles/lexbor_static.dir/source/lexbor/dom/collection.c.o (install_repos.py:38) (lexbor___lexbor)
09/12/2024 05:56:59 PM logger_lexbor___lexbor DEBUG [ 62%] Building C object CMakeFiles/lexbor_static.dir/source/lexbor/dom/exception.c.o (install_repos.py:38) (lexbor___lexbor)
09/12/2024 05:56:59 PM logger_lexbor___lexbor DEBUG [ 62%] Building C object CMakeFiles/lexbor_static.dir/source/lexbor/dom/interface.c.o (install_repos.py:38) (lexbor___lexbor)
09/12/2024 05:56:59 PM logger_lexbor___lexbor DEBUG [ 62%] Building C object CMakeFiles/lexbor_static.dir/source/lexbor/dom/interfaces/attr.c.o (install_repos.py:38) (lexbor___lexbor)
09/12/2024 05:56:59 PM logger_lexbor___lexbor DEBUG [ 62%] Building C object CMakeFiles/lexbor_static.dir/source/lexbor/dom/interfaces/cdata_section.c.o (install_repos.py:38) (lexbor___lexbor)
09/12/2024 05:56:59 PM logger_lexbor___lexbor DEBUG [ 63%] Building C object CMakeFiles/lexbor_static.dir/source/lexbor/dom/interfaces/character_data.c.o (install_repos.py:38) (lexbor___lexbor)
09/12/2024 05:56:59 PM logger_lexbor___lexbor DEBUG [ 63%] Building C object CMakeFiles/lexbor_static.dir/source/lexbor/dom/interfaces/comment.c.o (install_repos.py:38) (lexbor___lexbor)
09/12/2024 05:56:59 PM logger_lexbor___lexbor DEBUG [ 63%] Building C object CMakeFiles/lexbor_static.dir/source/lexbor/dom/interfaces/document.c.o (install_repos.py:38) (lexbor___lexbor)
09/12/2024 05:56:59 PM logger_lexbor___lexbor DEBUG [ 63%] Building C object CMakeFiles/lexbor_static.dir/source/lexbor/dom/interfaces/document_fragment.c.o (install_repos.py:38) (lexbor___lexbor)
09/12/2024 05:56:59 PM logger_lexbor___lexbor DEBUG [ 64%] Building C object CMakeFiles/lexbor_static.dir/source/lexbor/dom/interfaces/document_type.c.o (install_repos.py:38) (lexbor___lexbor)
09/12/2024 05:56:59 PM logger_lexbor___lexbor DEBUG [ 64%] Building C object CMakeFiles/lexbor_static.dir/source/lexbor/dom/interfaces/element.c.o (install_repos.py:38) (lexbor___lexbor)
09/12/2024 05:56:59 PM logger_lexbor___lexbor DEBUG [ 64%] Building C object CMakeFiles/lexbor_static.dir/source/lexbor/dom/interfaces/event_target.c.o (install_repos.py:38) (lexbor___lexbor)
09/12/2024 05:56:59 PM logger_lexbor___lexbor DEBUG [ 64%] Building C object CMakeFiles/lexbor_static.dir/source/lexbor/dom/interfaces/node.c.o (install_repos.py:38) (lexbor___lexbor)
09/12/2024 05:57:00 PM logger_lexbor___lexbor DEBUG [ 65%] Building C object CMakeFiles/lexbor_static.dir/source/lexbor/dom/interfaces/processing_instruction.c.o (install_repos.py:38) (lexbor___lexbor)
09/12/2024 05:57:00 PM logger_lexbor___lexbor DEBUG [ 65%] Building C object CMakeFiles/lexbor_static.dir/source/lexbor/dom/interfaces/shadow_root.c.o (install_repos.py:38) (lexbor___lexbor)
09/12/2024 05:57:00 PM logger_lexbor___lexbor DEBUG [ 65%] Building C object CMakeFiles/lexbor_static.dir/source/lexbor/dom/interfaces/text.c.o (install_repos.py:38) (lexbor___lexbor)
09/12/2024 05:57:00 PM logger_lexbor___lexbor DEBUG [ 65%] Building C object CMakeFiles/lexbor_static.dir/source/lexbor/encoding/big5.c.o (install_repos.py:38) (lexbor___lexbor)
09/12/2024 05:57:00 PM logger_lexbor___lexbor DEBUG [ 66%] Building C object CMakeFiles/lexbor_static.dir/source/lexbor/encoding/decode.c.o (install_repos.py:38) (lexbor___lexbor)
09/12/2024 05:57:01 PM logger_lexbor___lexbor DEBUG [ 66%] Building C object CMakeFiles/lexbor_static.dir/source/lexbor/encoding/encode.c.o (install_repos.py:38) (lexbor___lexbor)
09/12/2024 05:57:02 PM logger_lexbor___lexbor DEBUG [ 66%] Building C object CMakeFiles/lexbor_static.dir/source/lexbor/encoding/encoding.c.o (install_repos.py:38) (lexbor___lexbor)
09/12/2024 05:57:02 PM logger_lexbor___lexbor DEBUG [ 66%] Building C object CMakeFiles/lexbor_static.dir/source/lexbor/encoding/euc_kr.c.o (install_repos.py:38) (lexbor___lexbor)
09/12/2024 05:57:02 PM logger_lexbor___lexbor DEBUG [ 67%] Building C object CMakeFiles/lexbor_static.dir/source/lexbor/encoding/gb18030.c.o (install_repos.py:38) (lexbor___lexbor)
09/12/2024 05:57:03 PM logger_lexbor___lexbor DEBUG [ 67%] Building C object CMakeFiles/lexbor_static.dir/source/lexbor/encoding/iso_2022_jp_katakana.c.o (install_repos.py:38) (lexbor___lexbor)
09/12/2024 05:57:03 PM logger_lexbor___lexbor DEBUG [ 67%] Building C object CMakeFiles/lexbor_static.dir/source/lexbor/encoding/jis0208.c.o (install_repos.py:38) (lexbor___lexbor)
09/12/2024 05:57:03 PM logger_lexbor___lexbor DEBUG [ 67%] Building C object CMakeFiles/lexbor_static.dir/source/lexbor/encoding/jis0212.c.o (install_repos.py:38) (lexbor___lexbor)
09/12/2024 05:57:03 PM logger_lexbor___lexbor DEBUG [ 68%] Building C object CMakeFiles/lexbor_static.dir/source/lexbor/encoding/range.c.o (install_repos.py:38) (lexbor___lexbor)
09/12/2024 05:57:03 PM logger_lexbor___lexbor DEBUG [ 68%] Building C object CMakeFiles/lexbor_static.dir/source/lexbor/encoding/res.c.o (install_repos.py:38) (lexbor___lexbor)
09/12/2024 05:57:03 PM logger_lexbor___lexbor DEBUG [ 68%] Building C object CMakeFiles/lexbor_static.dir/source/lexbor/encoding/single.c.o (install_repos.py:38) (lexbor___lexbor)
09/12/2024 05:57:03 PM logger_lexbor___lexbor DEBUG [ 68%] Building C object CMakeFiles/lexbor_static.dir/source/lexbor/html/encoding.c.o (install_repos.py:38) (lexbor___lexbor)
09/12/2024 05:57:03 PM logger_lexbor___lexbor DEBUG [ 69%] Building C object CMakeFiles/lexbor_static.dir/source/lexbor/html/interface.c.o (install_repos.py:38) (lexbor___lexbor)
09/12/2024 05:57:03 PM logger_lexbor___lexbor DEBUG [ 69%] Building C object CMakeFiles/lexbor_static.dir/source/lexbor/html/interfaces/anchor_element.c.o (install_repos.py:38) (lexbor___lexbor)
09/12/2024 05:57:03 PM logger_lexbor___lexbor DEBUG [ 69%] Building C object CMakeFiles/lexbor_static.dir/source/lexbor/html/interfaces/area_element.c.o (install_repos.py:38) (lexbor___lexbor)
09/12/2024 05:57:03 PM logger_lexbor___lexbor DEBUG [ 69%] Building C object CMakeFiles/lexbor_static.dir/source/lexbor/html/interfaces/audio_element.c.o (install_repos.py:38) (lexbor___lexbor)
09/12/2024 05:57:03 PM logger_lexbor___lexbor DEBUG [ 70%] Building C object CMakeFiles/lexbor_static.dir/source/lexbor/html/interfaces/base_element.c.o (install_repos.py:38) (lexbor___lexbor)
09/12/2024 05:57:04 PM logger_lexbor___lexbor DEBUG [ 70%] Building C object CMakeFiles/lexbor_static.dir/source/lexbor/html/interfaces/body_element.c.o (install_repos.py:38) (lexbor___lexbor)
09/12/2024 05:57:04 PM logger_lexbor___lexbor DEBUG [ 70%] Building C object CMakeFiles/lexbor_static.dir/source/lexbor/html/interfaces/br_element.c.o (install_repos.py:38) (lexbor___lexbor)
09/12/2024 05:57:04 PM logger_lexbor___lexbor DEBUG [ 70%] Building C object CMakeFiles/lexbor_static.dir/source/lexbor/html/interfaces/button_element.c.o (install_repos.py:38) (lexbor___lexbor)
09/12/2024 05:57:04 PM logger_lexbor___lexbor DEBUG [ 71%] Building C object CMakeFiles/lexbor_static.dir/source/lexbor/html/interfaces/canvas_element.c.o (install_repos.py:38) (lexbor___lexbor)
09/12/2024 05:57:04 PM logger_lexbor___lexbor DEBUG [ 71%] Building C object CMakeFiles/lexbor_static.dir/source/lexbor/html/interfaces/d_list_element.c.o (install_repos.py:38) (lexbor___lexbor)
09/12/2024 05:57:04 PM logger_lexbor___lexbor DEBUG [ 71%] Building C object CMakeFiles/lexbor_static.dir/source/lexbor/html/interfaces/data_element.c.o (install_repos.py:38) (lexbor___lexbor)
09/12/2024 05:57:04 PM logger_lexbor___lexbor DEBUG [ 71%] Building C object CMakeFiles/lexbor_static.dir/source/lexbor/html/interfaces/data_list_element.c.o (install_repos.py:38) (lexbor___lexbor)
09/12/2024 05:57:04 PM logger_lexbor___lexbor DEBUG [ 72%] Building C object CMakeFiles/lexbor_static.dir/source/lexbor/html/interfaces/details_element.c.o (install_repos.py:38) (lexbor___lexbor)
09/12/2024 05:57:04 PM logger_lexbor___lexbor DEBUG [ 72%] Building C object CMakeFiles/lexbor_static.dir/source/lexbor/html/interfaces/dialog_element.c.o (install_repos.py:38) (lexbor___lexbor)
09/12/2024 05:57:04 PM logger_lexbor___lexbor DEBUG [ 72%] Building C object CMakeFiles/lexbor_static.dir/source/lexbor/html/interfaces/directory_element.c.o (install_repos.py:38) (lexbor___lexbor)
09/12/2024 05:57:04 PM logger_lexbor___lexbor DEBUG [ 72%] Building C object CMakeFiles/lexbor_static.dir/source/lexbor/html/interfaces/div_element.c.o (install_repos.py:38) (lexbor___lexbor)
09/12/2024 05:57:04 PM logger_lexbor___lexbor DEBUG [ 73%] Building C object CMakeFiles/lexbor_static.dir/source/lexbor/html/interfaces/document.c.o (install_repos.py:38) (lexbor___lexbor)
09/12/2024 05:57:04 PM logger_lexbor___lexbor DEBUG [ 73%] Building C object CMakeFiles/lexbor_static.dir/source/lexbor/html/interfaces/element.c.o (install_repos.py:38) (lexbor___lexbor)
09/12/2024 05:57:05 PM logger_lexbor___lexbor DEBUG [ 73%] Building C object CMakeFiles/lexbor_static.dir/source/lexbor/html/interfaces/embed_element.c.o (install_repos.py:38) (lexbor___lexbor)
09/12/2024 05:57:05 PM logger_lexbor___lexbor DEBUG [ 73%] Building C object CMakeFiles/lexbor_static.dir/source/lexbor/html/interfaces/field_set_element.c.o (install_repos.py:38) (lexbor___lexbor)
09/12/2024 05:57:05 PM logger_lexbor___lexbor DEBUG [ 74%] Building C object CMakeFiles/lexbor_static.dir/source/lexbor/html/interfaces/font_element.c.o (install_repos.py:38) (lexbor___lexbor)
09/12/2024 05:57:05 PM logger_lexbor___lexbor DEBUG [ 74%] Building C object CMakeFiles/lexbor_static.dir/source/lexbor/html/interfaces/form_element.c.o (install_repos.py:38) (lexbor___lexbor)
09/12/2024 05:57:05 PM logger_lexbor___lexbor DEBUG [ 74%] Building C object CMakeFiles/lexbor_static.dir/source/lexbor/html/interfaces/frame_element.c.o (install_repos.py:38) (lexbor___lexbor)
09/12/2024 05:57:05 PM logger_lexbor___lexbor DEBUG [ 74%] Building C object CMakeFiles/lexbor_static.dir/source/lexbor/html/interfaces/frame_set_element.c.o (install_repos.py:38) (lexbor___lexbor)
09/12/2024 05:57:05 PM logger_lexbor___lexbor DEBUG [ 75%] Building C object CMakeFiles/lexbor_static.dir/source/lexbor/html/interfaces/head_element.c.o (install_repos.py:38) (lexbor___lexbor)
09/12/2024 05:57:05 PM logger_lexbor___lexbor DEBUG [ 75%] Building C object CMakeFiles/lexbor_static.dir/source/lexbor/html/interfaces/heading_element.c.o (install_repos.py:38) (lexbor___lexbor)
09/12/2024 05:57:05 PM logger_lexbor___lexbor DEBUG [ 75%] Building C object CMakeFiles/lexbor_static.dir/source/lexbor/html/interfaces/hr_element.c.o (install_repos.py:38) (lexbor___lexbor)
09/12/2024 05:57:05 PM logger_lexbor___lexbor DEBUG [ 75%] Building C object CMakeFiles/lexbor_static.dir/source/lexbor/html/interfaces/html_element.c.o (install_repos.py:38) (lexbor___lexbor)
09/12/2024 05:57:05 PM logger_lexbor___lexbor DEBUG [ 75%] Building C object CMakeFiles/lexbor_static.dir/source/lexbor/html/interfaces/iframe_element.c.o (install_repos.py:38) (lexbor___lexbor)
09/12/2024 05:57:05 PM logger_lexbor___lexbor DEBUG [ 76%] Building C object CMakeFiles/lexbor_static.dir/source/lexbor/html/interfaces/image_element.c.o (install_repos.py:38) (lexbor___lexbor)
09/12/2024 05:57:05 PM logger_lexbor___lexbor DEBUG [ 76%] Building C object CMakeFiles/lexbor_static.dir/source/lexbor/html/interfaces/input_element.c.o (install_repos.py:38) (lexbor___lexbor)
09/12/2024 05:57:05 PM logger_lexbor___lexbor DEBUG [ 76%] Building C object CMakeFiles/lexbor_static.dir/source/lexbor/html/interfaces/label_element.c.o (install_repos.py:38) (lexbor___lexbor)
09/12/2024 05:57:05 PM logger_lexbor___lexbor DEBUG [ 76%] Building C object CMakeFiles/lexbor_static.dir/source/lexbor/html/interfaces/legend_element.c.o (install_repos.py:38) (lexbor___lexbor)
09/12/2024 05:57:05 PM logger_lexbor___lexbor DEBUG [ 77%] Building C object CMakeFiles/lexbor_static.dir/source/lexbor/html/interfaces/li_element.c.o (install_repos.py:38) (lexbor___lexbor)
09/12/2024 05:57:05 PM logger_lexbor___lexbor DEBUG [ 77%] Building C object CMakeFiles/lexbor_static.dir/source/lexbor/html/interfaces/link_element.c.o (install_repos.py:38) (lexbor___lexbor)
09/12/2024 05:57:05 PM logger_lexbor___lexbor DEBUG [ 77%] Building C object CMakeFiles/lexbor_static.dir/source/lexbor/html/interfaces/map_element.c.o (install_repos.py:38) (lexbor___lexbor)
09/12/2024 05:57:05 PM logger_lexbor___lexbor DEBUG [ 77%] Building C object CMakeFiles/lexbor_static.dir/source/lexbor/html/interfaces/marquee_element.c.o (install_repos.py:38) (lexbor___lexbor)
09/12/2024 05:57:06 PM logger_lexbor___lexbor DEBUG [ 78%] Building C object CMakeFiles/lexbor_static.dir/source/lexbor/html/interfaces/media_element.c.o (install_repos.py:38) (lexbor___lexbor)
09/12/2024 05:57:06 PM logger_lexbor___lexbor DEBUG [ 78%] Building C object CMakeFiles/lexbor_static.dir/source/lexbor/html/interfaces/menu_element.c.o (install_repos.py:38) (lexbor___lexbor)
09/12/2024 05:57:06 PM logger_lexbor___lexbor DEBUG [ 78%] Building C object CMakeFiles/lexbor_static.dir/source/lexbor/html/interfaces/meta_element.c.o (install_repos.py:38) (lexbor___lexbor)
09/12/2024 05:57:06 PM logger_lexbor___lexbor DEBUG [ 78%] Building C object CMakeFiles/lexbor_static.dir/source/lexbor/html/interfaces/meter_element.c.o (install_repos.py:38) (lexbor___lexbor)
09/12/2024 05:57:06 PM logger_lexbor___lexbor DEBUG [ 79%] Building C object CMakeFiles/lexbor_static.dir/source/lexbor/html/interfaces/mod_element.c.o (install_repos.py:38) (lexbor___lexbor)
09/12/2024 05:57:06 PM logger_lexbor___lexbor DEBUG [ 79%] Building C object CMakeFiles/lexbor_static.dir/source/lexbor/html/interfaces/o_list_element.c.o (install_repos.py:38) (lexbor___lexbor)
09/12/2024 05:57:06 PM logger_lexbor___lexbor DEBUG [ 79%] Building C object CMakeFiles/lexbor_static.dir/source/lexbor/html/interfaces/object_element.c.o (install_repos.py:38) (lexbor___lexbor)
09/12/2024 05:57:06 PM logger_lexbor___lexbor DEBUG [ 79%] Building C object CMakeFiles/lexbor_static.dir/source/lexbor/html/interfaces/opt_group_element.c.o (install_repos.py:38) (lexbor___lexbor)
09/12/2024 05:57:06 PM logger_lexbor___lexbor DEBUG [ 80%] Building C object CMakeFiles/lexbor_static.dir/source/lexbor/html/interfaces/option_element.c.o (install_repos.py:38) (lexbor___lexbor)
09/12/2024 05:57:06 PM logger_lexbor___lexbor DEBUG [ 80%] Building C object CMakeFiles/lexbor_static.dir/source/lexbor/html/interfaces/output_element.c.o (install_repos.py:38) (lexbor___lexbor)
09/12/2024 05:57:06 PM logger_lexbor___lexbor DEBUG [ 80%] Building C object CMakeFiles/lexbor_static.dir/source/lexbor/html/interfaces/paragraph_element.c.o (install_repos.py:38) (lexbor___lexbor)
09/12/2024 05:57:06 PM logger_lexbor___lexbor DEBUG [ 80%] Building C object CMakeFiles/lexbor_static.dir/source/lexbor/html/interfaces/param_element.c.o (install_repos.py:38) (lexbor___lexbor)
09/12/2024 05:57:06 PM logger_lexbor___lexbor DEBUG [ 81%] Building C object CMakeFiles/lexbor_static.dir/source/lexbor/html/interfaces/picture_element.c.o (install_repos.py:38) (lexbor___lexbor)
09/12/2024 05:57:06 PM logger_lexbor___lexbor DEBUG [ 81%] Building C object CMakeFiles/lexbor_static.dir/source/lexbor/html/interfaces/pre_element.c.o (install_repos.py:38) (lexbor___lexbor)
09/12/2024 05:57:06 PM logger_lexbor___lexbor DEBUG [ 81%] Building C object CMakeFiles/lexbor_static.dir/source/lexbor/html/interfaces/progress_element.c.o (install_repos.py:38) (lexbor___lexbor)
09/12/2024 05:57:06 PM logger_lexbor___lexbor DEBUG [ 81%] Building C object CMakeFiles/lexbor_static.dir/source/lexbor/html/interfaces/quote_element.c.o (install_repos.py:38) (lexbor___lexbor)
09/12/2024 05:57:06 PM logger_lexbor___lexbor DEBUG [ 82%] Building C object CMakeFiles/lexbor_static.dir/source/lexbor/html/interfaces/script_element.c.o (install_repos.py:38) (lexbor___lexbor)
09/12/2024 05:57:06 PM logger_lexbor___lexbor DEBUG [ 82%] Building C object CMakeFiles/lexbor_static.dir/source/lexbor/html/interfaces/select_element.c.o (install_repos.py:38) (lexbor___lexbor)
09/12/2024 05:57:06 PM logger_lexbor___lexbor DEBUG [ 82%] Building C object CMakeFiles/lexbor_static.dir/source/lexbor/html/interfaces/slot_element.c.o (install_repos.py:38) (lexbor___lexbor)
09/12/2024 05:57:07 PM logger_lexbor___lexbor DEBUG [ 82%] Building C object CMakeFiles/lexbor_static.dir/source/lexbor/html/interfaces/source_element.c.o (install_repos.py:38) (lexbor___lexbor)
09/12/2024 05:57:07 PM logger_lexbor___lexbor DEBUG [ 83%] Building C object CMakeFiles/lexbor_static.dir/source/lexbor/html/interfaces/span_element.c.o (install_repos.py:38) (lexbor___lexbor)
09/12/2024 05:57:07 PM logger_lexbor___lexbor DEBUG [ 83%] Building C object CMakeFiles/lexbor_static.dir/source/lexbor/html/interfaces/style_element.c.o (install_repos.py:38) (lexbor___lexbor)
09/12/2024 05:57:07 PM logger_lexbor___lexbor DEBUG [ 83%] Building C object CMakeFiles/lexbor_static.dir/source/lexbor/html/interfaces/table_caption_element.c.o (install_repos.py:38) (lexbor___lexbor)
09/12/2024 05:57:07 PM logger_lexbor___lexbor DEBUG [ 83%] Building C object CMakeFiles/lexbor_static.dir/source/lexbor/html/interfaces/table_cell_element.c.o (install_repos.py:38) (lexbor___lexbor)
09/12/2024 05:57:07 PM logger_lexbor___lexbor DEBUG [ 84%] Building C object CMakeFiles/lexbor_static.dir/source/lexbor/html/interfaces/table_col_element.c.o (install_repos.py:38) (lexbor___lexbor)
09/12/2024 05:57:07 PM logger_lexbor___lexbor DEBUG [ 84%] Building C object CMakeFiles/lexbor_static.dir/source/lexbor/html/interfaces/table_element.c.o (install_repos.py:38) (lexbor___lexbor)
09/12/2024 05:57:07 PM logger_lexbor___lexbor DEBUG [ 84%] Building C object CMakeFiles/lexbor_static.dir/source/lexbor/html/interfaces/table_row_element.c.o (install_repos.py:38) (lexbor___lexbor)
09/12/2024 05:57:07 PM logger_lexbor___lexbor DEBUG [ 84%] Building C object CMakeFiles/lexbor_static.dir/source/lexbor/html/interfaces/table_section_element.c.o (install_repos.py:38) (lexbor___lexbor)
09/12/2024 05:57:07 PM logger_lexbor___lexbor DEBUG [ 85%] Building C object CMakeFiles/lexbor_static.dir/source/lexbor/html/interfaces/template_element.c.o (install_repos.py:38) (lexbor___lexbor)
09/12/2024 05:57:07 PM logger_lexbor___lexbor DEBUG [ 85%] Building C object CMakeFiles/lexbor_static.dir/source/lexbor/html/interfaces/text_area_element.c.o (install_repos.py:38) (lexbor___lexbor)
09/12/2024 05:57:07 PM logger_lexbor___lexbor DEBUG [ 85%] Building C object CMakeFiles/lexbor_static.dir/source/lexbor/html/interfaces/time_element.c.o (install_repos.py:38) (lexbor___lexbor)
09/12/2024 05:57:07 PM logger_lexbor___lexbor DEBUG [ 85%] Building C object CMakeFiles/lexbor_static.dir/source/lexbor/html/interfaces/title_element.c.o (install_repos.py:38) (lexbor___lexbor)
09/12/2024 05:57:07 PM logger_lexbor___lexbor DEBUG [ 86%] Building C object CMakeFiles/lexbor_static.dir/source/lexbor/html/interfaces/track_element.c.o (install_repos.py:38) (lexbor___lexbor)
09/12/2024 05:57:07 PM logger_lexbor___lexbor DEBUG [ 86%] Building C object CMakeFiles/lexbor_static.dir/source/lexbor/html/interfaces/u_list_element.c.o (install_repos.py:38) (lexbor___lexbor)
09/12/2024 05:57:07 PM logger_lexbor___lexbor DEBUG [ 86%] Building C object CMakeFiles/lexbor_static.dir/source/lexbor/html/interfaces/unknown_element.c.o (install_repos.py:38) (lexbor___lexbor)
09/12/2024 05:57:07 PM logger_lexbor___lexbor DEBUG [ 86%] Building C object CMakeFiles/lexbor_static.dir/source/lexbor/html/interfaces/video_element.c.o (install_repos.py:38) (lexbor___lexbor)
09/12/2024 05:57:07 PM logger_lexbor___lexbor DEBUG [ 87%] Building C object CMakeFiles/lexbor_static.dir/source/lexbor/html/interfaces/window.c.o (install_repos.py:38) (lexbor___lexbor)
09/12/2024 05:57:08 PM logger_lexbor___lexbor DEBUG [ 87%] Building C object CMakeFiles/lexbor_static.dir/source/lexbor/html/node.c.o (install_repos.py:38) (lexbor___lexbor)
09/12/2024 05:57:08 PM logger_lexbor___lexbor DEBUG [ 87%] Building C object CMakeFiles/lexbor_static.dir/source/lexbor/html/parser.c.o (install_repos.py:38) (lexbor___lexbor)
09/12/2024 05:57:08 PM logger_lexbor___lexbor DEBUG [ 87%] Building C object CMakeFiles/lexbor_static.dir/source/lexbor/html/serialize.c.o (install_repos.py:38) (lexbor___lexbor)
09/12/2024 05:57:08 PM logger_lexbor___lexbor DEBUG [ 87%] Building C object CMakeFiles/lexbor_static.dir/source/lexbor/html/style.c.o (install_repos.py:38) (lexbor___lexbor)
09/12/2024 05:57:08 PM logger_lexbor___lexbor DEBUG [ 88%] Building C object CMakeFiles/lexbor_static.dir/source/lexbor/html/token.c.o (install_repos.py:38) (lexbor___lexbor)
09/12/2024 05:57:08 PM logger_lexbor___lexbor DEBUG [ 88%] Building C object CMakeFiles/lexbor_static.dir/source/lexbor/html/token_attr.c.o (install_repos.py:38) (lexbor___lexbor)
09/12/2024 05:57:08 PM logger_lexbor___lexbor DEBUG [ 88%] Building C object CMakeFiles/lexbor_static.dir/source/lexbor/html/tokenizer.c.o (install_repos.py:38) (lexbor___lexbor)
09/12/2024 05:57:08 PM logger_lexbor___lexbor DEBUG [ 88%] Building C object CMakeFiles/lexbor_static.dir/source/lexbor/html/tokenizer/error.c.o (install_repos.py:38) (lexbor___lexbor)
09/12/2024 05:57:08 PM logger_lexbor___lexbor DEBUG [ 89%] Building C object CMakeFiles/lexbor_static.dir/source/lexbor/html/tokenizer/state.c.o (install_repos.py:38) (lexbor___lexbor)
09/12/2024 05:57:09 PM logger_lexbor___lexbor DEBUG [ 89%] Building C object CMakeFiles/lexbor_static.dir/source/lexbor/html/tokenizer/state_comment.c.o (install_repos.py:38) (lexbor___lexbor)
09/12/2024 05:57:09 PM logger_lexbor___lexbor DEBUG [ 89%] Building C object CMakeFiles/lexbor_static.dir/source/lexbor/html/tokenizer/state_doctype.c.o (install_repos.py:38) (lexbor___lexbor)
09/12/2024 05:57:10 PM logger_lexbor___lexbor DEBUG [ 89%] Building C object CMakeFiles/lexbor_static.dir/source/lexbor/html/tokenizer/state_rawtext.c.o (install_repos.py:38) (lexbor___lexbor)
09/12/2024 05:57:10 PM logger_lexbor___lexbor DEBUG [ 90%] Building C object CMakeFiles/lexbor_static.dir/source/lexbor/html/tokenizer/state_rcdata.c.o (install_repos.py:38) (lexbor___lexbor)
09/12/2024 05:57:10 PM logger_lexbor___lexbor DEBUG [ 90%] Building C object CMakeFiles/lexbor_static.dir/source/lexbor/html/tokenizer/state_script.c.o (install_repos.py:38) (lexbor___lexbor)
09/12/2024 05:57:10 PM logger_lexbor___lexbor DEBUG [ 90%] Building C object CMakeFiles/lexbor_static.dir/source/lexbor/html/tree.c.o (install_repos.py:38) (lexbor___lexbor)
09/12/2024 05:57:10 PM logger_lexbor___lexbor DEBUG [ 90%] Building C object CMakeFiles/lexbor_static.dir/source/lexbor/html/tree/active_formatting.c.o (install_repos.py:38) (lexbor___lexbor)
09/12/2024 05:57:10 PM logger_lexbor___lexbor DEBUG [ 91%] Building C object CMakeFiles/lexbor_static.dir/source/lexbor/html/tree/error.c.o (install_repos.py:38) (lexbor___lexbor)
09/12/2024 05:57:11 PM logger_lexbor___lexbor DEBUG [ 91%] Building C object CMakeFiles/lexbor_static.dir/source/lexbor/html/tree/insertion_mode/after_after_body.c.o (install_repos.py:38) (lexbor___lexbor)
09/12/2024 05:57:11 PM logger_lexbor___lexbor DEBUG [ 91%] Building C object CMakeFiles/lexbor_static.dir/source/lexbor/html/tree/insertion_mode/after_after_frameset.c.o (install_repos.py:38) (lexbor___lexbor)
09/12/2024 05:57:11 PM logger_lexbor___lexbor DEBUG [ 91%] Building C object CMakeFiles/lexbor_static.dir/source/lexbor/html/tree/insertion_mode/after_body.c.o (install_repos.py:38) (lexbor___lexbor)
09/12/2024 05:57:11 PM logger_lexbor___lexbor DEBUG [ 92%] Building C object CMakeFiles/lexbor_static.dir/source/lexbor/html/tree/insertion_mode/after_frameset.c.o (install_repos.py:38) (lexbor___lexbor)
09/12/2024 05:57:11 PM logger_lexbor___lexbor DEBUG [ 92%] Building C object CMakeFiles/lexbor_static.dir/source/lexbor/html/tree/insertion_mode/after_head.c.o (install_repos.py:38) (lexbor___lexbor)
09/12/2024 05:57:11 PM logger_lexbor___lexbor DEBUG [ 92%] Building C object CMakeFiles/lexbor_static.dir/source/lexbor/html/tree/insertion_mode/before_head.c.o (install_repos.py:38) (lexbor___lexbor)
09/12/2024 05:57:11 PM logger_lexbor___lexbor DEBUG [ 92%] Building C object CMakeFiles/lexbor_static.dir/source/lexbor/html/tree/insertion_mode/before_html.c.o (install_repos.py:38) (lexbor___lexbor)
09/12/2024 05:57:11 PM logger_lexbor___lexbor DEBUG [ 93%] Building C object CMakeFiles/lexbor_static.dir/source/lexbor/html/tree/insertion_mode/foreign_content.c.o (install_repos.py:38) (lexbor___lexbor)
09/12/2024 05:57:11 PM logger_lexbor___lexbor DEBUG [ 93%] Building C object CMakeFiles/lexbor_static.dir/source/lexbor/html/tree/insertion_mode/in_body.c.o (install_repos.py:38) (lexbor___lexbor)
09/12/2024 05:57:11 PM logger_lexbor___lexbor DEBUG [ 93%] Building C object CMakeFiles/lexbor_static.dir/source/lexbor/html/tree/insertion_mode/in_caption.c.o (install_repos.py:38) (lexbor___lexbor)
09/12/2024 05:57:11 PM logger_lexbor___lexbor DEBUG [ 93%] Building C object CMakeFiles/lexbor_static.dir/source/lexbor/html/tree/insertion_mode/in_cell.c.o (install_repos.py:38) (lexbor___lexbor)
09/12/2024 05:57:12 PM logger_lexbor___lexbor DEBUG [ 94%] Building C object CMakeFiles/lexbor_static.dir/source/lexbor/html/tree/insertion_mode/in_column_group.c.o (install_repos.py:38) (lexbor___lexbor)
09/12/2024 05:57:12 PM logger_lexbor___lexbor DEBUG [ 94%] Building C object CMakeFiles/lexbor_static.dir/source/lexbor/html/tree/insertion_mode/in_frameset.c.o (install_repos.py:38) (lexbor___lexbor)
09/12/2024 05:57:12 PM logger_lexbor___lexbor DEBUG [ 94%] Building C object CMakeFiles/lexbor_static.dir/source/lexbor/html/tree/insertion_mode/in_head.c.o (install_repos.py:38) (lexbor___lexbor)
09/12/2024 05:57:12 PM logger_lexbor___lexbor DEBUG [ 94%] Building C object CMakeFiles/lexbor_static.dir/source/lexbor/html/tree/insertion_mode/in_head_noscript.c.o (install_repos.py:38) (lexbor___lexbor)
09/12/2024 05:57:12 PM logger_lexbor___lexbor DEBUG [ 95%] Building C object CMakeFiles/lexbor_static.dir/source/lexbor/html/tree/insertion_mode/in_row.c.o (install_repos.py:38) (lexbor___lexbor)
09/12/2024 05:57:12 PM logger_lexbor___lexbor DEBUG [ 95%] Building C object CMakeFiles/lexbor_static.dir/source/lexbor/html/tree/insertion_mode/in_select.c.o (install_repos.py:38) (lexbor___lexbor)
09/12/2024 05:57:12 PM logger_lexbor___lexbor DEBUG [ 95%] Building C object CMakeFiles/lexbor_static.dir/source/lexbor/html/tree/insertion_mode/in_select_in_table.c.o (install_repos.py:38) (lexbor___lexbor)
09/12/2024 05:57:12 PM logger_lexbor___lexbor DEBUG [ 95%] Building C object CMakeFiles/lexbor_static.dir/source/lexbor/html/tree/insertion_mode/in_table.c.o (install_repos.py:38) (lexbor___lexbor)
09/12/2024 05:57:12 PM logger_lexbor___lexbor DEBUG [ 96%] Building C object CMakeFiles/lexbor_static.dir/source/lexbor/html/tree/insertion_mode/in_table_body.c.o (install_repos.py:38) (lexbor___lexbor)
09/12/2024 05:57:12 PM logger_lexbor___lexbor DEBUG [ 96%] Building C object CMakeFiles/lexbor_static.dir/source/lexbor/html/tree/insertion_mode/in_table_text.c.o (install_repos.py:38) (lexbor___lexbor)
09/12/2024 05:57:12 PM logger_lexbor___lexbor DEBUG [ 96%] Building C object CMakeFiles/lexbor_static.dir/source/lexbor/html/tree/insertion_mode/in_template.c.o (install_repos.py:38) (lexbor___lexbor)
09/12/2024 05:57:12 PM logger_lexbor___lexbor DEBUG [ 96%] Building C object CMakeFiles/lexbor_static.dir/source/lexbor/html/tree/insertion_mode/initial.c.o (install_repos.py:38) (lexbor___lexbor)
09/12/2024 05:57:12 PM logger_lexbor___lexbor DEBUG [ 97%] Building C object CMakeFiles/lexbor_static.dir/source/lexbor/html/tree/insertion_mode/text.c.o (install_repos.py:38) (lexbor___lexbor)
09/12/2024 05:57:13 PM logger_lexbor___lexbor DEBUG [ 97%] Building C object CMakeFiles/lexbor_static.dir/source/lexbor/html/tree/open_elements.c.o (install_repos.py:38) (lexbor___lexbor)
09/12/2024 05:57:13 PM logger_lexbor___lexbor DEBUG [ 97%] Building C object CMakeFiles/lexbor_static.dir/source/lexbor/html/tree/template_insertion.c.o (install_repos.py:38) (lexbor___lexbor)
09/12/2024 05:57:13 PM logger_lexbor___lexbor DEBUG [ 97%] Building C object CMakeFiles/lexbor_static.dir/source/lexbor/ns/ns.c.o (install_repos.py:38) (lexbor___lexbor)
09/12/2024 05:57:13 PM logger_lexbor___lexbor DEBUG [ 98%] Building C object CMakeFiles/lexbor_static.dir/source/lexbor/punycode/punycode.c.o (install_repos.py:38) (lexbor___lexbor)
09/12/2024 05:57:13 PM logger_lexbor___lexbor DEBUG [ 98%] Building C object CMakeFiles/lexbor_static.dir/source/lexbor/selectors/selectors.c.o (install_repos.py:38) (lexbor___lexbor)
09/12/2024 05:57:13 PM logger_lexbor___lexbor DEBUG [ 98%] Building C object CMakeFiles/lexbor_static.dir/source/lexbor/tag/tag.c.o (install_repos.py:38) (lexbor___lexbor)
09/12/2024 05:57:13 PM logger_lexbor___lexbor DEBUG [ 98%] Building C object CMakeFiles/lexbor_static.dir/source/lexbor/unicode/idna.c.o (install_repos.py:38) (lexbor___lexbor)
09/12/2024 05:57:13 PM logger_lexbor___lexbor DEBUG [ 99%] Building C object CMakeFiles/lexbor_static.dir/source/lexbor/unicode/unicode.c.o (install_repos.py:38) (lexbor___lexbor)
09/12/2024 05:57:16 PM logger_lexbor___lexbor DEBUG [ 99%] Building C object CMakeFiles/lexbor_static.dir/source/lexbor/url/url.c.o (install_repos.py:38) (lexbor___lexbor)
09/12/2024 05:57:17 PM logger_lexbor___lexbor DEBUG [ 99%] Building C object CMakeFiles/lexbor_static.dir/source/lexbor/utils/http.c.o (install_repos.py:38) (lexbor___lexbor)
09/12/2024 05:57:17 PM logger_lexbor___lexbor DEBUG [ 99%] Building C object CMakeFiles/lexbor_static.dir/source/lexbor/utils/warc.c.o (install_repos.py:38) (lexbor___lexbor)
09/12/2024 05:57:17 PM logger_lexbor___lexbor DEBUG [100%] Linking C static library liblexbor_static.a (install_repos.py:38) (lexbor___lexbor)
09/12/2024 05:57:17 PM logger_lexbor___lexbor DEBUG [100%] Built target lexbor_static (install_repos.py:38) (lexbor___lexbor)
09/12/2024 05:57:17 PM logger_lexbor___lexbor INFO Success: Build succeeded for lexbor___lexbor (install_repos.py:292) (lexbor___lexbor)
