09/12/2024 05:47:20 PM logger_libfuse___sshfs INFO <<<<<<<<<<<<<<<<<< Logger setup anew <<<<<<<<<<<<<<<<<<< (utils.py:39) (libfuse___sshfs)
09/12/2024 05:47:20 PM logger_libfuse___sshfs INFO Analyzing repos/repos_400_c_round_two/libfuse___sshfs (install_repos.py:285) (libfuse___sshfs)
09/12/2024 05:47:20 PM logger_libfuse___sshfs INFO Running command: rm -rf build/ (install_repos.py:20) (libfuse___sshfs)
09/12/2024 05:47:20 PM logger_libfuse___sshfs INFO Logging output to: logs/repos/repos_400_c_round_two_install_logs_with_make_cmake_gradlew_meson_scons_bazel_2024-09-12_17-35-05/libfuse___sshfs_build.log (install_repos.py:21) (libfuse___sshfs)
09/12/2024 05:47:20 PM logger_libfuse___sshfs INFO Running Meson build (install_repos.py:202) (libfuse___sshfs)
09/12/2024 05:47:20 PM logger_libfuse___sshfs INFO Running command: meson .. (install_repos.py:20) (libfuse___sshfs)
09/12/2024 05:47:20 PM logger_libfuse___sshfs INFO Logging output to: logs/repos/repos_400_c_round_two_install_logs_with_make_cmake_gradlew_meson_scons_bazel_2024-09-12_17-35-05/build_build.log (install_repos.py:21) (libfuse___sshfs)
09/12/2024 05:47:21 PM logger_libfuse___sshfs DEBUG The Meson build system (install_repos.py:38) (libfuse___sshfs)
09/12/2024 05:47:21 PM logger_libfuse___sshfs DEBUG Version: 1.5.1 (install_repos.py:38) (libfuse___sshfs)
09/12/2024 05:47:21 PM logger_libfuse___sshfs DEBUG Source dir: /INSTALL_C/repos/repos_400_c_round_two/libfuse___sshfs (install_repos.py:38) (libfuse___sshfs)
09/12/2024 05:47:21 PM logger_libfuse___sshfs DEBUG Build dir: /INSTALL_C/repos/repos_400_c_round_two/libfuse___sshfs/build (install_repos.py:38) (libfuse___sshfs)
09/12/2024 05:47:21 PM logger_libfuse___sshfs DEBUG Build type: native build (install_repos.py:38) (libfuse___sshfs)
09/12/2024 05:47:21 PM logger_libfuse___sshfs DEBUG Project name: sshfs (install_repos.py:38) (libfuse___sshfs)
09/12/2024 05:47:21 PM logger_libfuse___sshfs DEBUG Project version: 3.7.3 (install_repos.py:38) (libfuse___sshfs)
09/12/2024 05:47:21 PM logger_libfuse___sshfs DEBUG C compiler for the host machine: cc (gcc 12.2.0 "cc (Debian 12.2.0-14) 12.2.0") (install_repos.py:38) (libfuse___sshfs)
09/12/2024 05:47:21 PM logger_libfuse___sshfs DEBUG C linker for the host machine: cc ld.bfd 2.40 (install_repos.py:38) (libfuse___sshfs)
09/12/2024 05:47:21 PM logger_libfuse___sshfs DEBUG Host machine cpu family: x86_64 (install_repos.py:38) (libfuse___sshfs)
09/12/2024 05:47:21 PM logger_libfuse___sshfs DEBUG Host machine cpu: x86_64 (install_repos.py:38) (libfuse___sshfs)
09/12/2024 05:47:21 PM logger_libfuse___sshfs DEBUG ../meson.build:5: WARNING: Consider using the built-in warning_level option instead of using "-Wall". (install_repos.py:38) (libfuse___sshfs)
09/12/2024 05:47:21 PM logger_libfuse___sshfs DEBUG ../meson.build:5: WARNING: Consider using the built-in warning_level option instead of using "-Wextra". (install_repos.py:38) (libfuse___sshfs)
09/12/2024 05:47:21 PM logger_libfuse___sshfs DEBUG Message: Compiler warns about unused result even when casting to void (install_repos.py:38) (libfuse___sshfs)
09/12/2024 05:47:21 PM logger_libfuse___sshfs DEBUG Program rst2man rst2man.py found: NO (install_repos.py:38) (libfuse___sshfs)
09/12/2024 05:47:21 PM logger_libfuse___sshfs DEBUG Configuring config.h using configuration (install_repos.py:38) (libfuse___sshfs)
09/12/2024 05:47:21 PM logger_libfuse___sshfs DEBUG Found pkg-config: YES (/usr/bin/pkg-config) 1.8.1 (install_repos.py:38) (libfuse___sshfs)
09/12/2024 05:47:21 PM logger_libfuse___sshfs DEBUG Found CMake: /usr/bin/cmake (3.25.1) (install_repos.py:38) (libfuse___sshfs)
09/12/2024 05:47:22 PM logger_libfuse___sshfs DEBUG Run-time dependency fuse3 found: NO (tried pkgconfig and cmake) (install_repos.py:38) (libfuse___sshfs)
09/12/2024 05:47:22 PM logger_libfuse___sshfs DEBUG  (install_repos.py:38) (libfuse___sshfs)
09/12/2024 05:47:22 PM logger_libfuse___sshfs DEBUG ../meson.build:47:15: ERROR: Dependency "fuse3" not found, tried pkgconfig and cmake (install_repos.py:38) (libfuse___sshfs)
09/12/2024 05:47:22 PM logger_libfuse___sshfs DEBUG  (install_repos.py:38) (libfuse___sshfs)
09/12/2024 05:47:22 PM logger_libfuse___sshfs DEBUG A full log can be found at /INSTALL_C/repos/repos_400_c_round_two/libfuse___sshfs/build/meson-logs/meson-log.txt (install_repos.py:38) (libfuse___sshfs)
09/12/2024 05:47:22 PM logger_libfuse___sshfs DEBUG WARNING: Running the setup command as `meson [options]` instead of `meson setup [options]` is ambiguous and deprecated. (install_repos.py:38) (libfuse___sshfs)
09/12/2024 05:47:22 PM logger_libfuse___sshfs ERROR Error: Build failed for libfuse___sshfs
Build failed for reason: meson failed (install_repos.py:295) (libfuse___sshfs)
