09/12/2024 06:07:15 PM logger_libharu___libharu INFO <<<<<<<<<<<<<<<<<< Logger setup anew <<<<<<<<<<<<<<<<<<< (utils.py:39) (libharu___libharu)
09/12/2024 06:07:15 PM logger_libharu___libharu INFO Analyzing repos/repos_400_c_round_two/libharu___libharu (install_repos.py:285) (libharu___libharu)
09/12/2024 06:07:15 PM logger_libharu___libharu INFO Checking for build system in repos/repos_400_c_round_two/libharu___libharu/src (install_repos.py:267) (libharu___libharu)
09/12/2024 06:07:15 PM logger_libharu___libharu INFO Checking for build system in repos/repos_400_c_round_two/libharu___libharu/src (install_repos.py:267) (libharu___libharu)
09/12/2024 06:07:15 PM logger_libharu___libharu INFO Running command: rm -rf build/ (install_repos.py:20) (libharu___libharu)
09/12/2024 06:07:15 PM logger_libharu___libharu INFO Logging output to: logs/repos/repos_400_c_round_two_install_logs_with_make_cmake_gradlew_meson_scons_bazel_2024-09-12_17-35-05/libharu___libharu_build.log (install_repos.py:21) (libharu___libharu)
09/12/2024 06:07:15 PM logger_libharu___libharu INFO Running command: rm -rf CMakeCache.txt (install_repos.py:20) (libharu___libharu)
09/12/2024 06:07:15 PM logger_libharu___libharu INFO Logging output to: logs/repos/repos_400_c_round_two_install_logs_with_make_cmake_gradlew_meson_scons_bazel_2024-09-12_17-35-05/libharu___libharu_build.log (install_repos.py:21) (libharu___libharu)
09/12/2024 06:07:15 PM logger_libharu___libharu INFO Running command: rm -rf CMakeFiles/ (install_repos.py:20) (libharu___libharu)
09/12/2024 06:07:15 PM logger_libharu___libharu INFO Logging output to: logs/repos/repos_400_c_round_two_install_logs_with_make_cmake_gradlew_meson_scons_bazel_2024-09-12_17-35-05/libharu___libharu_build.log (install_repos.py:21) (libharu___libharu)
09/12/2024 06:07:15 PM logger_libharu___libharu INFO Running CMake (install_repos.py:141) (libharu___libharu)
09/12/2024 06:07:15 PM logger_libharu___libharu INFO Running command: cmake .. (install_repos.py:20) (libharu___libharu)
09/12/2024 06:07:15 PM logger_libharu___libharu INFO Logging output to: logs/repos/repos_400_c_round_two_install_logs_with_make_cmake_gradlew_meson_scons_bazel_2024-09-12_17-35-05/build_build.log (install_repos.py:21) (libharu___libharu)
09/12/2024 06:07:15 PM logger_libharu___libharu DEBUG -- The C compiler identification is GNU 12.2.0 (install_repos.py:38) (libharu___libharu)
09/12/2024 06:07:15 PM logger_libharu___libharu DEBUG -- Detecting C compiler ABI info (install_repos.py:38) (libharu___libharu)
09/12/2024 06:07:15 PM logger_libharu___libharu DEBUG -- Detecting C compiler ABI info - done (install_repos.py:38) (libharu___libharu)
09/12/2024 06:07:15 PM logger_libharu___libharu DEBUG -- Check for working C compiler: /usr/bin/cc - skipped (install_repos.py:38) (libharu___libharu)
09/12/2024 06:07:15 PM logger_libharu___libharu DEBUG -- Detecting C compile features (install_repos.py:38) (libharu___libharu)
09/12/2024 06:07:15 PM logger_libharu___libharu DEBUG -- Detecting C compile features - done (install_repos.py:38) (libharu___libharu)
09/12/2024 06:07:15 PM logger_libharu___libharu DEBUG -- Looking for include file dlfcn.h (install_repos.py:38) (libharu___libharu)
09/12/2024 06:07:16 PM logger_libharu___libharu DEBUG -- Looking for include file dlfcn.h - found (install_repos.py:38) (libharu___libharu)
09/12/2024 06:07:16 PM logger_libharu___libharu DEBUG -- Looking for include file inttypes.h (install_repos.py:38) (libharu___libharu)
09/12/2024 06:07:16 PM logger_libharu___libharu DEBUG -- Looking for include file inttypes.h - found (install_repos.py:38) (libharu___libharu)
09/12/2024 06:07:16 PM logger_libharu___libharu DEBUG -- Looking for include file memory.h (install_repos.py:38) (libharu___libharu)
09/12/2024 06:07:16 PM logger_libharu___libharu DEBUG -- Looking for include file memory.h - found (install_repos.py:38) (libharu___libharu)
09/12/2024 06:07:16 PM logger_libharu___libharu DEBUG -- Looking for include file stdint.h (install_repos.py:38) (libharu___libharu)
09/12/2024 06:07:16 PM logger_libharu___libharu DEBUG -- Looking for include file stdint.h - found (install_repos.py:38) (libharu___libharu)
09/12/2024 06:07:16 PM logger_libharu___libharu DEBUG -- Looking for include file stdlib.h (install_repos.py:38) (libharu___libharu)
09/12/2024 06:07:16 PM logger_libharu___libharu DEBUG -- Looking for include file stdlib.h - found (install_repos.py:38) (libharu___libharu)
09/12/2024 06:07:16 PM logger_libharu___libharu DEBUG -- Looking for include file strings.h (install_repos.py:38) (libharu___libharu)
09/12/2024 06:07:16 PM logger_libharu___libharu DEBUG -- Looking for include file strings.h - found (install_repos.py:38) (libharu___libharu)
09/12/2024 06:07:16 PM logger_libharu___libharu DEBUG -- Looking for include file string.h (install_repos.py:38) (libharu___libharu)
09/12/2024 06:07:16 PM logger_libharu___libharu DEBUG -- Looking for include file string.h - found (install_repos.py:38) (libharu___libharu)
09/12/2024 06:07:16 PM logger_libharu___libharu DEBUG -- Looking for include file sys/stat.h (install_repos.py:38) (libharu___libharu)
09/12/2024 06:07:16 PM logger_libharu___libharu DEBUG -- Looking for include file sys/stat.h - found (install_repos.py:38) (libharu___libharu)
09/12/2024 06:07:16 PM logger_libharu___libharu DEBUG -- Looking for include file sys/types.h (install_repos.py:38) (libharu___libharu)
09/12/2024 06:07:16 PM logger_libharu___libharu DEBUG -- Looking for include file sys/types.h - found (install_repos.py:38) (libharu___libharu)
09/12/2024 06:07:16 PM logger_libharu___libharu DEBUG -- Looking for include file unistd.h (install_repos.py:38) (libharu___libharu)
09/12/2024 06:07:16 PM logger_libharu___libharu DEBUG -- Looking for include file unistd.h - found (install_repos.py:38) (libharu___libharu)
09/12/2024 06:07:16 PM logger_libharu___libharu DEBUG -- Could NOT find ZLIB (missing: ZLIB_LIBRARY ZLIB_INCLUDE_DIR) (install_repos.py:38) (libharu___libharu)
09/12/2024 06:07:16 PM logger_libharu___libharu DEBUG -- Could NOT find ZLIB (missing: ZLIB_LIBRARY ZLIB_INCLUDE_DIR) (install_repos.py:38) (libharu___libharu)
09/12/2024 06:07:16 PM logger_libharu___libharu DEBUG -- Could NOT find PNG (missing: PNG_LIBRARY PNG_PNG_INCLUDE_DIR) (install_repos.py:38) (libharu___libharu)
09/12/2024 06:07:16 PM logger_libharu___libharu DEBUG  (install_repos.py:38) (libharu___libharu)
09/12/2024 06:07:16 PM logger_libharu___libharu DEBUG Summary of CMake build system results for the haru library (install_repos.py:38) (libharu___libharu)
09/12/2024 06:07:16 PM logger_libharu___libharu DEBUG  (install_repos.py:38) (libharu___libharu)
09/12/2024 06:07:16 PM logger_libharu___libharu DEBUG Install location variables which can be set by the user: (install_repos.py:38) (libharu___libharu)
09/12/2024 06:07:16 PM logger_libharu___libharu DEBUG CMAKE_INSTALL_PREFIX:      /usr/local (install_repos.py:38) (libharu___libharu)
09/12/2024 06:07:16 PM logger_libharu___libharu DEBUG CMAKE_INSTALL_EXEC_PREFIX (install_repos.py:38) (libharu___libharu)
09/12/2024 06:07:16 PM logger_libharu___libharu DEBUG CMAKE_INSTALL_BINDIR 	   bin (install_repos.py:38) (libharu___libharu)
09/12/2024 06:07:16 PM logger_libharu___libharu DEBUG CMAKE_INSTALL_LIBDIR 	   lib (install_repos.py:38) (libharu___libharu)
09/12/2024 06:07:16 PM logger_libharu___libharu DEBUG CMAKE_INSTALL_INCLUDEDIR   include (install_repos.py:38) (libharu___libharu)
09/12/2024 06:07:16 PM logger_libharu___libharu DEBUG  (install_repos.py:38) (libharu___libharu)
09/12/2024 06:07:16 PM logger_libharu___libharu DEBUG Other important CMake variables: (install_repos.py:38) (libharu___libharu)
09/12/2024 06:07:16 PM logger_libharu___libharu DEBUG  (install_repos.py:38) (libharu___libharu)
09/12/2024 06:07:16 PM logger_libharu___libharu DEBUG CMAKE_SYSTEM_NAME:	Linux (install_repos.py:38) (libharu___libharu)
09/12/2024 06:07:16 PM logger_libharu___libharu DEBUG UNIX:			1 (install_repos.py:38) (libharu___libharu)
09/12/2024 06:07:16 PM logger_libharu___libharu DEBUG WIN32: (install_repos.py:38) (libharu___libharu)
09/12/2024 06:07:16 PM logger_libharu___libharu DEBUG APPLE: (install_repos.py:38) (libharu___libharu)
09/12/2024 06:07:16 PM logger_libharu___libharu DEBUG MSVC:				(MSVC_VERSION:	) (install_repos.py:38) (libharu___libharu)
09/12/2024 06:07:16 PM logger_libharu___libharu DEBUG MINGW: (install_repos.py:38) (libharu___libharu)
09/12/2024 06:07:16 PM logger_libharu___libharu DEBUG MSYS: (install_repos.py:38) (libharu___libharu)
09/12/2024 06:07:16 PM logger_libharu___libharu DEBUG CYGWIN: (install_repos.py:38) (libharu___libharu)
09/12/2024 06:07:16 PM logger_libharu___libharu DEBUG BORLAND: (install_repos.py:38) (libharu___libharu)
09/12/2024 06:07:16 PM logger_libharu___libharu DEBUG WATCOM: (install_repos.py:38) (libharu___libharu)
09/12/2024 06:07:16 PM logger_libharu___libharu DEBUG  (install_repos.py:38) (libharu___libharu)
09/12/2024 06:07:16 PM logger_libharu___libharu DEBUG CMAKE_BUILD_TYPE: (install_repos.py:38) (libharu___libharu)
09/12/2024 06:07:16 PM logger_libharu___libharu DEBUG CMAKE_C_COMPILER CMAKE_C_FLAGS:			/usr/bin/cc (install_repos.py:38) (libharu___libharu)
09/12/2024 06:07:16 PM logger_libharu___libharu DEBUG  (install_repos.py:38) (libharu___libharu)
09/12/2024 06:07:16 PM logger_libharu___libharu DEBUG Library options: (install_repos.py:38) (libharu___libharu)
09/12/2024 06:07:16 PM logger_libharu___libharu DEBUG LIBHPDF_SHARED: (install_repos.py:38) (libharu___libharu)
09/12/2024 06:07:16 PM logger_libharu___libharu DEBUG LIBHPDF_STATIC: (install_repos.py:38) (libharu___libharu)
09/12/2024 06:07:16 PM logger_libharu___libharu DEBUG LIBHPDF_EXAMPLES:	OFF (install_repos.py:38) (libharu___libharu)
09/12/2024 06:07:16 PM logger_libharu___libharu DEBUG DEVPAK: (install_repos.py:38) (libharu___libharu)
09/12/2024 06:07:16 PM logger_libharu___libharu DEBUG  (install_repos.py:38) (libharu___libharu)
09/12/2024 06:07:16 PM logger_libharu___libharu DEBUG Optional libraries: (install_repos.py:38) (libharu___libharu)
09/12/2024 06:07:16 PM logger_libharu___libharu DEBUG HAVE_ZLIB:		FALSE (install_repos.py:38) (libharu___libharu)
09/12/2024 06:07:16 PM logger_libharu___libharu DEBUG HAVE_LIBPNG:		FALSE (install_repos.py:38) (libharu___libharu)
09/12/2024 06:07:16 PM logger_libharu___libharu DEBUG  (install_repos.py:38) (libharu___libharu)
09/12/2024 06:07:16 PM logger_libharu___libharu DEBUG -- Configuring done (install_repos.py:38) (libharu___libharu)
09/12/2024 06:07:16 PM logger_libharu___libharu DEBUG -- Generating done (install_repos.py:38) (libharu___libharu)
09/12/2024 06:07:16 PM logger_libharu___libharu DEBUG -- Build files have been written to: /INSTALL_C/repos/repos_400_c_round_two/libharu___libharu/build (install_repos.py:38) (libharu___libharu)
09/12/2024 06:07:16 PM logger_libharu___libharu INFO Running command: cmake --build . (install_repos.py:20) (libharu___libharu)
09/12/2024 06:07:16 PM logger_libharu___libharu INFO Logging output to: logs/repos/repos_400_c_round_two_install_logs_with_make_cmake_gradlew_meson_scons_bazel_2024-09-12_17-35-05/build_build.log (install_repos.py:21) (libharu___libharu)
09/12/2024 06:07:16 PM logger_libharu___libharu DEBUG [  1%] Building C object src/CMakeFiles/hpdf.dir/hpdf_annotation.c.o (install_repos.py:38) (libharu___libharu)
09/12/2024 06:07:17 PM logger_libharu___libharu DEBUG [  3%] Building C object src/CMakeFiles/hpdf.dir/hpdf_array.c.o (install_repos.py:38) (libharu___libharu)
09/12/2024 06:07:17 PM logger_libharu___libharu DEBUG [  5%] Building C object src/CMakeFiles/hpdf.dir/hpdf_binary.c.o (install_repos.py:38) (libharu___libharu)
09/12/2024 06:07:17 PM logger_libharu___libharu DEBUG [  6%] Building C object src/CMakeFiles/hpdf.dir/hpdf_boolean.c.o (install_repos.py:38) (libharu___libharu)
09/12/2024 06:07:17 PM logger_libharu___libharu DEBUG [  8%] Building C object src/CMakeFiles/hpdf.dir/hpdf_catalog.c.o (install_repos.py:38) (libharu___libharu)
09/12/2024 06:07:17 PM logger_libharu___libharu DEBUG [ 10%] Building C object src/CMakeFiles/hpdf.dir/hpdf_destination.c.o (install_repos.py:38) (libharu___libharu)
09/12/2024 06:07:17 PM logger_libharu___libharu DEBUG [ 11%] Building C object src/CMakeFiles/hpdf.dir/hpdf_dict.c.o (install_repos.py:38) (libharu___libharu)
09/12/2024 06:07:17 PM logger_libharu___libharu DEBUG [ 13%] Building C object src/CMakeFiles/hpdf.dir/hpdf_direct.c.o (install_repos.py:38) (libharu___libharu)
09/12/2024 06:07:17 PM logger_libharu___libharu DEBUG [ 15%] Building C object src/CMakeFiles/hpdf.dir/hpdf_doc_png.c.o (install_repos.py:38) (libharu___libharu)
09/12/2024 06:07:17 PM logger_libharu___libharu DEBUG [ 16%] Building C object src/CMakeFiles/hpdf.dir/hpdf_doc.c.o (install_repos.py:38) (libharu___libharu)
09/12/2024 06:07:17 PM logger_libharu___libharu DEBUG [ 18%] Building C object src/CMakeFiles/hpdf.dir/hpdf_encoder_cns.c.o (install_repos.py:38) (libharu___libharu)
09/12/2024 06:07:17 PM logger_libharu___libharu DEBUG [ 20%] Building C object src/CMakeFiles/hpdf.dir/hpdf_encoder_cnt.c.o (install_repos.py:38) (libharu___libharu)
09/12/2024 06:07:17 PM logger_libharu___libharu DEBUG [ 21%] Building C object src/CMakeFiles/hpdf.dir/hpdf_encoder_jp.c.o (install_repos.py:38) (libharu___libharu)
09/12/2024 06:07:18 PM logger_libharu___libharu DEBUG [ 23%] Building C object src/CMakeFiles/hpdf.dir/hpdf_encoder_kr.c.o (install_repos.py:38) (libharu___libharu)
09/12/2024 06:07:18 PM logger_libharu___libharu DEBUG [ 25%] Building C object src/CMakeFiles/hpdf.dir/hpdf_encoder_utf.c.o (install_repos.py:38) (libharu___libharu)
09/12/2024 06:07:18 PM logger_libharu___libharu DEBUG [ 26%] Building C object src/CMakeFiles/hpdf.dir/hpdf_encoder.c.o (install_repos.py:38) (libharu___libharu)
09/12/2024 06:07:18 PM logger_libharu___libharu DEBUG [ 28%] Building C object src/CMakeFiles/hpdf.dir/hpdf_encrypt.c.o (install_repos.py:38) (libharu___libharu)
09/12/2024 06:07:18 PM logger_libharu___libharu DEBUG [ 30%] Building C object src/CMakeFiles/hpdf.dir/hpdf_encryptdict.c.o (install_repos.py:38) (libharu___libharu)
09/12/2024 06:07:18 PM logger_libharu___libharu DEBUG [ 31%] Building C object src/CMakeFiles/hpdf.dir/hpdf_error.c.o (install_repos.py:38) (libharu___libharu)
09/12/2024 06:07:18 PM logger_libharu___libharu DEBUG [ 33%] Building C object src/CMakeFiles/hpdf.dir/hpdf_ext_gstate.c.o (install_repos.py:38) (libharu___libharu)
09/12/2024 06:07:18 PM logger_libharu___libharu DEBUG [ 35%] Building C object src/CMakeFiles/hpdf.dir/hpdf_font_cid.c.o (install_repos.py:38) (libharu___libharu)
09/12/2024 06:07:18 PM logger_libharu___libharu DEBUG [ 36%] Building C object src/CMakeFiles/hpdf.dir/hpdf_font_tt.c.o (install_repos.py:38) (libharu___libharu)
09/12/2024 06:07:18 PM logger_libharu___libharu DEBUG [ 38%] Building C object src/CMakeFiles/hpdf.dir/hpdf_font_type1.c.o (install_repos.py:38) (libharu___libharu)
09/12/2024 06:07:18 PM logger_libharu___libharu DEBUG [ 40%] Building C object src/CMakeFiles/hpdf.dir/hpdf_font.c.o (install_repos.py:38) (libharu___libharu)
09/12/2024 06:07:18 PM logger_libharu___libharu DEBUG [ 41%] Building C object src/CMakeFiles/hpdf.dir/hpdf_fontdef_base14.c.o (install_repos.py:38) (libharu___libharu)
09/12/2024 06:07:19 PM logger_libharu___libharu DEBUG [ 43%] Building C object src/CMakeFiles/hpdf.dir/hpdf_fontdef_cid.c.o (install_repos.py:38) (libharu___libharu)
09/12/2024 06:07:19 PM logger_libharu___libharu DEBUG [ 45%] Building C object src/CMakeFiles/hpdf.dir/hpdf_fontdef_cns.c.o (install_repos.py:38) (libharu___libharu)
09/12/2024 06:07:19 PM logger_libharu___libharu DEBUG [ 46%] Building C object src/CMakeFiles/hpdf.dir/hpdf_fontdef_cnt.c.o (install_repos.py:38) (libharu___libharu)
09/12/2024 06:07:19 PM logger_libharu___libharu DEBUG [ 48%] Building C object src/CMakeFiles/hpdf.dir/hpdf_fontdef_jp.c.o (install_repos.py:38) (libharu___libharu)
09/12/2024 06:07:19 PM logger_libharu___libharu DEBUG [ 50%] Building C object src/CMakeFiles/hpdf.dir/hpdf_fontdef_kr.c.o (install_repos.py:38) (libharu___libharu)
09/12/2024 06:07:19 PM logger_libharu___libharu DEBUG [ 51%] Building C object src/CMakeFiles/hpdf.dir/hpdf_fontdef_tt.c.o (install_repos.py:38) (libharu___libharu)
09/12/2024 06:07:19 PM logger_libharu___libharu DEBUG [ 53%] Building C object src/CMakeFiles/hpdf.dir/hpdf_fontdef_type1.c.o (install_repos.py:38) (libharu___libharu)
09/12/2024 06:07:19 PM logger_libharu___libharu DEBUG [ 55%] Building C object src/CMakeFiles/hpdf.dir/hpdf_fontdef.c.o (install_repos.py:38) (libharu___libharu)
09/12/2024 06:07:19 PM logger_libharu___libharu DEBUG [ 56%] Building C object src/CMakeFiles/hpdf.dir/hpdf_gstate.c.o (install_repos.py:38) (libharu___libharu)
09/12/2024 06:07:19 PM logger_libharu___libharu DEBUG [ 58%] Building C object src/CMakeFiles/hpdf.dir/hpdf_image_ccitt.c.o (install_repos.py:38) (libharu___libharu)
09/12/2024 06:07:19 PM logger_libharu___libharu DEBUG [ 60%] Building C object src/CMakeFiles/hpdf.dir/hpdf_image_png.c.o (install_repos.py:38) (libharu___libharu)
09/12/2024 06:07:19 PM logger_libharu___libharu DEBUG [ 61%] Building C object src/CMakeFiles/hpdf.dir/hpdf_image.c.o (install_repos.py:38) (libharu___libharu)
09/12/2024 06:07:19 PM logger_libharu___libharu DEBUG [ 63%] Building C object src/CMakeFiles/hpdf.dir/hpdf_info.c.o (install_repos.py:38) (libharu___libharu)
09/12/2024 06:07:19 PM logger_libharu___libharu DEBUG [ 65%] Building C object src/CMakeFiles/hpdf.dir/hpdf_list.c.o (install_repos.py:38) (libharu___libharu)
09/12/2024 06:07:19 PM logger_libharu___libharu DEBUG [ 66%] Building C object src/CMakeFiles/hpdf.dir/hpdf_mmgr.c.o (install_repos.py:38) (libharu___libharu)
09/12/2024 06:07:19 PM logger_libharu___libharu DEBUG [ 68%] Building C object src/CMakeFiles/hpdf.dir/hpdf_name.c.o (install_repos.py:38) (libharu___libharu)
09/12/2024 06:07:20 PM logger_libharu___libharu DEBUG [ 70%] Building C object src/CMakeFiles/hpdf.dir/hpdf_namedict.c.o (install_repos.py:38) (libharu___libharu)
09/12/2024 06:07:20 PM logger_libharu___libharu DEBUG [ 71%] Building C object src/CMakeFiles/hpdf.dir/hpdf_null.c.o (install_repos.py:38) (libharu___libharu)
09/12/2024 06:07:20 PM logger_libharu___libharu DEBUG [ 73%] Building C object src/CMakeFiles/hpdf.dir/hpdf_number.c.o (install_repos.py:38) (libharu___libharu)
09/12/2024 06:07:20 PM logger_libharu___libharu DEBUG [ 75%] Building C object src/CMakeFiles/hpdf.dir/hpdf_objects.c.o (install_repos.py:38) (libharu___libharu)
09/12/2024 06:07:20 PM logger_libharu___libharu DEBUG [ 76%] Building C object src/CMakeFiles/hpdf.dir/hpdf_outline.c.o (install_repos.py:38) (libharu___libharu)
09/12/2024 06:07:20 PM logger_libharu___libharu DEBUG [ 78%] Building C object src/CMakeFiles/hpdf.dir/hpdf_page_label.c.o (install_repos.py:38) (libharu___libharu)
09/12/2024 06:07:20 PM logger_libharu___libharu DEBUG [ 80%] Building C object src/CMakeFiles/hpdf.dir/hpdf_page_operator.c.o (install_repos.py:38) (libharu___libharu)
09/12/2024 06:07:20 PM logger_libharu___libharu DEBUG [ 81%] Building C object src/CMakeFiles/hpdf.dir/hpdf_pages.c.o (install_repos.py:38) (libharu___libharu)
09/12/2024 06:07:20 PM logger_libharu___libharu DEBUG [ 83%] Building C object src/CMakeFiles/hpdf.dir/hpdf_real.c.o (install_repos.py:38) (libharu___libharu)
09/12/2024 06:07:20 PM logger_libharu___libharu DEBUG [ 85%] Building C object src/CMakeFiles/hpdf.dir/hpdf_shading.c.o (install_repos.py:38) (libharu___libharu)
09/12/2024 06:07:20 PM logger_libharu___libharu DEBUG [ 86%] Building C object src/CMakeFiles/hpdf.dir/hpdf_streams.c.o (install_repos.py:38) (libharu___libharu)
09/12/2024 06:07:20 PM logger_libharu___libharu DEBUG [ 88%] Building C object src/CMakeFiles/hpdf.dir/hpdf_string.c.o (install_repos.py:38) (libharu___libharu)
09/12/2024 06:07:20 PM logger_libharu___libharu DEBUG [ 90%] Building C object src/CMakeFiles/hpdf.dir/hpdf_u3d.c.o (install_repos.py:38) (libharu___libharu)
09/12/2024 06:07:21 PM logger_libharu___libharu DEBUG [ 91%] Building C object src/CMakeFiles/hpdf.dir/hpdf_utils.c.o (install_repos.py:38) (libharu___libharu)
09/12/2024 06:07:21 PM logger_libharu___libharu DEBUG [ 93%] Building C object src/CMakeFiles/hpdf.dir/hpdf_xref.c.o (install_repos.py:38) (libharu___libharu)
09/12/2024 06:07:21 PM logger_libharu___libharu DEBUG [ 95%] Building C object src/CMakeFiles/hpdf.dir/hpdf_pdfa.c.o (install_repos.py:38) (libharu___libharu)
09/12/2024 06:07:21 PM logger_libharu___libharu DEBUG [ 96%] Building C object src/CMakeFiles/hpdf.dir/hpdf_3dmeasure.c.o (install_repos.py:38) (libharu___libharu)
09/12/2024 06:07:21 PM logger_libharu___libharu DEBUG [ 98%] Building C object src/CMakeFiles/hpdf.dir/hpdf_exdata.c.o (install_repos.py:38) (libharu___libharu)
09/12/2024 06:07:21 PM logger_libharu___libharu DEBUG [100%] Linking C shared library libhpdf.so (install_repos.py:38) (libharu___libharu)
09/12/2024 06:07:21 PM logger_libharu___libharu DEBUG [100%] Built target hpdf (install_repos.py:38) (libharu___libharu)
09/12/2024 06:07:21 PM logger_libharu___libharu INFO Success: Build succeeded for libharu___libharu (install_repos.py:292) (libharu___libharu)
