09/12/2024 05:43:22 PM logger_linux-noah___noah INFO <<<<<<<<<<<<<<<<<< Logger setup anew <<<<<<<<<<<<<<<<<<< (utils.py:39) (linux-noah___noah)
09/12/2024 05:43:22 PM logger_linux-noah___noah INFO Analyzing repos/repos_400_c_round_two/linux-noah___noah (install_repos.py:285) (linux-noah___noah)
09/12/2024 05:43:22 PM logger_linux-noah___noah INFO Checking for build system in repos/repos_400_c_round_two/linux-noah___noah/src (install_repos.py:267) (linux-noah___noah)
09/12/2024 05:43:22 PM logger_linux-noah___noah INFO Checking for build system in repos/repos_400_c_round_two/linux-noah___noah/src (install_repos.py:267) (linux-noah___noah)
09/12/2024 05:43:22 PM logger_linux-noah___noah INFO Running command: rm -rf build/ (install_repos.py:20) (linux-noah___noah)
09/12/2024 05:43:22 PM logger_linux-noah___noah INFO Logging output to: logs/repos/repos_400_c_round_two_install_logs_with_make_cmake_gradlew_meson_scons_bazel_2024-09-12_17-35-05/linux-noah___noah_build.log (install_repos.py:21) (linux-noah___noah)
09/12/2024 05:43:22 PM logger_linux-noah___noah INFO Running command: rm -rf CMakeCache.txt (install_repos.py:20) (linux-noah___noah)
09/12/2024 05:43:22 PM logger_linux-noah___noah INFO Logging output to: logs/repos/repos_400_c_round_two_install_logs_with_make_cmake_gradlew_meson_scons_bazel_2024-09-12_17-35-05/linux-noah___noah_build.log (install_repos.py:21) (linux-noah___noah)
09/12/2024 05:43:22 PM logger_linux-noah___noah INFO Running command: rm -rf CMakeFiles/ (install_repos.py:20) (linux-noah___noah)
09/12/2024 05:43:22 PM logger_linux-noah___noah INFO Logging output to: logs/repos/repos_400_c_round_two_install_logs_with_make_cmake_gradlew_meson_scons_bazel_2024-09-12_17-35-05/linux-noah___noah_build.log (install_repos.py:21) (linux-noah___noah)
09/12/2024 05:43:22 PM logger_linux-noah___noah INFO Running CMake (install_repos.py:141) (linux-noah___noah)
09/12/2024 05:43:22 PM logger_linux-noah___noah INFO Running command: cmake .. (install_repos.py:20) (linux-noah___noah)
09/12/2024 05:43:22 PM logger_linux-noah___noah INFO Logging output to: logs/repos/repos_400_c_round_two_install_logs_with_make_cmake_gradlew_meson_scons_bazel_2024-09-12_17-35-05/build_build.log (install_repos.py:21) (linux-noah___noah)
09/12/2024 05:43:22 PM logger_linux-noah___noah DEBUG -- The C compiler identification is GNU 12.2.0 (install_repos.py:38) (linux-noah___noah)
09/12/2024 05:43:22 PM logger_linux-noah___noah DEBUG -- The CXX compiler identification is GNU 12.2.0 (install_repos.py:38) (linux-noah___noah)
09/12/2024 05:43:22 PM logger_linux-noah___noah DEBUG -- Detecting C compiler ABI info (install_repos.py:38) (linux-noah___noah)
09/12/2024 05:43:22 PM logger_linux-noah___noah DEBUG -- Detecting C compiler ABI info - done (install_repos.py:38) (linux-noah___noah)
09/12/2024 05:43:22 PM logger_linux-noah___noah DEBUG -- Check for working C compiler: /usr/bin/cc - skipped (install_repos.py:38) (linux-noah___noah)
09/12/2024 05:43:22 PM logger_linux-noah___noah DEBUG -- Detecting C compile features (install_repos.py:38) (linux-noah___noah)
09/12/2024 05:43:22 PM logger_linux-noah___noah DEBUG -- Detecting C compile features - done (install_repos.py:38) (linux-noah___noah)
09/12/2024 05:43:22 PM logger_linux-noah___noah DEBUG -- Detecting CXX compiler ABI info (install_repos.py:38) (linux-noah___noah)
09/12/2024 05:43:22 PM logger_linux-noah___noah DEBUG -- Detecting CXX compiler ABI info - done (install_repos.py:38) (linux-noah___noah)
09/12/2024 05:43:22 PM logger_linux-noah___noah DEBUG -- Check for working CXX compiler: /usr/bin/c++ - skipped (install_repos.py:38) (linux-noah___noah)
09/12/2024 05:43:22 PM logger_linux-noah___noah DEBUG -- Detecting CXX compile features (install_repos.py:38) (linux-noah___noah)
09/12/2024 05:43:22 PM logger_linux-noah___noah DEBUG -- Detecting CXX compile features - done (install_repos.py:38) (linux-noah___noah)
09/12/2024 05:43:22 PM logger_linux-noah___noah DEBUG -- Configuring done (install_repos.py:38) (linux-noah___noah)
09/12/2024 05:43:22 PM logger_linux-noah___noah DEBUG CMake Error: The following variables are used in this project, but they are set to NOTFOUND. (install_repos.py:38) (linux-noah___noah)
09/12/2024 05:43:22 PM logger_linux-noah___noah DEBUG Please set them or make sure they are set and tested correctly in the CMake files: (install_repos.py:38) (linux-noah___noah)
09/12/2024 05:43:22 PM logger_linux-noah___noah DEBUG HYPERVISOR_FRAMEWORK (install_repos.py:38) (linux-noah___noah)
09/12/2024 05:43:22 PM logger_linux-noah___noah DEBUG linked by target "noah" in directory /INSTALL_C/repos/repos_400_c_round_two/linux-noah___noah (install_repos.py:38) (linux-noah___noah)
09/12/2024 05:43:22 PM logger_linux-noah___noah DEBUG  (install_repos.py:38) (linux-noah___noah)
09/12/2024 05:43:22 PM logger_linux-noah___noah DEBUG -- Generating done (install_repos.py:38) (linux-noah___noah)
09/12/2024 05:43:22 PM logger_linux-noah___noah DEBUG CMake Generate step failed.  Build files cannot be regenerated correctly. (install_repos.py:38) (linux-noah___noah)
09/12/2024 05:43:22 PM logger_linux-noah___noah ERROR Error: Build failed for linux-noah___noah
Build failed for reason: cmake failed (install_repos.py:295) (linux-noah___noah)
