09/12/2024 05:37:03 PM logger_maratyszcza___nnpack INFO <<<<<<<<<<<<<<<<<< Logger setup anew <<<<<<<<<<<<<<<<<<< (utils.py:39) (maratyszcza___nnpack)
09/12/2024 05:37:03 PM logger_maratyszcza___nnpack INFO Analyzing repos/repos_400_c_round_two/maratyszcza___nnpack (install_repos.py:285) (maratyszcza___nnpack)
09/12/2024 05:37:03 PM logger_maratyszcza___nnpack INFO Checking for build system in repos/repos_400_c_round_two/maratyszcza___nnpack/src (install_repos.py:267) (maratyszcza___nnpack)
09/12/2024 05:37:03 PM logger_maratyszcza___nnpack INFO Checking for build system in repos/repos_400_c_round_two/maratyszcza___nnpack/src (install_repos.py:267) (maratyszcza___nnpack)
09/12/2024 05:37:03 PM logger_maratyszcza___nnpack INFO Running command: rm -rf build/ (install_repos.py:20) (maratyszcza___nnpack)
09/12/2024 05:37:03 PM logger_maratyszcza___nnpack INFO Logging output to: logs/repos/repos_400_c_round_two_install_logs_with_make_cmake_gradlew_meson_scons_bazel_2024-09-12_17-35-05/maratyszcza___nnpack_build.log (install_repos.py:21) (maratyszcza___nnpack)
09/12/2024 05:37:03 PM logger_maratyszcza___nnpack INFO Running command: rm -rf CMakeCache.txt (install_repos.py:20) (maratyszcza___nnpack)
09/12/2024 05:37:03 PM logger_maratyszcza___nnpack INFO Logging output to: logs/repos/repos_400_c_round_two_install_logs_with_make_cmake_gradlew_meson_scons_bazel_2024-09-12_17-35-05/maratyszcza___nnpack_build.log (install_repos.py:21) (maratyszcza___nnpack)
09/12/2024 05:37:03 PM logger_maratyszcza___nnpack INFO Running command: rm -rf CMakeFiles/ (install_repos.py:20) (maratyszcza___nnpack)
09/12/2024 05:37:03 PM logger_maratyszcza___nnpack INFO Logging output to: logs/repos/repos_400_c_round_two_install_logs_with_make_cmake_gradlew_meson_scons_bazel_2024-09-12_17-35-05/maratyszcza___nnpack_build.log (install_repos.py:21) (maratyszcza___nnpack)
09/12/2024 05:37:03 PM logger_maratyszcza___nnpack INFO Running CMake (install_repos.py:141) (maratyszcza___nnpack)
09/12/2024 05:37:03 PM logger_maratyszcza___nnpack INFO Running command: cmake .. (install_repos.py:20) (maratyszcza___nnpack)
09/12/2024 05:37:03 PM logger_maratyszcza___nnpack INFO Logging output to: logs/repos/repos_400_c_round_two_install_logs_with_make_cmake_gradlew_meson_scons_bazel_2024-09-12_17-35-05/build_build.log (install_repos.py:21) (maratyszcza___nnpack)
09/12/2024 05:37:03 PM logger_maratyszcza___nnpack DEBUG CMake Warning (dev) at /usr/share/cmake-3.25/Modules/GNUInstallDirs.cmake:243 (message): (install_repos.py:38) (maratyszcza___nnpack)
09/12/2024 05:37:03 PM logger_maratyszcza___nnpack DEBUG Unable to determine default CMAKE_INSTALL_LIBDIR directory because no (install_repos.py:38) (maratyszcza___nnpack)
09/12/2024 05:37:03 PM logger_maratyszcza___nnpack DEBUG target architecture is known.  Please enable at least one language before (install_repos.py:38) (maratyszcza___nnpack)
09/12/2024 05:37:03 PM logger_maratyszcza___nnpack DEBUG including GNUInstallDirs. (install_repos.py:38) (maratyszcza___nnpack)
09/12/2024 05:37:03 PM logger_maratyszcza___nnpack DEBUG Call Stack (most recent call first): (install_repos.py:38) (maratyszcza___nnpack)
09/12/2024 05:37:03 PM logger_maratyszcza___nnpack DEBUG CMakeLists.txt:3 (INCLUDE) (install_repos.py:38) (maratyszcza___nnpack)
09/12/2024 05:37:03 PM logger_maratyszcza___nnpack DEBUG This warning is for project developers.  Use -Wno-dev to suppress it. (install_repos.py:38) (maratyszcza___nnpack)
09/12/2024 05:37:03 PM logger_maratyszcza___nnpack DEBUG  (install_repos.py:38) (maratyszcza___nnpack)
09/12/2024 05:37:03 PM logger_maratyszcza___nnpack DEBUG -- The C compiler identification is GNU 12.2.0 (install_repos.py:38) (maratyszcza___nnpack)
09/12/2024 05:37:03 PM logger_maratyszcza___nnpack DEBUG -- The CXX compiler identification is GNU 12.2.0 (install_repos.py:38) (maratyszcza___nnpack)
09/12/2024 05:37:03 PM logger_maratyszcza___nnpack DEBUG -- The ASM compiler identification is GNU (install_repos.py:38) (maratyszcza___nnpack)
09/12/2024 05:37:03 PM logger_maratyszcza___nnpack DEBUG -- Found assembler: /usr/bin/cc (install_repos.py:38) (maratyszcza___nnpack)
09/12/2024 05:37:03 PM logger_maratyszcza___nnpack DEBUG -- Detecting C compiler ABI info (install_repos.py:38) (maratyszcza___nnpack)
09/12/2024 05:37:03 PM logger_maratyszcza___nnpack DEBUG -- Detecting C compiler ABI info - done (install_repos.py:38) (maratyszcza___nnpack)
09/12/2024 05:37:03 PM logger_maratyszcza___nnpack DEBUG -- Check for working C compiler: /usr/bin/cc - skipped (install_repos.py:38) (maratyszcza___nnpack)
09/12/2024 05:37:03 PM logger_maratyszcza___nnpack DEBUG -- Detecting C compile features (install_repos.py:38) (maratyszcza___nnpack)
09/12/2024 05:37:03 PM logger_maratyszcza___nnpack DEBUG -- Detecting C compile features - done (install_repos.py:38) (maratyszcza___nnpack)
09/12/2024 05:37:03 PM logger_maratyszcza___nnpack DEBUG -- Detecting CXX compiler ABI info (install_repos.py:38) (maratyszcza___nnpack)
09/12/2024 05:37:03 PM logger_maratyszcza___nnpack DEBUG -- Detecting CXX compiler ABI info - done (install_repos.py:38) (maratyszcza___nnpack)
09/12/2024 05:37:03 PM logger_maratyszcza___nnpack DEBUG -- Check for working CXX compiler: /usr/bin/c++ - skipped (install_repos.py:38) (maratyszcza___nnpack)
09/12/2024 05:37:03 PM logger_maratyszcza___nnpack DEBUG -- Detecting CXX compile features (install_repos.py:38) (maratyszcza___nnpack)
09/12/2024 05:37:03 PM logger_maratyszcza___nnpack DEBUG -- Detecting CXX compile features - done (install_repos.py:38) (maratyszcza___nnpack)
09/12/2024 05:37:03 PM logger_maratyszcza___nnpack DEBUG -- Performing Test NNPACK_ARCH_IS_X86_32 (install_repos.py:38) (maratyszcza___nnpack)
09/12/2024 05:37:03 PM logger_maratyszcza___nnpack DEBUG -- Performing Test NNPACK_ARCH_IS_X86_32 - Failed (install_repos.py:38) (maratyszcza___nnpack)
09/12/2024 05:37:03 PM logger_maratyszcza___nnpack DEBUG -- Found PythonInterp: /usr/local/bin/python (found version "3.11.10") (install_repos.py:38) (maratyszcza___nnpack)
09/12/2024 05:37:03 PM logger_maratyszcza___nnpack DEBUG -- NNPACK backend is x86-64 (install_repos.py:38) (maratyszcza___nnpack)
09/12/2024 05:37:03 PM logger_maratyszcza___nnpack DEBUG -- Downloading six (Python package) to /INSTALL_C/repos/repos_400_c_round_two/maratyszcza___nnpack/deps/six (define PYTHON_SIX_SOURCE_DIR to avoid it) (install_repos.py:38) (maratyszcza___nnpack)
09/12/2024 05:37:03 PM logger_maratyszcza___nnpack DEBUG CMake Warning (dev) at /usr/share/cmake-3.25/Modules/ExternalProject.cmake:3075 (message): (install_repos.py:38) (maratyszcza___nnpack)
09/12/2024 05:37:03 PM logger_maratyszcza___nnpack DEBUG The DOWNLOAD_EXTRACT_TIMESTAMP option was not given and policy CMP0135 is (install_repos.py:38) (maratyszcza___nnpack)
09/12/2024 05:37:03 PM logger_maratyszcza___nnpack DEBUG not set.  The policy's OLD behavior will be used.  When using a URL (install_repos.py:38) (maratyszcza___nnpack)
09/12/2024 05:37:03 PM logger_maratyszcza___nnpack DEBUG download, the timestamps of extracted files should preferably be that of (install_repos.py:38) (maratyszcza___nnpack)
09/12/2024 05:37:03 PM logger_maratyszcza___nnpack DEBUG the time of extraction, otherwise code that depends on the extracted (install_repos.py:38) (maratyszcza___nnpack)
09/12/2024 05:37:03 PM logger_maratyszcza___nnpack DEBUG contents might not be rebuilt if the URL changes.  The OLD behavior (install_repos.py:38) (maratyszcza___nnpack)
09/12/2024 05:37:03 PM logger_maratyszcza___nnpack DEBUG preserves the timestamps from the archive instead, but this is usually not (install_repos.py:38) (maratyszcza___nnpack)
09/12/2024 05:37:03 PM logger_maratyszcza___nnpack DEBUG what you want.  Update your project to the NEW behavior or specify the (install_repos.py:38) (maratyszcza___nnpack)
09/12/2024 05:37:03 PM logger_maratyszcza___nnpack DEBUG DOWNLOAD_EXTRACT_TIMESTAMP option with a value of true to avoid this (install_repos.py:38) (maratyszcza___nnpack)
09/12/2024 05:37:03 PM logger_maratyszcza___nnpack DEBUG robustness issue. (install_repos.py:38) (maratyszcza___nnpack)
09/12/2024 05:37:03 PM logger_maratyszcza___nnpack DEBUG Call Stack (most recent call first): (install_repos.py:38) (maratyszcza___nnpack)
09/12/2024 05:37:03 PM logger_maratyszcza___nnpack DEBUG /usr/share/cmake-3.25/Modules/ExternalProject.cmake:4185 (_ep_add_download_command) (install_repos.py:38) (maratyszcza___nnpack)
09/12/2024 05:37:03 PM logger_maratyszcza___nnpack DEBUG CMakeLists.txt:6 (ExternalProject_Add) (install_repos.py:38) (maratyszcza___nnpack)
09/12/2024 05:37:03 PM logger_maratyszcza___nnpack DEBUG This warning is for project developers.  Use -Wno-dev to suppress it. (install_repos.py:38) (maratyszcza___nnpack)
09/12/2024 05:37:03 PM logger_maratyszcza___nnpack DEBUG  (install_repos.py:38) (maratyszcza___nnpack)
09/12/2024 05:37:03 PM logger_maratyszcza___nnpack DEBUG -- Configuring done (install_repos.py:38) (maratyszcza___nnpack)
09/12/2024 05:37:03 PM logger_maratyszcza___nnpack DEBUG -- Generating done (install_repos.py:38) (maratyszcza___nnpack)
09/12/2024 05:37:03 PM logger_maratyszcza___nnpack DEBUG -- Build files have been written to: /INSTALL_C/repos/repos_400_c_round_two/maratyszcza___nnpack/build/deps/six-download (install_repos.py:38) (maratyszcza___nnpack)
09/12/2024 05:37:03 PM logger_maratyszcza___nnpack DEBUG [ 11%] Creating directories for 'six' (install_repos.py:38) (maratyszcza___nnpack)
09/12/2024 05:37:03 PM logger_maratyszcza___nnpack DEBUG [ 22%] Performing download step (download, verify and extract) for 'six' (install_repos.py:38) (maratyszcza___nnpack)
09/12/2024 05:37:03 PM logger_maratyszcza___nnpack DEBUG -- Downloading... (install_repos.py:38) (maratyszcza___nnpack)
09/12/2024 05:37:03 PM logger_maratyszcza___nnpack DEBUG dst='/INSTALL_C/repos/repos_400_c_round_two/maratyszcza___nnpack/build/deps/six-download/six-prefix/src/six-1.11.0.tar.gz' (install_repos.py:38) (maratyszcza___nnpack)
09/12/2024 05:37:03 PM logger_maratyszcza___nnpack DEBUG timeout='none' (install_repos.py:38) (maratyszcza___nnpack)
09/12/2024 05:37:03 PM logger_maratyszcza___nnpack DEBUG inactivity timeout='none' (install_repos.py:38) (maratyszcza___nnpack)
09/12/2024 05:37:03 PM logger_maratyszcza___nnpack DEBUG -- Using src='https://pypi.python.org/packages/16/d8/bc6316cf98419719bd59c91742194c111b6f2e85abac88e496adefaf7afe/six-1.11.0.tar.gz' (install_repos.py:38) (maratyszcza___nnpack)
09/12/2024 05:37:03 PM logger_maratyszcza___nnpack DEBUG -- [download 100% complete] (install_repos.py:38) (maratyszcza___nnpack)
09/12/2024 05:37:04 PM logger_maratyszcza___nnpack DEBUG -- [download 28% complete] (install_repos.py:38) (maratyszcza___nnpack)
09/12/2024 05:37:04 PM logger_maratyszcza___nnpack DEBUG -- [download 37% complete] (install_repos.py:38) (maratyszcza___nnpack)
09/12/2024 05:37:04 PM logger_maratyszcza___nnpack DEBUG -- [download 46% complete] (install_repos.py:38) (maratyszcza___nnpack)
09/12/2024 05:37:04 PM logger_maratyszcza___nnpack DEBUG -- [download 55% complete] (install_repos.py:38) (maratyszcza___nnpack)
09/12/2024 05:37:04 PM logger_maratyszcza___nnpack DEBUG -- [download 65% complete] (install_repos.py:38) (maratyszcza___nnpack)
09/12/2024 05:37:04 PM logger_maratyszcza___nnpack DEBUG -- [download 74% complete] (install_repos.py:38) (maratyszcza___nnpack)
09/12/2024 05:37:04 PM logger_maratyszcza___nnpack DEBUG -- [download 83% complete] (install_repos.py:38) (maratyszcza___nnpack)
09/12/2024 05:37:04 PM logger_maratyszcza___nnpack DEBUG -- [download 92% complete] (install_repos.py:38) (maratyszcza___nnpack)
09/12/2024 05:37:04 PM logger_maratyszcza___nnpack DEBUG -- [download 100% complete] (install_repos.py:38) (maratyszcza___nnpack)
09/12/2024 05:37:04 PM logger_maratyszcza___nnpack DEBUG -- verifying file... (install_repos.py:38) (maratyszcza___nnpack)
09/12/2024 05:37:04 PM logger_maratyszcza___nnpack DEBUG file='/INSTALL_C/repos/repos_400_c_round_two/maratyszcza___nnpack/build/deps/six-download/six-prefix/src/six-1.11.0.tar.gz' (install_repos.py:38) (maratyszcza___nnpack)
09/12/2024 05:37:04 PM logger_maratyszcza___nnpack DEBUG -- Downloading... done (install_repos.py:38) (maratyszcza___nnpack)
09/12/2024 05:37:04 PM logger_maratyszcza___nnpack DEBUG -- extracting... (install_repos.py:38) (maratyszcza___nnpack)
09/12/2024 05:37:04 PM logger_maratyszcza___nnpack DEBUG src='/INSTALL_C/repos/repos_400_c_round_two/maratyszcza___nnpack/build/deps/six-download/six-prefix/src/six-1.11.0.tar.gz' (install_repos.py:38) (maratyszcza___nnpack)
09/12/2024 05:37:04 PM logger_maratyszcza___nnpack DEBUG dst='/INSTALL_C/repos/repos_400_c_round_two/maratyszcza___nnpack/deps/six' (install_repos.py:38) (maratyszcza___nnpack)
09/12/2024 05:37:04 PM logger_maratyszcza___nnpack DEBUG -- extracting... [tar xfz] (install_repos.py:38) (maratyszcza___nnpack)
09/12/2024 05:37:04 PM logger_maratyszcza___nnpack DEBUG -- extracting... [analysis] (install_repos.py:38) (maratyszcza___nnpack)
09/12/2024 05:37:04 PM logger_maratyszcza___nnpack DEBUG -- extracting... [rename] (install_repos.py:38) (maratyszcza___nnpack)
09/12/2024 05:37:04 PM logger_maratyszcza___nnpack DEBUG -- extracting... [clean up] (install_repos.py:38) (maratyszcza___nnpack)
09/12/2024 05:37:04 PM logger_maratyszcza___nnpack DEBUG -- extracting... done (install_repos.py:38) (maratyszcza___nnpack)
09/12/2024 05:37:04 PM logger_maratyszcza___nnpack DEBUG [ 33%] No update step for 'six' (install_repos.py:38) (maratyszcza___nnpack)
09/12/2024 05:37:04 PM logger_maratyszcza___nnpack DEBUG [ 44%] No patch step for 'six' (install_repos.py:38) (maratyszcza___nnpack)
09/12/2024 05:37:04 PM logger_maratyszcza___nnpack DEBUG [ 55%] No configure step for 'six' (install_repos.py:38) (maratyszcza___nnpack)
09/12/2024 05:37:04 PM logger_maratyszcza___nnpack DEBUG [ 66%] No build step for 'six' (install_repos.py:38) (maratyszcza___nnpack)
09/12/2024 05:37:04 PM logger_maratyszcza___nnpack DEBUG [ 77%] No install step for 'six' (install_repos.py:38) (maratyszcza___nnpack)
09/12/2024 05:37:04 PM logger_maratyszcza___nnpack DEBUG [ 88%] No test step for 'six' (install_repos.py:38) (maratyszcza___nnpack)
09/12/2024 05:37:04 PM logger_maratyszcza___nnpack DEBUG [100%] Completed 'six' (install_repos.py:38) (maratyszcza___nnpack)
09/12/2024 05:37:04 PM logger_maratyszcza___nnpack DEBUG [100%] Built target six (install_repos.py:38) (maratyszcza___nnpack)
09/12/2024 05:37:04 PM logger_maratyszcza___nnpack DEBUG -- Downloading opcodes (Python package) to /INSTALL_C/repos/repos_400_c_round_two/maratyszcza___nnpack/deps/opcodes (define PYTHON_OPCODES_SOURCE_DIR to avoid it) (install_repos.py:38) (maratyszcza___nnpack)
09/12/2024 05:37:04 PM logger_maratyszcza___nnpack DEBUG CMake Warning (dev) at /usr/share/cmake-3.25/Modules/ExternalProject.cmake:3075 (message): (install_repos.py:38) (maratyszcza___nnpack)
09/12/2024 05:37:04 PM logger_maratyszcza___nnpack DEBUG The DOWNLOAD_EXTRACT_TIMESTAMP option was not given and policy CMP0135 is (install_repos.py:38) (maratyszcza___nnpack)
09/12/2024 05:37:04 PM logger_maratyszcza___nnpack DEBUG not set.  The policy's OLD behavior will be used.  When using a URL (install_repos.py:38) (maratyszcza___nnpack)
09/12/2024 05:37:04 PM logger_maratyszcza___nnpack DEBUG download, the timestamps of extracted files should preferably be that of (install_repos.py:38) (maratyszcza___nnpack)
09/12/2024 05:37:04 PM logger_maratyszcza___nnpack DEBUG the time of extraction, otherwise code that depends on the extracted (install_repos.py:38) (maratyszcza___nnpack)
09/12/2024 05:37:04 PM logger_maratyszcza___nnpack DEBUG contents might not be rebuilt if the URL changes.  The OLD behavior (install_repos.py:38) (maratyszcza___nnpack)
09/12/2024 05:37:04 PM logger_maratyszcza___nnpack DEBUG preserves the timestamps from the archive instead, but this is usually not (install_repos.py:38) (maratyszcza___nnpack)
09/12/2024 05:37:04 PM logger_maratyszcza___nnpack DEBUG what you want.  Update your project to the NEW behavior or specify the (install_repos.py:38) (maratyszcza___nnpack)
09/12/2024 05:37:04 PM logger_maratyszcza___nnpack DEBUG DOWNLOAD_EXTRACT_TIMESTAMP option with a value of true to avoid this (install_repos.py:38) (maratyszcza___nnpack)
09/12/2024 05:37:04 PM logger_maratyszcza___nnpack DEBUG robustness issue. (install_repos.py:38) (maratyszcza___nnpack)
09/12/2024 05:37:04 PM logger_maratyszcza___nnpack DEBUG Call Stack (most recent call first): (install_repos.py:38) (maratyszcza___nnpack)
09/12/2024 05:37:04 PM logger_maratyszcza___nnpack DEBUG /usr/share/cmake-3.25/Modules/ExternalProject.cmake:4185 (_ep_add_download_command) (install_repos.py:38) (maratyszcza___nnpack)
09/12/2024 05:37:04 PM logger_maratyszcza___nnpack DEBUG CMakeLists.txt:6 (ExternalProject_Add) (install_repos.py:38) (maratyszcza___nnpack)
09/12/2024 05:37:04 PM logger_maratyszcza___nnpack DEBUG This warning is for project developers.  Use -Wno-dev to suppress it. (install_repos.py:38) (maratyszcza___nnpack)
09/12/2024 05:37:04 PM logger_maratyszcza___nnpack DEBUG  (install_repos.py:38) (maratyszcza___nnpack)
09/12/2024 05:37:04 PM logger_maratyszcza___nnpack DEBUG -- Configuring done (install_repos.py:38) (maratyszcza___nnpack)
09/12/2024 05:37:04 PM logger_maratyszcza___nnpack DEBUG -- Generating done (install_repos.py:38) (maratyszcza___nnpack)
09/12/2024 05:37:04 PM logger_maratyszcza___nnpack DEBUG -- Build files have been written to: /INSTALL_C/repos/repos_400_c_round_two/maratyszcza___nnpack/build/deps/opcodes-download (install_repos.py:38) (maratyszcza___nnpack)
09/12/2024 05:37:04 PM logger_maratyszcza___nnpack DEBUG [ 11%] Creating directories for 'opcodes' (install_repos.py:38) (maratyszcza___nnpack)
09/12/2024 05:37:04 PM logger_maratyszcza___nnpack DEBUG [ 22%] Performing download step (download, verify and extract) for 'opcodes' (install_repos.py:38) (maratyszcza___nnpack)
09/12/2024 05:37:04 PM logger_maratyszcza___nnpack DEBUG -- Downloading... (install_repos.py:38) (maratyszcza___nnpack)
09/12/2024 05:37:04 PM logger_maratyszcza___nnpack DEBUG dst='/INSTALL_C/repos/repos_400_c_round_two/maratyszcza___nnpack/build/deps/opcodes-download/opcodes-prefix/src/opcodes-0.3.13.tar.gz' (install_repos.py:38) (maratyszcza___nnpack)
09/12/2024 05:37:04 PM logger_maratyszcza___nnpack DEBUG timeout='none' (install_repos.py:38) (maratyszcza___nnpack)
09/12/2024 05:37:04 PM logger_maratyszcza___nnpack DEBUG inactivity timeout='none' (install_repos.py:38) (maratyszcza___nnpack)
09/12/2024 05:37:04 PM logger_maratyszcza___nnpack DEBUG -- Using src='https://pypi.python.org/packages/e8/59/8c2e293c9c8d60f206fd5d0f6c8236a2e0a97832379ac319077441552c6a/opcodes-0.3.13.tar.gz' (install_repos.py:38) (maratyszcza___nnpack)
09/12/2024 05:37:04 PM logger_maratyszcza___nnpack DEBUG -- [download 100% complete] (install_repos.py:38) (maratyszcza___nnpack)
09/12/2024 05:37:04 PM logger_maratyszcza___nnpack DEBUG -- [download 0% complete] (install_repos.py:38) (maratyszcza___nnpack)
09/12/2024 05:37:04 PM logger_maratyszcza___nnpack DEBUG -- [download 4% complete] (install_repos.py:38) (maratyszcza___nnpack)
09/12/2024 05:37:04 PM logger_maratyszcza___nnpack DEBUG -- [download 5% complete] (install_repos.py:38) (maratyszcza___nnpack)
09/12/2024 05:37:04 PM logger_maratyszcza___nnpack DEBUG -- [download 7% complete] (install_repos.py:38) (maratyszcza___nnpack)
09/12/2024 05:37:04 PM logger_maratyszcza___nnpack DEBUG -- [download 8% complete] (install_repos.py:38) (maratyszcza___nnpack)
09/12/2024 05:37:04 PM logger_maratyszcza___nnpack DEBUG -- [download 9% complete] (install_repos.py:38) (maratyszcza___nnpack)
09/12/2024 05:37:04 PM logger_maratyszcza___nnpack DEBUG -- [download 10% complete] (install_repos.py:38) (maratyszcza___nnpack)
09/12/2024 05:37:04 PM logger_maratyszcza___nnpack DEBUG -- [download 12% complete] (install_repos.py:38) (maratyszcza___nnpack)
09/12/2024 05:37:04 PM logger_maratyszcza___nnpack DEBUG -- [download 13% complete] (install_repos.py:38) (maratyszcza___nnpack)
09/12/2024 05:37:04 PM logger_maratyszcza___nnpack DEBUG -- [download 14% complete] (install_repos.py:38) (maratyszcza___nnpack)
09/12/2024 05:37:04 PM logger_maratyszcza___nnpack DEBUG -- [download 15% complete] (install_repos.py:38) (maratyszcza___nnpack)
09/12/2024 05:37:04 PM logger_maratyszcza___nnpack DEBUG -- [download 17% complete] (install_repos.py:38) (maratyszcza___nnpack)
09/12/2024 05:37:04 PM logger_maratyszcza___nnpack DEBUG -- [download 19% complete] (install_repos.py:38) (maratyszcza___nnpack)
09/12/2024 05:37:04 PM logger_maratyszcza___nnpack DEBUG -- [download 20% complete] (install_repos.py:38) (maratyszcza___nnpack)
09/12/2024 05:37:04 PM logger_maratyszcza___nnpack DEBUG -- [download 21% complete] (install_repos.py:38) (maratyszcza___nnpack)
09/12/2024 05:37:04 PM logger_maratyszcza___nnpack DEBUG -- [download 22% complete] (install_repos.py:38) (maratyszcza___nnpack)
09/12/2024 05:37:04 PM logger_maratyszcza___nnpack DEBUG -- [download 23% complete] (install_repos.py:38) (maratyszcza___nnpack)
09/12/2024 05:37:04 PM logger_maratyszcza___nnpack DEBUG -- [download 25% complete] (install_repos.py:38) (maratyszcza___nnpack)
09/12/2024 05:37:04 PM logger_maratyszcza___nnpack DEBUG -- [download 32% complete] (install_repos.py:38) (maratyszcza___nnpack)
09/12/2024 05:37:04 PM logger_maratyszcza___nnpack DEBUG -- [download 40% complete] (install_repos.py:38) (maratyszcza___nnpack)
09/12/2024 05:37:04 PM logger_maratyszcza___nnpack DEBUG -- [download 47% complete] (install_repos.py:38) (maratyszcza___nnpack)
09/12/2024 05:37:04 PM logger_maratyszcza___nnpack DEBUG -- [download 55% complete] (install_repos.py:38) (maratyszcza___nnpack)
09/12/2024 05:37:04 PM logger_maratyszcza___nnpack DEBUG -- [download 57% complete] (install_repos.py:38) (maratyszcza___nnpack)
09/12/2024 05:37:04 PM logger_maratyszcza___nnpack DEBUG -- [download 65% complete] (install_repos.py:38) (maratyszcza___nnpack)
09/12/2024 05:37:04 PM logger_maratyszcza___nnpack DEBUG -- [download 72% complete] (install_repos.py:38) (maratyszcza___nnpack)
09/12/2024 05:37:04 PM logger_maratyszcza___nnpack DEBUG -- [download 80% complete] (install_repos.py:38) (maratyszcza___nnpack)
09/12/2024 05:37:04 PM logger_maratyszcza___nnpack DEBUG -- [download 87% complete] (install_repos.py:38) (maratyszcza___nnpack)
09/12/2024 05:37:04 PM logger_maratyszcza___nnpack DEBUG -- [download 95% complete] (install_repos.py:38) (maratyszcza___nnpack)
09/12/2024 05:37:04 PM logger_maratyszcza___nnpack DEBUG -- [download 100% complete] (install_repos.py:38) (maratyszcza___nnpack)
09/12/2024 05:37:04 PM logger_maratyszcza___nnpack DEBUG -- verifying file... (install_repos.py:38) (maratyszcza___nnpack)
09/12/2024 05:37:04 PM logger_maratyszcza___nnpack DEBUG file='/INSTALL_C/repos/repos_400_c_round_two/maratyszcza___nnpack/build/deps/opcodes-download/opcodes-prefix/src/opcodes-0.3.13.tar.gz' (install_repos.py:38) (maratyszcza___nnpack)
09/12/2024 05:37:04 PM logger_maratyszcza___nnpack DEBUG -- Downloading... done (install_repos.py:38) (maratyszcza___nnpack)
09/12/2024 05:37:04 PM logger_maratyszcza___nnpack DEBUG -- extracting... (install_repos.py:38) (maratyszcza___nnpack)
09/12/2024 05:37:04 PM logger_maratyszcza___nnpack DEBUG src='/INSTALL_C/repos/repos_400_c_round_two/maratyszcza___nnpack/build/deps/opcodes-download/opcodes-prefix/src/opcodes-0.3.13.tar.gz' (install_repos.py:38) (maratyszcza___nnpack)
09/12/2024 05:37:04 PM logger_maratyszcza___nnpack DEBUG dst='/INSTALL_C/repos/repos_400_c_round_two/maratyszcza___nnpack/deps/opcodes' (install_repos.py:38) (maratyszcza___nnpack)
09/12/2024 05:37:04 PM logger_maratyszcza___nnpack DEBUG -- extracting... [tar xfz] (install_repos.py:38) (maratyszcza___nnpack)
09/12/2024 05:37:04 PM logger_maratyszcza___nnpack DEBUG -- extracting... [analysis] (install_repos.py:38) (maratyszcza___nnpack)
09/12/2024 05:37:04 PM logger_maratyszcza___nnpack DEBUG -- extracting... [rename] (install_repos.py:38) (maratyszcza___nnpack)
09/12/2024 05:37:04 PM logger_maratyszcza___nnpack DEBUG -- extracting... [clean up] (install_repos.py:38) (maratyszcza___nnpack)
09/12/2024 05:37:04 PM logger_maratyszcza___nnpack DEBUG -- extracting... done (install_repos.py:38) (maratyszcza___nnpack)
09/12/2024 05:37:04 PM logger_maratyszcza___nnpack DEBUG [ 33%] No update step for 'opcodes' (install_repos.py:38) (maratyszcza___nnpack)
09/12/2024 05:37:04 PM logger_maratyszcza___nnpack DEBUG [ 44%] No patch step for 'opcodes' (install_repos.py:38) (maratyszcza___nnpack)
09/12/2024 05:37:04 PM logger_maratyszcza___nnpack DEBUG [ 55%] No configure step for 'opcodes' (install_repos.py:38) (maratyszcza___nnpack)
09/12/2024 05:37:05 PM logger_maratyszcza___nnpack DEBUG [ 66%] No build step for 'opcodes' (install_repos.py:38) (maratyszcza___nnpack)
09/12/2024 05:37:05 PM logger_maratyszcza___nnpack DEBUG [ 77%] No install step for 'opcodes' (install_repos.py:38) (maratyszcza___nnpack)
09/12/2024 05:37:05 PM logger_maratyszcza___nnpack DEBUG [ 88%] No test step for 'opcodes' (install_repos.py:38) (maratyszcza___nnpack)
09/12/2024 05:37:05 PM logger_maratyszcza___nnpack DEBUG [100%] Completed 'opcodes' (install_repos.py:38) (maratyszcza___nnpack)
09/12/2024 05:37:05 PM logger_maratyszcza___nnpack DEBUG [100%] Built target opcodes (install_repos.py:38) (maratyszcza___nnpack)
09/12/2024 05:37:05 PM logger_maratyszcza___nnpack DEBUG -- Downloading PeachPy (Python package) to /INSTALL_C/repos/repos_400_c_round_two/maratyszcza___nnpack/deps/peachpy (define PYTHON_PEACHPY_SOURCE_DIR to avoid it) (install_repos.py:38) (maratyszcza___nnpack)
09/12/2024 05:37:05 PM logger_maratyszcza___nnpack DEBUG -- Found PythonInterp: /usr/local/bin/python (found version "3.11.10") (install_repos.py:38) (maratyszcza___nnpack)
09/12/2024 05:37:05 PM logger_maratyszcza___nnpack DEBUG -- Configuring done (install_repos.py:38) (maratyszcza___nnpack)
09/12/2024 05:37:05 PM logger_maratyszcza___nnpack DEBUG -- Generating done (install_repos.py:38) (maratyszcza___nnpack)
09/12/2024 05:37:05 PM logger_maratyszcza___nnpack DEBUG -- Build files have been written to: /INSTALL_C/repos/repos_400_c_round_two/maratyszcza___nnpack/build/deps/peachpy-download (install_repos.py:38) (maratyszcza___nnpack)
09/12/2024 05:37:05 PM logger_maratyszcza___nnpack DEBUG [ 11%] Creating directories for 'peachpy' (install_repos.py:38) (maratyszcza___nnpack)
09/12/2024 05:37:05 PM logger_maratyszcza___nnpack DEBUG [ 22%] Performing download step (git clone) for 'peachpy' (install_repos.py:38) (maratyszcza___nnpack)
09/12/2024 05:37:05 PM logger_maratyszcza___nnpack DEBUG Cloning into 'peachpy'... (install_repos.py:38) (maratyszcza___nnpack)
09/12/2024 05:37:05 PM logger_maratyszcza___nnpack DEBUG Already on 'master' (install_repos.py:38) (maratyszcza___nnpack)
09/12/2024 05:37:05 PM logger_maratyszcza___nnpack DEBUG Your branch is up to date with 'origin/master'. (install_repos.py:38) (maratyszcza___nnpack)
09/12/2024 05:37:06 PM logger_maratyszcza___nnpack DEBUG [ 33%] Performing update step for 'peachpy' (install_repos.py:38) (maratyszcza___nnpack)
09/12/2024 05:37:06 PM logger_maratyszcza___nnpack DEBUG [ 44%] Performing patch step for 'peachpy' (install_repos.py:38) (maratyszcza___nnpack)
09/12/2024 05:37:07 PM logger_maratyszcza___nnpack DEBUG running generate (install_repos.py:38) (maratyszcza___nnpack)
09/12/2024 05:37:07 PM logger_maratyszcza___nnpack DEBUG Generating x86-64 instruction classes from opcodes 0.3.13 (install_repos.py:38) (maratyszcza___nnpack)
09/12/2024 05:37:08 PM logger_maratyszcza___nnpack DEBUG [ 55%] No configure step for 'peachpy' (install_repos.py:38) (maratyszcza___nnpack)
09/12/2024 05:37:08 PM logger_maratyszcza___nnpack DEBUG [ 66%] No build step for 'peachpy' (install_repos.py:38) (maratyszcza___nnpack)
09/12/2024 05:37:08 PM logger_maratyszcza___nnpack DEBUG [ 77%] No install step for 'peachpy' (install_repos.py:38) (maratyszcza___nnpack)
09/12/2024 05:37:09 PM logger_maratyszcza___nnpack DEBUG [ 88%] No test step for 'peachpy' (install_repos.py:38) (maratyszcza___nnpack)
09/12/2024 05:37:09 PM logger_maratyszcza___nnpack DEBUG [100%] Completed 'peachpy' (install_repos.py:38) (maratyszcza___nnpack)
09/12/2024 05:37:09 PM logger_maratyszcza___nnpack DEBUG [100%] Built target peachpy (install_repos.py:38) (maratyszcza___nnpack)
09/12/2024 05:37:09 PM logger_maratyszcza___nnpack DEBUG -- Downloading cpuinfo to /INSTALL_C/repos/repos_400_c_round_two/maratyszcza___nnpack/deps/cpuinfo (define CPUINFO_SOURCE_DIR to avoid it) (install_repos.py:38) (maratyszcza___nnpack)
09/12/2024 05:37:09 PM logger_maratyszcza___nnpack DEBUG -- Configuring done (install_repos.py:38) (maratyszcza___nnpack)
09/12/2024 05:37:09 PM logger_maratyszcza___nnpack DEBUG -- Generating done (install_repos.py:38) (maratyszcza___nnpack)
09/12/2024 05:37:09 PM logger_maratyszcza___nnpack DEBUG -- Build files have been written to: /INSTALL_C/repos/repos_400_c_round_two/maratyszcza___nnpack/build/deps/cpuinfo-download (install_repos.py:38) (maratyszcza___nnpack)
09/12/2024 05:37:09 PM logger_maratyszcza___nnpack DEBUG [ 11%] Creating directories for 'cpuinfo' (install_repos.py:38) (maratyszcza___nnpack)
09/12/2024 05:37:09 PM logger_maratyszcza___nnpack DEBUG [ 22%] Performing download step (git clone) for 'cpuinfo' (install_repos.py:38) (maratyszcza___nnpack)
09/12/2024 05:37:09 PM logger_maratyszcza___nnpack DEBUG Cloning into 'cpuinfo'... (install_repos.py:38) (maratyszcza___nnpack)
09/12/2024 05:37:10 PM logger_maratyszcza___nnpack DEBUG Already on 'main' (install_repos.py:38) (maratyszcza___nnpack)
09/12/2024 05:37:10 PM logger_maratyszcza___nnpack DEBUG Your branch is up to date with 'origin/main'. (install_repos.py:38) (maratyszcza___nnpack)
09/12/2024 05:37:10 PM logger_maratyszcza___nnpack DEBUG [ 33%] Performing update step for 'cpuinfo' (install_repos.py:38) (maratyszcza___nnpack)
09/12/2024 05:37:10 PM logger_maratyszcza___nnpack DEBUG [ 44%] No patch step for 'cpuinfo' (install_repos.py:38) (maratyszcza___nnpack)
09/12/2024 05:37:10 PM logger_maratyszcza___nnpack DEBUG [ 55%] No configure step for 'cpuinfo' (install_repos.py:38) (maratyszcza___nnpack)
09/12/2024 05:37:10 PM logger_maratyszcza___nnpack DEBUG [ 66%] No build step for 'cpuinfo' (install_repos.py:38) (maratyszcza___nnpack)
09/12/2024 05:37:10 PM logger_maratyszcza___nnpack DEBUG [ 77%] No install step for 'cpuinfo' (install_repos.py:38) (maratyszcza___nnpack)
09/12/2024 05:37:10 PM logger_maratyszcza___nnpack DEBUG [ 88%] No test step for 'cpuinfo' (install_repos.py:38) (maratyszcza___nnpack)
09/12/2024 05:37:10 PM logger_maratyszcza___nnpack DEBUG [100%] Completed 'cpuinfo' (install_repos.py:38) (maratyszcza___nnpack)
09/12/2024 05:37:10 PM logger_maratyszcza___nnpack DEBUG [100%] Built target cpuinfo (install_repos.py:38) (maratyszcza___nnpack)
09/12/2024 05:37:10 PM logger_maratyszcza___nnpack DEBUG -- Downloading FP16 to /INSTALL_C/repos/repos_400_c_round_two/maratyszcza___nnpack/deps/fp16 (define FP16_SOURCE_DIR to avoid it) (install_repos.py:38) (maratyszcza___nnpack)
09/12/2024 05:37:10 PM logger_maratyszcza___nnpack DEBUG -- Configuring done (install_repos.py:38) (maratyszcza___nnpack)
09/12/2024 05:37:10 PM logger_maratyszcza___nnpack DEBUG -- Generating done (install_repos.py:38) (maratyszcza___nnpack)
09/12/2024 05:37:10 PM logger_maratyszcza___nnpack DEBUG -- Build files have been written to: /INSTALL_C/repos/repos_400_c_round_two/maratyszcza___nnpack/build/deps/fp16-download (install_repos.py:38) (maratyszcza___nnpack)
09/12/2024 05:37:10 PM logger_maratyszcza___nnpack DEBUG [ 11%] Creating directories for 'fp16' (install_repos.py:38) (maratyszcza___nnpack)
09/12/2024 05:37:10 PM logger_maratyszcza___nnpack DEBUG [ 22%] Performing download step (git clone) for 'fp16' (install_repos.py:38) (maratyszcza___nnpack)
09/12/2024 05:37:10 PM logger_maratyszcza___nnpack DEBUG Cloning into 'fp16'... (install_repos.py:38) (maratyszcza___nnpack)
09/12/2024 05:37:11 PM logger_maratyszcza___nnpack DEBUG Already on 'master' (install_repos.py:38) (maratyszcza___nnpack)
09/12/2024 05:37:11 PM logger_maratyszcza___nnpack DEBUG Your branch is up to date with 'origin/master'. (install_repos.py:38) (maratyszcza___nnpack)
09/12/2024 05:37:11 PM logger_maratyszcza___nnpack DEBUG [ 33%] Performing update step for 'fp16' (install_repos.py:38) (maratyszcza___nnpack)
09/12/2024 05:37:11 PM logger_maratyszcza___nnpack DEBUG [ 44%] No patch step for 'fp16' (install_repos.py:38) (maratyszcza___nnpack)
09/12/2024 05:37:11 PM logger_maratyszcza___nnpack DEBUG [ 55%] No configure step for 'fp16' (install_repos.py:38) (maratyszcza___nnpack)
09/12/2024 05:37:11 PM logger_maratyszcza___nnpack DEBUG [ 66%] No build step for 'fp16' (install_repos.py:38) (maratyszcza___nnpack)
09/12/2024 05:37:11 PM logger_maratyszcza___nnpack DEBUG [ 77%] No install step for 'fp16' (install_repos.py:38) (maratyszcza___nnpack)
09/12/2024 05:37:11 PM logger_maratyszcza___nnpack DEBUG [ 88%] No test step for 'fp16' (install_repos.py:38) (maratyszcza___nnpack)
09/12/2024 05:37:11 PM logger_maratyszcza___nnpack DEBUG [100%] Completed 'fp16' (install_repos.py:38) (maratyszcza___nnpack)
09/12/2024 05:37:11 PM logger_maratyszcza___nnpack DEBUG [100%] Built target fp16 (install_repos.py:38) (maratyszcza___nnpack)
09/12/2024 05:37:11 PM logger_maratyszcza___nnpack DEBUG -- Downloading FXdiv to /INSTALL_C/repos/repos_400_c_round_two/maratyszcza___nnpack/deps/fxdiv (define FXDIV_SOURCE_DIR to avoid it) (install_repos.py:38) (maratyszcza___nnpack)
09/12/2024 05:37:11 PM logger_maratyszcza___nnpack DEBUG -- Configuring done (install_repos.py:38) (maratyszcza___nnpack)
09/12/2024 05:37:11 PM logger_maratyszcza___nnpack DEBUG -- Generating done (install_repos.py:38) (maratyszcza___nnpack)
09/12/2024 05:37:11 PM logger_maratyszcza___nnpack DEBUG -- Build files have been written to: /INSTALL_C/repos/repos_400_c_round_two/maratyszcza___nnpack/build/deps/fxdiv-download (install_repos.py:38) (maratyszcza___nnpack)
09/12/2024 05:37:11 PM logger_maratyszcza___nnpack DEBUG [ 11%] Creating directories for 'fxdiv' (install_repos.py:38) (maratyszcza___nnpack)
09/12/2024 05:37:11 PM logger_maratyszcza___nnpack DEBUG [ 22%] Performing download step (git clone) for 'fxdiv' (install_repos.py:38) (maratyszcza___nnpack)
09/12/2024 05:37:12 PM logger_maratyszcza___nnpack DEBUG Cloning into 'fxdiv'... (install_repos.py:38) (maratyszcza___nnpack)
09/12/2024 05:37:12 PM logger_maratyszcza___nnpack DEBUG Already on 'master' (install_repos.py:38) (maratyszcza___nnpack)
09/12/2024 05:37:12 PM logger_maratyszcza___nnpack DEBUG Your branch is up to date with 'origin/master'. (install_repos.py:38) (maratyszcza___nnpack)
09/12/2024 05:37:12 PM logger_maratyszcza___nnpack DEBUG [ 33%] Performing update step for 'fxdiv' (install_repos.py:38) (maratyszcza___nnpack)
09/12/2024 05:37:12 PM logger_maratyszcza___nnpack DEBUG [ 44%] No patch step for 'fxdiv' (install_repos.py:38) (maratyszcza___nnpack)
09/12/2024 05:37:12 PM logger_maratyszcza___nnpack DEBUG [ 55%] No configure step for 'fxdiv' (install_repos.py:38) (maratyszcza___nnpack)
09/12/2024 05:37:12 PM logger_maratyszcza___nnpack DEBUG [ 66%] No build step for 'fxdiv' (install_repos.py:38) (maratyszcza___nnpack)
09/12/2024 05:37:12 PM logger_maratyszcza___nnpack DEBUG [ 77%] No install step for 'fxdiv' (install_repos.py:38) (maratyszcza___nnpack)
09/12/2024 05:37:12 PM logger_maratyszcza___nnpack DEBUG [ 88%] No test step for 'fxdiv' (install_repos.py:38) (maratyszcza___nnpack)
09/12/2024 05:37:12 PM logger_maratyszcza___nnpack DEBUG [100%] Completed 'fxdiv' (install_repos.py:38) (maratyszcza___nnpack)
09/12/2024 05:37:12 PM logger_maratyszcza___nnpack DEBUG [100%] Built target fxdiv (install_repos.py:38) (maratyszcza___nnpack)
09/12/2024 05:37:12 PM logger_maratyszcza___nnpack DEBUG -- Downloading PSimd to /INSTALL_C/repos/repos_400_c_round_two/maratyszcza___nnpack/deps/psimd (define PSIMD_SOURCE_DIR to avoid it) (install_repos.py:38) (maratyszcza___nnpack)
09/12/2024 05:37:12 PM logger_maratyszcza___nnpack DEBUG -- Configuring done (install_repos.py:38) (maratyszcza___nnpack)
09/12/2024 05:37:12 PM logger_maratyszcza___nnpack DEBUG -- Generating done (install_repos.py:38) (maratyszcza___nnpack)
09/12/2024 05:37:12 PM logger_maratyszcza___nnpack DEBUG -- Build files have been written to: /INSTALL_C/repos/repos_400_c_round_two/maratyszcza___nnpack/build/deps/psimd-download (install_repos.py:38) (maratyszcza___nnpack)
09/12/2024 05:37:12 PM logger_maratyszcza___nnpack DEBUG [ 11%] Creating directories for 'psimd' (install_repos.py:38) (maratyszcza___nnpack)
09/12/2024 05:37:12 PM logger_maratyszcza___nnpack DEBUG [ 22%] Performing download step (git clone) for 'psimd' (install_repos.py:38) (maratyszcza___nnpack)
09/12/2024 05:37:12 PM logger_maratyszcza___nnpack DEBUG Cloning into 'psimd'... (install_repos.py:38) (maratyszcza___nnpack)
09/12/2024 05:37:13 PM logger_maratyszcza___nnpack DEBUG Already on 'master' (install_repos.py:38) (maratyszcza___nnpack)
09/12/2024 05:37:13 PM logger_maratyszcza___nnpack DEBUG Your branch is up to date with 'origin/master'. (install_repos.py:38) (maratyszcza___nnpack)
09/12/2024 05:37:13 PM logger_maratyszcza___nnpack DEBUG [ 33%] Performing update step for 'psimd' (install_repos.py:38) (maratyszcza___nnpack)
09/12/2024 05:37:13 PM logger_maratyszcza___nnpack DEBUG [ 44%] No patch step for 'psimd' (install_repos.py:38) (maratyszcza___nnpack)
09/12/2024 05:37:13 PM logger_maratyszcza___nnpack DEBUG [ 55%] No configure step for 'psimd' (install_repos.py:38) (maratyszcza___nnpack)
09/12/2024 05:37:13 PM logger_maratyszcza___nnpack DEBUG [ 66%] No build step for 'psimd' (install_repos.py:38) (maratyszcza___nnpack)
09/12/2024 05:37:13 PM logger_maratyszcza___nnpack DEBUG [ 77%] No install step for 'psimd' (install_repos.py:38) (maratyszcza___nnpack)
09/12/2024 05:37:13 PM logger_maratyszcza___nnpack DEBUG [ 88%] No test step for 'psimd' (install_repos.py:38) (maratyszcza___nnpack)
09/12/2024 05:37:13 PM logger_maratyszcza___nnpack DEBUG [100%] Completed 'psimd' (install_repos.py:38) (maratyszcza___nnpack)
09/12/2024 05:37:13 PM logger_maratyszcza___nnpack DEBUG [100%] Built target psimd (install_repos.py:38) (maratyszcza___nnpack)
09/12/2024 05:37:13 PM logger_maratyszcza___nnpack DEBUG -- Downloading pthreadpool to /INSTALL_C/repos/repos_400_c_round_two/maratyszcza___nnpack/deps/pthreadpool (define PTHREADPOOL_SOURCE_DIR to avoid it) (install_repos.py:38) (maratyszcza___nnpack)
09/12/2024 05:37:13 PM logger_maratyszcza___nnpack DEBUG -- Configuring done (install_repos.py:38) (maratyszcza___nnpack)
09/12/2024 05:37:13 PM logger_maratyszcza___nnpack DEBUG -- Generating done (install_repos.py:38) (maratyszcza___nnpack)
09/12/2024 05:37:13 PM logger_maratyszcza___nnpack DEBUG -- Build files have been written to: /INSTALL_C/repos/repos_400_c_round_two/maratyszcza___nnpack/build/deps/pthreadpool-download (install_repos.py:38) (maratyszcza___nnpack)
09/12/2024 05:37:13 PM logger_maratyszcza___nnpack DEBUG [ 11%] Creating directories for 'pthreadpool' (install_repos.py:38) (maratyszcza___nnpack)
09/12/2024 05:37:13 PM logger_maratyszcza___nnpack DEBUG [ 22%] Performing download step (git clone) for 'pthreadpool' (install_repos.py:38) (maratyszcza___nnpack)
09/12/2024 05:37:13 PM logger_maratyszcza___nnpack DEBUG Cloning into 'pthreadpool'... (install_repos.py:38) (maratyszcza___nnpack)
09/12/2024 05:37:14 PM logger_maratyszcza___nnpack DEBUG Already on 'master' (install_repos.py:38) (maratyszcza___nnpack)
09/12/2024 05:37:14 PM logger_maratyszcza___nnpack DEBUG Your branch is up to date with 'origin/master'. (install_repos.py:38) (maratyszcza___nnpack)
09/12/2024 05:37:14 PM logger_maratyszcza___nnpack DEBUG [ 33%] Performing update step for 'pthreadpool' (install_repos.py:38) (maratyszcza___nnpack)
09/12/2024 05:37:14 PM logger_maratyszcza___nnpack DEBUG [ 44%] No patch step for 'pthreadpool' (install_repos.py:38) (maratyszcza___nnpack)
09/12/2024 05:37:14 PM logger_maratyszcza___nnpack DEBUG [ 55%] No configure step for 'pthreadpool' (install_repos.py:38) (maratyszcza___nnpack)
09/12/2024 05:37:14 PM logger_maratyszcza___nnpack DEBUG [ 66%] No build step for 'pthreadpool' (install_repos.py:38) (maratyszcza___nnpack)
09/12/2024 05:37:14 PM logger_maratyszcza___nnpack DEBUG [ 77%] No install step for 'pthreadpool' (install_repos.py:38) (maratyszcza___nnpack)
09/12/2024 05:37:14 PM logger_maratyszcza___nnpack DEBUG [ 88%] No test step for 'pthreadpool' (install_repos.py:38) (maratyszcza___nnpack)
09/12/2024 05:37:14 PM logger_maratyszcza___nnpack DEBUG [100%] Completed 'pthreadpool' (install_repos.py:38) (maratyszcza___nnpack)
09/12/2024 05:37:14 PM logger_maratyszcza___nnpack DEBUG [100%] Built target pthreadpool (install_repos.py:38) (maratyszcza___nnpack)
09/12/2024 05:37:14 PM logger_maratyszcza___nnpack DEBUG -- Downloading Google Test to /INSTALL_C/repos/repos_400_c_round_two/maratyszcza___nnpack/deps/googletest (define GOOGLETEST_SOURCE_DIR to avoid it) (install_repos.py:38) (maratyszcza___nnpack)
09/12/2024 05:37:14 PM logger_maratyszcza___nnpack DEBUG CMake Warning (dev) at /usr/share/cmake-3.25/Modules/ExternalProject.cmake:3075 (message): (install_repos.py:38) (maratyszcza___nnpack)
09/12/2024 05:37:14 PM logger_maratyszcza___nnpack DEBUG The DOWNLOAD_EXTRACT_TIMESTAMP option was not given and policy CMP0135 is (install_repos.py:38) (maratyszcza___nnpack)
09/12/2024 05:37:14 PM logger_maratyszcza___nnpack DEBUG not set.  The policy's OLD behavior will be used.  When using a URL (install_repos.py:38) (maratyszcza___nnpack)
09/12/2024 05:37:14 PM logger_maratyszcza___nnpack DEBUG download, the timestamps of extracted files should preferably be that of (install_repos.py:38) (maratyszcza___nnpack)
09/12/2024 05:37:14 PM logger_maratyszcza___nnpack DEBUG the time of extraction, otherwise code that depends on the extracted (install_repos.py:38) (maratyszcza___nnpack)
09/12/2024 05:37:14 PM logger_maratyszcza___nnpack DEBUG contents might not be rebuilt if the URL changes.  The OLD behavior (install_repos.py:38) (maratyszcza___nnpack)
09/12/2024 05:37:14 PM logger_maratyszcza___nnpack DEBUG preserves the timestamps from the archive instead, but this is usually not (install_repos.py:38) (maratyszcza___nnpack)
09/12/2024 05:37:14 PM logger_maratyszcza___nnpack DEBUG what you want.  Update your project to the NEW behavior or specify the (install_repos.py:38) (maratyszcza___nnpack)
09/12/2024 05:37:14 PM logger_maratyszcza___nnpack DEBUG DOWNLOAD_EXTRACT_TIMESTAMP option with a value of true to avoid this (install_repos.py:38) (maratyszcza___nnpack)
09/12/2024 05:37:14 PM logger_maratyszcza___nnpack DEBUG robustness issue. (install_repos.py:38) (maratyszcza___nnpack)
09/12/2024 05:37:14 PM logger_maratyszcza___nnpack DEBUG Call Stack (most recent call first): (install_repos.py:38) (maratyszcza___nnpack)
09/12/2024 05:37:14 PM logger_maratyszcza___nnpack DEBUG /usr/share/cmake-3.25/Modules/ExternalProject.cmake:4185 (_ep_add_download_command) (install_repos.py:38) (maratyszcza___nnpack)
09/12/2024 05:37:14 PM logger_maratyszcza___nnpack DEBUG CMakeLists.txt:6 (ExternalProject_Add) (install_repos.py:38) (maratyszcza___nnpack)
09/12/2024 05:37:14 PM logger_maratyszcza___nnpack DEBUG This warning is for project developers.  Use -Wno-dev to suppress it. (install_repos.py:38) (maratyszcza___nnpack)
09/12/2024 05:37:14 PM logger_maratyszcza___nnpack DEBUG  (install_repos.py:38) (maratyszcza___nnpack)
09/12/2024 05:37:14 PM logger_maratyszcza___nnpack DEBUG -- Configuring done (install_repos.py:38) (maratyszcza___nnpack)
09/12/2024 05:37:14 PM logger_maratyszcza___nnpack DEBUG -- Generating done (install_repos.py:38) (maratyszcza___nnpack)
09/12/2024 05:37:14 PM logger_maratyszcza___nnpack DEBUG -- Build files have been written to: /INSTALL_C/repos/repos_400_c_round_two/maratyszcza___nnpack/build/deps/googletest-download (install_repos.py:38) (maratyszcza___nnpack)
09/12/2024 05:37:14 PM logger_maratyszcza___nnpack DEBUG [ 11%] Creating directories for 'googletest' (install_repos.py:38) (maratyszcza___nnpack)
09/12/2024 05:37:14 PM logger_maratyszcza___nnpack DEBUG [ 22%] Performing download step (download, verify and extract) for 'googletest' (install_repos.py:38) (maratyszcza___nnpack)
09/12/2024 05:37:14 PM logger_maratyszcza___nnpack DEBUG -- Downloading... (install_repos.py:38) (maratyszcza___nnpack)
09/12/2024 05:37:14 PM logger_maratyszcza___nnpack DEBUG dst='/INSTALL_C/repos/repos_400_c_round_two/maratyszcza___nnpack/build/deps/googletest-download/googletest-prefix/src/release-1.8.0.zip' (install_repos.py:38) (maratyszcza___nnpack)
09/12/2024 05:37:14 PM logger_maratyszcza___nnpack DEBUG timeout='none' (install_repos.py:38) (maratyszcza___nnpack)
09/12/2024 05:37:14 PM logger_maratyszcza___nnpack DEBUG inactivity timeout='none' (install_repos.py:38) (maratyszcza___nnpack)
09/12/2024 05:37:14 PM logger_maratyszcza___nnpack DEBUG -- Using src='https://github.com/google/googletest/archive/release-1.8.0.zip' (install_repos.py:38) (maratyszcza___nnpack)
09/12/2024 05:37:15 PM logger_maratyszcza___nnpack DEBUG -- [download 1% complete] (install_repos.py:38) (maratyszcza___nnpack)
09/12/2024 05:37:15 PM logger_maratyszcza___nnpack DEBUG -- [download 3% complete] (install_repos.py:38) (maratyszcza___nnpack)
09/12/2024 05:37:15 PM logger_maratyszcza___nnpack DEBUG -- [download 6% complete] (install_repos.py:38) (maratyszcza___nnpack)
09/12/2024 05:37:15 PM logger_maratyszcza___nnpack DEBUG -- [download 12% complete] (install_repos.py:38) (maratyszcza___nnpack)
09/12/2024 05:37:15 PM logger_maratyszcza___nnpack DEBUG -- [download 21% complete] (install_repos.py:38) (maratyszcza___nnpack)
09/12/2024 05:37:15 PM logger_maratyszcza___nnpack DEBUG -- [download 24% complete] (install_repos.py:38) (maratyszcza___nnpack)
09/12/2024 05:37:15 PM logger_maratyszcza___nnpack DEBUG -- [download 34% complete] (install_repos.py:38) (maratyszcza___nnpack)
09/12/2024 05:37:15 PM logger_maratyszcza___nnpack DEBUG -- [download 46% complete] (install_repos.py:38) (maratyszcza___nnpack)
09/12/2024 05:37:15 PM logger_maratyszcza___nnpack DEBUG -- [download 47% complete] (install_repos.py:38) (maratyszcza___nnpack)
09/12/2024 05:37:15 PM logger_maratyszcza___nnpack DEBUG -- [download 56% complete] (install_repos.py:38) (maratyszcza___nnpack)
09/12/2024 05:37:15 PM logger_maratyszcza___nnpack DEBUG -- [download 68% complete] (install_repos.py:38) (maratyszcza___nnpack)
09/12/2024 05:37:15 PM logger_maratyszcza___nnpack DEBUG -- [download 76% complete] (install_repos.py:38) (maratyszcza___nnpack)
09/12/2024 05:37:15 PM logger_maratyszcza___nnpack DEBUG -- [download 77% complete] (install_repos.py:38) (maratyszcza___nnpack)
09/12/2024 05:37:15 PM logger_maratyszcza___nnpack DEBUG -- [download 85% complete] (install_repos.py:38) (maratyszcza___nnpack)
09/12/2024 05:37:15 PM logger_maratyszcza___nnpack DEBUG -- [download 94% complete] (install_repos.py:38) (maratyszcza___nnpack)
09/12/2024 05:37:15 PM logger_maratyszcza___nnpack DEBUG -- [download 100% complete] (install_repos.py:38) (maratyszcza___nnpack)
09/12/2024 05:37:15 PM logger_maratyszcza___nnpack DEBUG -- verifying file... (install_repos.py:38) (maratyszcza___nnpack)
09/12/2024 05:37:15 PM logger_maratyszcza___nnpack DEBUG file='/INSTALL_C/repos/repos_400_c_round_two/maratyszcza___nnpack/build/deps/googletest-download/googletest-prefix/src/release-1.8.0.zip' (install_repos.py:38) (maratyszcza___nnpack)
09/12/2024 05:37:15 PM logger_maratyszcza___nnpack DEBUG -- Downloading... done (install_repos.py:38) (maratyszcza___nnpack)
09/12/2024 05:37:15 PM logger_maratyszcza___nnpack DEBUG -- extracting... (install_repos.py:38) (maratyszcza___nnpack)
09/12/2024 05:37:15 PM logger_maratyszcza___nnpack DEBUG src='/INSTALL_C/repos/repos_400_c_round_two/maratyszcza___nnpack/build/deps/googletest-download/googletest-prefix/src/release-1.8.0.zip' (install_repos.py:38) (maratyszcza___nnpack)
09/12/2024 05:37:15 PM logger_maratyszcza___nnpack DEBUG dst='/INSTALL_C/repos/repos_400_c_round_two/maratyszcza___nnpack/deps/googletest' (install_repos.py:38) (maratyszcza___nnpack)
09/12/2024 05:37:15 PM logger_maratyszcza___nnpack DEBUG -- extracting... [tar xfz] (install_repos.py:38) (maratyszcza___nnpack)
09/12/2024 05:37:15 PM logger_maratyszcza___nnpack DEBUG -- extracting... [analysis] (install_repos.py:38) (maratyszcza___nnpack)
09/12/2024 05:37:15 PM logger_maratyszcza___nnpack DEBUG -- extracting... [rename] (install_repos.py:38) (maratyszcza___nnpack)
09/12/2024 05:37:15 PM logger_maratyszcza___nnpack DEBUG -- extracting... [clean up] (install_repos.py:38) (maratyszcza___nnpack)
09/12/2024 05:37:15 PM logger_maratyszcza___nnpack DEBUG -- extracting... done (install_repos.py:38) (maratyszcza___nnpack)
09/12/2024 05:37:15 PM logger_maratyszcza___nnpack DEBUG [ 33%] No update step for 'googletest' (install_repos.py:38) (maratyszcza___nnpack)
09/12/2024 05:37:15 PM logger_maratyszcza___nnpack DEBUG [ 44%] No patch step for 'googletest' (install_repos.py:38) (maratyszcza___nnpack)
09/12/2024 05:37:15 PM logger_maratyszcza___nnpack DEBUG [ 55%] No configure step for 'googletest' (install_repos.py:38) (maratyszcza___nnpack)
09/12/2024 05:37:15 PM logger_maratyszcza___nnpack DEBUG [ 66%] No build step for 'googletest' (install_repos.py:38) (maratyszcza___nnpack)
09/12/2024 05:37:15 PM logger_maratyszcza___nnpack DEBUG [ 77%] No install step for 'googletest' (install_repos.py:38) (maratyszcza___nnpack)
09/12/2024 05:37:15 PM logger_maratyszcza___nnpack DEBUG [ 88%] No test step for 'googletest' (install_repos.py:38) (maratyszcza___nnpack)
09/12/2024 05:37:15 PM logger_maratyszcza___nnpack DEBUG [100%] Completed 'googletest' (install_repos.py:38) (maratyszcza___nnpack)
09/12/2024 05:37:15 PM logger_maratyszcza___nnpack DEBUG [100%] Built target googletest (install_repos.py:38) (maratyszcza___nnpack)
09/12/2024 05:37:15 PM logger_maratyszcza___nnpack DEBUG -- Performing Test CMAKE_HAVE_LIBC_PTHREAD (install_repos.py:38) (maratyszcza___nnpack)
09/12/2024 05:37:15 PM logger_maratyszcza___nnpack DEBUG -- Performing Test CMAKE_HAVE_LIBC_PTHREAD - Success (install_repos.py:38) (maratyszcza___nnpack)
09/12/2024 05:37:15 PM logger_maratyszcza___nnpack DEBUG -- Found Threads: TRUE (install_repos.py:38) (maratyszcza___nnpack)
09/12/2024 05:37:15 PM logger_maratyszcza___nnpack DEBUG CMake Deprecation Warning at deps/googletest/CMakeLists.txt:1 (cmake_minimum_required): (install_repos.py:38) (maratyszcza___nnpack)
09/12/2024 05:37:15 PM logger_maratyszcza___nnpack DEBUG Compatibility with CMake < 2.8.12 will be removed from a future version of (install_repos.py:38) (maratyszcza___nnpack)
09/12/2024 05:37:15 PM logger_maratyszcza___nnpack DEBUG CMake. (install_repos.py:38) (maratyszcza___nnpack)
09/12/2024 05:37:15 PM logger_maratyszcza___nnpack DEBUG  (install_repos.py:38) (maratyszcza___nnpack)
09/12/2024 05:37:15 PM logger_maratyszcza___nnpack DEBUG Update the VERSION argument <min> value or use a ...<max> suffix to tell (install_repos.py:38) (maratyszcza___nnpack)
09/12/2024 05:37:15 PM logger_maratyszcza___nnpack DEBUG CMake that the project does not need compatibility with older versions. (install_repos.py:38) (maratyszcza___nnpack)
09/12/2024 05:37:15 PM logger_maratyszcza___nnpack DEBUG  (install_repos.py:38) (maratyszcza___nnpack)
09/12/2024 05:37:15 PM logger_maratyszcza___nnpack DEBUG  (install_repos.py:38) (maratyszcza___nnpack)
09/12/2024 05:37:15 PM logger_maratyszcza___nnpack DEBUG CMake Deprecation Warning at deps/googletest/googlemock/CMakeLists.txt:41 (cmake_minimum_required): (install_repos.py:38) (maratyszcza___nnpack)
09/12/2024 05:37:15 PM logger_maratyszcza___nnpack DEBUG Compatibility with CMake < 2.8.12 will be removed from a future version of (install_repos.py:38) (maratyszcza___nnpack)
09/12/2024 05:37:15 PM logger_maratyszcza___nnpack DEBUG CMake. (install_repos.py:38) (maratyszcza___nnpack)
09/12/2024 05:37:15 PM logger_maratyszcza___nnpack DEBUG  (install_repos.py:38) (maratyszcza___nnpack)
09/12/2024 05:37:15 PM logger_maratyszcza___nnpack DEBUG Update the VERSION argument <min> value or use a ...<max> suffix to tell (install_repos.py:38) (maratyszcza___nnpack)
09/12/2024 05:37:15 PM logger_maratyszcza___nnpack DEBUG CMake that the project does not need compatibility with older versions. (install_repos.py:38) (maratyszcza___nnpack)
09/12/2024 05:37:15 PM logger_maratyszcza___nnpack DEBUG  (install_repos.py:38) (maratyszcza___nnpack)
09/12/2024 05:37:15 PM logger_maratyszcza___nnpack DEBUG  (install_repos.py:38) (maratyszcza___nnpack)
09/12/2024 05:37:15 PM logger_maratyszcza___nnpack DEBUG CMake Deprecation Warning at deps/googletest/googletest/CMakeLists.txt:48 (cmake_minimum_required): (install_repos.py:38) (maratyszcza___nnpack)
09/12/2024 05:37:15 PM logger_maratyszcza___nnpack DEBUG Compatibility with CMake < 2.8.12 will be removed from a future version of (install_repos.py:38) (maratyszcza___nnpack)
09/12/2024 05:37:15 PM logger_maratyszcza___nnpack DEBUG CMake. (install_repos.py:38) (maratyszcza___nnpack)
09/12/2024 05:37:15 PM logger_maratyszcza___nnpack DEBUG  (install_repos.py:38) (maratyszcza___nnpack)
09/12/2024 05:37:15 PM logger_maratyszcza___nnpack DEBUG Update the VERSION argument <min> value or use a ...<max> suffix to tell (install_repos.py:38) (maratyszcza___nnpack)
09/12/2024 05:37:15 PM logger_maratyszcza___nnpack DEBUG CMake that the project does not need compatibility with older versions. (install_repos.py:38) (maratyszcza___nnpack)
09/12/2024 05:37:15 PM logger_maratyszcza___nnpack DEBUG  (install_repos.py:38) (maratyszcza___nnpack)
09/12/2024 05:37:15 PM logger_maratyszcza___nnpack DEBUG  (install_repos.py:38) (maratyszcza___nnpack)
09/12/2024 05:37:15 PM logger_maratyszcza___nnpack DEBUG -- Configuring done (install_repos.py:38) (maratyszcza___nnpack)
09/12/2024 05:37:15 PM logger_maratyszcza___nnpack DEBUG -- Generating done (install_repos.py:38) (maratyszcza___nnpack)
09/12/2024 05:37:15 PM logger_maratyszcza___nnpack DEBUG -- Build files have been written to: /INSTALL_C/repos/repos_400_c_round_two/maratyszcza___nnpack/build (install_repos.py:38) (maratyszcza___nnpack)
09/12/2024 05:37:15 PM logger_maratyszcza___nnpack INFO Running command: cmake --build . (install_repos.py:20) (maratyszcza___nnpack)
09/12/2024 05:37:15 PM logger_maratyszcza___nnpack INFO Logging output to: logs/repos/repos_400_c_round_two_install_logs_with_make_cmake_gradlew_meson_scons_bazel_2024-09-12_17-35-05/build_build.log (install_repos.py:21) (maratyszcza___nnpack)
09/12/2024 05:37:16 PM logger_maratyszcza___nnpack DEBUG [  1%] Building C object deps/pthreadpool/CMakeFiles/pthreadpool.dir/src/legacy-api.c.o (install_repos.py:38) (maratyszcza___nnpack)
09/12/2024 05:37:16 PM logger_maratyszcza___nnpack DEBUG [  1%] Building C object deps/pthreadpool/CMakeFiles/pthreadpool.dir/src/portable-api.c.o (install_repos.py:38) (maratyszcza___nnpack)
09/12/2024 05:37:16 PM logger_maratyszcza___nnpack DEBUG [  2%] Building C object deps/pthreadpool/CMakeFiles/pthreadpool.dir/src/memory.c.o (install_repos.py:38) (maratyszcza___nnpack)
09/12/2024 05:37:16 PM logger_maratyszcza___nnpack DEBUG [  2%] Building C object deps/pthreadpool/CMakeFiles/pthreadpool.dir/src/pthreads.c.o (install_repos.py:38) (maratyszcza___nnpack)
09/12/2024 05:37:16 PM logger_maratyszcza___nnpack DEBUG [  3%] Building C object deps/pthreadpool/CMakeFiles/pthreadpool.dir/src/fastpath.c.o (install_repos.py:38) (maratyszcza___nnpack)
09/12/2024 05:37:16 PM logger_maratyszcza___nnpack DEBUG [  4%] Linking C static library libpthreadpool.a (install_repos.py:38) (maratyszcza___nnpack)
09/12/2024 05:37:16 PM logger_maratyszcza___nnpack DEBUG [  4%] Built target pthreadpool (install_repos.py:38) (maratyszcza___nnpack)
09/12/2024 05:37:16 PM logger_maratyszcza___nnpack DEBUG [  5%] Building C object deps/cpuinfo/CMakeFiles/cpuinfo.dir/src/api.c.o (install_repos.py:38) (maratyszcza___nnpack)
09/12/2024 05:37:16 PM logger_maratyszcza___nnpack DEBUG [  5%] Building C object deps/cpuinfo/CMakeFiles/cpuinfo.dir/src/cache.c.o (install_repos.py:38) (maratyszcza___nnpack)
09/12/2024 05:37:16 PM logger_maratyszcza___nnpack DEBUG [  6%] Building C object deps/cpuinfo/CMakeFiles/cpuinfo.dir/src/init.c.o (install_repos.py:38) (maratyszcza___nnpack)
09/12/2024 05:37:16 PM logger_maratyszcza___nnpack DEBUG [  7%] Building C object deps/cpuinfo/CMakeFiles/cpuinfo.dir/src/log.c.o (install_repos.py:38) (maratyszcza___nnpack)
09/12/2024 05:37:16 PM logger_maratyszcza___nnpack DEBUG [  7%] Building C object deps/cpuinfo/CMakeFiles/cpuinfo.dir/src/x86/init.c.o (install_repos.py:38) (maratyszcza___nnpack)
09/12/2024 05:37:16 PM logger_maratyszcza___nnpack DEBUG [  8%] Building C object deps/cpuinfo/CMakeFiles/cpuinfo.dir/src/x86/info.c.o (install_repos.py:38) (maratyszcza___nnpack)
09/12/2024 05:37:16 PM logger_maratyszcza___nnpack DEBUG [  9%] Building C object deps/cpuinfo/CMakeFiles/cpuinfo.dir/src/x86/vendor.c.o (install_repos.py:38) (maratyszcza___nnpack)
09/12/2024 05:37:16 PM logger_maratyszcza___nnpack DEBUG [  9%] Building C object deps/cpuinfo/CMakeFiles/cpuinfo.dir/src/x86/uarch.c.o (install_repos.py:38) (maratyszcza___nnpack)
09/12/2024 05:37:17 PM logger_maratyszcza___nnpack DEBUG [ 10%] Building C object deps/cpuinfo/CMakeFiles/cpuinfo.dir/src/x86/name.c.o (install_repos.py:38) (maratyszcza___nnpack)
09/12/2024 05:37:17 PM logger_maratyszcza___nnpack DEBUG [ 10%] Building C object deps/cpuinfo/CMakeFiles/cpuinfo.dir/src/x86/topology.c.o (install_repos.py:38) (maratyszcza___nnpack)
09/12/2024 05:37:17 PM logger_maratyszcza___nnpack DEBUG [ 11%] Building C object deps/cpuinfo/CMakeFiles/cpuinfo.dir/src/x86/isa.c.o (install_repos.py:38) (maratyszcza___nnpack)
09/12/2024 05:37:17 PM logger_maratyszcza___nnpack DEBUG [ 12%] Building C object deps/cpuinfo/CMakeFiles/cpuinfo.dir/src/x86/cache/init.c.o (install_repos.py:38) (maratyszcza___nnpack)
09/12/2024 05:37:17 PM logger_maratyszcza___nnpack DEBUG [ 12%] Building C object deps/cpuinfo/CMakeFiles/cpuinfo.dir/src/x86/cache/descriptor.c.o (install_repos.py:38) (maratyszcza___nnpack)
09/12/2024 05:37:17 PM logger_maratyszcza___nnpack DEBUG [ 13%] Building C object deps/cpuinfo/CMakeFiles/cpuinfo.dir/src/x86/cache/deterministic.c.o (install_repos.py:38) (maratyszcza___nnpack)
09/12/2024 05:37:17 PM logger_maratyszcza___nnpack DEBUG [ 14%] Building C object deps/cpuinfo/CMakeFiles/cpuinfo.dir/src/x86/linux/init.c.o (install_repos.py:38) (maratyszcza___nnpack)
09/12/2024 05:37:17 PM logger_maratyszcza___nnpack DEBUG [ 14%] Building C object deps/cpuinfo/CMakeFiles/cpuinfo.dir/src/x86/linux/cpuinfo.c.o (install_repos.py:38) (maratyszcza___nnpack)
09/12/2024 05:37:17 PM logger_maratyszcza___nnpack DEBUG [ 15%] Building C object deps/cpuinfo/CMakeFiles/cpuinfo.dir/src/linux/smallfile.c.o (install_repos.py:38) (maratyszcza___nnpack)
09/12/2024 05:37:17 PM logger_maratyszcza___nnpack DEBUG [ 15%] Building C object deps/cpuinfo/CMakeFiles/cpuinfo.dir/src/linux/multiline.c.o (install_repos.py:38) (maratyszcza___nnpack)
09/12/2024 05:37:17 PM logger_maratyszcza___nnpack DEBUG [ 16%] Building C object deps/cpuinfo/CMakeFiles/cpuinfo.dir/src/linux/cpulist.c.o (install_repos.py:38) (maratyszcza___nnpack)
09/12/2024 05:37:17 PM logger_maratyszcza___nnpack DEBUG [ 17%] Building C object deps/cpuinfo/CMakeFiles/cpuinfo.dir/src/linux/processors.c.o (install_repos.py:38) (maratyszcza___nnpack)
09/12/2024 05:37:17 PM logger_maratyszcza___nnpack DEBUG [ 17%] Linking C static library libcpuinfo.a (install_repos.py:38) (maratyszcza___nnpack)
09/12/2024 05:37:17 PM logger_maratyszcza___nnpack DEBUG [ 17%] Built target cpuinfo (install_repos.py:38) (maratyszcza___nnpack)
09/12/2024 05:37:17 PM logger_maratyszcza___nnpack DEBUG [ 18%] Generating src/x86_64-fma/2d-fourier-8x8.py.o (install_repos.py:38) (maratyszcza___nnpack)
09/12/2024 05:37:21 PM logger_maratyszcza___nnpack DEBUG [ 19%] Generating src/x86_64-fma/2d-fourier-16x16.py.o (install_repos.py:38) (maratyszcza___nnpack)
09/12/2024 05:37:38 PM logger_maratyszcza___nnpack DEBUG [ 19%] Generating src/x86_64-fma/2d-winograd-8x8-3x3.py.o (install_repos.py:38) (maratyszcza___nnpack)
09/12/2024 05:37:42 PM logger_maratyszcza___nnpack DEBUG [ 20%] Generating src/x86_64-fma/blas/s8gemm.py.o (install_repos.py:38) (maratyszcza___nnpack)
09/12/2024 05:37:44 PM logger_maratyszcza___nnpack DEBUG [ 20%] Generating src/x86_64-fma/blas/c8gemm.py.o (install_repos.py:38) (maratyszcza___nnpack)
09/12/2024 05:37:46 PM logger_maratyszcza___nnpack DEBUG [ 21%] Generating src/x86_64-fma/blas/s4c6gemm.py.o (install_repos.py:38) (maratyszcza___nnpack)
09/12/2024 05:37:49 PM logger_maratyszcza___nnpack DEBUG [ 22%] Generating src/x86_64-fma/blas/conv1x1.py.o (install_repos.py:38) (maratyszcza___nnpack)
09/12/2024 05:37:51 PM logger_maratyszcza___nnpack DEBUG [ 22%] Generating src/x86_64-fma/blas/sgemm.py.o (install_repos.py:38) (maratyszcza___nnpack)
09/12/2024 05:37:53 PM logger_maratyszcza___nnpack DEBUG [ 23%] Generating src/x86_64-fma/max-pooling.py.o (install_repos.py:38) (maratyszcza___nnpack)
09/12/2024 05:37:54 PM logger_maratyszcza___nnpack DEBUG [ 23%] Generating src/x86_64-fma/relu.py.o (install_repos.py:38) (maratyszcza___nnpack)
09/12/2024 05:37:56 PM logger_maratyszcza___nnpack DEBUG [ 24%] Generating src/x86_64-fma/softmax.py.o (install_repos.py:38) (maratyszcza___nnpack)
09/12/2024 05:37:59 PM logger_maratyszcza___nnpack DEBUG [ 25%] Generating src/x86_64-fma/blas/sdotxf.py.o (install_repos.py:38) (maratyszcza___nnpack)
09/12/2024 05:38:01 PM logger_maratyszcza___nnpack DEBUG [ 25%] Generating src/x86_64-fma/blas/shdotxf.py.o (install_repos.py:38) (maratyszcza___nnpack)
09/12/2024 05:38:03 PM logger_maratyszcza___nnpack DEBUG Traceback (most recent call last): (install_repos.py:38) (maratyszcza___nnpack)
09/12/2024 05:38:03 PM logger_maratyszcza___nnpack DEBUG File "<frozen runpy>", line 198, in _run_module_as_main (install_repos.py:38) (maratyszcza___nnpack)
09/12/2024 05:38:03 PM logger_maratyszcza___nnpack DEBUG File "<frozen runpy>", line 88, in _run_code (install_repos.py:38) (maratyszcza___nnpack)
09/12/2024 05:38:03 PM logger_maratyszcza___nnpack DEBUG File "/INSTALL_C/repos/repos_400_c_round_two/maratyszcza___nnpack/deps/peachpy/peachpy/x86_64/__main__.py", line 282, in <module> (install_repos.py:38) (maratyszcza___nnpack)
09/12/2024 05:38:03 PM logger_maratyszcza___nnpack DEBUG main() (install_repos.py:38) (maratyszcza___nnpack)
09/12/2024 05:38:03 PM logger_maratyszcza___nnpack DEBUG File "/INSTALL_C/repos/repos_400_c_round_two/maratyszcza___nnpack/deps/peachpy/peachpy/x86_64/__main__.py", line 269, in main (install_repos.py:38) (maratyszcza___nnpack)
09/12/2024 05:38:03 PM logger_maratyszcza___nnpack DEBUG execute_script(writers, options.input[0]) (install_repos.py:38) (maratyszcza___nnpack)
09/12/2024 05:38:03 PM logger_maratyszcza___nnpack DEBUG File "/INSTALL_C/repos/repos_400_c_round_two/maratyszcza___nnpack/deps/peachpy/peachpy/x86_64/__main__.py", line 199, in execute_script (install_repos.py:38) (maratyszcza___nnpack)
09/12/2024 05:38:03 PM logger_maratyszcza___nnpack DEBUG with writer: (install_repos.py:38) (maratyszcza___nnpack)
09/12/2024 05:38:03 PM logger_maratyszcza___nnpack DEBUG File "/INSTALL_C/repos/repos_400_c_round_two/maratyszcza___nnpack/deps/peachpy/peachpy/x86_64/__main__.py", line 200, in execute_script (install_repos.py:38) (maratyszcza___nnpack)
09/12/2024 05:38:03 PM logger_maratyszcza___nnpack DEBUG execute_script(writers, source_filename) (install_repos.py:38) (maratyszcza___nnpack)
09/12/2024 05:38:03 PM logger_maratyszcza___nnpack DEBUG File "/INSTALL_C/repos/repos_400_c_round_two/maratyszcza___nnpack/deps/peachpy/peachpy/x86_64/__main__.py", line 204, in execute_script (install_repos.py:38) (maratyszcza___nnpack)
09/12/2024 05:38:03 PM logger_maratyszcza___nnpack DEBUG exec(code, globals()) (install_repos.py:38) (maratyszcza___nnpack)
09/12/2024 05:38:03 PM logger_maratyszcza___nnpack DEBUG File "/INSTALL_C/repos/repos_400_c_round_two/maratyszcza___nnpack/src/x86_64-fma/blas/shdotxf.py", line 4, in <module> (install_repos.py:38) (maratyszcza___nnpack)
09/12/2024 05:38:03 PM logger_maratyszcza___nnpack DEBUG from fp16.avx import fp16_alt_xmm_to_fp32_xmm (install_repos.py:38) (maratyszcza___nnpack)
09/12/2024 05:38:03 PM logger_maratyszcza___nnpack DEBUG ModuleNotFoundError: No module named 'fp16.avx' (install_repos.py:38) (maratyszcza___nnpack)
09/12/2024 05:38:03 PM logger_maratyszcza___nnpack DEBUG gmake[2]: *** [CMakeFiles/nnpack.dir/build.make:188: src/x86_64-fma/blas/shdotxf.py.o] Error 1 (install_repos.py:38) (maratyszcza___nnpack)
09/12/2024 05:38:03 PM logger_maratyszcza___nnpack DEBUG gmake[1]: *** [CMakeFiles/Makefile2:297: CMakeFiles/nnpack.dir/all] Error 2 (install_repos.py:38) (maratyszcza___nnpack)
09/12/2024 05:38:03 PM logger_maratyszcza___nnpack DEBUG gmake: *** [Makefile:146: all] Error 2 (install_repos.py:38) (maratyszcza___nnpack)
09/12/2024 05:38:03 PM logger_maratyszcza___nnpack ERROR Error: Build failed for maratyszcza___nnpack
Build failed for reason: cmake build failed (install_repos.py:295) (maratyszcza___nnpack)
