09/12/2024 05:59:05 PM logger_maxbube___mydumper INFO <<<<<<<<<<<<<<<<<< Logger setup anew <<<<<<<<<<<<<<<<<<< (utils.py:39) (maxbube___mydumper)
09/12/2024 05:59:05 PM logger_maxbube___mydumper INFO Analyzing repos/repos_400_c_round_two/maxbube___mydumper (install_repos.py:285) (maxbube___mydumper)
09/12/2024 05:59:05 PM logger_maxbube___mydumper INFO Checking for build system in repos/repos_400_c_round_two/maxbube___mydumper/src (install_repos.py:267) (maxbube___mydumper)
09/12/2024 05:59:05 PM logger_maxbube___mydumper INFO Checking for build system in repos/repos_400_c_round_two/maxbube___mydumper/src (install_repos.py:267) (maxbube___mydumper)
09/12/2024 05:59:05 PM logger_maxbube___mydumper INFO Running command: rm -rf build/ (install_repos.py:20) (maxbube___mydumper)
09/12/2024 05:59:05 PM logger_maxbube___mydumper INFO Logging output to: logs/repos/repos_400_c_round_two_install_logs_with_make_cmake_gradlew_meson_scons_bazel_2024-09-12_17-35-05/maxbube___mydumper_build.log (install_repos.py:21) (maxbube___mydumper)
09/12/2024 05:59:05 PM logger_maxbube___mydumper INFO Running command: rm -rf CMakeCache.txt (install_repos.py:20) (maxbube___mydumper)
09/12/2024 05:59:05 PM logger_maxbube___mydumper INFO Logging output to: logs/repos/repos_400_c_round_two_install_logs_with_make_cmake_gradlew_meson_scons_bazel_2024-09-12_17-35-05/maxbube___mydumper_build.log (install_repos.py:21) (maxbube___mydumper)
09/12/2024 05:59:05 PM logger_maxbube___mydumper INFO Running command: rm -rf CMakeFiles/ (install_repos.py:20) (maxbube___mydumper)
09/12/2024 05:59:05 PM logger_maxbube___mydumper INFO Logging output to: logs/repos/repos_400_c_round_two_install_logs_with_make_cmake_gradlew_meson_scons_bazel_2024-09-12_17-35-05/maxbube___mydumper_build.log (install_repos.py:21) (maxbube___mydumper)
09/12/2024 05:59:05 PM logger_maxbube___mydumper INFO Running CMake (install_repos.py:141) (maxbube___mydumper)
09/12/2024 05:59:05 PM logger_maxbube___mydumper INFO Running command: cmake .. (install_repos.py:20) (maxbube___mydumper)
09/12/2024 05:59:05 PM logger_maxbube___mydumper INFO Logging output to: logs/repos/repos_400_c_round_two_install_logs_with_make_cmake_gradlew_meson_scons_bazel_2024-09-12_17-35-05/build_build.log (install_repos.py:21) (maxbube___mydumper)
09/12/2024 05:59:05 PM logger_maxbube___mydumper DEBUG -- The C compiler identification is GNU 12.2.0 (install_repos.py:38) (maxbube___mydumper)
09/12/2024 05:59:05 PM logger_maxbube___mydumper DEBUG -- The CXX compiler identification is GNU 12.2.0 (install_repos.py:38) (maxbube___mydumper)
09/12/2024 05:59:05 PM logger_maxbube___mydumper DEBUG -- Detecting C compiler ABI info (install_repos.py:38) (maxbube___mydumper)
09/12/2024 05:59:05 PM logger_maxbube___mydumper DEBUG -- Detecting C compiler ABI info - done (install_repos.py:38) (maxbube___mydumper)
09/12/2024 05:59:05 PM logger_maxbube___mydumper DEBUG -- Check for working C compiler: /usr/bin/cc - skipped (install_repos.py:38) (maxbube___mydumper)
09/12/2024 05:59:05 PM logger_maxbube___mydumper DEBUG -- Detecting C compile features (install_repos.py:38) (maxbube___mydumper)
09/12/2024 05:59:05 PM logger_maxbube___mydumper DEBUG -- Detecting C compile features - done (install_repos.py:38) (maxbube___mydumper)
09/12/2024 05:59:05 PM logger_maxbube___mydumper DEBUG -- Detecting CXX compiler ABI info (install_repos.py:38) (maxbube___mydumper)
09/12/2024 05:59:05 PM logger_maxbube___mydumper DEBUG -- Detecting CXX compiler ABI info - done (install_repos.py:38) (maxbube___mydumper)
09/12/2024 05:59:05 PM logger_maxbube___mydumper DEBUG -- Check for working CXX compiler: /usr/bin/c++ - skipped (install_repos.py:38) (maxbube___mydumper)
09/12/2024 05:59:05 PM logger_maxbube___mydumper DEBUG -- Detecting CXX compile features (install_repos.py:38) (maxbube___mydumper)
09/12/2024 05:59:05 PM logger_maxbube___mydumper DEBUG -- Detecting CXX compile features - done (install_repos.py:38) (maxbube___mydumper)
09/12/2024 05:59:05 PM logger_maxbube___mydumper DEBUG -- MySQL not found. (install_repos.py:38) (maxbube___mydumper)
09/12/2024 05:59:05 PM logger_maxbube___mydumper DEBUG -- Could NOT find ZLIB (missing: ZLIB_INCLUDE_DIR) (install_repos.py:38) (maxbube___mydumper)
09/12/2024 05:59:05 PM logger_maxbube___mydumper DEBUG -- Found PkgConfig: /usr/bin/pkg-config (found version "1.8.1") (install_repos.py:38) (maxbube___mydumper)
09/12/2024 05:59:05 PM logger_maxbube___mydumper DEBUG -- Checking for one of the modules 'glib-2.0' (install_repos.py:38) (maxbube___mydumper)
09/12/2024 05:59:05 PM logger_maxbube___mydumper DEBUG CMake Error at /usr/share/cmake-3.25/Modules/FindPkgConfig.cmake:894 (message): (install_repos.py:38) (maxbube___mydumper)
09/12/2024 05:59:05 PM logger_maxbube___mydumper DEBUG None of the required 'glib-2.0' found (install_repos.py:38) (maxbube___mydumper)
09/12/2024 05:59:05 PM logger_maxbube___mydumper DEBUG Call Stack (most recent call first): (install_repos.py:38) (maxbube___mydumper)
09/12/2024 05:59:05 PM logger_maxbube___mydumper DEBUG cmake/modules/FindGLIB2.cmake:11 (pkg_search_module) (install_repos.py:38) (maxbube___mydumper)
09/12/2024 05:59:05 PM logger_maxbube___mydumper DEBUG CMakeLists.txt:15 (find_package) (install_repos.py:38) (maxbube___mydumper)
09/12/2024 05:59:05 PM logger_maxbube___mydumper DEBUG  (install_repos.py:38) (maxbube___mydumper)
09/12/2024 05:59:05 PM logger_maxbube___mydumper DEBUG  (install_repos.py:38) (maxbube___mydumper)
09/12/2024 05:59:05 PM logger_maxbube___mydumper DEBUG -- Checking for one of the modules 'gthread-2.0' (install_repos.py:38) (maxbube___mydumper)
09/12/2024 05:59:05 PM logger_maxbube___mydumper DEBUG CMake Error at /usr/share/cmake-3.25/Modules/FindPkgConfig.cmake:894 (message): (install_repos.py:38) (maxbube___mydumper)
09/12/2024 05:59:05 PM logger_maxbube___mydumper DEBUG None of the required 'gthread-2.0' found (install_repos.py:38) (maxbube___mydumper)
09/12/2024 05:59:05 PM logger_maxbube___mydumper DEBUG Call Stack (most recent call first): (install_repos.py:38) (maxbube___mydumper)
09/12/2024 05:59:05 PM logger_maxbube___mydumper DEBUG cmake/modules/FindGLIB2.cmake:12 (pkg_search_module) (install_repos.py:38) (maxbube___mydumper)
09/12/2024 05:59:05 PM logger_maxbube___mydumper DEBUG CMakeLists.txt:15 (find_package) (install_repos.py:38) (maxbube___mydumper)
09/12/2024 05:59:05 PM logger_maxbube___mydumper DEBUG  (install_repos.py:38) (maxbube___mydumper)
09/12/2024 05:59:05 PM logger_maxbube___mydumper DEBUG  (install_repos.py:38) (maxbube___mydumper)
09/12/2024 05:59:05 PM logger_maxbube___mydumper DEBUG -- Checking for one of the modules 'gio-2.0' (install_repos.py:38) (maxbube___mydumper)
09/12/2024 05:59:05 PM logger_maxbube___mydumper DEBUG CMake Error at /usr/share/cmake-3.25/Modules/FindPkgConfig.cmake:894 (message): (install_repos.py:38) (maxbube___mydumper)
09/12/2024 05:59:05 PM logger_maxbube___mydumper DEBUG None of the required 'gio-2.0' found (install_repos.py:38) (maxbube___mydumper)
09/12/2024 05:59:05 PM logger_maxbube___mydumper DEBUG Call Stack (most recent call first): (install_repos.py:38) (maxbube___mydumper)
09/12/2024 05:59:05 PM logger_maxbube___mydumper DEBUG cmake/modules/FindGLIB2.cmake:13 (pkg_search_module) (install_repos.py:38) (maxbube___mydumper)
09/12/2024 05:59:05 PM logger_maxbube___mydumper DEBUG CMakeLists.txt:15 (find_package) (install_repos.py:38) (maxbube___mydumper)
09/12/2024 05:59:05 PM logger_maxbube___mydumper DEBUG  (install_repos.py:38) (maxbube___mydumper)
09/12/2024 05:59:05 PM logger_maxbube___mydumper DEBUG  (install_repos.py:38) (maxbube___mydumper)
09/12/2024 05:59:05 PM logger_maxbube___mydumper DEBUG -- Checking for one of the modules 'gobject-2.0' (install_repos.py:38) (maxbube___mydumper)
09/12/2024 05:59:05 PM logger_maxbube___mydumper DEBUG CMake Error at /usr/share/cmake-3.25/Modules/FindPkgConfig.cmake:894 (message): (install_repos.py:38) (maxbube___mydumper)
09/12/2024 05:59:05 PM logger_maxbube___mydumper DEBUG None of the required 'gobject-2.0' found (install_repos.py:38) (maxbube___mydumper)
09/12/2024 05:59:05 PM logger_maxbube___mydumper DEBUG Call Stack (most recent call first): (install_repos.py:38) (maxbube___mydumper)
09/12/2024 05:59:05 PM logger_maxbube___mydumper DEBUG cmake/modules/FindGLIB2.cmake:14 (pkg_search_module) (install_repos.py:38) (maxbube___mydumper)
09/12/2024 05:59:05 PM logger_maxbube___mydumper DEBUG CMakeLists.txt:15 (find_package) (install_repos.py:38) (maxbube___mydumper)
09/12/2024 05:59:05 PM logger_maxbube___mydumper DEBUG  (install_repos.py:38) (maxbube___mydumper)
09/12/2024 05:59:05 PM logger_maxbube___mydumper DEBUG  (install_repos.py:38) (maxbube___mydumper)
09/12/2024 05:59:05 PM logger_maxbube___mydumper DEBUG -- Checking for module 'libpcre' (install_repos.py:38) (maxbube___mydumper)
09/12/2024 05:59:05 PM logger_maxbube___mydumper DEBUG --   Package 'libpcre', required by 'virtual:world', not found (install_repos.py:38) (maxbube___mydumper)
09/12/2024 05:59:05 PM logger_maxbube___mydumper DEBUG CMake Error at /usr/share/cmake-3.25/Modules/FindPkgConfig.cmake:607 (message): (install_repos.py:38) (maxbube___mydumper)
09/12/2024 05:59:05 PM logger_maxbube___mydumper DEBUG A required package was not found (install_repos.py:38) (maxbube___mydumper)
09/12/2024 05:59:05 PM logger_maxbube___mydumper DEBUG Call Stack (most recent call first): (install_repos.py:38) (maxbube___mydumper)
09/12/2024 05:59:05 PM logger_maxbube___mydumper DEBUG /usr/share/cmake-3.25/Modules/FindPkgConfig.cmake:829 (_pkg_check_modules_internal) (install_repos.py:38) (maxbube___mydumper)
09/12/2024 05:59:05 PM logger_maxbube___mydumper DEBUG cmake/modules/FindPCRE.cmake:25 (pkg_check_modules) (install_repos.py:38) (maxbube___mydumper)
09/12/2024 05:59:05 PM logger_maxbube___mydumper DEBUG CMakeLists.txt:16 (find_package) (install_repos.py:38) (maxbube___mydumper)
09/12/2024 05:59:05 PM logger_maxbube___mydumper DEBUG  (install_repos.py:38) (maxbube___mydumper)
09/12/2024 05:59:05 PM logger_maxbube___mydumper DEBUG  (install_repos.py:38) (maxbube___mydumper)
09/12/2024 05:59:05 PM logger_maxbube___mydumper DEBUG -- Configuring incomplete, errors occurred! (install_repos.py:38) (maxbube___mydumper)
09/12/2024 05:59:05 PM logger_maxbube___mydumper DEBUG See also "/INSTALL_C/repos/repos_400_c_round_two/maxbube___mydumper/build/CMakeFiles/CMakeOutput.log". (install_repos.py:38) (maxbube___mydumper)
09/12/2024 05:59:05 PM logger_maxbube___mydumper ERROR Error: Build failed for maxbube___mydumper
Build failed for reason: cmake failed (install_repos.py:295) (maxbube___mydumper)
