09/12/2024 05:43:26 PM logger_mcnopper___opengl INFO <<<<<<<<<<<<<<<<<< Logger setup anew <<<<<<<<<<<<<<<<<<< (utils.py:39) (mcnopper___opengl)
09/12/2024 05:43:26 PM logger_mcnopper___opengl INFO Analyzing repos/repos_400_c_round_two/mcnopper___opengl (install_repos.py:285) (mcnopper___opengl)
09/12/2024 05:43:26 PM logger_mcnopper___opengl INFO Running command: rm -rf build/ (install_repos.py:20) (mcnopper___opengl)
09/12/2024 05:43:26 PM logger_mcnopper___opengl INFO Logging output to: logs/repos/repos_400_c_round_two_install_logs_with_make_cmake_gradlew_meson_scons_bazel_2024-09-12_17-35-05/mcnopper___opengl_build.log (install_repos.py:21) (mcnopper___opengl)
09/12/2024 05:43:26 PM logger_mcnopper___opengl INFO Running command: rm -rf CMakeCache.txt (install_repos.py:20) (mcnopper___opengl)
09/12/2024 05:43:26 PM logger_mcnopper___opengl INFO Logging output to: logs/repos/repos_400_c_round_two_install_logs_with_make_cmake_gradlew_meson_scons_bazel_2024-09-12_17-35-05/mcnopper___opengl_build.log (install_repos.py:21) (mcnopper___opengl)
09/12/2024 05:43:26 PM logger_mcnopper___opengl INFO Running command: rm -rf CMakeFiles/ (install_repos.py:20) (mcnopper___opengl)
09/12/2024 05:43:26 PM logger_mcnopper___opengl INFO Logging output to: logs/repos/repos_400_c_round_two_install_logs_with_make_cmake_gradlew_meson_scons_bazel_2024-09-12_17-35-05/mcnopper___opengl_build.log (install_repos.py:21) (mcnopper___opengl)
09/12/2024 05:43:26 PM logger_mcnopper___opengl INFO Running CMake (install_repos.py:141) (mcnopper___opengl)
09/12/2024 05:43:26 PM logger_mcnopper___opengl INFO Running command: cmake .. (install_repos.py:20) (mcnopper___opengl)
09/12/2024 05:43:26 PM logger_mcnopper___opengl INFO Logging output to: logs/repos/repos_400_c_round_two_install_logs_with_make_cmake_gradlew_meson_scons_bazel_2024-09-12_17-35-05/build_build.log (install_repos.py:21) (mcnopper___opengl)
09/12/2024 05:43:26 PM logger_mcnopper___opengl DEBUG -- The C compiler identification is GNU 12.2.0 (install_repos.py:38) (mcnopper___opengl)
09/12/2024 05:43:26 PM logger_mcnopper___opengl DEBUG -- The CXX compiler identification is GNU 12.2.0 (install_repos.py:38) (mcnopper___opengl)
09/12/2024 05:43:26 PM logger_mcnopper___opengl DEBUG -- Detecting C compiler ABI info (install_repos.py:38) (mcnopper___opengl)
09/12/2024 05:43:26 PM logger_mcnopper___opengl DEBUG -- Detecting C compiler ABI info - done (install_repos.py:38) (mcnopper___opengl)
09/12/2024 05:43:26 PM logger_mcnopper___opengl DEBUG -- Check for working C compiler: /usr/bin/cc - skipped (install_repos.py:38) (mcnopper___opengl)
09/12/2024 05:43:26 PM logger_mcnopper___opengl DEBUG -- Detecting C compile features (install_repos.py:38) (mcnopper___opengl)
09/12/2024 05:43:26 PM logger_mcnopper___opengl DEBUG -- Detecting C compile features - done (install_repos.py:38) (mcnopper___opengl)
09/12/2024 05:43:26 PM logger_mcnopper___opengl DEBUG -- Detecting CXX compiler ABI info (install_repos.py:38) (mcnopper___opengl)
09/12/2024 05:43:26 PM logger_mcnopper___opengl DEBUG -- Detecting CXX compiler ABI info - done (install_repos.py:38) (mcnopper___opengl)
09/12/2024 05:43:26 PM logger_mcnopper___opengl DEBUG -- Check for working CXX compiler: /usr/bin/c++ - skipped (install_repos.py:38) (mcnopper___opengl)
09/12/2024 05:43:26 PM logger_mcnopper___opengl DEBUG -- Detecting CXX compile features (install_repos.py:38) (mcnopper___opengl)
09/12/2024 05:43:26 PM logger_mcnopper___opengl DEBUG -- Detecting CXX compile features - done (install_repos.py:38) (mcnopper___opengl)
09/12/2024 05:43:26 PM logger_mcnopper___opengl DEBUG CMake Deprecation Warning at GLUS/CMakeLists.txt:11 (cmake_minimum_required): (install_repos.py:38) (mcnopper___opengl)
09/12/2024 05:43:26 PM logger_mcnopper___opengl DEBUG Compatibility with CMake < 2.8.12 will be removed from a future version of (install_repos.py:38) (mcnopper___opengl)
09/12/2024 05:43:26 PM logger_mcnopper___opengl DEBUG CMake. (install_repos.py:38) (mcnopper___opengl)
09/12/2024 05:43:26 PM logger_mcnopper___opengl DEBUG  (install_repos.py:38) (mcnopper___opengl)
09/12/2024 05:43:26 PM logger_mcnopper___opengl DEBUG Update the VERSION argument <min> value or use a ...<max> suffix to tell (install_repos.py:38) (mcnopper___opengl)
09/12/2024 05:43:26 PM logger_mcnopper___opengl DEBUG CMake that the project does not need compatibility with older versions. (install_repos.py:38) (mcnopper___opengl)
09/12/2024 05:43:26 PM logger_mcnopper___opengl DEBUG  (install_repos.py:38) (mcnopper___opengl)
09/12/2024 05:43:26 PM logger_mcnopper___opengl DEBUG  (install_repos.py:38) (mcnopper___opengl)
09/12/2024 05:43:26 PM logger_mcnopper___opengl DEBUG CMake Error at CMakeLists.txt:71 (add_subdirectory): (install_repos.py:38) (mcnopper___opengl)
09/12/2024 05:43:26 PM logger_mcnopper___opengl DEBUG The source directory (install_repos.py:38) (mcnopper___opengl)
09/12/2024 05:43:26 PM logger_mcnopper___opengl DEBUG  (install_repos.py:38) (mcnopper___opengl)
09/12/2024 05:43:26 PM logger_mcnopper___opengl DEBUG /INSTALL_C/repos/repos_400_c_round_two/mcnopper___opengl/GLFW (install_repos.py:38) (mcnopper___opengl)
09/12/2024 05:43:26 PM logger_mcnopper___opengl DEBUG  (install_repos.py:38) (mcnopper___opengl)
09/12/2024 05:43:26 PM logger_mcnopper___opengl DEBUG does not contain a CMakeLists.txt file. (install_repos.py:38) (mcnopper___opengl)
09/12/2024 05:43:26 PM logger_mcnopper___opengl DEBUG  (install_repos.py:38) (mcnopper___opengl)
09/12/2024 05:43:26 PM logger_mcnopper___opengl DEBUG  (install_repos.py:38) (mcnopper___opengl)
09/12/2024 05:43:26 PM logger_mcnopper___opengl DEBUG -- Add Subdirectory: Example01 (install_repos.py:38) (mcnopper___opengl)
09/12/2024 05:43:26 PM logger_mcnopper___opengl DEBUG -- Add Subdirectory: Example02 (install_repos.py:38) (mcnopper___opengl)
09/12/2024 05:43:26 PM logger_mcnopper___opengl DEBUG -- Add Subdirectory: Example03 (install_repos.py:38) (mcnopper___opengl)
09/12/2024 05:43:26 PM logger_mcnopper___opengl DEBUG -- Add Subdirectory: Example04 (install_repos.py:38) (mcnopper___opengl)
09/12/2024 05:43:26 PM logger_mcnopper___opengl DEBUG -- Add Subdirectory: Example05 (install_repos.py:38) (mcnopper___opengl)
09/12/2024 05:43:26 PM logger_mcnopper___opengl DEBUG -- Add Subdirectory: Example06 (install_repos.py:38) (mcnopper___opengl)
09/12/2024 05:43:26 PM logger_mcnopper___opengl DEBUG -- Add Subdirectory: Example07 (install_repos.py:38) (mcnopper___opengl)
09/12/2024 05:43:26 PM logger_mcnopper___opengl DEBUG -- Add Subdirectory: Example08 (install_repos.py:38) (mcnopper___opengl)
09/12/2024 05:43:26 PM logger_mcnopper___opengl DEBUG -- Add Subdirectory: Example09 (install_repos.py:38) (mcnopper___opengl)
09/12/2024 05:43:26 PM logger_mcnopper___opengl DEBUG -- Add Subdirectory: Example10 (install_repos.py:38) (mcnopper___opengl)
09/12/2024 05:43:26 PM logger_mcnopper___opengl DEBUG -- Add Subdirectory: Example11 (install_repos.py:38) (mcnopper___opengl)
09/12/2024 05:43:26 PM logger_mcnopper___opengl DEBUG -- Add Subdirectory: Example12 (install_repos.py:38) (mcnopper___opengl)
09/12/2024 05:43:26 PM logger_mcnopper___opengl DEBUG -- Add Subdirectory: Example13 (install_repos.py:38) (mcnopper___opengl)
09/12/2024 05:43:26 PM logger_mcnopper___opengl DEBUG -- Add Subdirectory: Example14 (install_repos.py:38) (mcnopper___opengl)
09/12/2024 05:43:26 PM logger_mcnopper___opengl DEBUG -- Add Subdirectory: Example15 (install_repos.py:38) (mcnopper___opengl)
09/12/2024 05:43:26 PM logger_mcnopper___opengl DEBUG -- Add Subdirectory: Example16 (install_repos.py:38) (mcnopper___opengl)
09/12/2024 05:43:26 PM logger_mcnopper___opengl DEBUG -- Add Subdirectory: Example17 (install_repos.py:38) (mcnopper___opengl)
09/12/2024 05:43:26 PM logger_mcnopper___opengl DEBUG -- Add Subdirectory: Example18 (install_repos.py:38) (mcnopper___opengl)
09/12/2024 05:43:26 PM logger_mcnopper___opengl DEBUG -- Add Subdirectory: Example19 (install_repos.py:38) (mcnopper___opengl)
09/12/2024 05:43:26 PM logger_mcnopper___opengl DEBUG -- Add Subdirectory: Example20 (install_repos.py:38) (mcnopper___opengl)
09/12/2024 05:43:26 PM logger_mcnopper___opengl DEBUG -- Add Subdirectory: Example21 (install_repos.py:38) (mcnopper___opengl)
09/12/2024 05:43:26 PM logger_mcnopper___opengl DEBUG -- Add Subdirectory: Example22 (install_repos.py:38) (mcnopper___opengl)
09/12/2024 05:43:26 PM logger_mcnopper___opengl DEBUG -- Add Subdirectory: Example23 (install_repos.py:38) (mcnopper___opengl)
09/12/2024 05:43:26 PM logger_mcnopper___opengl DEBUG -- Add Subdirectory: Example24 (install_repos.py:38) (mcnopper___opengl)
09/12/2024 05:43:26 PM logger_mcnopper___opengl DEBUG -- Add Subdirectory: Example25 (install_repos.py:38) (mcnopper___opengl)
09/12/2024 05:43:26 PM logger_mcnopper___opengl DEBUG -- Add Subdirectory: Example26 (install_repos.py:38) (mcnopper___opengl)
09/12/2024 05:43:26 PM logger_mcnopper___opengl DEBUG -- Add Subdirectory: Example27 (install_repos.py:38) (mcnopper___opengl)
09/12/2024 05:43:26 PM logger_mcnopper___opengl DEBUG -- Add Subdirectory: Example28 (install_repos.py:38) (mcnopper___opengl)
09/12/2024 05:43:26 PM logger_mcnopper___opengl DEBUG -- Add Subdirectory: Example29 (install_repos.py:38) (mcnopper___opengl)
09/12/2024 05:43:26 PM logger_mcnopper___opengl DEBUG -- Add Subdirectory: Example30 (install_repos.py:38) (mcnopper___opengl)
09/12/2024 05:43:26 PM logger_mcnopper___opengl DEBUG -- Add Subdirectory: Example31 (install_repos.py:38) (mcnopper___opengl)
09/12/2024 05:43:26 PM logger_mcnopper___opengl DEBUG -- Add Subdirectory: Example32 (install_repos.py:38) (mcnopper___opengl)
09/12/2024 05:43:26 PM logger_mcnopper___opengl DEBUG -- Add Subdirectory: Example33 (install_repos.py:38) (mcnopper___opengl)
09/12/2024 05:43:26 PM logger_mcnopper___opengl DEBUG -- Add Subdirectory: Example34 (install_repos.py:38) (mcnopper___opengl)
09/12/2024 05:43:26 PM logger_mcnopper___opengl DEBUG -- Add Subdirectory: Example35 (install_repos.py:38) (mcnopper___opengl)
09/12/2024 05:43:26 PM logger_mcnopper___opengl DEBUG -- Add Subdirectory: Example36 (install_repos.py:38) (mcnopper___opengl)
09/12/2024 05:43:26 PM logger_mcnopper___opengl DEBUG -- Add Subdirectory: Example37 (install_repos.py:38) (mcnopper___opengl)
09/12/2024 05:43:26 PM logger_mcnopper___opengl DEBUG -- Add Subdirectory: Example38 (install_repos.py:38) (mcnopper___opengl)
09/12/2024 05:43:26 PM logger_mcnopper___opengl DEBUG -- Add Subdirectory: Example39 (install_repos.py:38) (mcnopper___opengl)
09/12/2024 05:43:26 PM logger_mcnopper___opengl DEBUG -- Add Subdirectory: Example40 (install_repos.py:38) (mcnopper___opengl)
09/12/2024 05:43:26 PM logger_mcnopper___opengl DEBUG -- Add Subdirectory: Example41 (install_repos.py:38) (mcnopper___opengl)
09/12/2024 05:43:26 PM logger_mcnopper___opengl DEBUG -- Add Subdirectory: Example42 (install_repos.py:38) (mcnopper___opengl)
09/12/2024 05:43:26 PM logger_mcnopper___opengl DEBUG -- Add Subdirectory: Example43 (install_repos.py:38) (mcnopper___opengl)
09/12/2024 05:43:26 PM logger_mcnopper___opengl DEBUG -- Add Subdirectory: Example44 (install_repos.py:38) (mcnopper___opengl)
09/12/2024 05:43:26 PM logger_mcnopper___opengl DEBUG -- Add Subdirectory: Example45 (install_repos.py:38) (mcnopper___opengl)
09/12/2024 05:43:26 PM logger_mcnopper___opengl DEBUG -- Configuring incomplete, errors occurred! (install_repos.py:38) (mcnopper___opengl)
09/12/2024 05:43:26 PM logger_mcnopper___opengl DEBUG See also "/INSTALL_C/repos/repos_400_c_round_two/mcnopper___opengl/build/CMakeFiles/CMakeOutput.log". (install_repos.py:38) (mcnopper___opengl)
09/12/2024 05:43:26 PM logger_mcnopper___opengl ERROR Error: Build failed for mcnopper___opengl
Build failed for reason: cmake failed (install_repos.py:295) (mcnopper___opengl)
