09/12/2024 05:47:15 PM logger_mozilla___mozjpeg INFO <<<<<<<<<<<<<<<<<< Logger setup anew <<<<<<<<<<<<<<<<<<< (utils.py:39) (mozilla___mozjpeg)
09/12/2024 05:47:15 PM logger_mozilla___mozjpeg INFO Analyzing repos/repos_400_c_round_two/mozilla___mozjpeg (install_repos.py:285) (mozilla___mozjpeg)
09/12/2024 05:47:15 PM logger_mozilla___mozjpeg INFO Running command: rm -rf build/ (install_repos.py:20) (mozilla___mozjpeg)
09/12/2024 05:47:15 PM logger_mozilla___mozjpeg INFO Logging output to: logs/repos/repos_400_c_round_two_install_logs_with_make_cmake_gradlew_meson_scons_bazel_2024-09-12_17-35-05/mozilla___mozjpeg_build.log (install_repos.py:21) (mozilla___mozjpeg)
09/12/2024 05:47:15 PM logger_mozilla___mozjpeg INFO Running command: rm -rf CMakeCache.txt (install_repos.py:20) (mozilla___mozjpeg)
09/12/2024 05:47:15 PM logger_mozilla___mozjpeg INFO Logging output to: logs/repos/repos_400_c_round_two_install_logs_with_make_cmake_gradlew_meson_scons_bazel_2024-09-12_17-35-05/mozilla___mozjpeg_build.log (install_repos.py:21) (mozilla___mozjpeg)
09/12/2024 05:47:15 PM logger_mozilla___mozjpeg INFO Running command: rm -rf CMakeFiles/ (install_repos.py:20) (mozilla___mozjpeg)
09/12/2024 05:47:15 PM logger_mozilla___mozjpeg INFO Logging output to: logs/repos/repos_400_c_round_two_install_logs_with_make_cmake_gradlew_meson_scons_bazel_2024-09-12_17-35-05/mozilla___mozjpeg_build.log (install_repos.py:21) (mozilla___mozjpeg)
09/12/2024 05:47:15 PM logger_mozilla___mozjpeg INFO Running CMake (install_repos.py:141) (mozilla___mozjpeg)
09/12/2024 05:47:15 PM logger_mozilla___mozjpeg INFO Running command: cmake .. (install_repos.py:20) (mozilla___mozjpeg)
09/12/2024 05:47:15 PM logger_mozilla___mozjpeg INFO Logging output to: logs/repos/repos_400_c_round_two_install_logs_with_make_cmake_gradlew_meson_scons_bazel_2024-09-12_17-35-05/build_build.log (install_repos.py:21) (mozilla___mozjpeg)
09/12/2024 05:47:15 PM logger_mozilla___mozjpeg DEBUG -- The C compiler identification is GNU 12.2.0 (install_repos.py:38) (mozilla___mozjpeg)
09/12/2024 05:47:15 PM logger_mozilla___mozjpeg DEBUG -- Detecting C compiler ABI info (install_repos.py:38) (mozilla___mozjpeg)
09/12/2024 05:47:15 PM logger_mozilla___mozjpeg DEBUG -- Detecting C compiler ABI info - done (install_repos.py:38) (mozilla___mozjpeg)
09/12/2024 05:47:15 PM logger_mozilla___mozjpeg DEBUG -- Check for working C compiler: /usr/bin/cc - skipped (install_repos.py:38) (mozilla___mozjpeg)
09/12/2024 05:47:15 PM logger_mozilla___mozjpeg DEBUG -- Detecting C compile features (install_repos.py:38) (mozilla___mozjpeg)
09/12/2024 05:47:15 PM logger_mozilla___mozjpeg DEBUG -- Detecting C compile features - done (install_repos.py:38) (mozilla___mozjpeg)
09/12/2024 05:47:15 PM logger_mozilla___mozjpeg DEBUG -- CMAKE_BUILD_TYPE = Release (install_repos.py:38) (mozilla___mozjpeg)
09/12/2024 05:47:15 PM logger_mozilla___mozjpeg DEBUG -- VERSION = 4.1.5, BUILD = 20240912 (install_repos.py:38) (mozilla___mozjpeg)
09/12/2024 05:47:15 PM logger_mozilla___mozjpeg DEBUG -- 64-bit build (x86_64) (install_repos.py:38) (mozilla___mozjpeg)
09/12/2024 05:47:15 PM logger_mozilla___mozjpeg DEBUG -- CMAKE_INSTALL_PREFIX = /opt/mozjpeg (install_repos.py:38) (mozilla___mozjpeg)
09/12/2024 05:47:15 PM logger_mozilla___mozjpeg DEBUG -- CMAKE_INSTALL_BINDIR = bin (/opt/mozjpeg/bin) (install_repos.py:38) (mozilla___mozjpeg)
09/12/2024 05:47:15 PM logger_mozilla___mozjpeg DEBUG -- CMAKE_INSTALL_DATAROOTDIR =  (/opt/mozjpeg) (install_repos.py:38) (mozilla___mozjpeg)
09/12/2024 05:47:15 PM logger_mozilla___mozjpeg DEBUG -- CMAKE_INSTALL_DOCDIR = doc (/opt/mozjpeg/doc) (install_repos.py:38) (mozilla___mozjpeg)
09/12/2024 05:47:15 PM logger_mozilla___mozjpeg DEBUG -- CMAKE_INSTALL_INCLUDEDIR = include (/opt/mozjpeg/include) (install_repos.py:38) (mozilla___mozjpeg)
09/12/2024 05:47:15 PM logger_mozilla___mozjpeg DEBUG -- CMAKE_INSTALL_LIBDIR = lib64 (/opt/mozjpeg/lib64) (install_repos.py:38) (mozilla___mozjpeg)
09/12/2024 05:47:15 PM logger_mozilla___mozjpeg DEBUG -- CMAKE_INSTALL_MANDIR = man (/opt/mozjpeg/man) (install_repos.py:38) (mozilla___mozjpeg)
09/12/2024 05:47:15 PM logger_mozilla___mozjpeg DEBUG -- Shared libraries enabled (ENABLE_SHARED = 1) (install_repos.py:38) (mozilla___mozjpeg)
09/12/2024 05:47:15 PM logger_mozilla___mozjpeg DEBUG -- Static libraries enabled (ENABLE_STATIC = 1) (install_repos.py:38) (mozilla___mozjpeg)
09/12/2024 05:47:15 PM logger_mozilla___mozjpeg DEBUG -- 12-bit JPEG support disabled (WITH_12BIT = 0) (install_repos.py:38) (mozilla___mozjpeg)
09/12/2024 05:47:15 PM logger_mozilla___mozjpeg DEBUG -- Arithmetic decoding support disabled (WITH_ARITH_DEC = 0) (install_repos.py:38) (mozilla___mozjpeg)
09/12/2024 05:47:15 PM logger_mozilla___mozjpeg DEBUG -- Arithmetic encoding support disabled (WITH_ARITH_ENC = 0) (install_repos.py:38) (mozilla___mozjpeg)
09/12/2024 05:47:15 PM logger_mozilla___mozjpeg DEBUG -- TurboJPEG API library enabled (WITH_TURBOJPEG = 1) (install_repos.py:38) (mozilla___mozjpeg)
09/12/2024 05:47:15 PM logger_mozilla___mozjpeg DEBUG -- TurboJPEG Java wrapper disabled (WITH_JAVA = 0) (install_repos.py:38) (mozilla___mozjpeg)
09/12/2024 05:47:15 PM logger_mozilla___mozjpeg DEBUG -- In-memory source/destination managers enabled (WITH_MEM_SRCDST = 1) (install_repos.py:38) (mozilla___mozjpeg)
09/12/2024 05:47:15 PM logger_mozilla___mozjpeg DEBUG -- Emulating libjpeg API/ABI v6.2 (WITH_JPEG7 = 0, WITH_JPEG8 = 0) (install_repos.py:38) (mozilla___mozjpeg)
09/12/2024 05:47:15 PM logger_mozilla___mozjpeg DEBUG -- libjpeg API shared library version = 62.3.0 (install_repos.py:38) (mozilla___mozjpeg)
09/12/2024 05:47:15 PM logger_mozilla___mozjpeg DEBUG -- Compiler flags =  -O3 -DNDEBUG (install_repos.py:38) (mozilla___mozjpeg)
09/12/2024 05:47:15 PM logger_mozilla___mozjpeg DEBUG -- Linker flags = (install_repos.py:38) (mozilla___mozjpeg)
09/12/2024 05:47:15 PM logger_mozilla___mozjpeg DEBUG -- Looking for sys/types.h (install_repos.py:38) (mozilla___mozjpeg)
09/12/2024 05:47:15 PM logger_mozilla___mozjpeg DEBUG -- Looking for sys/types.h - found (install_repos.py:38) (mozilla___mozjpeg)
09/12/2024 05:47:15 PM logger_mozilla___mozjpeg DEBUG -- Looking for stdint.h (install_repos.py:38) (mozilla___mozjpeg)
09/12/2024 05:47:15 PM logger_mozilla___mozjpeg DEBUG -- Looking for stdint.h - found (install_repos.py:38) (mozilla___mozjpeg)
09/12/2024 05:47:15 PM logger_mozilla___mozjpeg DEBUG -- Looking for stddef.h (install_repos.py:38) (mozilla___mozjpeg)
09/12/2024 05:47:15 PM logger_mozilla___mozjpeg DEBUG -- Looking for stddef.h - found (install_repos.py:38) (mozilla___mozjpeg)
09/12/2024 05:47:15 PM logger_mozilla___mozjpeg DEBUG -- Check size of size_t (install_repos.py:38) (mozilla___mozjpeg)
09/12/2024 05:47:15 PM logger_mozilla___mozjpeg DEBUG -- Check size of size_t - done (install_repos.py:38) (mozilla___mozjpeg)
09/12/2024 05:47:15 PM logger_mozilla___mozjpeg DEBUG -- Check size of unsigned long (install_repos.py:38) (mozilla___mozjpeg)
09/12/2024 05:47:15 PM logger_mozilla___mozjpeg DEBUG -- Check size of unsigned long - done (install_repos.py:38) (mozilla___mozjpeg)
09/12/2024 05:47:15 PM logger_mozilla___mozjpeg DEBUG -- Performing Test HAVE_BUILTIN_CTZL (install_repos.py:38) (mozilla___mozjpeg)
09/12/2024 05:47:15 PM logger_mozilla___mozjpeg DEBUG -- Performing Test HAVE_BUILTIN_CTZL - Success (install_repos.py:38) (mozilla___mozjpeg)
09/12/2024 05:47:15 PM logger_mozilla___mozjpeg DEBUG -- Performing Test RIGHT_SHIFT_IS_UNSIGNED (install_repos.py:38) (mozilla___mozjpeg)
09/12/2024 05:47:15 PM logger_mozilla___mozjpeg DEBUG -- Performing Test RIGHT_SHIFT_IS_UNSIGNED - Failed (install_repos.py:38) (mozilla___mozjpeg)
09/12/2024 05:47:15 PM logger_mozilla___mozjpeg DEBUG -- Performing Test INLINE_WORKS (install_repos.py:38) (mozilla___mozjpeg)
09/12/2024 05:47:16 PM logger_mozilla___mozjpeg DEBUG -- Performing Test INLINE_WORKS - Success (install_repos.py:38) (mozilla___mozjpeg)
09/12/2024 05:47:16 PM logger_mozilla___mozjpeg DEBUG -- INLINE = __inline__ __attribute__((always_inline)) (FORCE_INLINE = 1) (install_repos.py:38) (mozilla___mozjpeg)
09/12/2024 05:47:16 PM logger_mozilla___mozjpeg DEBUG -- Performing Test HAVE_THREAD_LOCAL (install_repos.py:38) (mozilla___mozjpeg)
09/12/2024 05:47:16 PM logger_mozilla___mozjpeg DEBUG -- Performing Test HAVE_THREAD_LOCAL - Success (install_repos.py:38) (mozilla___mozjpeg)
09/12/2024 05:47:16 PM logger_mozilla___mozjpeg DEBUG -- THREAD_LOCAL = __thread (install_repos.py:38) (mozilla___mozjpeg)
09/12/2024 05:47:16 PM logger_mozilla___mozjpeg DEBUG -- Performing Test HAVE_VERSION_SCRIPT (install_repos.py:38) (mozilla___mozjpeg)
09/12/2024 05:47:16 PM logger_mozilla___mozjpeg DEBUG -- Performing Test HAVE_VERSION_SCRIPT - Success (install_repos.py:38) (mozilla___mozjpeg)
09/12/2024 05:47:16 PM logger_mozilla___mozjpeg DEBUG -- Linker supports GNU-style version scripts (install_repos.py:38) (mozilla___mozjpeg)
09/12/2024 05:47:16 PM logger_mozilla___mozjpeg DEBUG -- CMAKE_EXECUTABLE_SUFFIX = (install_repos.py:38) (mozilla___mozjpeg)
09/12/2024 05:47:16 PM logger_mozilla___mozjpeg DEBUG -- Looking for a ASM_NASM compiler (install_repos.py:38) (mozilla___mozjpeg)
09/12/2024 05:47:16 PM logger_mozilla___mozjpeg DEBUG -- Looking for a ASM_NASM compiler - NOTFOUND (install_repos.py:38) (mozilla___mozjpeg)
09/12/2024 05:47:16 PM logger_mozilla___mozjpeg DEBUG CMake Warning at simd/CMakeLists.txt:5 (message): (install_repos.py:38) (mozilla___mozjpeg)
09/12/2024 05:47:16 PM logger_mozilla___mozjpeg DEBUG SIMD extensions disabled: could not find NASM compiler.  Performance will (install_repos.py:38) (mozilla___mozjpeg)
09/12/2024 05:47:16 PM logger_mozilla___mozjpeg DEBUG suffer. (install_repos.py:38) (mozilla___mozjpeg)
09/12/2024 05:47:16 PM logger_mozilla___mozjpeg DEBUG Call Stack (most recent call first): (install_repos.py:38) (mozilla___mozjpeg)
09/12/2024 05:47:16 PM logger_mozilla___mozjpeg DEBUG simd/CMakeLists.txt:48 (simd_fail) (install_repos.py:38) (mozilla___mozjpeg)
09/12/2024 05:47:16 PM logger_mozilla___mozjpeg DEBUG  (install_repos.py:38) (mozilla___mozjpeg)
09/12/2024 05:47:16 PM logger_mozilla___mozjpeg DEBUG  (install_repos.py:38) (mozilla___mozjpeg)
09/12/2024 05:47:16 PM logger_mozilla___mozjpeg DEBUG -- PNG reading support enabled (PNG_SUPPORTED = 1) (install_repos.py:38) (mozilla___mozjpeg)
09/12/2024 05:47:16 PM logger_mozilla___mozjpeg DEBUG -- Could NOT find ZLIB (missing: ZLIB_LIBRARY ZLIB_INCLUDE_DIR) (install_repos.py:38) (mozilla___mozjpeg)
09/12/2024 05:47:16 PM logger_mozilla___mozjpeg DEBUG CMake Error at /usr/share/cmake-3.25/Modules/FindPackageHandleStandardArgs.cmake:230 (message): (install_repos.py:38) (mozilla___mozjpeg)
09/12/2024 05:47:16 PM logger_mozilla___mozjpeg DEBUG Could NOT find PNG (missing: PNG_LIBRARY PNG_PNG_INCLUDE_DIR) (Required is (install_repos.py:38) (mozilla___mozjpeg)
09/12/2024 05:47:16 PM logger_mozilla___mozjpeg DEBUG at least version "1.6") (install_repos.py:38) (mozilla___mozjpeg)
09/12/2024 05:47:16 PM logger_mozilla___mozjpeg DEBUG Call Stack (most recent call first): (install_repos.py:38) (mozilla___mozjpeg)
09/12/2024 05:47:16 PM logger_mozilla___mozjpeg DEBUG /usr/share/cmake-3.25/Modules/FindPackageHandleStandardArgs.cmake:600 (_FPHSA_FAILURE_MESSAGE) (install_repos.py:38) (mozilla___mozjpeg)
09/12/2024 05:47:16 PM logger_mozilla___mozjpeg DEBUG /usr/share/cmake-3.25/Modules/FindPNG.cmake:159 (find_package_handle_standard_args) (install_repos.py:38) (mozilla___mozjpeg)
09/12/2024 05:47:16 PM logger_mozilla___mozjpeg DEBUG sharedlib/CMakeLists.txt:102 (find_package) (install_repos.py:38) (mozilla___mozjpeg)
09/12/2024 05:47:16 PM logger_mozilla___mozjpeg DEBUG  (install_repos.py:38) (mozilla___mozjpeg)
09/12/2024 05:47:16 PM logger_mozilla___mozjpeg DEBUG  (install_repos.py:38) (mozilla___mozjpeg)
09/12/2024 05:47:16 PM logger_mozilla___mozjpeg DEBUG -- Configuring incomplete, errors occurred! (install_repos.py:38) (mozilla___mozjpeg)
09/12/2024 05:47:16 PM logger_mozilla___mozjpeg DEBUG See also "/INSTALL_C/repos/repos_400_c_round_two/mozilla___mozjpeg/build/CMakeFiles/CMakeOutput.log". (install_repos.py:38) (mozilla___mozjpeg)
09/12/2024 05:47:16 PM logger_mozilla___mozjpeg DEBUG See also "/INSTALL_C/repos/repos_400_c_round_two/mozilla___mozjpeg/build/CMakeFiles/CMakeError.log". (install_repos.py:38) (mozilla___mozjpeg)
09/12/2024 05:47:16 PM logger_mozilla___mozjpeg ERROR Error: Build failed for mozilla___mozjpeg
Build failed for reason: cmake failed (install_repos.py:295) (mozilla___mozjpeg)
