09/12/2024 05:38:37 PM logger_nanomsg___nanomsg INFO <<<<<<<<<<<<<<<<<< Logger setup anew <<<<<<<<<<<<<<<<<<< (utils.py:39) (nanomsg___nanomsg)
09/12/2024 05:38:37 PM logger_nanomsg___nanomsg INFO Analyzing repos/repos_400_c_round_two/nanomsg___nanomsg (install_repos.py:285) (nanomsg___nanomsg)
09/12/2024 05:38:37 PM logger_nanomsg___nanomsg INFO Checking for build system in repos/repos_400_c_round_two/nanomsg___nanomsg/src (install_repos.py:267) (nanomsg___nanomsg)
09/12/2024 05:38:37 PM logger_nanomsg___nanomsg INFO Checking for build system in repos/repos_400_c_round_two/nanomsg___nanomsg/src (install_repos.py:267) (nanomsg___nanomsg)
09/12/2024 05:38:37 PM logger_nanomsg___nanomsg INFO Running command: rm -rf build/ (install_repos.py:20) (nanomsg___nanomsg)
09/12/2024 05:38:37 PM logger_nanomsg___nanomsg INFO Logging output to: logs/repos/repos_400_c_round_two_install_logs_with_make_cmake_gradlew_meson_scons_bazel_2024-09-12_17-35-05/nanomsg___nanomsg_build.log (install_repos.py:21) (nanomsg___nanomsg)
09/12/2024 05:38:37 PM logger_nanomsg___nanomsg INFO Running command: rm -rf CMakeCache.txt (install_repos.py:20) (nanomsg___nanomsg)
09/12/2024 05:38:37 PM logger_nanomsg___nanomsg INFO Logging output to: logs/repos/repos_400_c_round_two_install_logs_with_make_cmake_gradlew_meson_scons_bazel_2024-09-12_17-35-05/nanomsg___nanomsg_build.log (install_repos.py:21) (nanomsg___nanomsg)
09/12/2024 05:38:37 PM logger_nanomsg___nanomsg INFO Running command: rm -rf CMakeFiles/ (install_repos.py:20) (nanomsg___nanomsg)
09/12/2024 05:38:37 PM logger_nanomsg___nanomsg INFO Logging output to: logs/repos/repos_400_c_round_two_install_logs_with_make_cmake_gradlew_meson_scons_bazel_2024-09-12_17-35-05/nanomsg___nanomsg_build.log (install_repos.py:21) (nanomsg___nanomsg)
09/12/2024 05:38:37 PM logger_nanomsg___nanomsg INFO Running CMake (install_repos.py:141) (nanomsg___nanomsg)
09/12/2024 05:38:37 PM logger_nanomsg___nanomsg INFO Running command: cmake .. (install_repos.py:20) (nanomsg___nanomsg)
09/12/2024 05:38:37 PM logger_nanomsg___nanomsg INFO Logging output to: logs/repos/repos_400_c_round_two_install_logs_with_make_cmake_gradlew_meson_scons_bazel_2024-09-12_17-35-05/build_build.log (install_repos.py:21) (nanomsg___nanomsg)
09/12/2024 05:38:37 PM logger_nanomsg___nanomsg DEBUG -- The C compiler identification is GNU 12.2.0 (install_repos.py:38) (nanomsg___nanomsg)
09/12/2024 05:38:37 PM logger_nanomsg___nanomsg DEBUG -- Detecting C compiler ABI info (install_repos.py:38) (nanomsg___nanomsg)
09/12/2024 05:38:37 PM logger_nanomsg___nanomsg DEBUG -- Detecting C compiler ABI info - done (install_repos.py:38) (nanomsg___nanomsg)
09/12/2024 05:38:37 PM logger_nanomsg___nanomsg DEBUG -- Check for working C compiler: /usr/bin/cc - skipped (install_repos.py:38) (nanomsg___nanomsg)
09/12/2024 05:38:37 PM logger_nanomsg___nanomsg DEBUG -- Detecting C compile features (install_repos.py:38) (nanomsg___nanomsg)
09/12/2024 05:38:37 PM logger_nanomsg___nanomsg DEBUG -- Detecting C compile features - done (install_repos.py:38) (nanomsg___nanomsg)
09/12/2024 05:38:37 PM logger_nanomsg___nanomsg DEBUG -- Detected nanomsg ABI v6 (v6.0.1) (install_repos.py:38) (nanomsg___nanomsg)
09/12/2024 05:38:38 PM logger_nanomsg___nanomsg DEBUG -- Performing Test CMAKE_HAVE_LIBC_PTHREAD (install_repos.py:38) (nanomsg___nanomsg)
09/12/2024 05:38:38 PM logger_nanomsg___nanomsg DEBUG -- Performing Test CMAKE_HAVE_LIBC_PTHREAD - Success (install_repos.py:38) (nanomsg___nanomsg)
09/12/2024 05:38:38 PM logger_nanomsg___nanomsg DEBUG -- Found Threads: TRUE (install_repos.py:38) (nanomsg___nanomsg)
09/12/2024 05:38:38 PM logger_nanomsg___nanomsg DEBUG -- OS System is Linux (install_repos.py:38) (nanomsg___nanomsg)
09/12/2024 05:38:38 PM logger_nanomsg___nanomsg DEBUG -- OS Version is 5.15.0-1067-gcp (install_repos.py:38) (nanomsg___nanomsg)
09/12/2024 05:38:38 PM logger_nanomsg___nanomsg DEBUG -- Looking for gethrtime (install_repos.py:38) (nanomsg___nanomsg)
09/12/2024 05:38:38 PM logger_nanomsg___nanomsg DEBUG -- Looking for gethrtime - not found (install_repos.py:38) (nanomsg___nanomsg)
09/12/2024 05:38:38 PM logger_nanomsg___nanomsg DEBUG -- Looking for socketpair (install_repos.py:38) (nanomsg___nanomsg)
09/12/2024 05:38:38 PM logger_nanomsg___nanomsg DEBUG -- Looking for socketpair - found (install_repos.py:38) (nanomsg___nanomsg)
09/12/2024 05:38:38 PM logger_nanomsg___nanomsg DEBUG -- Looking for eventfd (install_repos.py:38) (nanomsg___nanomsg)
09/12/2024 05:38:38 PM logger_nanomsg___nanomsg DEBUG -- Looking for eventfd - found (install_repos.py:38) (nanomsg___nanomsg)
09/12/2024 05:38:38 PM logger_nanomsg___nanomsg DEBUG -- Looking for pipe (install_repos.py:38) (nanomsg___nanomsg)
09/12/2024 05:38:38 PM logger_nanomsg___nanomsg DEBUG -- Looking for pipe - found (install_repos.py:38) (nanomsg___nanomsg)
09/12/2024 05:38:38 PM logger_nanomsg___nanomsg DEBUG -- Looking for pipe2 (install_repos.py:38) (nanomsg___nanomsg)
09/12/2024 05:38:38 PM logger_nanomsg___nanomsg DEBUG -- Looking for pipe2 - found (install_repos.py:38) (nanomsg___nanomsg)
09/12/2024 05:38:38 PM logger_nanomsg___nanomsg DEBUG -- Looking for accept4 (install_repos.py:38) (nanomsg___nanomsg)
09/12/2024 05:38:38 PM logger_nanomsg___nanomsg DEBUG -- Looking for accept4 - found (install_repos.py:38) (nanomsg___nanomsg)
09/12/2024 05:38:38 PM logger_nanomsg___nanomsg DEBUG -- Looking for epoll_create (install_repos.py:38) (nanomsg___nanomsg)
09/12/2024 05:38:38 PM logger_nanomsg___nanomsg DEBUG -- Looking for epoll_create - found (install_repos.py:38) (nanomsg___nanomsg)
09/12/2024 05:38:38 PM logger_nanomsg___nanomsg DEBUG -- Looking for kqueue (install_repos.py:38) (nanomsg___nanomsg)
09/12/2024 05:38:38 PM logger_nanomsg___nanomsg DEBUG -- Looking for kqueue - not found (install_repos.py:38) (nanomsg___nanomsg)
09/12/2024 05:38:38 PM logger_nanomsg___nanomsg DEBUG -- Looking for poll (install_repos.py:38) (nanomsg___nanomsg)
09/12/2024 05:38:38 PM logger_nanomsg___nanomsg DEBUG -- Looking for poll - found (install_repos.py:38) (nanomsg___nanomsg)
09/12/2024 05:38:38 PM logger_nanomsg___nanomsg DEBUG -- Looking for getaddrinfo_a in anl (install_repos.py:38) (nanomsg___nanomsg)
09/12/2024 05:38:38 PM logger_nanomsg___nanomsg DEBUG -- Looking for getaddrinfo_a in anl - found (install_repos.py:38) (nanomsg___nanomsg)
09/12/2024 05:38:38 PM logger_nanomsg___nanomsg DEBUG -- Looking for clock_gettime in rt (install_repos.py:38) (nanomsg___nanomsg)
09/12/2024 05:38:39 PM logger_nanomsg___nanomsg DEBUG -- Looking for clock_gettime in rt - found (install_repos.py:38) (nanomsg___nanomsg)
09/12/2024 05:38:39 PM logger_nanomsg___nanomsg DEBUG -- Looking for sem_wait in rt (install_repos.py:38) (nanomsg___nanomsg)
09/12/2024 05:38:39 PM logger_nanomsg___nanomsg DEBUG -- Looking for sem_wait in rt - found (install_repos.py:38) (nanomsg___nanomsg)
09/12/2024 05:38:39 PM logger_nanomsg___nanomsg DEBUG -- Looking for sem_wait in pthread (install_repos.py:38) (nanomsg___nanomsg)
09/12/2024 05:38:39 PM logger_nanomsg___nanomsg DEBUG -- Looking for sem_wait in pthread - found (install_repos.py:38) (nanomsg___nanomsg)
09/12/2024 05:38:39 PM logger_nanomsg___nanomsg DEBUG -- Looking for gethostbyname in nsl (install_repos.py:38) (nanomsg___nanomsg)
09/12/2024 05:38:39 PM logger_nanomsg___nanomsg DEBUG -- Looking for gethostbyname in nsl - found (install_repos.py:38) (nanomsg___nanomsg)
09/12/2024 05:38:39 PM logger_nanomsg___nanomsg DEBUG -- Looking for socket in socket (install_repos.py:38) (nanomsg___nanomsg)
09/12/2024 05:38:39 PM logger_nanomsg___nanomsg DEBUG -- Looking for socket in socket - not found (install_repos.py:38) (nanomsg___nanomsg)
09/12/2024 05:38:39 PM logger_nanomsg___nanomsg DEBUG -- Looking for CLOCK_MONOTONIC (install_repos.py:38) (nanomsg___nanomsg)
09/12/2024 05:38:39 PM logger_nanomsg___nanomsg DEBUG -- Looking for CLOCK_MONOTONIC - found (install_repos.py:38) (nanomsg___nanomsg)
09/12/2024 05:38:39 PM logger_nanomsg___nanomsg DEBUG -- Looking for atomic_cas_32 (install_repos.py:38) (nanomsg___nanomsg)
09/12/2024 05:38:39 PM logger_nanomsg___nanomsg DEBUG -- Looking for atomic_cas_32 - not found (install_repos.py:38) (nanomsg___nanomsg)
09/12/2024 05:38:39 PM logger_nanomsg___nanomsg DEBUG -- Looking for AF_UNIX (install_repos.py:38) (nanomsg___nanomsg)
09/12/2024 05:38:39 PM logger_nanomsg___nanomsg DEBUG -- Looking for AF_UNIX - found (install_repos.py:38) (nanomsg___nanomsg)
09/12/2024 05:38:39 PM logger_nanomsg___nanomsg DEBUG -- Looking for backtrace_symbols_fd (install_repos.py:38) (nanomsg___nanomsg)
09/12/2024 05:38:39 PM logger_nanomsg___nanomsg DEBUG -- Looking for backtrace_symbols_fd - found (install_repos.py:38) (nanomsg___nanomsg)
09/12/2024 05:38:39 PM logger_nanomsg___nanomsg DEBUG -- Performing Test NN_HAVE_MSG_CONTROL (install_repos.py:38) (nanomsg___nanomsg)
09/12/2024 05:38:39 PM logger_nanomsg___nanomsg DEBUG -- Performing Test NN_HAVE_MSG_CONTROL - Success (install_repos.py:38) (nanomsg___nanomsg)
09/12/2024 05:38:39 PM logger_nanomsg___nanomsg DEBUG -- Performing Test NN_HAVE_GCC_ATOMIC_BUILTINS (install_repos.py:38) (nanomsg___nanomsg)
09/12/2024 05:38:39 PM logger_nanomsg___nanomsg DEBUG -- Performing Test NN_HAVE_GCC_ATOMIC_BUILTINS - Success (install_repos.py:38) (nanomsg___nanomsg)
09/12/2024 05:38:39 PM logger_nanomsg___nanomsg DEBUG CMake Warning at CMakeLists.txt:294 (message): (install_repos.py:38) (nanomsg___nanomsg)
09/12/2024 05:38:39 PM logger_nanomsg___nanomsg DEBUG Could not find asciidoctor: skipping docs (install_repos.py:38) (nanomsg___nanomsg)
09/12/2024 05:38:39 PM logger_nanomsg___nanomsg DEBUG  (install_repos.py:38) (nanomsg___nanomsg)
09/12/2024 05:38:39 PM logger_nanomsg___nanomsg DEBUG  (install_repos.py:38) (nanomsg___nanomsg)
09/12/2024 05:38:39 PM logger_nanomsg___nanomsg DEBUG -- Configuring done (install_repos.py:38) (nanomsg___nanomsg)
09/12/2024 05:38:39 PM logger_nanomsg___nanomsg DEBUG -- Generating done (install_repos.py:38) (nanomsg___nanomsg)
09/12/2024 05:38:39 PM logger_nanomsg___nanomsg DEBUG -- Build files have been written to: /INSTALL_C/repos/repos_400_c_round_two/nanomsg___nanomsg/build (install_repos.py:38) (nanomsg___nanomsg)
09/12/2024 05:38:39 PM logger_nanomsg___nanomsg INFO Running command: cmake --build . (install_repos.py:20) (nanomsg___nanomsg)
09/12/2024 05:38:39 PM logger_nanomsg___nanomsg INFO Logging output to: logs/repos/repos_400_c_round_two_install_logs_with_make_cmake_gradlew_meson_scons_bazel_2024-09-12_17-35-05/build_build.log (install_repos.py:21) (nanomsg___nanomsg)
09/12/2024 05:38:39 PM logger_nanomsg___nanomsg DEBUG [  1%] Building C object src/CMakeFiles/nanomsg.dir/core/ep.c.o (install_repos.py:38) (nanomsg___nanomsg)
09/12/2024 05:38:40 PM logger_nanomsg___nanomsg DEBUG [  1%] Building C object src/CMakeFiles/nanomsg.dir/core/global.c.o (install_repos.py:38) (nanomsg___nanomsg)
09/12/2024 05:38:40 PM logger_nanomsg___nanomsg DEBUG [  2%] Building C object src/CMakeFiles/nanomsg.dir/core/pipe.c.o (install_repos.py:38) (nanomsg___nanomsg)
09/12/2024 05:38:40 PM logger_nanomsg___nanomsg DEBUG [  2%] Building C object src/CMakeFiles/nanomsg.dir/core/poll.c.o (install_repos.py:38) (nanomsg___nanomsg)
09/12/2024 05:38:40 PM logger_nanomsg___nanomsg DEBUG [  3%] Building C object src/CMakeFiles/nanomsg.dir/core/sock.c.o (install_repos.py:38) (nanomsg___nanomsg)
09/12/2024 05:38:40 PM logger_nanomsg___nanomsg DEBUG [  3%] Building C object src/CMakeFiles/nanomsg.dir/core/sockbase.c.o (install_repos.py:38) (nanomsg___nanomsg)
09/12/2024 05:38:40 PM logger_nanomsg___nanomsg DEBUG [  4%] Building C object src/CMakeFiles/nanomsg.dir/core/symbol.c.o (install_repos.py:38) (nanomsg___nanomsg)
09/12/2024 05:38:40 PM logger_nanomsg___nanomsg DEBUG [  4%] Building C object src/CMakeFiles/nanomsg.dir/aio/ctx.c.o (install_repos.py:38) (nanomsg___nanomsg)
09/12/2024 05:38:40 PM logger_nanomsg___nanomsg DEBUG [  5%] Building C object src/CMakeFiles/nanomsg.dir/aio/fsm.c.o (install_repos.py:38) (nanomsg___nanomsg)
09/12/2024 05:38:40 PM logger_nanomsg___nanomsg DEBUG [  5%] Building C object src/CMakeFiles/nanomsg.dir/aio/pool.c.o (install_repos.py:38) (nanomsg___nanomsg)
09/12/2024 05:38:40 PM logger_nanomsg___nanomsg DEBUG [  6%] Building C object src/CMakeFiles/nanomsg.dir/aio/timer.c.o (install_repos.py:38) (nanomsg___nanomsg)
09/12/2024 05:38:40 PM logger_nanomsg___nanomsg DEBUG [  6%] Building C object src/CMakeFiles/nanomsg.dir/aio/timerset.c.o (install_repos.py:38) (nanomsg___nanomsg)
09/12/2024 05:38:40 PM logger_nanomsg___nanomsg DEBUG [  7%] Building C object src/CMakeFiles/nanomsg.dir/aio/usock.c.o (install_repos.py:38) (nanomsg___nanomsg)
09/12/2024 05:38:40 PM logger_nanomsg___nanomsg DEBUG [  7%] Building C object src/CMakeFiles/nanomsg.dir/aio/worker.c.o (install_repos.py:38) (nanomsg___nanomsg)
09/12/2024 05:38:40 PM logger_nanomsg___nanomsg DEBUG [  8%] Building C object src/CMakeFiles/nanomsg.dir/utils/alloc.c.o (install_repos.py:38) (nanomsg___nanomsg)
09/12/2024 05:38:40 PM logger_nanomsg___nanomsg DEBUG [  8%] Building C object src/CMakeFiles/nanomsg.dir/utils/atomic.c.o (install_repos.py:38) (nanomsg___nanomsg)
09/12/2024 05:38:40 PM logger_nanomsg___nanomsg DEBUG [  9%] Building C object src/CMakeFiles/nanomsg.dir/utils/chunk.c.o (install_repos.py:38) (nanomsg___nanomsg)
09/12/2024 05:38:40 PM logger_nanomsg___nanomsg DEBUG [  9%] Building C object src/CMakeFiles/nanomsg.dir/utils/chunkref.c.o (install_repos.py:38) (nanomsg___nanomsg)
09/12/2024 05:38:40 PM logger_nanomsg___nanomsg DEBUG [ 10%] Building C object src/CMakeFiles/nanomsg.dir/utils/clock.c.o (install_repos.py:38) (nanomsg___nanomsg)
09/12/2024 05:38:41 PM logger_nanomsg___nanomsg DEBUG [ 10%] Building C object src/CMakeFiles/nanomsg.dir/utils/closefd.c.o (install_repos.py:38) (nanomsg___nanomsg)
09/12/2024 05:38:41 PM logger_nanomsg___nanomsg DEBUG [ 11%] Building C object src/CMakeFiles/nanomsg.dir/utils/efd.c.o (install_repos.py:38) (nanomsg___nanomsg)
09/12/2024 05:38:41 PM logger_nanomsg___nanomsg DEBUG [ 11%] Building C object src/CMakeFiles/nanomsg.dir/utils/err.c.o (install_repos.py:38) (nanomsg___nanomsg)
09/12/2024 05:38:41 PM logger_nanomsg___nanomsg DEBUG [ 12%] Building C object src/CMakeFiles/nanomsg.dir/utils/hash.c.o (install_repos.py:38) (nanomsg___nanomsg)
09/12/2024 05:38:41 PM logger_nanomsg___nanomsg DEBUG [ 12%] Building C object src/CMakeFiles/nanomsg.dir/utils/list.c.o (install_repos.py:38) (nanomsg___nanomsg)
09/12/2024 05:38:41 PM logger_nanomsg___nanomsg DEBUG [ 13%] Building C object src/CMakeFiles/nanomsg.dir/utils/msg.c.o (install_repos.py:38) (nanomsg___nanomsg)
09/12/2024 05:38:41 PM logger_nanomsg___nanomsg DEBUG [ 13%] Building C object src/CMakeFiles/nanomsg.dir/utils/condvar.c.o (install_repos.py:38) (nanomsg___nanomsg)
09/12/2024 05:38:41 PM logger_nanomsg___nanomsg DEBUG [ 14%] Building C object src/CMakeFiles/nanomsg.dir/utils/mutex.c.o (install_repos.py:38) (nanomsg___nanomsg)
09/12/2024 05:38:41 PM logger_nanomsg___nanomsg DEBUG [ 14%] Building C object src/CMakeFiles/nanomsg.dir/utils/once.c.o (install_repos.py:38) (nanomsg___nanomsg)
09/12/2024 05:38:41 PM logger_nanomsg___nanomsg DEBUG [ 15%] Building C object src/CMakeFiles/nanomsg.dir/utils/queue.c.o (install_repos.py:38) (nanomsg___nanomsg)
09/12/2024 05:38:41 PM logger_nanomsg___nanomsg DEBUG [ 15%] Building C object src/CMakeFiles/nanomsg.dir/utils/random.c.o (install_repos.py:38) (nanomsg___nanomsg)
09/12/2024 05:38:41 PM logger_nanomsg___nanomsg DEBUG [ 16%] Building C object src/CMakeFiles/nanomsg.dir/utils/sem.c.o (install_repos.py:38) (nanomsg___nanomsg)
09/12/2024 05:38:41 PM logger_nanomsg___nanomsg DEBUG [ 16%] Building C object src/CMakeFiles/nanomsg.dir/utils/sleep.c.o (install_repos.py:38) (nanomsg___nanomsg)
09/12/2024 05:38:41 PM logger_nanomsg___nanomsg DEBUG [ 17%] Building C object src/CMakeFiles/nanomsg.dir/utils/strcasecmp.c.o (install_repos.py:38) (nanomsg___nanomsg)
09/12/2024 05:38:41 PM logger_nanomsg___nanomsg DEBUG [ 17%] Building C object src/CMakeFiles/nanomsg.dir/utils/strcasestr.c.o (install_repos.py:38) (nanomsg___nanomsg)
09/12/2024 05:38:41 PM logger_nanomsg___nanomsg DEBUG [ 18%] Building C object src/CMakeFiles/nanomsg.dir/utils/strncasecmp.c.o (install_repos.py:38) (nanomsg___nanomsg)
09/12/2024 05:38:41 PM logger_nanomsg___nanomsg DEBUG [ 18%] Building C object src/CMakeFiles/nanomsg.dir/utils/thread.c.o (install_repos.py:38) (nanomsg___nanomsg)
09/12/2024 05:38:41 PM logger_nanomsg___nanomsg DEBUG [ 19%] Building C object src/CMakeFiles/nanomsg.dir/utils/wire.c.o (install_repos.py:38) (nanomsg___nanomsg)
09/12/2024 05:38:41 PM logger_nanomsg___nanomsg DEBUG [ 19%] Building C object src/CMakeFiles/nanomsg.dir/devices/device.c.o (install_repos.py:38) (nanomsg___nanomsg)
09/12/2024 05:38:41 PM logger_nanomsg___nanomsg DEBUG [ 20%] Building C object src/CMakeFiles/nanomsg.dir/protocols/utils/dist.c.o (install_repos.py:38) (nanomsg___nanomsg)
09/12/2024 05:38:41 PM logger_nanomsg___nanomsg DEBUG [ 20%] Building C object src/CMakeFiles/nanomsg.dir/protocols/utils/excl.c.o (install_repos.py:38) (nanomsg___nanomsg)
09/12/2024 05:38:41 PM logger_nanomsg___nanomsg DEBUG [ 21%] Building C object src/CMakeFiles/nanomsg.dir/protocols/utils/fq.c.o (install_repos.py:38) (nanomsg___nanomsg)
09/12/2024 05:38:41 PM logger_nanomsg___nanomsg DEBUG [ 21%] Building C object src/CMakeFiles/nanomsg.dir/protocols/utils/lb.c.o (install_repos.py:38) (nanomsg___nanomsg)
09/12/2024 05:38:42 PM logger_nanomsg___nanomsg DEBUG [ 22%] Building C object src/CMakeFiles/nanomsg.dir/protocols/utils/priolist.c.o (install_repos.py:38) (nanomsg___nanomsg)
09/12/2024 05:38:42 PM logger_nanomsg___nanomsg DEBUG [ 23%] Building C object src/CMakeFiles/nanomsg.dir/protocols/bus/bus.c.o (install_repos.py:38) (nanomsg___nanomsg)
09/12/2024 05:38:42 PM logger_nanomsg___nanomsg DEBUG [ 23%] Building C object src/CMakeFiles/nanomsg.dir/protocols/bus/xbus.c.o (install_repos.py:38) (nanomsg___nanomsg)
09/12/2024 05:38:42 PM logger_nanomsg___nanomsg DEBUG [ 24%] Building C object src/CMakeFiles/nanomsg.dir/protocols/pipeline/push.c.o (install_repos.py:38) (nanomsg___nanomsg)
09/12/2024 05:38:42 PM logger_nanomsg___nanomsg DEBUG [ 24%] Building C object src/CMakeFiles/nanomsg.dir/protocols/pipeline/pull.c.o (install_repos.py:38) (nanomsg___nanomsg)
09/12/2024 05:38:42 PM logger_nanomsg___nanomsg DEBUG [ 25%] Building C object src/CMakeFiles/nanomsg.dir/protocols/pipeline/xpull.c.o (install_repos.py:38) (nanomsg___nanomsg)
09/12/2024 05:38:42 PM logger_nanomsg___nanomsg DEBUG [ 25%] Building C object src/CMakeFiles/nanomsg.dir/protocols/pipeline/xpush.c.o (install_repos.py:38) (nanomsg___nanomsg)
09/12/2024 05:38:42 PM logger_nanomsg___nanomsg DEBUG [ 26%] Building C object src/CMakeFiles/nanomsg.dir/protocols/pair/pair.c.o (install_repos.py:38) (nanomsg___nanomsg)
09/12/2024 05:38:42 PM logger_nanomsg___nanomsg DEBUG [ 26%] Building C object src/CMakeFiles/nanomsg.dir/protocols/pair/xpair.c.o (install_repos.py:38) (nanomsg___nanomsg)
09/12/2024 05:38:42 PM logger_nanomsg___nanomsg DEBUG [ 27%] Building C object src/CMakeFiles/nanomsg.dir/protocols/pubsub/pub.c.o (install_repos.py:38) (nanomsg___nanomsg)
09/12/2024 05:38:42 PM logger_nanomsg___nanomsg DEBUG [ 27%] Building C object src/CMakeFiles/nanomsg.dir/protocols/pubsub/sub.c.o (install_repos.py:38) (nanomsg___nanomsg)
09/12/2024 05:38:42 PM logger_nanomsg___nanomsg DEBUG [ 28%] Building C object src/CMakeFiles/nanomsg.dir/protocols/pubsub/trie.c.o (install_repos.py:38) (nanomsg___nanomsg)
09/12/2024 05:38:42 PM logger_nanomsg___nanomsg DEBUG [ 28%] Building C object src/CMakeFiles/nanomsg.dir/protocols/pubsub/xpub.c.o (install_repos.py:38) (nanomsg___nanomsg)
09/12/2024 05:38:42 PM logger_nanomsg___nanomsg DEBUG [ 29%] Building C object src/CMakeFiles/nanomsg.dir/protocols/pubsub/xsub.c.o (install_repos.py:38) (nanomsg___nanomsg)
09/12/2024 05:38:42 PM logger_nanomsg___nanomsg DEBUG [ 29%] Building C object src/CMakeFiles/nanomsg.dir/protocols/reqrep/req.c.o (install_repos.py:38) (nanomsg___nanomsg)
09/12/2024 05:38:42 PM logger_nanomsg___nanomsg DEBUG [ 30%] Building C object src/CMakeFiles/nanomsg.dir/protocols/reqrep/rep.c.o (install_repos.py:38) (nanomsg___nanomsg)
09/12/2024 05:38:42 PM logger_nanomsg___nanomsg DEBUG [ 30%] Building C object src/CMakeFiles/nanomsg.dir/protocols/reqrep/task.c.o (install_repos.py:38) (nanomsg___nanomsg)
09/12/2024 05:38:42 PM logger_nanomsg___nanomsg DEBUG [ 31%] Building C object src/CMakeFiles/nanomsg.dir/protocols/reqrep/xrep.c.o (install_repos.py:38) (nanomsg___nanomsg)
09/12/2024 05:38:42 PM logger_nanomsg___nanomsg DEBUG [ 31%] Building C object src/CMakeFiles/nanomsg.dir/protocols/reqrep/xreq.c.o (install_repos.py:38) (nanomsg___nanomsg)
09/12/2024 05:38:42 PM logger_nanomsg___nanomsg DEBUG [ 32%] Building C object src/CMakeFiles/nanomsg.dir/protocols/survey/respondent.c.o (install_repos.py:38) (nanomsg___nanomsg)
09/12/2024 05:38:42 PM logger_nanomsg___nanomsg DEBUG [ 32%] Building C object src/CMakeFiles/nanomsg.dir/protocols/survey/surveyor.c.o (install_repos.py:38) (nanomsg___nanomsg)
09/12/2024 05:38:42 PM logger_nanomsg___nanomsg DEBUG [ 33%] Building C object src/CMakeFiles/nanomsg.dir/protocols/survey/xrespondent.c.o (install_repos.py:38) (nanomsg___nanomsg)
09/12/2024 05:38:43 PM logger_nanomsg___nanomsg DEBUG [ 33%] Building C object src/CMakeFiles/nanomsg.dir/protocols/survey/xsurveyor.c.o (install_repos.py:38) (nanomsg___nanomsg)
09/12/2024 05:38:43 PM logger_nanomsg___nanomsg DEBUG [ 34%] Building C object src/CMakeFiles/nanomsg.dir/transports/utils/backoff.c.o (install_repos.py:38) (nanomsg___nanomsg)
09/12/2024 05:38:43 PM logger_nanomsg___nanomsg DEBUG [ 34%] Building C object src/CMakeFiles/nanomsg.dir/transports/utils/dns.c.o (install_repos.py:38) (nanomsg___nanomsg)
09/12/2024 05:38:43 PM logger_nanomsg___nanomsg DEBUG [ 35%] Building C object src/CMakeFiles/nanomsg.dir/transports/utils/iface.c.o (install_repos.py:38) (nanomsg___nanomsg)
09/12/2024 05:38:43 PM logger_nanomsg___nanomsg DEBUG [ 35%] Building C object src/CMakeFiles/nanomsg.dir/transports/utils/literal.c.o (install_repos.py:38) (nanomsg___nanomsg)
09/12/2024 05:38:43 PM logger_nanomsg___nanomsg DEBUG [ 36%] Building C object src/CMakeFiles/nanomsg.dir/transports/utils/port.c.o (install_repos.py:38) (nanomsg___nanomsg)
09/12/2024 05:38:43 PM logger_nanomsg___nanomsg DEBUG [ 36%] Building C object src/CMakeFiles/nanomsg.dir/transports/utils/streamhdr.c.o (install_repos.py:38) (nanomsg___nanomsg)
09/12/2024 05:38:43 PM logger_nanomsg___nanomsg DEBUG [ 37%] Building C object src/CMakeFiles/nanomsg.dir/transports/utils/base64.c.o (install_repos.py:38) (nanomsg___nanomsg)
09/12/2024 05:38:43 PM logger_nanomsg___nanomsg DEBUG [ 37%] Building C object src/CMakeFiles/nanomsg.dir/transports/inproc/binproc.c.o (install_repos.py:38) (nanomsg___nanomsg)
09/12/2024 05:38:43 PM logger_nanomsg___nanomsg DEBUG [ 38%] Building C object src/CMakeFiles/nanomsg.dir/transports/inproc/cinproc.c.o (install_repos.py:38) (nanomsg___nanomsg)
09/12/2024 05:38:43 PM logger_nanomsg___nanomsg DEBUG [ 38%] Building C object src/CMakeFiles/nanomsg.dir/transports/inproc/inproc.c.o (install_repos.py:38) (nanomsg___nanomsg)
09/12/2024 05:38:43 PM logger_nanomsg___nanomsg DEBUG [ 39%] Building C object src/CMakeFiles/nanomsg.dir/transports/inproc/ins.c.o (install_repos.py:38) (nanomsg___nanomsg)
09/12/2024 05:38:43 PM logger_nanomsg___nanomsg DEBUG [ 39%] Building C object src/CMakeFiles/nanomsg.dir/transports/inproc/msgqueue.c.o (install_repos.py:38) (nanomsg___nanomsg)
09/12/2024 05:38:43 PM logger_nanomsg___nanomsg DEBUG [ 40%] Building C object src/CMakeFiles/nanomsg.dir/transports/inproc/sinproc.c.o (install_repos.py:38) (nanomsg___nanomsg)
09/12/2024 05:38:43 PM logger_nanomsg___nanomsg DEBUG /INSTALL_C/repos/repos_400_c_round_two/nanomsg___nanomsg/src/transports/inproc/sinproc.c: In function ‘nn_sinproc_shutdown_events’: (install_repos.py:38) (nanomsg___nanomsg)
09/12/2024 05:38:43 PM logger_nanomsg___nanomsg DEBUG /INSTALL_C/repos/repos_400_c_round_two/nanomsg___nanomsg/src/transports/inproc/sinproc.c:224:9: warning: this statement may fall through [-Wimplicit-fallthrough=] (install_repos.py:38) (nanomsg___nanomsg)
09/12/2024 05:38:43 PM logger_nanomsg___nanomsg DEBUG 224 |         switch (type) { (install_repos.py:38) (nanomsg___nanomsg)
09/12/2024 05:38:43 PM logger_nanomsg___nanomsg DEBUG |         ^~~~~~ (install_repos.py:38) (nanomsg___nanomsg)
09/12/2024 05:38:43 PM logger_nanomsg___nanomsg DEBUG /INSTALL_C/repos/repos_400_c_round_two/nanomsg___nanomsg/src/transports/inproc/sinproc.c:242:5: note: here (install_repos.py:38) (nanomsg___nanomsg)
09/12/2024 05:38:43 PM logger_nanomsg___nanomsg DEBUG 242 |     case NN_SINPROC_SRC_PEER: (install_repos.py:38) (nanomsg___nanomsg)
09/12/2024 05:38:43 PM logger_nanomsg___nanomsg DEBUG |     ^~~~ (install_repos.py:38) (nanomsg___nanomsg)
09/12/2024 05:38:43 PM logger_nanomsg___nanomsg DEBUG [ 40%] Building C object src/CMakeFiles/nanomsg.dir/transports/ipc/aipc.c.o (install_repos.py:38) (nanomsg___nanomsg)
09/12/2024 05:38:43 PM logger_nanomsg___nanomsg DEBUG [ 41%] Building C object src/CMakeFiles/nanomsg.dir/transports/ipc/bipc.c.o (install_repos.py:38) (nanomsg___nanomsg)
09/12/2024 05:38:43 PM logger_nanomsg___nanomsg DEBUG [ 41%] Building C object src/CMakeFiles/nanomsg.dir/transports/ipc/cipc.c.o (install_repos.py:38) (nanomsg___nanomsg)
09/12/2024 05:38:43 PM logger_nanomsg___nanomsg DEBUG [ 42%] Building C object src/CMakeFiles/nanomsg.dir/transports/ipc/ipc.c.o (install_repos.py:38) (nanomsg___nanomsg)
09/12/2024 05:38:43 PM logger_nanomsg___nanomsg DEBUG [ 42%] Building C object src/CMakeFiles/nanomsg.dir/transports/ipc/sipc.c.o (install_repos.py:38) (nanomsg___nanomsg)
09/12/2024 05:38:44 PM logger_nanomsg___nanomsg DEBUG [ 43%] Building C object src/CMakeFiles/nanomsg.dir/transports/tcp/atcp.c.o (install_repos.py:38) (nanomsg___nanomsg)
09/12/2024 05:38:44 PM logger_nanomsg___nanomsg DEBUG [ 43%] Building C object src/CMakeFiles/nanomsg.dir/transports/tcp/btcp.c.o (install_repos.py:38) (nanomsg___nanomsg)
09/12/2024 05:38:44 PM logger_nanomsg___nanomsg DEBUG [ 44%] Building C object src/CMakeFiles/nanomsg.dir/transports/tcp/ctcp.c.o (install_repos.py:38) (nanomsg___nanomsg)
09/12/2024 05:38:44 PM logger_nanomsg___nanomsg DEBUG [ 44%] Building C object src/CMakeFiles/nanomsg.dir/transports/tcp/stcp.c.o (install_repos.py:38) (nanomsg___nanomsg)
09/12/2024 05:38:44 PM logger_nanomsg___nanomsg DEBUG [ 45%] Building C object src/CMakeFiles/nanomsg.dir/transports/tcp/tcp.c.o (install_repos.py:38) (nanomsg___nanomsg)
09/12/2024 05:38:44 PM logger_nanomsg___nanomsg DEBUG [ 45%] Building C object src/CMakeFiles/nanomsg.dir/transports/ws/aws.c.o (install_repos.py:38) (nanomsg___nanomsg)
09/12/2024 05:38:44 PM logger_nanomsg___nanomsg DEBUG [ 46%] Building C object src/CMakeFiles/nanomsg.dir/transports/ws/bws.c.o (install_repos.py:38) (nanomsg___nanomsg)
09/12/2024 05:38:44 PM logger_nanomsg___nanomsg DEBUG [ 46%] Building C object src/CMakeFiles/nanomsg.dir/transports/ws/cws.c.o (install_repos.py:38) (nanomsg___nanomsg)
09/12/2024 05:38:44 PM logger_nanomsg___nanomsg DEBUG [ 47%] Building C object src/CMakeFiles/nanomsg.dir/transports/ws/sws.c.o (install_repos.py:38) (nanomsg___nanomsg)
09/12/2024 05:38:44 PM logger_nanomsg___nanomsg DEBUG /INSTALL_C/repos/repos_400_c_round_two/nanomsg___nanomsg/src/transports/ws/sws.c: In function ‘nn_sws_handler’: (install_repos.py:38) (nanomsg___nanomsg)
09/12/2024 05:38:44 PM logger_nanomsg___nanomsg DEBUG /INSTALL_C/repos/repos_400_c_round_two/nanomsg___nanomsg/src/transports/ws/sws.c:974:9: warning: this statement may fall through [-Wimplicit-fallthrough=] (install_repos.py:38) (nanomsg___nanomsg)
09/12/2024 05:38:44 PM logger_nanomsg___nanomsg DEBUG 974 |         switch (src) { (install_repos.py:38) (nanomsg___nanomsg)
09/12/2024 05:38:44 PM logger_nanomsg___nanomsg DEBUG |         ^~~~~~ (install_repos.py:38) (nanomsg___nanomsg)
09/12/2024 05:38:44 PM logger_nanomsg___nanomsg DEBUG /INSTALL_C/repos/repos_400_c_round_two/nanomsg___nanomsg/src/transports/ws/sws.c:1495:5: note: here (install_repos.py:38) (nanomsg___nanomsg)
09/12/2024 05:38:44 PM logger_nanomsg___nanomsg DEBUG 1495 |     case NN_SWS_STATE_CLOSING_CONNECTION: (install_repos.py:38) (nanomsg___nanomsg)
09/12/2024 05:38:44 PM logger_nanomsg___nanomsg DEBUG |     ^~~~ (install_repos.py:38) (nanomsg___nanomsg)
09/12/2024 05:38:44 PM logger_nanomsg___nanomsg DEBUG [ 47%] Building C object src/CMakeFiles/nanomsg.dir/transports/ws/ws.c.o (install_repos.py:38) (nanomsg___nanomsg)
09/12/2024 05:38:44 PM logger_nanomsg___nanomsg DEBUG [ 48%] Building C object src/CMakeFiles/nanomsg.dir/transports/ws/ws_handshake.c.o (install_repos.py:38) (nanomsg___nanomsg)
09/12/2024 05:38:44 PM logger_nanomsg___nanomsg DEBUG [ 48%] Building C object src/CMakeFiles/nanomsg.dir/transports/ws/sha1.c.o (install_repos.py:38) (nanomsg___nanomsg)
09/12/2024 05:38:44 PM logger_nanomsg___nanomsg DEBUG [ 49%] Building C object src/CMakeFiles/nanomsg.dir/aio/poller.c.o (install_repos.py:38) (nanomsg___nanomsg)
09/12/2024 05:38:44 PM logger_nanomsg___nanomsg DEBUG [ 49%] Linking C shared library ../libnanomsg.so (install_repos.py:38) (nanomsg___nanomsg)
09/12/2024 05:38:45 PM logger_nanomsg___nanomsg DEBUG [ 49%] Built target nanomsg (install_repos.py:38) (nanomsg___nanomsg)
09/12/2024 05:38:45 PM logger_nanomsg___nanomsg DEBUG [ 49%] Building C object CMakeFiles/nanocat.dir/tools/nanocat.c.o (install_repos.py:38) (nanomsg___nanomsg)
09/12/2024 05:38:45 PM logger_nanomsg___nanomsg DEBUG [ 50%] Building C object CMakeFiles/nanocat.dir/tools/options.c.o (install_repos.py:38) (nanomsg___nanomsg)
09/12/2024 05:38:45 PM logger_nanomsg___nanomsg DEBUG [ 50%] Linking C executable nanocat (install_repos.py:38) (nanomsg___nanomsg)
09/12/2024 05:38:45 PM logger_nanomsg___nanomsg DEBUG [ 50%] Built target nanocat (install_repos.py:38) (nanomsg___nanomsg)
09/12/2024 05:38:45 PM logger_nanomsg___nanomsg DEBUG [ 50%] Building C object CMakeFiles/inproc.dir/tests/inproc.c.o (install_repos.py:38) (nanomsg___nanomsg)
09/12/2024 05:38:45 PM logger_nanomsg___nanomsg DEBUG [ 51%] Linking C executable inproc (install_repos.py:38) (nanomsg___nanomsg)
09/12/2024 05:38:45 PM logger_nanomsg___nanomsg DEBUG [ 51%] Built target inproc (install_repos.py:38) (nanomsg___nanomsg)
09/12/2024 05:38:45 PM logger_nanomsg___nanomsg DEBUG [ 51%] Building C object CMakeFiles/inproc_shutdown.dir/tests/inproc_shutdown.c.o (install_repos.py:38) (nanomsg___nanomsg)
09/12/2024 05:38:45 PM logger_nanomsg___nanomsg DEBUG [ 52%] Linking C executable inproc_shutdown (install_repos.py:38) (nanomsg___nanomsg)
09/12/2024 05:38:45 PM logger_nanomsg___nanomsg DEBUG [ 52%] Built target inproc_shutdown (install_repos.py:38) (nanomsg___nanomsg)
09/12/2024 05:38:45 PM logger_nanomsg___nanomsg DEBUG [ 52%] Building C object CMakeFiles/ipc.dir/tests/ipc.c.o (install_repos.py:38) (nanomsg___nanomsg)
09/12/2024 05:38:45 PM logger_nanomsg___nanomsg DEBUG [ 53%] Linking C executable ipc (install_repos.py:38) (nanomsg___nanomsg)
09/12/2024 05:38:45 PM logger_nanomsg___nanomsg DEBUG [ 53%] Built target ipc (install_repos.py:38) (nanomsg___nanomsg)
09/12/2024 05:38:45 PM logger_nanomsg___nanomsg DEBUG [ 53%] Building C object CMakeFiles/ipc_shutdown.dir/tests/ipc_shutdown.c.o (install_repos.py:38) (nanomsg___nanomsg)
09/12/2024 05:38:45 PM logger_nanomsg___nanomsg DEBUG [ 54%] Linking C executable ipc_shutdown (install_repos.py:38) (nanomsg___nanomsg)
09/12/2024 05:38:45 PM logger_nanomsg___nanomsg DEBUG [ 54%] Built target ipc_shutdown (install_repos.py:38) (nanomsg___nanomsg)
09/12/2024 05:38:45 PM logger_nanomsg___nanomsg DEBUG [ 54%] Building C object CMakeFiles/ipc_stress.dir/tests/ipc_stress.c.o (install_repos.py:38) (nanomsg___nanomsg)
09/12/2024 05:38:45 PM logger_nanomsg___nanomsg DEBUG [ 55%] Linking C executable ipc_stress (install_repos.py:38) (nanomsg___nanomsg)
09/12/2024 05:38:45 PM logger_nanomsg___nanomsg DEBUG [ 55%] Built target ipc_stress (install_repos.py:38) (nanomsg___nanomsg)
09/12/2024 05:38:45 PM logger_nanomsg___nanomsg DEBUG [ 56%] Building C object CMakeFiles/tcp.dir/tests/tcp.c.o (install_repos.py:38) (nanomsg___nanomsg)
09/12/2024 05:38:46 PM logger_nanomsg___nanomsg DEBUG [ 56%] Linking C executable tcp (install_repos.py:38) (nanomsg___nanomsg)
09/12/2024 05:38:46 PM logger_nanomsg___nanomsg DEBUG [ 56%] Built target tcp (install_repos.py:38) (nanomsg___nanomsg)
09/12/2024 05:38:46 PM logger_nanomsg___nanomsg DEBUG [ 57%] Building C object CMakeFiles/tcp_shutdown.dir/tests/tcp_shutdown.c.o (install_repos.py:38) (nanomsg___nanomsg)
09/12/2024 05:38:46 PM logger_nanomsg___nanomsg DEBUG [ 57%] Linking C executable tcp_shutdown (install_repos.py:38) (nanomsg___nanomsg)
09/12/2024 05:38:46 PM logger_nanomsg___nanomsg DEBUG [ 57%] Built target tcp_shutdown (install_repos.py:38) (nanomsg___nanomsg)
09/12/2024 05:38:46 PM logger_nanomsg___nanomsg DEBUG [ 58%] Building C object CMakeFiles/ws.dir/tests/ws.c.o (install_repos.py:38) (nanomsg___nanomsg)
09/12/2024 05:38:46 PM logger_nanomsg___nanomsg DEBUG [ 58%] Linking C executable ws (install_repos.py:38) (nanomsg___nanomsg)
09/12/2024 05:38:46 PM logger_nanomsg___nanomsg DEBUG [ 58%] Built target ws (install_repos.py:38) (nanomsg___nanomsg)
09/12/2024 05:38:46 PM logger_nanomsg___nanomsg DEBUG [ 59%] Building C object CMakeFiles/pair.dir/tests/pair.c.o (install_repos.py:38) (nanomsg___nanomsg)
09/12/2024 05:38:46 PM logger_nanomsg___nanomsg DEBUG [ 59%] Linking C executable pair (install_repos.py:38) (nanomsg___nanomsg)
09/12/2024 05:38:46 PM logger_nanomsg___nanomsg DEBUG [ 59%] Built target pair (install_repos.py:38) (nanomsg___nanomsg)
09/12/2024 05:38:46 PM logger_nanomsg___nanomsg DEBUG [ 60%] Building C object CMakeFiles/pubsub.dir/tests/pubsub.c.o (install_repos.py:38) (nanomsg___nanomsg)
09/12/2024 05:38:46 PM logger_nanomsg___nanomsg DEBUG [ 60%] Linking C executable pubsub (install_repos.py:38) (nanomsg___nanomsg)
09/12/2024 05:38:46 PM logger_nanomsg___nanomsg DEBUG [ 60%] Built target pubsub (install_repos.py:38) (nanomsg___nanomsg)
09/12/2024 05:38:46 PM logger_nanomsg___nanomsg DEBUG [ 61%] Building C object CMakeFiles/reqrep.dir/tests/reqrep.c.o (install_repos.py:38) (nanomsg___nanomsg)
09/12/2024 05:38:46 PM logger_nanomsg___nanomsg DEBUG [ 61%] Linking C executable reqrep (install_repos.py:38) (nanomsg___nanomsg)
09/12/2024 05:38:46 PM logger_nanomsg___nanomsg DEBUG [ 61%] Built target reqrep (install_repos.py:38) (nanomsg___nanomsg)
09/12/2024 05:38:46 PM logger_nanomsg___nanomsg DEBUG [ 62%] Building C object CMakeFiles/pipeline.dir/tests/pipeline.c.o (install_repos.py:38) (nanomsg___nanomsg)
09/12/2024 05:38:46 PM logger_nanomsg___nanomsg DEBUG [ 62%] Linking C executable pipeline (install_repos.py:38) (nanomsg___nanomsg)
09/12/2024 05:38:46 PM logger_nanomsg___nanomsg DEBUG [ 62%] Built target pipeline (install_repos.py:38) (nanomsg___nanomsg)
09/12/2024 05:38:46 PM logger_nanomsg___nanomsg DEBUG [ 63%] Building C object CMakeFiles/survey.dir/tests/survey.c.o (install_repos.py:38) (nanomsg___nanomsg)
09/12/2024 05:38:46 PM logger_nanomsg___nanomsg DEBUG [ 63%] Linking C executable survey (install_repos.py:38) (nanomsg___nanomsg)
09/12/2024 05:38:47 PM logger_nanomsg___nanomsg DEBUG [ 63%] Built target survey (install_repos.py:38) (nanomsg___nanomsg)
09/12/2024 05:38:47 PM logger_nanomsg___nanomsg DEBUG [ 63%] Building C object CMakeFiles/bus.dir/tests/bus.c.o (install_repos.py:38) (nanomsg___nanomsg)
09/12/2024 05:38:47 PM logger_nanomsg___nanomsg DEBUG [ 64%] Linking C executable bus (install_repos.py:38) (nanomsg___nanomsg)
09/12/2024 05:38:47 PM logger_nanomsg___nanomsg DEBUG [ 64%] Built target bus (install_repos.py:38) (nanomsg___nanomsg)
09/12/2024 05:38:47 PM logger_nanomsg___nanomsg DEBUG [ 64%] Building C object CMakeFiles/async_shutdown.dir/tests/async_shutdown.c.o (install_repos.py:38) (nanomsg___nanomsg)
09/12/2024 05:38:47 PM logger_nanomsg___nanomsg DEBUG [ 65%] Linking C executable async_shutdown (install_repos.py:38) (nanomsg___nanomsg)
09/12/2024 05:38:47 PM logger_nanomsg___nanomsg DEBUG [ 65%] Built target async_shutdown (install_repos.py:38) (nanomsg___nanomsg)
09/12/2024 05:38:47 PM logger_nanomsg___nanomsg DEBUG [ 65%] Building C object CMakeFiles/block.dir/tests/block.c.o (install_repos.py:38) (nanomsg___nanomsg)
09/12/2024 05:38:47 PM logger_nanomsg___nanomsg DEBUG [ 66%] Linking C executable block (install_repos.py:38) (nanomsg___nanomsg)
09/12/2024 05:38:47 PM logger_nanomsg___nanomsg DEBUG [ 66%] Built target block (install_repos.py:38) (nanomsg___nanomsg)
09/12/2024 05:38:47 PM logger_nanomsg___nanomsg DEBUG [ 67%] Building C object CMakeFiles/term.dir/tests/term.c.o (install_repos.py:38) (nanomsg___nanomsg)
09/12/2024 05:38:47 PM logger_nanomsg___nanomsg DEBUG [ 67%] Linking C executable term (install_repos.py:38) (nanomsg___nanomsg)
09/12/2024 05:38:47 PM logger_nanomsg___nanomsg DEBUG [ 67%] Built target term (install_repos.py:38) (nanomsg___nanomsg)
09/12/2024 05:38:47 PM logger_nanomsg___nanomsg DEBUG [ 68%] Building C object CMakeFiles/timeo.dir/tests/timeo.c.o (install_repos.py:38) (nanomsg___nanomsg)
09/12/2024 05:38:47 PM logger_nanomsg___nanomsg DEBUG [ 68%] Linking C executable timeo (install_repos.py:38) (nanomsg___nanomsg)
09/12/2024 05:38:47 PM logger_nanomsg___nanomsg DEBUG [ 68%] Built target timeo (install_repos.py:38) (nanomsg___nanomsg)
09/12/2024 05:38:47 PM logger_nanomsg___nanomsg DEBUG [ 68%] Building C object CMakeFiles/iovec.dir/tests/iovec.c.o (install_repos.py:38) (nanomsg___nanomsg)
09/12/2024 05:38:47 PM logger_nanomsg___nanomsg DEBUG [ 69%] Linking C executable iovec (install_repos.py:38) (nanomsg___nanomsg)
09/12/2024 05:38:47 PM logger_nanomsg___nanomsg DEBUG [ 69%] Built target iovec (install_repos.py:38) (nanomsg___nanomsg)
09/12/2024 05:38:47 PM logger_nanomsg___nanomsg DEBUG [ 69%] Building C object CMakeFiles/msg.dir/tests/msg.c.o (install_repos.py:38) (nanomsg___nanomsg)
09/12/2024 05:38:47 PM logger_nanomsg___nanomsg DEBUG [ 70%] Linking C executable msg (install_repos.py:38) (nanomsg___nanomsg)
09/12/2024 05:38:47 PM logger_nanomsg___nanomsg DEBUG [ 70%] Built target msg (install_repos.py:38) (nanomsg___nanomsg)
09/12/2024 05:38:47 PM logger_nanomsg___nanomsg DEBUG [ 71%] Building C object CMakeFiles/prio.dir/tests/prio.c.o (install_repos.py:38) (nanomsg___nanomsg)
09/12/2024 05:38:48 PM logger_nanomsg___nanomsg DEBUG [ 71%] Linking C executable prio (install_repos.py:38) (nanomsg___nanomsg)
09/12/2024 05:38:48 PM logger_nanomsg___nanomsg DEBUG [ 71%] Built target prio (install_repos.py:38) (nanomsg___nanomsg)
09/12/2024 05:38:48 PM logger_nanomsg___nanomsg DEBUG [ 72%] Building C object CMakeFiles/poll.dir/tests/poll.c.o (install_repos.py:38) (nanomsg___nanomsg)
09/12/2024 05:38:48 PM logger_nanomsg___nanomsg DEBUG [ 72%] Linking C executable poll (install_repos.py:38) (nanomsg___nanomsg)
09/12/2024 05:38:48 PM logger_nanomsg___nanomsg DEBUG [ 72%] Built target poll (install_repos.py:38) (nanomsg___nanomsg)
09/12/2024 05:38:48 PM logger_nanomsg___nanomsg DEBUG [ 72%] Building C object CMakeFiles/device.dir/tests/device.c.o (install_repos.py:38) (nanomsg___nanomsg)
09/12/2024 05:38:48 PM logger_nanomsg___nanomsg DEBUG [ 73%] Linking C executable device (install_repos.py:38) (nanomsg___nanomsg)
09/12/2024 05:38:48 PM logger_nanomsg___nanomsg DEBUG [ 73%] Built target device (install_repos.py:38) (nanomsg___nanomsg)
09/12/2024 05:38:48 PM logger_nanomsg___nanomsg DEBUG [ 73%] Building C object CMakeFiles/device4.dir/tests/device4.c.o (install_repos.py:38) (nanomsg___nanomsg)
09/12/2024 05:38:48 PM logger_nanomsg___nanomsg DEBUG [ 74%] Linking C executable device4 (install_repos.py:38) (nanomsg___nanomsg)
09/12/2024 05:38:48 PM logger_nanomsg___nanomsg DEBUG [ 74%] Built target device4 (install_repos.py:38) (nanomsg___nanomsg)
09/12/2024 05:38:48 PM logger_nanomsg___nanomsg DEBUG [ 74%] Building C object CMakeFiles/device5.dir/tests/device5.c.o (install_repos.py:38) (nanomsg___nanomsg)
09/12/2024 05:38:48 PM logger_nanomsg___nanomsg DEBUG [ 75%] Linking C executable device5 (install_repos.py:38) (nanomsg___nanomsg)
09/12/2024 05:38:48 PM logger_nanomsg___nanomsg DEBUG [ 75%] Built target device5 (install_repos.py:38) (nanomsg___nanomsg)
09/12/2024 05:38:48 PM logger_nanomsg___nanomsg DEBUG [ 75%] Building C object CMakeFiles/device6.dir/tests/device6.c.o (install_repos.py:38) (nanomsg___nanomsg)
09/12/2024 05:38:48 PM logger_nanomsg___nanomsg DEBUG [ 76%] Linking C executable device6 (install_repos.py:38) (nanomsg___nanomsg)
09/12/2024 05:38:48 PM logger_nanomsg___nanomsg DEBUG [ 76%] Built target device6 (install_repos.py:38) (nanomsg___nanomsg)
09/12/2024 05:38:48 PM logger_nanomsg___nanomsg DEBUG [ 76%] Building C object CMakeFiles/device7.dir/tests/device7.c.o (install_repos.py:38) (nanomsg___nanomsg)
09/12/2024 05:38:48 PM logger_nanomsg___nanomsg DEBUG [ 77%] Linking C executable device7 (install_repos.py:38) (nanomsg___nanomsg)
09/12/2024 05:38:48 PM logger_nanomsg___nanomsg DEBUG [ 77%] Built target device7 (install_repos.py:38) (nanomsg___nanomsg)
09/12/2024 05:38:48 PM logger_nanomsg___nanomsg DEBUG [ 77%] Building C object CMakeFiles/emfile.dir/tests/emfile.c.o (install_repos.py:38) (nanomsg___nanomsg)
09/12/2024 05:38:49 PM logger_nanomsg___nanomsg DEBUG [ 78%] Linking C executable emfile (install_repos.py:38) (nanomsg___nanomsg)
09/12/2024 05:38:49 PM logger_nanomsg___nanomsg DEBUG [ 78%] Built target emfile (install_repos.py:38) (nanomsg___nanomsg)
09/12/2024 05:38:49 PM logger_nanomsg___nanomsg DEBUG [ 78%] Building C object CMakeFiles/domain.dir/tests/domain.c.o (install_repos.py:38) (nanomsg___nanomsg)
09/12/2024 05:38:49 PM logger_nanomsg___nanomsg DEBUG [ 79%] Linking C executable domain (install_repos.py:38) (nanomsg___nanomsg)
09/12/2024 05:38:49 PM logger_nanomsg___nanomsg DEBUG [ 79%] Built target domain (install_repos.py:38) (nanomsg___nanomsg)
09/12/2024 05:38:49 PM logger_nanomsg___nanomsg DEBUG [ 80%] Building C object CMakeFiles/trie.dir/tests/trie.c.o (install_repos.py:38) (nanomsg___nanomsg)
09/12/2024 05:38:49 PM logger_nanomsg___nanomsg DEBUG [ 80%] Linking C executable trie (install_repos.py:38) (nanomsg___nanomsg)
09/12/2024 05:38:49 PM logger_nanomsg___nanomsg DEBUG [ 80%] Built target trie (install_repos.py:38) (nanomsg___nanomsg)
09/12/2024 05:38:49 PM logger_nanomsg___nanomsg DEBUG [ 80%] Building C object CMakeFiles/list.dir/tests/list.c.o (install_repos.py:38) (nanomsg___nanomsg)
09/12/2024 05:38:49 PM logger_nanomsg___nanomsg DEBUG [ 81%] Linking C executable list (install_repos.py:38) (nanomsg___nanomsg)
09/12/2024 05:38:49 PM logger_nanomsg___nanomsg DEBUG [ 81%] Built target list (install_repos.py:38) (nanomsg___nanomsg)
09/12/2024 05:38:49 PM logger_nanomsg___nanomsg DEBUG [ 81%] Building C object CMakeFiles/hash.dir/tests/hash.c.o (install_repos.py:38) (nanomsg___nanomsg)
09/12/2024 05:38:49 PM logger_nanomsg___nanomsg DEBUG [ 82%] Linking C executable hash (install_repos.py:38) (nanomsg___nanomsg)
09/12/2024 05:38:49 PM logger_nanomsg___nanomsg DEBUG [ 82%] Built target hash (install_repos.py:38) (nanomsg___nanomsg)
09/12/2024 05:38:49 PM logger_nanomsg___nanomsg DEBUG [ 83%] Building C object CMakeFiles/stats.dir/tests/stats.c.o (install_repos.py:38) (nanomsg___nanomsg)
09/12/2024 05:38:49 PM logger_nanomsg___nanomsg DEBUG [ 83%] Linking C executable stats (install_repos.py:38) (nanomsg___nanomsg)
09/12/2024 05:38:49 PM logger_nanomsg___nanomsg DEBUG [ 83%] Built target stats (install_repos.py:38) (nanomsg___nanomsg)
09/12/2024 05:38:49 PM logger_nanomsg___nanomsg DEBUG [ 84%] Building C object CMakeFiles/symbol.dir/tests/symbol.c.o (install_repos.py:38) (nanomsg___nanomsg)
09/12/2024 05:38:49 PM logger_nanomsg___nanomsg DEBUG [ 84%] Linking C executable symbol (install_repos.py:38) (nanomsg___nanomsg)
09/12/2024 05:38:49 PM logger_nanomsg___nanomsg DEBUG [ 84%] Built target symbol (install_repos.py:38) (nanomsg___nanomsg)
09/12/2024 05:38:49 PM logger_nanomsg___nanomsg DEBUG [ 85%] Building C object CMakeFiles/separation.dir/tests/separation.c.o (install_repos.py:38) (nanomsg___nanomsg)
09/12/2024 05:38:49 PM logger_nanomsg___nanomsg DEBUG [ 85%] Linking C executable separation (install_repos.py:38) (nanomsg___nanomsg)
09/12/2024 05:38:49 PM logger_nanomsg___nanomsg DEBUG [ 85%] Built target separation (install_repos.py:38) (nanomsg___nanomsg)
09/12/2024 05:38:50 PM logger_nanomsg___nanomsg DEBUG [ 86%] Building C object CMakeFiles/zerocopy.dir/tests/zerocopy.c.o (install_repos.py:38) (nanomsg___nanomsg)
09/12/2024 05:38:50 PM logger_nanomsg___nanomsg DEBUG [ 87%] Linking C executable zerocopy (install_repos.py:38) (nanomsg___nanomsg)
09/12/2024 05:38:50 PM logger_nanomsg___nanomsg DEBUG [ 87%] Built target zerocopy (install_repos.py:38) (nanomsg___nanomsg)
09/12/2024 05:38:50 PM logger_nanomsg___nanomsg DEBUG [ 88%] Building C object CMakeFiles/shutdown.dir/tests/shutdown.c.o (install_repos.py:38) (nanomsg___nanomsg)
09/12/2024 05:38:50 PM logger_nanomsg___nanomsg DEBUG [ 88%] Linking C executable shutdown (install_repos.py:38) (nanomsg___nanomsg)
09/12/2024 05:38:50 PM logger_nanomsg___nanomsg DEBUG [ 88%] Built target shutdown (install_repos.py:38) (nanomsg___nanomsg)
09/12/2024 05:38:50 PM logger_nanomsg___nanomsg DEBUG [ 88%] Building C object CMakeFiles/cmsg.dir/tests/cmsg.c.o (install_repos.py:38) (nanomsg___nanomsg)
09/12/2024 05:38:50 PM logger_nanomsg___nanomsg DEBUG [ 89%] Linking C executable cmsg (install_repos.py:38) (nanomsg___nanomsg)
09/12/2024 05:38:50 PM logger_nanomsg___nanomsg DEBUG [ 89%] Built target cmsg (install_repos.py:38) (nanomsg___nanomsg)
09/12/2024 05:38:50 PM logger_nanomsg___nanomsg DEBUG [ 89%] Building C object CMakeFiles/bug328.dir/tests/bug328.c.o (install_repos.py:38) (nanomsg___nanomsg)
09/12/2024 05:38:50 PM logger_nanomsg___nanomsg DEBUG [ 90%] Linking C executable bug328 (install_repos.py:38) (nanomsg___nanomsg)
09/12/2024 05:38:50 PM logger_nanomsg___nanomsg DEBUG [ 90%] Built target bug328 (install_repos.py:38) (nanomsg___nanomsg)
09/12/2024 05:38:50 PM logger_nanomsg___nanomsg DEBUG [ 90%] Building C object CMakeFiles/bug777.dir/tests/bug777.c.o (install_repos.py:38) (nanomsg___nanomsg)
09/12/2024 05:38:50 PM logger_nanomsg___nanomsg DEBUG [ 91%] Linking C executable bug777 (install_repos.py:38) (nanomsg___nanomsg)
09/12/2024 05:38:50 PM logger_nanomsg___nanomsg DEBUG [ 91%] Built target bug777 (install_repos.py:38) (nanomsg___nanomsg)
09/12/2024 05:38:50 PM logger_nanomsg___nanomsg DEBUG [ 92%] Building C object CMakeFiles/ws_async_shutdown.dir/tests/ws_async_shutdown.c.o (install_repos.py:38) (nanomsg___nanomsg)
09/12/2024 05:38:50 PM logger_nanomsg___nanomsg DEBUG [ 92%] Linking C executable ws_async_shutdown (install_repos.py:38) (nanomsg___nanomsg)
09/12/2024 05:38:50 PM logger_nanomsg___nanomsg DEBUG [ 92%] Built target ws_async_shutdown (install_repos.py:38) (nanomsg___nanomsg)
09/12/2024 05:38:50 PM logger_nanomsg___nanomsg DEBUG [ 93%] Building C object CMakeFiles/reqttl.dir/tests/reqttl.c.o (install_repos.py:38) (nanomsg___nanomsg)
09/12/2024 05:38:50 PM logger_nanomsg___nanomsg DEBUG [ 93%] Linking C executable reqttl (install_repos.py:38) (nanomsg___nanomsg)
09/12/2024 05:38:50 PM logger_nanomsg___nanomsg DEBUG [ 93%] Built target reqttl (install_repos.py:38) (nanomsg___nanomsg)
09/12/2024 05:38:50 PM logger_nanomsg___nanomsg DEBUG [ 94%] Building C object CMakeFiles/surveyttl.dir/tests/surveyttl.c.o (install_repos.py:38) (nanomsg___nanomsg)
09/12/2024 05:38:51 PM logger_nanomsg___nanomsg DEBUG [ 94%] Linking C executable surveyttl (install_repos.py:38) (nanomsg___nanomsg)
09/12/2024 05:38:51 PM logger_nanomsg___nanomsg DEBUG [ 94%] Built target surveyttl (install_repos.py:38) (nanomsg___nanomsg)
09/12/2024 05:38:51 PM logger_nanomsg___nanomsg DEBUG [ 94%] Building C object CMakeFiles/inproc_lat.dir/perf/inproc_lat.c.o (install_repos.py:38) (nanomsg___nanomsg)
09/12/2024 05:38:51 PM logger_nanomsg___nanomsg DEBUG [ 95%] Linking C executable inproc_lat (install_repos.py:38) (nanomsg___nanomsg)
09/12/2024 05:38:51 PM logger_nanomsg___nanomsg DEBUG [ 95%] Built target inproc_lat (install_repos.py:38) (nanomsg___nanomsg)
09/12/2024 05:38:51 PM logger_nanomsg___nanomsg DEBUG [ 95%] Building C object CMakeFiles/inproc_thr.dir/perf/inproc_thr.c.o (install_repos.py:38) (nanomsg___nanomsg)
09/12/2024 05:38:51 PM logger_nanomsg___nanomsg DEBUG [ 96%] Linking C executable inproc_thr (install_repos.py:38) (nanomsg___nanomsg)
09/12/2024 05:38:51 PM logger_nanomsg___nanomsg DEBUG [ 96%] Built target inproc_thr (install_repos.py:38) (nanomsg___nanomsg)
09/12/2024 05:38:51 PM logger_nanomsg___nanomsg DEBUG [ 96%] Building C object CMakeFiles/local_lat.dir/perf/local_lat.c.o (install_repos.py:38) (nanomsg___nanomsg)
09/12/2024 05:38:51 PM logger_nanomsg___nanomsg DEBUG [ 97%] Linking C executable local_lat (install_repos.py:38) (nanomsg___nanomsg)
09/12/2024 05:38:51 PM logger_nanomsg___nanomsg DEBUG [ 97%] Built target local_lat (install_repos.py:38) (nanomsg___nanomsg)
09/12/2024 05:38:51 PM logger_nanomsg___nanomsg DEBUG [ 98%] Building C object CMakeFiles/remote_lat.dir/perf/remote_lat.c.o (install_repos.py:38) (nanomsg___nanomsg)
09/12/2024 05:38:51 PM logger_nanomsg___nanomsg DEBUG [ 98%] Linking C executable remote_lat (install_repos.py:38) (nanomsg___nanomsg)
09/12/2024 05:38:51 PM logger_nanomsg___nanomsg DEBUG [ 98%] Built target remote_lat (install_repos.py:38) (nanomsg___nanomsg)
09/12/2024 05:38:51 PM logger_nanomsg___nanomsg DEBUG [ 98%] Building C object CMakeFiles/local_thr.dir/perf/local_thr.c.o (install_repos.py:38) (nanomsg___nanomsg)
09/12/2024 05:38:51 PM logger_nanomsg___nanomsg DEBUG [ 99%] Linking C executable local_thr (install_repos.py:38) (nanomsg___nanomsg)
09/12/2024 05:38:51 PM logger_nanomsg___nanomsg DEBUG [ 99%] Built target local_thr (install_repos.py:38) (nanomsg___nanomsg)
09/12/2024 05:38:51 PM logger_nanomsg___nanomsg DEBUG [100%] Building C object CMakeFiles/remote_thr.dir/perf/remote_thr.c.o (install_repos.py:38) (nanomsg___nanomsg)
09/12/2024 05:38:51 PM logger_nanomsg___nanomsg DEBUG [100%] Linking C executable remote_thr (install_repos.py:38) (nanomsg___nanomsg)
09/12/2024 05:38:51 PM logger_nanomsg___nanomsg DEBUG [100%] Built target remote_thr (install_repos.py:38) (nanomsg___nanomsg)
09/12/2024 05:38:51 PM logger_nanomsg___nanomsg INFO Success: Build succeeded for nanomsg___nanomsg (install_repos.py:292) (nanomsg___nanomsg)
