09/12/2024 05:45:14 PM logger_nuand___bladerf INFO <<<<<<<<<<<<<<<<<< Logger setup anew <<<<<<<<<<<<<<<<<<< (utils.py:39) (nuand___bladerf)
09/12/2024 05:45:14 PM logger_nuand___bladerf INFO Analyzing repos/repos_400_c_round_two/nuand___bladerf (install_repos.py:285) (nuand___bladerf)
09/12/2024 05:45:14 PM logger_nuand___bladerf INFO Running command: rm -rf build/ (install_repos.py:20) (nuand___bladerf)
09/12/2024 05:45:14 PM logger_nuand___bladerf INFO Logging output to: logs/repos/repos_400_c_round_two_install_logs_with_make_cmake_gradlew_meson_scons_bazel_2024-09-12_17-35-05/nuand___bladerf_build.log (install_repos.py:21) (nuand___bladerf)
09/12/2024 05:45:14 PM logger_nuand___bladerf INFO Running command: rm -rf CMakeCache.txt (install_repos.py:20) (nuand___bladerf)
09/12/2024 05:45:14 PM logger_nuand___bladerf INFO Logging output to: logs/repos/repos_400_c_round_two_install_logs_with_make_cmake_gradlew_meson_scons_bazel_2024-09-12_17-35-05/nuand___bladerf_build.log (install_repos.py:21) (nuand___bladerf)
09/12/2024 05:45:14 PM logger_nuand___bladerf INFO Running command: rm -rf CMakeFiles/ (install_repos.py:20) (nuand___bladerf)
09/12/2024 05:45:14 PM logger_nuand___bladerf INFO Logging output to: logs/repos/repos_400_c_round_two_install_logs_with_make_cmake_gradlew_meson_scons_bazel_2024-09-12_17-35-05/nuand___bladerf_build.log (install_repos.py:21) (nuand___bladerf)
09/12/2024 05:45:14 PM logger_nuand___bladerf INFO Running CMake (install_repos.py:141) (nuand___bladerf)
09/12/2024 05:45:14 PM logger_nuand___bladerf INFO Running command: cmake .. (install_repos.py:20) (nuand___bladerf)
09/12/2024 05:45:14 PM logger_nuand___bladerf INFO Logging output to: logs/repos/repos_400_c_round_two_install_logs_with_make_cmake_gradlew_meson_scons_bazel_2024-09-12_17-35-05/build_build.log (install_repos.py:21) (nuand___bladerf)
09/12/2024 05:45:14 PM logger_nuand___bladerf DEBUG -- The CXX compiler identification is GNU 12.2.0 (install_repos.py:38) (nuand___bladerf)
09/12/2024 05:45:14 PM logger_nuand___bladerf DEBUG -- The C compiler identification is GNU 12.2.0 (install_repos.py:38) (nuand___bladerf)
09/12/2024 05:45:14 PM logger_nuand___bladerf DEBUG -- Detecting CXX compiler ABI info (install_repos.py:38) (nuand___bladerf)
09/12/2024 05:45:14 PM logger_nuand___bladerf DEBUG -- Detecting CXX compiler ABI info - done (install_repos.py:38) (nuand___bladerf)
09/12/2024 05:45:14 PM logger_nuand___bladerf DEBUG -- Check for working CXX compiler: /usr/bin/c++ - skipped (install_repos.py:38) (nuand___bladerf)
09/12/2024 05:45:14 PM logger_nuand___bladerf DEBUG -- Detecting CXX compile features (install_repos.py:38) (nuand___bladerf)
09/12/2024 05:45:14 PM logger_nuand___bladerf DEBUG -- Detecting CXX compile features - done (install_repos.py:38) (nuand___bladerf)
09/12/2024 05:45:14 PM logger_nuand___bladerf DEBUG -- Detecting C compiler ABI info (install_repos.py:38) (nuand___bladerf)
09/12/2024 05:45:15 PM logger_nuand___bladerf DEBUG -- Detecting C compiler ABI info - done (install_repos.py:38) (nuand___bladerf)
09/12/2024 05:45:15 PM logger_nuand___bladerf DEBUG -- Check for working C compiler: /usr/bin/cc - skipped (install_repos.py:38) (nuand___bladerf)
09/12/2024 05:45:15 PM logger_nuand___bladerf DEBUG -- Detecting C compile features (install_repos.py:38) (nuand___bladerf)
09/12/2024 05:45:15 PM logger_nuand___bladerf DEBUG -- Detecting C compile features - done (install_repos.py:38) (nuand___bladerf)
09/12/2024 05:45:15 PM logger_nuand___bladerf DEBUG -- Build type not specified: defaulting to a release build. (install_repos.py:38) (nuand___bladerf)
09/12/2024 05:45:15 PM logger_nuand___bladerf DEBUG -- Found PkgConfig: /usr/bin/pkg-config (found version "1.8.1") (install_repos.py:38) (nuand___bladerf)
09/12/2024 05:45:15 PM logger_nuand___bladerf DEBUG -- Looking for clock_gettime in c (install_repos.py:38) (nuand___bladerf)
09/12/2024 05:45:15 PM logger_nuand___bladerf DEBUG -- Looking for clock_gettime in c - found (install_repos.py:38) (nuand___bladerf)
09/12/2024 05:45:15 PM logger_nuand___bladerf DEBUG -- libad936x: Configuring build... (install_repos.py:38) (nuand___bladerf)
09/12/2024 05:45:15 PM logger_nuand___bladerf DEBUG -- Performing Test CMAKE_HAVE_LIBC_PTHREAD (install_repos.py:38) (nuand___bladerf)
09/12/2024 05:45:15 PM logger_nuand___bladerf DEBUG -- Performing Test CMAKE_HAVE_LIBC_PTHREAD - Success (install_repos.py:38) (nuand___bladerf)
09/12/2024 05:45:15 PM logger_nuand___bladerf DEBUG -- Found Threads: TRUE (install_repos.py:38) (nuand___bladerf)
09/12/2024 05:45:15 PM logger_nuand___bladerf DEBUG -- FindPatcher: found /usr/bin/patch (install_repos.py:38) (nuand___bladerf)
09/12/2024 05:45:15 PM logger_nuand___bladerf DEBUG -- libad936x: Applying patch: 0001-0bba46e-nuand-modifications.patch (install_repos.py:38) (nuand___bladerf)
09/12/2024 05:45:15 PM logger_nuand___bladerf DEBUG -- libad936x: Applying patch: 0002-0bba46e-pr-561.patch (install_repos.py:38) (nuand___bladerf)
09/12/2024 05:45:15 PM logger_nuand___bladerf DEBUG -- libad936x: Applying patch: 0003-0bba46e-pr-573.patch (install_repos.py:38) (nuand___bladerf)
09/12/2024 05:45:15 PM logger_nuand___bladerf DEBUG -- libad936x: Applying patch: 0004-0bba46e-pr-598.patch (install_repos.py:38) (nuand___bladerf)
09/12/2024 05:45:15 PM logger_nuand___bladerf DEBUG -- libad936x: Applying patch: 0005-0bba46e-rm-ad9361_parse_fir.patch (install_repos.py:38) (nuand___bladerf)
09/12/2024 05:45:15 PM logger_nuand___bladerf DEBUG -- libad936x: Applying patch: 0006-0bba46e-compilefix.patch (install_repos.py:38) (nuand___bladerf)
09/12/2024 05:45:15 PM logger_nuand___bladerf DEBUG -- libad936x: Build configured (install_repos.py:38) (nuand___bladerf)
09/12/2024 05:45:15 PM logger_nuand___bladerf DEBUG -- Checking libc version... (install_repos.py:38) (nuand___bladerf)
09/12/2024 05:45:15 PM logger_nuand___bladerf DEBUG -- libc version: 2.36 (install_repos.py:38) (nuand___bladerf)
09/12/2024 05:45:15 PM logger_nuand___bladerf DEBUG  (install_repos.py:38) (nuand___bladerf)
09/12/2024 05:45:15 PM logger_nuand___bladerf DEBUG -- (install_repos.py:38) (nuand___bladerf)
09/12/2024 05:45:15 PM logger_nuand___bladerf DEBUG CMake Error at host/libraries/libbladeRF/CMakeLists.txt:125 (message): (install_repos.py:38) (nuand___bladerf)
09/12/2024 05:45:15 PM logger_nuand___bladerf DEBUG Cannot enable any libbladeRF backends due to missing library support. (install_repos.py:38) (nuand___bladerf)
09/12/2024 05:45:15 PM logger_nuand___bladerf DEBUG Consider installing libusb dev package (libusb-1.0-0-dev on Ubuntu).  No (install_repos.py:38) (nuand___bladerf)
09/12/2024 05:45:15 PM logger_nuand___bladerf DEBUG libbladeRF backends are enabled.  Please enable one or more backends. (install_repos.py:38) (nuand___bladerf)
09/12/2024 05:45:15 PM logger_nuand___bladerf DEBUG  (install_repos.py:38) (nuand___bladerf)
09/12/2024 05:45:15 PM logger_nuand___bladerf DEBUG  (install_repos.py:38) (nuand___bladerf)
09/12/2024 05:45:15 PM logger_nuand___bladerf DEBUG -- Configuring incomplete, errors occurred! (install_repos.py:38) (nuand___bladerf)
09/12/2024 05:45:15 PM logger_nuand___bladerf DEBUG See also "/INSTALL_C/repos/repos_400_c_round_two/nuand___bladerf/build/CMakeFiles/CMakeOutput.log". (install_repos.py:38) (nuand___bladerf)
09/12/2024 05:45:15 PM logger_nuand___bladerf ERROR Error: Build failed for nuand___bladerf
Build failed for reason: cmake failed (install_repos.py:295) (nuand___bladerf)
