09/12/2024 05:59:26 PM logger_openethercatsociety___soem INFO <<<<<<<<<<<<<<<<<< Logger setup anew <<<<<<<<<<<<<<<<<<< (utils.py:39) (openethercatsociety___soem)
09/12/2024 05:59:26 PM logger_openethercatsociety___soem INFO Analyzing repos/repos_400_c_round_two/openethercatsociety___soem (install_repos.py:285) (openethercatsociety___soem)
09/12/2024 05:59:26 PM logger_openethercatsociety___soem INFO Running command: rm -rf build/ (install_repos.py:20) (openethercatsociety___soem)
09/12/2024 05:59:26 PM logger_openethercatsociety___soem INFO Logging output to: logs/repos/repos_400_c_round_two_install_logs_with_make_cmake_gradlew_meson_scons_bazel_2024-09-12_17-35-05/openethercatsociety___soem_build.log (install_repos.py:21) (openethercatsociety___soem)
09/12/2024 05:59:26 PM logger_openethercatsociety___soem INFO Running command: rm -rf CMakeCache.txt (install_repos.py:20) (openethercatsociety___soem)
09/12/2024 05:59:26 PM logger_openethercatsociety___soem INFO Logging output to: logs/repos/repos_400_c_round_two_install_logs_with_make_cmake_gradlew_meson_scons_bazel_2024-09-12_17-35-05/openethercatsociety___soem_build.log (install_repos.py:21) (openethercatsociety___soem)
09/12/2024 05:59:26 PM logger_openethercatsociety___soem INFO Running command: rm -rf CMakeFiles/ (install_repos.py:20) (openethercatsociety___soem)
09/12/2024 05:59:26 PM logger_openethercatsociety___soem INFO Logging output to: logs/repos/repos_400_c_round_two_install_logs_with_make_cmake_gradlew_meson_scons_bazel_2024-09-12_17-35-05/openethercatsociety___soem_build.log (install_repos.py:21) (openethercatsociety___soem)
09/12/2024 05:59:26 PM logger_openethercatsociety___soem INFO Running CMake (install_repos.py:141) (openethercatsociety___soem)
09/12/2024 05:59:26 PM logger_openethercatsociety___soem INFO Running command: cmake .. (install_repos.py:20) (openethercatsociety___soem)
09/12/2024 05:59:26 PM logger_openethercatsociety___soem INFO Logging output to: logs/repos/repos_400_c_round_two_install_logs_with_make_cmake_gradlew_meson_scons_bazel_2024-09-12_17-35-05/build_build.log (install_repos.py:21) (openethercatsociety___soem)
09/12/2024 05:59:26 PM logger_openethercatsociety___soem DEBUG -- The C compiler identification is GNU 12.2.0 (install_repos.py:38) (openethercatsociety___soem)
09/12/2024 05:59:26 PM logger_openethercatsociety___soem DEBUG -- Detecting C compiler ABI info (install_repos.py:38) (openethercatsociety___soem)
09/12/2024 05:59:26 PM logger_openethercatsociety___soem DEBUG -- Detecting C compiler ABI info - done (install_repos.py:38) (openethercatsociety___soem)
09/12/2024 05:59:26 PM logger_openethercatsociety___soem DEBUG -- Check for working C compiler: /usr/bin/cc - skipped (install_repos.py:38) (openethercatsociety___soem)
09/12/2024 05:59:26 PM logger_openethercatsociety___soem DEBUG -- Detecting C compile features (install_repos.py:38) (openethercatsociety___soem)
09/12/2024 05:59:26 PM logger_openethercatsociety___soem DEBUG -- Detecting C compile features - done (install_repos.py:38) (openethercatsociety___soem)
09/12/2024 05:59:26 PM logger_openethercatsociety___soem DEBUG -- OS is linux (install_repos.py:38) (openethercatsociety___soem)
09/12/2024 05:59:26 PM logger_openethercatsociety___soem DEBUG -- LIB_DIR: lib (install_repos.py:38) (openethercatsociety___soem)
09/12/2024 05:59:26 PM logger_openethercatsociety___soem DEBUG -- Configuring done (install_repos.py:38) (openethercatsociety___soem)
09/12/2024 05:59:26 PM logger_openethercatsociety___soem DEBUG -- Generating done (install_repos.py:38) (openethercatsociety___soem)
09/12/2024 05:59:26 PM logger_openethercatsociety___soem DEBUG -- Build files have been written to: /INSTALL_C/repos/repos_400_c_round_two/openethercatsociety___soem/build (install_repos.py:38) (openethercatsociety___soem)
09/12/2024 05:59:26 PM logger_openethercatsociety___soem INFO Running command: cmake --build . (install_repos.py:20) (openethercatsociety___soem)
09/12/2024 05:59:26 PM logger_openethercatsociety___soem INFO Logging output to: logs/repos/repos_400_c_round_two_install_logs_with_make_cmake_gradlew_meson_scons_bazel_2024-09-12_17-35-05/build_build.log (install_repos.py:21) (openethercatsociety___soem)
09/12/2024 05:59:26 PM logger_openethercatsociety___soem DEBUG [  4%] Building C object CMakeFiles/soem.dir/soem/ethercatbase.c.o (install_repos.py:38) (openethercatsociety___soem)
09/12/2024 05:59:26 PM logger_openethercatsociety___soem DEBUG [  9%] Building C object CMakeFiles/soem.dir/soem/ethercatcoe.c.o (install_repos.py:38) (openethercatsociety___soem)
09/12/2024 05:59:26 PM logger_openethercatsociety___soem DEBUG [ 14%] Building C object CMakeFiles/soem.dir/soem/ethercatconfig.c.o (install_repos.py:38) (openethercatsociety___soem)
09/12/2024 05:59:26 PM logger_openethercatsociety___soem DEBUG [ 19%] Building C object CMakeFiles/soem.dir/soem/ethercatdc.c.o (install_repos.py:38) (openethercatsociety___soem)
09/12/2024 05:59:26 PM logger_openethercatsociety___soem DEBUG [ 23%] Building C object CMakeFiles/soem.dir/soem/ethercateoe.c.o (install_repos.py:38) (openethercatsociety___soem)
09/12/2024 05:59:26 PM logger_openethercatsociety___soem DEBUG [ 28%] Building C object CMakeFiles/soem.dir/soem/ethercatfoe.c.o (install_repos.py:38) (openethercatsociety___soem)
09/12/2024 05:59:27 PM logger_openethercatsociety___soem DEBUG [ 33%] Building C object CMakeFiles/soem.dir/soem/ethercatmain.c.o (install_repos.py:38) (openethercatsociety___soem)
09/12/2024 05:59:27 PM logger_openethercatsociety___soem DEBUG [ 38%] Building C object CMakeFiles/soem.dir/soem/ethercatprint.c.o (install_repos.py:38) (openethercatsociety___soem)
09/12/2024 05:59:27 PM logger_openethercatsociety___soem DEBUG [ 42%] Building C object CMakeFiles/soem.dir/soem/ethercatsoe.c.o (install_repos.py:38) (openethercatsociety___soem)
09/12/2024 05:59:27 PM logger_openethercatsociety___soem DEBUG [ 47%] Building C object CMakeFiles/soem.dir/osal/linux/osal.c.o (install_repos.py:38) (openethercatsociety___soem)
09/12/2024 05:59:27 PM logger_openethercatsociety___soem DEBUG [ 52%] Building C object CMakeFiles/soem.dir/oshw/linux/nicdrv.c.o (install_repos.py:38) (openethercatsociety___soem)
09/12/2024 05:59:27 PM logger_openethercatsociety___soem DEBUG [ 57%] Building C object CMakeFiles/soem.dir/oshw/linux/oshw.c.o (install_repos.py:38) (openethercatsociety___soem)
09/12/2024 05:59:27 PM logger_openethercatsociety___soem DEBUG [ 61%] Linking C static library libsoem.a (install_repos.py:38) (openethercatsociety___soem)
09/12/2024 05:59:27 PM logger_openethercatsociety___soem DEBUG [ 61%] Built target soem (install_repos.py:38) (openethercatsociety___soem)
09/12/2024 05:59:27 PM logger_openethercatsociety___soem DEBUG [ 66%] Building C object test/simple_ng/CMakeFiles/simple_ng.dir/simple_ng.c.o (install_repos.py:38) (openethercatsociety___soem)
09/12/2024 05:59:27 PM logger_openethercatsociety___soem DEBUG [ 71%] Linking C executable simple_ng (install_repos.py:38) (openethercatsociety___soem)
09/12/2024 05:59:27 PM logger_openethercatsociety___soem DEBUG [ 71%] Built target simple_ng (install_repos.py:38) (openethercatsociety___soem)
09/12/2024 05:59:27 PM logger_openethercatsociety___soem DEBUG [ 76%] Building C object test/linux/slaveinfo/CMakeFiles/slaveinfo.dir/slaveinfo.c.o (install_repos.py:38) (openethercatsociety___soem)
09/12/2024 05:59:27 PM logger_openethercatsociety___soem DEBUG [ 80%] Linking C executable slaveinfo (install_repos.py:38) (openethercatsociety___soem)
09/12/2024 05:59:27 PM logger_openethercatsociety___soem DEBUG [ 80%] Built target slaveinfo (install_repos.py:38) (openethercatsociety___soem)
09/12/2024 05:59:27 PM logger_openethercatsociety___soem DEBUG [ 85%] Building C object test/linux/eepromtool/CMakeFiles/eepromtool.dir/eepromtool.c.o (install_repos.py:38) (openethercatsociety___soem)
09/12/2024 05:59:27 PM logger_openethercatsociety___soem DEBUG [ 90%] Linking C executable eepromtool (install_repos.py:38) (openethercatsociety___soem)
09/12/2024 05:59:27 PM logger_openethercatsociety___soem DEBUG [ 90%] Built target eepromtool (install_repos.py:38) (openethercatsociety___soem)
09/12/2024 05:59:27 PM logger_openethercatsociety___soem DEBUG [ 95%] Building C object test/linux/simple_test/CMakeFiles/simple_test.dir/simple_test.c.o (install_repos.py:38) (openethercatsociety___soem)
09/12/2024 05:59:27 PM logger_openethercatsociety___soem DEBUG [100%] Linking C executable simple_test (install_repos.py:38) (openethercatsociety___soem)
09/12/2024 05:59:28 PM logger_openethercatsociety___soem DEBUG [100%] Built target simple_test (install_repos.py:38) (openethercatsociety___soem)
09/12/2024 05:59:28 PM logger_openethercatsociety___soem INFO Success: Build succeeded for openethercatsociety___soem (install_repos.py:292) (openethercatsociety___soem)
