09/12/2024 05:43:31 PM logger_openkinect___libfreenect INFO <<<<<<<<<<<<<<<<<< Logger setup anew <<<<<<<<<<<<<<<<<<< (utils.py:39) (openkinect___libfreenect)
09/12/2024 05:43:31 PM logger_openkinect___libfreenect INFO Analyzing repos/repos_400_c_round_two/openkinect___libfreenect (install_repos.py:285) (openkinect___libfreenect)
09/12/2024 05:43:31 PM logger_openkinect___libfreenect INFO Checking for build system in repos/repos_400_c_round_two/openkinect___libfreenect/src (install_repos.py:267) (openkinect___libfreenect)
09/12/2024 05:43:31 PM logger_openkinect___libfreenect INFO Checking for build system in repos/repos_400_c_round_two/openkinect___libfreenect/src (install_repos.py:267) (openkinect___libfreenect)
09/12/2024 05:43:31 PM logger_openkinect___libfreenect INFO Running command: rm -rf build/ (install_repos.py:20) (openkinect___libfreenect)
09/12/2024 05:43:31 PM logger_openkinect___libfreenect INFO Logging output to: logs/repos/repos_400_c_round_two_install_logs_with_make_cmake_gradlew_meson_scons_bazel_2024-09-12_17-35-05/openkinect___libfreenect_build.log (install_repos.py:21) (openkinect___libfreenect)
09/12/2024 05:43:31 PM logger_openkinect___libfreenect INFO Running command: rm -rf CMakeCache.txt (install_repos.py:20) (openkinect___libfreenect)
09/12/2024 05:43:31 PM logger_openkinect___libfreenect INFO Logging output to: logs/repos/repos_400_c_round_two_install_logs_with_make_cmake_gradlew_meson_scons_bazel_2024-09-12_17-35-05/openkinect___libfreenect_build.log (install_repos.py:21) (openkinect___libfreenect)
09/12/2024 05:43:31 PM logger_openkinect___libfreenect INFO Running command: rm -rf CMakeFiles/ (install_repos.py:20) (openkinect___libfreenect)
09/12/2024 05:43:31 PM logger_openkinect___libfreenect INFO Logging output to: logs/repos/repos_400_c_round_two_install_logs_with_make_cmake_gradlew_meson_scons_bazel_2024-09-12_17-35-05/openkinect___libfreenect_build.log (install_repos.py:21) (openkinect___libfreenect)
09/12/2024 05:43:31 PM logger_openkinect___libfreenect INFO Running CMake (install_repos.py:141) (openkinect___libfreenect)
09/12/2024 05:43:31 PM logger_openkinect___libfreenect INFO Running command: cmake .. (install_repos.py:20) (openkinect___libfreenect)
09/12/2024 05:43:31 PM logger_openkinect___libfreenect INFO Logging output to: logs/repos/repos_400_c_round_two_install_logs_with_make_cmake_gradlew_meson_scons_bazel_2024-09-12_17-35-05/build_build.log (install_repos.py:21) (openkinect___libfreenect)
09/12/2024 05:43:31 PM logger_openkinect___libfreenect DEBUG -- The C compiler identification is GNU 12.2.0 (install_repos.py:38) (openkinect___libfreenect)
09/12/2024 05:43:31 PM logger_openkinect___libfreenect DEBUG -- The CXX compiler identification is GNU 12.2.0 (install_repos.py:38) (openkinect___libfreenect)
09/12/2024 05:43:31 PM logger_openkinect___libfreenect DEBUG -- Detecting C compiler ABI info (install_repos.py:38) (openkinect___libfreenect)
09/12/2024 05:43:31 PM logger_openkinect___libfreenect DEBUG -- Detecting C compiler ABI info - done (install_repos.py:38) (openkinect___libfreenect)
09/12/2024 05:43:31 PM logger_openkinect___libfreenect DEBUG -- Check for working C compiler: /usr/bin/cc - skipped (install_repos.py:38) (openkinect___libfreenect)
09/12/2024 05:43:31 PM logger_openkinect___libfreenect DEBUG -- Detecting C compile features (install_repos.py:38) (openkinect___libfreenect)
09/12/2024 05:43:31 PM logger_openkinect___libfreenect DEBUG -- Detecting C compile features - done (install_repos.py:38) (openkinect___libfreenect)
09/12/2024 05:43:31 PM logger_openkinect___libfreenect DEBUG -- Detecting CXX compiler ABI info (install_repos.py:38) (openkinect___libfreenect)
09/12/2024 05:43:32 PM logger_openkinect___libfreenect DEBUG -- Detecting CXX compiler ABI info - done (install_repos.py:38) (openkinect___libfreenect)
09/12/2024 05:43:32 PM logger_openkinect___libfreenect DEBUG -- Check for working CXX compiler: /usr/bin/c++ - skipped (install_repos.py:38) (openkinect___libfreenect)
09/12/2024 05:43:32 PM logger_openkinect___libfreenect DEBUG -- Detecting CXX compile features (install_repos.py:38) (openkinect___libfreenect)
09/12/2024 05:43:32 PM logger_openkinect___libfreenect DEBUG -- Detecting CXX compile features - done (install_repos.py:38) (openkinect___libfreenect)
09/12/2024 05:43:32 PM logger_openkinect___libfreenect DEBUG -- Operating system is Linux (install_repos.py:38) (openkinect___libfreenect)
09/12/2024 05:43:32 PM logger_openkinect___libfreenect DEBUG -- Got System Processor x86_64 (install_repos.py:38) (openkinect___libfreenect)
09/12/2024 05:43:32 PM logger_openkinect___libfreenect DEBUG -- Linux x86_64 Detected (install_repos.py:38) (openkinect___libfreenect)
09/12/2024 05:43:32 PM logger_openkinect___libfreenect DEBUG -- libfreenect will be installed to /usr/local (install_repos.py:38) (openkinect___libfreenect)
09/12/2024 05:43:32 PM logger_openkinect___libfreenect DEBUG -- Headers will be installed to /usr/local/include/libfreenect (install_repos.py:38) (openkinect___libfreenect)
09/12/2024 05:43:32 PM logger_openkinect___libfreenect DEBUG -- Libraries will be installed to /usr/local/lib (install_repos.py:38) (openkinect___libfreenect)
09/12/2024 05:43:32 PM logger_openkinect___libfreenect DEBUG -- Looking for include file pthread.h (install_repos.py:38) (openkinect___libfreenect)
09/12/2024 05:43:32 PM logger_openkinect___libfreenect DEBUG -- Looking for include file pthread.h - found (install_repos.py:38) (openkinect___libfreenect)
09/12/2024 05:43:32 PM logger_openkinect___libfreenect DEBUG -- Looking for pthread_create in pthreads (install_repos.py:38) (openkinect___libfreenect)
09/12/2024 05:43:32 PM logger_openkinect___libfreenect DEBUG -- Looking for pthread_create in pthreads - not found (install_repos.py:38) (openkinect___libfreenect)
09/12/2024 05:43:32 PM logger_openkinect___libfreenect DEBUG -- Looking for pthread_create in pthread (install_repos.py:38) (openkinect___libfreenect)
09/12/2024 05:43:32 PM logger_openkinect___libfreenect DEBUG -- Looking for pthread_create in pthread - found (install_repos.py:38) (openkinect___libfreenect)
09/12/2024 05:43:32 PM logger_openkinect___libfreenect DEBUG -- Found Threads: TRUE (install_repos.py:38) (openkinect___libfreenect)
09/12/2024 05:43:32 PM logger_openkinect___libfreenect DEBUG -- Could NOT find OpenGL (missing: OPENGL_opengl_LIBRARY OPENGL_INCLUDE_DIR OpenGL) (install_repos.py:38) (openkinect___libfreenect)
09/12/2024 05:43:32 PM logger_openkinect___libfreenect DEBUG -- Could NOT find GLUT (missing: GLUT_glut_LIBRARY GLUT_INCLUDE_DIR) (install_repos.py:38) (openkinect___libfreenect)
09/12/2024 05:43:32 PM logger_openkinect___libfreenect DEBUG -- Could NOT find OpenGL (missing: OPENGL_opengl_LIBRARY OPENGL_INCLUDE_DIR OpenGL) (install_repos.py:38) (openkinect___libfreenect)
09/12/2024 05:43:32 PM logger_openkinect___libfreenect DEBUG -- Could NOT find GLUT (missing: GLUT_glut_LIBRARY GLUT_INCLUDE_DIR) (install_repos.py:38) (openkinect___libfreenect)
09/12/2024 05:43:32 PM logger_openkinect___libfreenect DEBUG -- Configuring done (install_repos.py:38) (openkinect___libfreenect)
09/12/2024 05:43:32 PM logger_openkinect___libfreenect DEBUG CMake Error: The following variables are used in this project, but they are set to NOTFOUND. (install_repos.py:38) (openkinect___libfreenect)
09/12/2024 05:43:32 PM logger_openkinect___libfreenect DEBUG Please set them or make sure they are set and tested correctly in the CMake files: (install_repos.py:38) (openkinect___libfreenect)
09/12/2024 05:43:32 PM logger_openkinect___libfreenect DEBUG LIBUSB_1_INCLUDE_DIR (install_repos.py:38) (openkinect___libfreenect)
09/12/2024 05:43:32 PM logger_openkinect___libfreenect DEBUG used as include directory in directory /INSTALL_C/repos/repos_400_c_round_two/openkinect___libfreenect (install_repos.py:38) (openkinect___libfreenect)
09/12/2024 05:43:32 PM logger_openkinect___libfreenect DEBUG used as include directory in directory /INSTALL_C/repos/repos_400_c_round_two/openkinect___libfreenect (install_repos.py:38) (openkinect___libfreenect)
09/12/2024 05:43:32 PM logger_openkinect___libfreenect DEBUG used as include directory in directory /INSTALL_C/repos/repos_400_c_round_two/openkinect___libfreenect (install_repos.py:38) (openkinect___libfreenect)
09/12/2024 05:43:32 PM logger_openkinect___libfreenect DEBUG used as include directory in directory /INSTALL_C/repos/repos_400_c_round_two/openkinect___libfreenect (install_repos.py:38) (openkinect___libfreenect)
09/12/2024 05:43:32 PM logger_openkinect___libfreenect DEBUG used as include directory in directory /INSTALL_C/repos/repos_400_c_round_two/openkinect___libfreenect (install_repos.py:38) (openkinect___libfreenect)
09/12/2024 05:43:32 PM logger_openkinect___libfreenect DEBUG used as include directory in directory /INSTALL_C/repos/repos_400_c_round_two/openkinect___libfreenect (install_repos.py:38) (openkinect___libfreenect)
09/12/2024 05:43:32 PM logger_openkinect___libfreenect DEBUG used as include directory in directory /INSTALL_C/repos/repos_400_c_round_two/openkinect___libfreenect (install_repos.py:38) (openkinect___libfreenect)
09/12/2024 05:43:32 PM logger_openkinect___libfreenect DEBUG used as include directory in directory /INSTALL_C/repos/repos_400_c_round_two/openkinect___libfreenect/src (install_repos.py:38) (openkinect___libfreenect)
09/12/2024 05:43:32 PM logger_openkinect___libfreenect DEBUG used as include directory in directory /INSTALL_C/repos/repos_400_c_round_two/openkinect___libfreenect/src (install_repos.py:38) (openkinect___libfreenect)
09/12/2024 05:43:32 PM logger_openkinect___libfreenect DEBUG used as include directory in directory /INSTALL_C/repos/repos_400_c_round_two/openkinect___libfreenect/src (install_repos.py:38) (openkinect___libfreenect)
09/12/2024 05:43:32 PM logger_openkinect___libfreenect DEBUG used as include directory in directory /INSTALL_C/repos/repos_400_c_round_two/openkinect___libfreenect/src (install_repos.py:38) (openkinect___libfreenect)
09/12/2024 05:43:32 PM logger_openkinect___libfreenect DEBUG used as include directory in directory /INSTALL_C/repos/repos_400_c_round_two/openkinect___libfreenect/src (install_repos.py:38) (openkinect___libfreenect)
09/12/2024 05:43:32 PM logger_openkinect___libfreenect DEBUG used as include directory in directory /INSTALL_C/repos/repos_400_c_round_two/openkinect___libfreenect/src (install_repos.py:38) (openkinect___libfreenect)
09/12/2024 05:43:32 PM logger_openkinect___libfreenect DEBUG used as include directory in directory /INSTALL_C/repos/repos_400_c_round_two/openkinect___libfreenect/src (install_repos.py:38) (openkinect___libfreenect)
09/12/2024 05:43:32 PM logger_openkinect___libfreenect DEBUG used as include directory in directory /INSTALL_C/repos/repos_400_c_round_two/openkinect___libfreenect/src (install_repos.py:38) (openkinect___libfreenect)
09/12/2024 05:43:32 PM logger_openkinect___libfreenect DEBUG used as include directory in directory /INSTALL_C/repos/repos_400_c_round_two/openkinect___libfreenect/src (install_repos.py:38) (openkinect___libfreenect)
09/12/2024 05:43:32 PM logger_openkinect___libfreenect DEBUG used as include directory in directory /INSTALL_C/repos/repos_400_c_round_two/openkinect___libfreenect/src (install_repos.py:38) (openkinect___libfreenect)
09/12/2024 05:43:32 PM logger_openkinect___libfreenect DEBUG used as include directory in directory /INSTALL_C/repos/repos_400_c_round_two/openkinect___libfreenect/src (install_repos.py:38) (openkinect___libfreenect)
09/12/2024 05:43:32 PM logger_openkinect___libfreenect DEBUG used as include directory in directory /INSTALL_C/repos/repos_400_c_round_two/openkinect___libfreenect/src (install_repos.py:38) (openkinect___libfreenect)
09/12/2024 05:43:32 PM logger_openkinect___libfreenect DEBUG used as include directory in directory /INSTALL_C/repos/repos_400_c_round_two/openkinect___libfreenect/src (install_repos.py:38) (openkinect___libfreenect)
09/12/2024 05:43:32 PM logger_openkinect___libfreenect DEBUG used as include directory in directory /INSTALL_C/repos/repos_400_c_round_two/openkinect___libfreenect/src (install_repos.py:38) (openkinect___libfreenect)
09/12/2024 05:43:32 PM logger_openkinect___libfreenect DEBUG used as include directory in directory /INSTALL_C/repos/repos_400_c_round_two/openkinect___libfreenect/src (install_repos.py:38) (openkinect___libfreenect)
09/12/2024 05:43:32 PM logger_openkinect___libfreenect DEBUG used as include directory in directory /INSTALL_C/repos/repos_400_c_round_two/openkinect___libfreenect/src (install_repos.py:38) (openkinect___libfreenect)
09/12/2024 05:43:32 PM logger_openkinect___libfreenect DEBUG used as include directory in directory /INSTALL_C/repos/repos_400_c_round_two/openkinect___libfreenect/examples (install_repos.py:38) (openkinect___libfreenect)
09/12/2024 05:43:32 PM logger_openkinect___libfreenect DEBUG used as include directory in directory /INSTALL_C/repos/repos_400_c_round_two/openkinect___libfreenect/examples (install_repos.py:38) (openkinect___libfreenect)
09/12/2024 05:43:32 PM logger_openkinect___libfreenect DEBUG used as include directory in directory /INSTALL_C/repos/repos_400_c_round_two/openkinect___libfreenect/examples (install_repos.py:38) (openkinect___libfreenect)
09/12/2024 05:43:32 PM logger_openkinect___libfreenect DEBUG used as include directory in directory /INSTALL_C/repos/repos_400_c_round_two/openkinect___libfreenect/examples (install_repos.py:38) (openkinect___libfreenect)
09/12/2024 05:43:32 PM logger_openkinect___libfreenect DEBUG used as include directory in directory /INSTALL_C/repos/repos_400_c_round_two/openkinect___libfreenect/examples (install_repos.py:38) (openkinect___libfreenect)
09/12/2024 05:43:32 PM logger_openkinect___libfreenect DEBUG used as include directory in directory /INSTALL_C/repos/repos_400_c_round_two/openkinect___libfreenect/examples (install_repos.py:38) (openkinect___libfreenect)
09/12/2024 05:43:32 PM logger_openkinect___libfreenect DEBUG used as include directory in directory /INSTALL_C/repos/repos_400_c_round_two/openkinect___libfreenect/examples (install_repos.py:38) (openkinect___libfreenect)
09/12/2024 05:43:32 PM logger_openkinect___libfreenect DEBUG used as include directory in directory /INSTALL_C/repos/repos_400_c_round_two/openkinect___libfreenect/examples (install_repos.py:38) (openkinect___libfreenect)
09/12/2024 05:43:32 PM logger_openkinect___libfreenect DEBUG used as include directory in directory /INSTALL_C/repos/repos_400_c_round_two/openkinect___libfreenect/examples (install_repos.py:38) (openkinect___libfreenect)
09/12/2024 05:43:32 PM logger_openkinect___libfreenect DEBUG used as include directory in directory /INSTALL_C/repos/repos_400_c_round_two/openkinect___libfreenect/examples (install_repos.py:38) (openkinect___libfreenect)
09/12/2024 05:43:32 PM logger_openkinect___libfreenect DEBUG used as include directory in directory /INSTALL_C/repos/repos_400_c_round_two/openkinect___libfreenect/fakenect (install_repos.py:38) (openkinect___libfreenect)
09/12/2024 05:43:32 PM logger_openkinect___libfreenect DEBUG used as include directory in directory /INSTALL_C/repos/repos_400_c_round_two/openkinect___libfreenect/fakenect (install_repos.py:38) (openkinect___libfreenect)
09/12/2024 05:43:32 PM logger_openkinect___libfreenect DEBUG used as include directory in directory /INSTALL_C/repos/repos_400_c_round_two/openkinect___libfreenect/fakenect (install_repos.py:38) (openkinect___libfreenect)
09/12/2024 05:43:32 PM logger_openkinect___libfreenect DEBUG used as include directory in directory /INSTALL_C/repos/repos_400_c_round_two/openkinect___libfreenect/fakenect (install_repos.py:38) (openkinect___libfreenect)
09/12/2024 05:43:32 PM logger_openkinect___libfreenect DEBUG used as include directory in directory /INSTALL_C/repos/repos_400_c_round_two/openkinect___libfreenect/fakenect (install_repos.py:38) (openkinect___libfreenect)
09/12/2024 05:43:32 PM logger_openkinect___libfreenect DEBUG used as include directory in directory /INSTALL_C/repos/repos_400_c_round_two/openkinect___libfreenect/fakenect (install_repos.py:38) (openkinect___libfreenect)
09/12/2024 05:43:32 PM logger_openkinect___libfreenect DEBUG used as include directory in directory /INSTALL_C/repos/repos_400_c_round_two/openkinect___libfreenect/fakenect (install_repos.py:38) (openkinect___libfreenect)
09/12/2024 05:43:32 PM logger_openkinect___libfreenect DEBUG used as include directory in directory /INSTALL_C/repos/repos_400_c_round_two/openkinect___libfreenect/fakenect (install_repos.py:38) (openkinect___libfreenect)
09/12/2024 05:43:32 PM logger_openkinect___libfreenect DEBUG used as include directory in directory /INSTALL_C/repos/repos_400_c_round_two/openkinect___libfreenect/wrappers/c_sync (install_repos.py:38) (openkinect___libfreenect)
09/12/2024 05:43:32 PM logger_openkinect___libfreenect DEBUG used as include directory in directory /INSTALL_C/repos/repos_400_c_round_two/openkinect___libfreenect/wrappers/c_sync (install_repos.py:38) (openkinect___libfreenect)
09/12/2024 05:43:32 PM logger_openkinect___libfreenect DEBUG used as include directory in directory /INSTALL_C/repos/repos_400_c_round_two/openkinect___libfreenect/wrappers/c_sync (install_repos.py:38) (openkinect___libfreenect)
09/12/2024 05:43:32 PM logger_openkinect___libfreenect DEBUG used as include directory in directory /INSTALL_C/repos/repos_400_c_round_two/openkinect___libfreenect/wrappers/c_sync (install_repos.py:38) (openkinect___libfreenect)
09/12/2024 05:43:32 PM logger_openkinect___libfreenect DEBUG used as include directory in directory /INSTALL_C/repos/repos_400_c_round_two/openkinect___libfreenect/wrappers/c_sync (install_repos.py:38) (openkinect___libfreenect)
09/12/2024 05:43:32 PM logger_openkinect___libfreenect DEBUG used as include directory in directory /INSTALL_C/repos/repos_400_c_round_two/openkinect___libfreenect/wrappers/c_sync (install_repos.py:38) (openkinect___libfreenect)
09/12/2024 05:43:32 PM logger_openkinect___libfreenect DEBUG used as include directory in directory /INSTALL_C/repos/repos_400_c_round_two/openkinect___libfreenect/wrappers/c_sync (install_repos.py:38) (openkinect___libfreenect)
09/12/2024 05:43:32 PM logger_openkinect___libfreenect DEBUG used as include directory in directory /INSTALL_C/repos/repos_400_c_round_two/openkinect___libfreenect/wrappers/c_sync (install_repos.py:38) (openkinect___libfreenect)
09/12/2024 05:43:32 PM logger_openkinect___libfreenect DEBUG used as include directory in directory /INSTALL_C/repos/repos_400_c_round_two/openkinect___libfreenect/wrappers/cpp (install_repos.py:38) (openkinect___libfreenect)
09/12/2024 05:43:32 PM logger_openkinect___libfreenect DEBUG used as include directory in directory /INSTALL_C/repos/repos_400_c_round_two/openkinect___libfreenect/wrappers/cpp (install_repos.py:38) (openkinect___libfreenect)
09/12/2024 05:43:32 PM logger_openkinect___libfreenect DEBUG used as include directory in directory /INSTALL_C/repos/repos_400_c_round_two/openkinect___libfreenect/wrappers/cpp (install_repos.py:38) (openkinect___libfreenect)
09/12/2024 05:43:32 PM logger_openkinect___libfreenect DEBUG used as include directory in directory /INSTALL_C/repos/repos_400_c_round_two/openkinect___libfreenect/wrappers/cpp (install_repos.py:38) (openkinect___libfreenect)
09/12/2024 05:43:32 PM logger_openkinect___libfreenect DEBUG used as include directory in directory /INSTALL_C/repos/repos_400_c_round_two/openkinect___libfreenect/wrappers/cpp (install_repos.py:38) (openkinect___libfreenect)
09/12/2024 05:43:32 PM logger_openkinect___libfreenect DEBUG used as include directory in directory /INSTALL_C/repos/repos_400_c_round_two/openkinect___libfreenect/wrappers/cpp (install_repos.py:38) (openkinect___libfreenect)
09/12/2024 05:43:32 PM logger_openkinect___libfreenect DEBUG LIBUSB_1_LIBRARY (install_repos.py:38) (openkinect___libfreenect)
09/12/2024 05:43:32 PM logger_openkinect___libfreenect DEBUG linked by target "freenectstatic" in directory /INSTALL_C/repos/repos_400_c_round_two/openkinect___libfreenect/src (install_repos.py:38) (openkinect___libfreenect)
09/12/2024 05:43:32 PM logger_openkinect___libfreenect DEBUG linked by target "freenect" in directory /INSTALL_C/repos/repos_400_c_round_two/openkinect___libfreenect/src (install_repos.py:38) (openkinect___libfreenect)
09/12/2024 05:43:32 PM logger_openkinect___libfreenect DEBUG  (install_repos.py:38) (openkinect___libfreenect)
09/12/2024 05:43:32 PM logger_openkinect___libfreenect DEBUG CMake Error in src/CMakeLists.txt: (install_repos.py:38) (openkinect___libfreenect)
09/12/2024 05:43:32 PM logger_openkinect___libfreenect DEBUG Found relative path while evaluating include directories of "freenect": (install_repos.py:38) (openkinect___libfreenect)
09/12/2024 05:43:32 PM logger_openkinect___libfreenect DEBUG  (install_repos.py:38) (openkinect___libfreenect)
09/12/2024 05:43:32 PM logger_openkinect___libfreenect DEBUG "LIBUSB_1_INCLUDE_DIR-NOTFOUND" (install_repos.py:38) (openkinect___libfreenect)
09/12/2024 05:43:32 PM logger_openkinect___libfreenect DEBUG  (install_repos.py:38) (openkinect___libfreenect)
09/12/2024 05:43:32 PM logger_openkinect___libfreenect DEBUG  (install_repos.py:38) (openkinect___libfreenect)
09/12/2024 05:43:32 PM logger_openkinect___libfreenect DEBUG  (install_repos.py:38) (openkinect___libfreenect)
09/12/2024 05:43:32 PM logger_openkinect___libfreenect DEBUG CMake Error in src/CMakeLists.txt: (install_repos.py:38) (openkinect___libfreenect)
09/12/2024 05:43:32 PM logger_openkinect___libfreenect DEBUG Found relative path while evaluating include directories of (install_repos.py:38) (openkinect___libfreenect)
09/12/2024 05:43:32 PM logger_openkinect___libfreenect DEBUG "freenectstatic": (install_repos.py:38) (openkinect___libfreenect)
09/12/2024 05:43:32 PM logger_openkinect___libfreenect DEBUG  (install_repos.py:38) (openkinect___libfreenect)
09/12/2024 05:43:32 PM logger_openkinect___libfreenect DEBUG "LIBUSB_1_INCLUDE_DIR-NOTFOUND" (install_repos.py:38) (openkinect___libfreenect)
09/12/2024 05:43:32 PM logger_openkinect___libfreenect DEBUG  (install_repos.py:38) (openkinect___libfreenect)
09/12/2024 05:43:32 PM logger_openkinect___libfreenect DEBUG  (install_repos.py:38) (openkinect___libfreenect)
09/12/2024 05:43:32 PM logger_openkinect___libfreenect DEBUG  (install_repos.py:38) (openkinect___libfreenect)
09/12/2024 05:43:32 PM logger_openkinect___libfreenect DEBUG CMake Error in examples/CMakeLists.txt: (install_repos.py:38) (openkinect___libfreenect)
09/12/2024 05:43:32 PM logger_openkinect___libfreenect DEBUG Found relative path while evaluating include directories of (install_repos.py:38) (openkinect___libfreenect)
09/12/2024 05:43:32 PM logger_openkinect___libfreenect DEBUG "freenect-camtest": (install_repos.py:38) (openkinect___libfreenect)
09/12/2024 05:43:32 PM logger_openkinect___libfreenect DEBUG  (install_repos.py:38) (openkinect___libfreenect)
09/12/2024 05:43:32 PM logger_openkinect___libfreenect DEBUG "LIBUSB_1_INCLUDE_DIR-NOTFOUND" (install_repos.py:38) (openkinect___libfreenect)
09/12/2024 05:43:32 PM logger_openkinect___libfreenect DEBUG  (install_repos.py:38) (openkinect___libfreenect)
09/12/2024 05:43:32 PM logger_openkinect___libfreenect DEBUG  (install_repos.py:38) (openkinect___libfreenect)
09/12/2024 05:43:32 PM logger_openkinect___libfreenect DEBUG  (install_repos.py:38) (openkinect___libfreenect)
09/12/2024 05:43:32 PM logger_openkinect___libfreenect DEBUG CMake Error in examples/CMakeLists.txt: (install_repos.py:38) (openkinect___libfreenect)
09/12/2024 05:43:32 PM logger_openkinect___libfreenect DEBUG Found relative path while evaluating include directories of (install_repos.py:38) (openkinect___libfreenect)
09/12/2024 05:43:32 PM logger_openkinect___libfreenect DEBUG "freenect-wavrecord": (install_repos.py:38) (openkinect___libfreenect)
09/12/2024 05:43:32 PM logger_openkinect___libfreenect DEBUG  (install_repos.py:38) (openkinect___libfreenect)
09/12/2024 05:43:32 PM logger_openkinect___libfreenect DEBUG "LIBUSB_1_INCLUDE_DIR-NOTFOUND" (install_repos.py:38) (openkinect___libfreenect)
09/12/2024 05:43:32 PM logger_openkinect___libfreenect DEBUG  (install_repos.py:38) (openkinect___libfreenect)
09/12/2024 05:43:32 PM logger_openkinect___libfreenect DEBUG  (install_repos.py:38) (openkinect___libfreenect)
09/12/2024 05:43:32 PM logger_openkinect___libfreenect DEBUG  (install_repos.py:38) (openkinect___libfreenect)
09/12/2024 05:43:32 PM logger_openkinect___libfreenect DEBUG CMake Error in examples/CMakeLists.txt: (install_repos.py:38) (openkinect___libfreenect)
09/12/2024 05:43:32 PM logger_openkinect___libfreenect DEBUG Found relative path while evaluating include directories of (install_repos.py:38) (openkinect___libfreenect)
09/12/2024 05:43:32 PM logger_openkinect___libfreenect DEBUG "freenect-regtest": (install_repos.py:38) (openkinect___libfreenect)
09/12/2024 05:43:32 PM logger_openkinect___libfreenect DEBUG  (install_repos.py:38) (openkinect___libfreenect)
09/12/2024 05:43:32 PM logger_openkinect___libfreenect DEBUG "LIBUSB_1_INCLUDE_DIR-NOTFOUND" (install_repos.py:38) (openkinect___libfreenect)
09/12/2024 05:43:32 PM logger_openkinect___libfreenect DEBUG  (install_repos.py:38) (openkinect___libfreenect)
09/12/2024 05:43:32 PM logger_openkinect___libfreenect DEBUG  (install_repos.py:38) (openkinect___libfreenect)
09/12/2024 05:43:32 PM logger_openkinect___libfreenect DEBUG  (install_repos.py:38) (openkinect___libfreenect)
09/12/2024 05:43:32 PM logger_openkinect___libfreenect DEBUG CMake Error in examples/CMakeLists.txt: (install_repos.py:38) (openkinect___libfreenect)
09/12/2024 05:43:32 PM logger_openkinect___libfreenect DEBUG Found relative path while evaluating include directories of (install_repos.py:38) (openkinect___libfreenect)
09/12/2024 05:43:32 PM logger_openkinect___libfreenect DEBUG "freenect-tiltdemo": (install_repos.py:38) (openkinect___libfreenect)
09/12/2024 05:43:32 PM logger_openkinect___libfreenect DEBUG  (install_repos.py:38) (openkinect___libfreenect)
09/12/2024 05:43:32 PM logger_openkinect___libfreenect DEBUG "LIBUSB_1_INCLUDE_DIR-NOTFOUND" (install_repos.py:38) (openkinect___libfreenect)
09/12/2024 05:43:32 PM logger_openkinect___libfreenect DEBUG  (install_repos.py:38) (openkinect___libfreenect)
09/12/2024 05:43:32 PM logger_openkinect___libfreenect DEBUG  (install_repos.py:38) (openkinect___libfreenect)
09/12/2024 05:43:32 PM logger_openkinect___libfreenect DEBUG  (install_repos.py:38) (openkinect___libfreenect)
09/12/2024 05:43:32 PM logger_openkinect___libfreenect DEBUG CMake Error in fakenect/CMakeLists.txt: (install_repos.py:38) (openkinect___libfreenect)
09/12/2024 05:43:32 PM logger_openkinect___libfreenect DEBUG Found relative path while evaluating include directories of "fakenect": (install_repos.py:38) (openkinect___libfreenect)
09/12/2024 05:43:32 PM logger_openkinect___libfreenect DEBUG  (install_repos.py:38) (openkinect___libfreenect)
09/12/2024 05:43:32 PM logger_openkinect___libfreenect DEBUG "LIBUSB_1_INCLUDE_DIR-NOTFOUND" (install_repos.py:38) (openkinect___libfreenect)
09/12/2024 05:43:32 PM logger_openkinect___libfreenect DEBUG  (install_repos.py:38) (openkinect___libfreenect)
09/12/2024 05:43:32 PM logger_openkinect___libfreenect DEBUG  (install_repos.py:38) (openkinect___libfreenect)
09/12/2024 05:43:32 PM logger_openkinect___libfreenect DEBUG  (install_repos.py:38) (openkinect___libfreenect)
09/12/2024 05:43:32 PM logger_openkinect___libfreenect DEBUG CMake Error in fakenect/CMakeLists.txt: (install_repos.py:38) (openkinect___libfreenect)
09/12/2024 05:43:32 PM logger_openkinect___libfreenect DEBUG Found relative path while evaluating include directories of (install_repos.py:38) (openkinect___libfreenect)
09/12/2024 05:43:32 PM logger_openkinect___libfreenect DEBUG "fakenect-record": (install_repos.py:38) (openkinect___libfreenect)
09/12/2024 05:43:32 PM logger_openkinect___libfreenect DEBUG  (install_repos.py:38) (openkinect___libfreenect)
09/12/2024 05:43:32 PM logger_openkinect___libfreenect DEBUG "LIBUSB_1_INCLUDE_DIR-NOTFOUND" (install_repos.py:38) (openkinect___libfreenect)
09/12/2024 05:43:32 PM logger_openkinect___libfreenect DEBUG  (install_repos.py:38) (openkinect___libfreenect)
09/12/2024 05:43:32 PM logger_openkinect___libfreenect DEBUG  (install_repos.py:38) (openkinect___libfreenect)
09/12/2024 05:43:32 PM logger_openkinect___libfreenect DEBUG  (install_repos.py:38) (openkinect___libfreenect)
09/12/2024 05:43:32 PM logger_openkinect___libfreenect DEBUG CMake Error in wrappers/c_sync/CMakeLists.txt: (install_repos.py:38) (openkinect___libfreenect)
09/12/2024 05:43:32 PM logger_openkinect___libfreenect DEBUG Found relative path while evaluating include directories of (install_repos.py:38) (openkinect___libfreenect)
09/12/2024 05:43:32 PM logger_openkinect___libfreenect DEBUG "freenect_sync": (install_repos.py:38) (openkinect___libfreenect)
09/12/2024 05:43:32 PM logger_openkinect___libfreenect DEBUG  (install_repos.py:38) (openkinect___libfreenect)
09/12/2024 05:43:32 PM logger_openkinect___libfreenect DEBUG "LIBUSB_1_INCLUDE_DIR-NOTFOUND" (install_repos.py:38) (openkinect___libfreenect)
09/12/2024 05:43:32 PM logger_openkinect___libfreenect DEBUG  (install_repos.py:38) (openkinect___libfreenect)
09/12/2024 05:43:32 PM logger_openkinect___libfreenect DEBUG  (install_repos.py:38) (openkinect___libfreenect)
09/12/2024 05:43:32 PM logger_openkinect___libfreenect DEBUG  (install_repos.py:38) (openkinect___libfreenect)
09/12/2024 05:43:32 PM logger_openkinect___libfreenect DEBUG CMake Error in wrappers/c_sync/CMakeLists.txt: (install_repos.py:38) (openkinect___libfreenect)
09/12/2024 05:43:32 PM logger_openkinect___libfreenect DEBUG Found relative path while evaluating include directories of (install_repos.py:38) (openkinect___libfreenect)
09/12/2024 05:43:32 PM logger_openkinect___libfreenect DEBUG "freenect_sync_static": (install_repos.py:38) (openkinect___libfreenect)
09/12/2024 05:43:32 PM logger_openkinect___libfreenect DEBUG  (install_repos.py:38) (openkinect___libfreenect)
09/12/2024 05:43:32 PM logger_openkinect___libfreenect DEBUG "LIBUSB_1_INCLUDE_DIR-NOTFOUND" (install_repos.py:38) (openkinect___libfreenect)
09/12/2024 05:43:32 PM logger_openkinect___libfreenect DEBUG  (install_repos.py:38) (openkinect___libfreenect)
09/12/2024 05:43:32 PM logger_openkinect___libfreenect DEBUG  (install_repos.py:38) (openkinect___libfreenect)
09/12/2024 05:43:32 PM logger_openkinect___libfreenect DEBUG  (install_repos.py:38) (openkinect___libfreenect)
09/12/2024 05:43:32 PM logger_openkinect___libfreenect DEBUG -- Generating done (install_repos.py:38) (openkinect___libfreenect)
09/12/2024 05:43:32 PM logger_openkinect___libfreenect DEBUG CMake Generate step failed.  Build files cannot be regenerated correctly. (install_repos.py:38) (openkinect___libfreenect)
09/12/2024 05:43:32 PM logger_openkinect___libfreenect ERROR Error: Build failed for openkinect___libfreenect
Build failed for reason: cmake failed (install_repos.py:295) (openkinect___libfreenect)
