09/12/2024 05:41:24 PM logger_openglredbook___examples INFO <<<<<<<<<<<<<<<<<< Logger setup anew <<<<<<<<<<<<<<<<<<< (utils.py:39) (openglredbook___examples)
09/12/2024 05:41:24 PM logger_openglredbook___examples INFO Analyzing repos/repos_400_c_round_two/openglredbook___examples (install_repos.py:285) (openglredbook___examples)
09/12/2024 05:41:24 PM logger_openglredbook___examples INFO Checking for build system in repos/repos_400_c_round_two/openglredbook___examples/src (install_repos.py:267) (openglredbook___examples)
09/12/2024 05:41:24 PM logger_openglredbook___examples INFO Checking for build system in repos/repos_400_c_round_two/openglredbook___examples/src (install_repos.py:267) (openglredbook___examples)
09/12/2024 05:41:24 PM logger_openglredbook___examples INFO Running command: rm -rf build/ (install_repos.py:20) (openglredbook___examples)
09/12/2024 05:41:24 PM logger_openglredbook___examples INFO Logging output to: logs/repos/repos_400_c_round_two_install_logs_with_make_cmake_gradlew_meson_scons_bazel_2024-09-12_17-35-05/openglredbook___examples_build.log (install_repos.py:21) (openglredbook___examples)
09/12/2024 05:41:24 PM logger_openglredbook___examples INFO Running command: rm -rf CMakeCache.txt (install_repos.py:20) (openglredbook___examples)
09/12/2024 05:41:24 PM logger_openglredbook___examples INFO Logging output to: logs/repos/repos_400_c_round_two_install_logs_with_make_cmake_gradlew_meson_scons_bazel_2024-09-12_17-35-05/openglredbook___examples_build.log (install_repos.py:21) (openglredbook___examples)
09/12/2024 05:41:24 PM logger_openglredbook___examples INFO Running command: rm -rf CMakeFiles/ (install_repos.py:20) (openglredbook___examples)
09/12/2024 05:41:24 PM logger_openglredbook___examples INFO Logging output to: logs/repos/repos_400_c_round_two_install_logs_with_make_cmake_gradlew_meson_scons_bazel_2024-09-12_17-35-05/openglredbook___examples_build.log (install_repos.py:21) (openglredbook___examples)
09/12/2024 05:41:24 PM logger_openglredbook___examples INFO Running CMake (install_repos.py:141) (openglredbook___examples)
09/12/2024 05:41:24 PM logger_openglredbook___examples INFO Running command: cmake .. (install_repos.py:20) (openglredbook___examples)
09/12/2024 05:41:24 PM logger_openglredbook___examples INFO Logging output to: logs/repos/repos_400_c_round_two_install_logs_with_make_cmake_gradlew_meson_scons_bazel_2024-09-12_17-35-05/build_build.log (install_repos.py:21) (openglredbook___examples)
09/12/2024 05:41:24 PM logger_openglredbook___examples DEBUG CMake Deprecation Warning at CMakeLists.txt:1 (cmake_minimum_required): (install_repos.py:38) (openglredbook___examples)
09/12/2024 05:41:24 PM logger_openglredbook___examples DEBUG Compatibility with CMake < 2.8.12 will be removed from a future version of (install_repos.py:38) (openglredbook___examples)
09/12/2024 05:41:24 PM logger_openglredbook___examples DEBUG CMake. (install_repos.py:38) (openglredbook___examples)
09/12/2024 05:41:24 PM logger_openglredbook___examples DEBUG  (install_repos.py:38) (openglredbook___examples)
09/12/2024 05:41:24 PM logger_openglredbook___examples DEBUG Update the VERSION argument <min> value or use a ...<max> suffix to tell (install_repos.py:38) (openglredbook___examples)
09/12/2024 05:41:24 PM logger_openglredbook___examples DEBUG CMake that the project does not need compatibility with older versions. (install_repos.py:38) (openglredbook___examples)
09/12/2024 05:41:24 PM logger_openglredbook___examples DEBUG  (install_repos.py:38) (openglredbook___examples)
09/12/2024 05:41:24 PM logger_openglredbook___examples DEBUG  (install_repos.py:38) (openglredbook___examples)
09/12/2024 05:41:24 PM logger_openglredbook___examples DEBUG -- The C compiler identification is GNU 12.2.0 (install_repos.py:38) (openglredbook___examples)
09/12/2024 05:41:24 PM logger_openglredbook___examples DEBUG -- The CXX compiler identification is GNU 12.2.0 (install_repos.py:38) (openglredbook___examples)
09/12/2024 05:41:24 PM logger_openglredbook___examples DEBUG -- Detecting C compiler ABI info (install_repos.py:38) (openglredbook___examples)
09/12/2024 05:41:24 PM logger_openglredbook___examples DEBUG -- Detecting C compiler ABI info - done (install_repos.py:38) (openglredbook___examples)
09/12/2024 05:41:24 PM logger_openglredbook___examples DEBUG -- Check for working C compiler: /usr/bin/cc - skipped (install_repos.py:38) (openglredbook___examples)
09/12/2024 05:41:24 PM logger_openglredbook___examples DEBUG -- Detecting C compile features (install_repos.py:38) (openglredbook___examples)
09/12/2024 05:41:24 PM logger_openglredbook___examples DEBUG -- Detecting C compile features - done (install_repos.py:38) (openglredbook___examples)
09/12/2024 05:41:24 PM logger_openglredbook___examples DEBUG -- Detecting CXX compiler ABI info (install_repos.py:38) (openglredbook___examples)
09/12/2024 05:41:24 PM logger_openglredbook___examples DEBUG -- Detecting CXX compiler ABI info - done (install_repos.py:38) (openglredbook___examples)
09/12/2024 05:41:24 PM logger_openglredbook___examples DEBUG -- Check for working CXX compiler: /usr/bin/c++ - skipped (install_repos.py:38) (openglredbook___examples)
09/12/2024 05:41:24 PM logger_openglredbook___examples DEBUG -- Detecting CXX compile features (install_repos.py:38) (openglredbook___examples)
09/12/2024 05:41:24 PM logger_openglredbook___examples DEBUG -- Detecting CXX compile features - done (install_repos.py:38) (openglredbook___examples)
09/12/2024 05:41:24 PM logger_openglredbook___examples DEBUG CMake Error at /usr/share/cmake-3.25/Modules/FindPackageHandleStandardArgs.cmake:230 (message): (install_repos.py:38) (openglredbook___examples)
09/12/2024 05:41:24 PM logger_openglredbook___examples DEBUG Could NOT find OpenGL (missing: OPENGL_opengl_LIBRARY OPENGL_glx_LIBRARY (install_repos.py:38) (openglredbook___examples)
09/12/2024 05:41:24 PM logger_openglredbook___examples DEBUG OPENGL_INCLUDE_DIR) (install_repos.py:38) (openglredbook___examples)
09/12/2024 05:41:24 PM logger_openglredbook___examples DEBUG Call Stack (most recent call first): (install_repos.py:38) (openglredbook___examples)
09/12/2024 05:41:24 PM logger_openglredbook___examples DEBUG /usr/share/cmake-3.25/Modules/FindPackageHandleStandardArgs.cmake:600 (_FPHSA_FAILURE_MESSAGE) (install_repos.py:38) (openglredbook___examples)
09/12/2024 05:41:24 PM logger_openglredbook___examples DEBUG /usr/share/cmake-3.25/Modules/FindOpenGL.cmake:443 (FIND_PACKAGE_HANDLE_STANDARD_ARGS) (install_repos.py:38) (openglredbook___examples)
09/12/2024 05:41:24 PM logger_openglredbook___examples DEBUG CMakeLists.txt:21 (find_package) (install_repos.py:38) (openglredbook___examples)
09/12/2024 05:41:24 PM logger_openglredbook___examples DEBUG  (install_repos.py:38) (openglredbook___examples)
09/12/2024 05:41:24 PM logger_openglredbook___examples DEBUG  (install_repos.py:38) (openglredbook___examples)
09/12/2024 05:41:24 PM logger_openglredbook___examples DEBUG -- Configuring incomplete, errors occurred! (install_repos.py:38) (openglredbook___examples)
09/12/2024 05:41:24 PM logger_openglredbook___examples DEBUG See also "/INSTALL_C/repos/repos_400_c_round_two/openglredbook___examples/build/CMakeFiles/CMakeOutput.log". (install_repos.py:38) (openglredbook___examples)
09/12/2024 05:41:24 PM logger_openglredbook___examples ERROR Error: Build failed for openglredbook___examples
Build failed for reason: cmake failed (install_repos.py:295) (openglredbook___examples)
