09/12/2024 05:49:03 PM logger_projectne10___ne10 INFO <<<<<<<<<<<<<<<<<< Logger setup anew <<<<<<<<<<<<<<<<<<< (utils.py:39) (projectne10___ne10)
09/12/2024 05:49:03 PM logger_projectne10___ne10 INFO Analyzing repos/repos_400_c_round_two/projectne10___ne10 (install_repos.py:285) (projectne10___ne10)
09/12/2024 05:49:03 PM logger_projectne10___ne10 INFO Running command: rm -rf build/ (install_repos.py:20) (projectne10___ne10)
09/12/2024 05:49:03 PM logger_projectne10___ne10 INFO Logging output to: logs/repos/repos_400_c_round_two_install_logs_with_make_cmake_gradlew_meson_scons_bazel_2024-09-12_17-35-05/projectne10___ne10_build.log (install_repos.py:21) (projectne10___ne10)
09/12/2024 05:49:03 PM logger_projectne10___ne10 INFO Running command: rm -rf CMakeCache.txt (install_repos.py:20) (projectne10___ne10)
09/12/2024 05:49:03 PM logger_projectne10___ne10 INFO Logging output to: logs/repos/repos_400_c_round_two_install_logs_with_make_cmake_gradlew_meson_scons_bazel_2024-09-12_17-35-05/projectne10___ne10_build.log (install_repos.py:21) (projectne10___ne10)
09/12/2024 05:49:03 PM logger_projectne10___ne10 INFO Running command: rm -rf CMakeFiles/ (install_repos.py:20) (projectne10___ne10)
09/12/2024 05:49:03 PM logger_projectne10___ne10 INFO Logging output to: logs/repos/repos_400_c_round_two_install_logs_with_make_cmake_gradlew_meson_scons_bazel_2024-09-12_17-35-05/projectne10___ne10_build.log (install_repos.py:21) (projectne10___ne10)
09/12/2024 05:49:03 PM logger_projectne10___ne10 INFO Running CMake (install_repos.py:141) (projectne10___ne10)
09/12/2024 05:49:03 PM logger_projectne10___ne10 INFO Running command: cmake .. (install_repos.py:20) (projectne10___ne10)
09/12/2024 05:49:03 PM logger_projectne10___ne10 INFO Logging output to: logs/repos/repos_400_c_round_two_install_logs_with_make_cmake_gradlew_meson_scons_bazel_2024-09-12_17-35-05/build_build.log (install_repos.py:21) (projectne10___ne10)
09/12/2024 05:49:03 PM logger_projectne10___ne10 DEBUG CMake Deprecation Warning at CMakeLists.txt:27 (cmake_minimum_required): (install_repos.py:38) (projectne10___ne10)
09/12/2024 05:49:03 PM logger_projectne10___ne10 DEBUG Compatibility with CMake < 2.8.12 will be removed from a future version of (install_repos.py:38) (projectne10___ne10)
09/12/2024 05:49:03 PM logger_projectne10___ne10 DEBUG CMake. (install_repos.py:38) (projectne10___ne10)
09/12/2024 05:49:03 PM logger_projectne10___ne10 DEBUG  (install_repos.py:38) (projectne10___ne10)
09/12/2024 05:49:03 PM logger_projectne10___ne10 DEBUG Update the VERSION argument <min> value or use a ...<max> suffix to tell (install_repos.py:38) (projectne10___ne10)
09/12/2024 05:49:03 PM logger_projectne10___ne10 DEBUG CMake that the project does not need compatibility with older versions. (install_repos.py:38) (projectne10___ne10)
09/12/2024 05:49:03 PM logger_projectne10___ne10 DEBUG  (install_repos.py:38) (projectne10___ne10)
09/12/2024 05:49:03 PM logger_projectne10___ne10 DEBUG  (install_repos.py:38) (projectne10___ne10)
09/12/2024 05:49:03 PM logger_projectne10___ne10 DEBUG -- The C compiler identification is GNU 12.2.0 (install_repos.py:38) (projectne10___ne10)
09/12/2024 05:49:03 PM logger_projectne10___ne10 DEBUG -- The CXX compiler identification is GNU 12.2.0 (install_repos.py:38) (projectne10___ne10)
09/12/2024 05:49:03 PM logger_projectne10___ne10 DEBUG -- The ASM compiler identification is GNU (install_repos.py:38) (projectne10___ne10)
09/12/2024 05:49:03 PM logger_projectne10___ne10 DEBUG -- Found assembler: /usr/bin/cc (install_repos.py:38) (projectne10___ne10)
09/12/2024 05:49:03 PM logger_projectne10___ne10 DEBUG -- Detecting C compiler ABI info (install_repos.py:38) (projectne10___ne10)
09/12/2024 05:49:03 PM logger_projectne10___ne10 DEBUG -- Detecting C compiler ABI info - done (install_repos.py:38) (projectne10___ne10)
09/12/2024 05:49:03 PM logger_projectne10___ne10 DEBUG -- Check for working C compiler: /usr/bin/cc - skipped (install_repos.py:38) (projectne10___ne10)
09/12/2024 05:49:03 PM logger_projectne10___ne10 DEBUG -- Detecting C compile features (install_repos.py:38) (projectne10___ne10)
09/12/2024 05:49:03 PM logger_projectne10___ne10 DEBUG -- Detecting C compile features - done (install_repos.py:38) (projectne10___ne10)
09/12/2024 05:49:03 PM logger_projectne10___ne10 DEBUG -- Detecting CXX compiler ABI info (install_repos.py:38) (projectne10___ne10)
09/12/2024 05:49:03 PM logger_projectne10___ne10 DEBUG -- Detecting CXX compiler ABI info - done (install_repos.py:38) (projectne10___ne10)
09/12/2024 05:49:03 PM logger_projectne10___ne10 DEBUG -- Check for working CXX compiler: /usr/bin/c++ - skipped (install_repos.py:38) (projectne10___ne10)
09/12/2024 05:49:03 PM logger_projectne10___ne10 DEBUG -- Detecting CXX compile features (install_repos.py:38) (projectne10___ne10)
09/12/2024 05:49:03 PM logger_projectne10___ne10 DEBUG -- Detecting CXX compile features - done (install_repos.py:38) (projectne10___ne10)
09/12/2024 05:49:03 PM logger_projectne10___ne10 DEBUG CMake Error at CMakeLists.txt:53 (message): (install_repos.py:38) (projectne10___ne10)
09/12/2024 05:49:03 PM logger_projectne10___ne10 DEBUG No platform is defined! see doc/building.md for build instructions. (install_repos.py:38) (projectne10___ne10)
09/12/2024 05:49:03 PM logger_projectne10___ne10 DEBUG  (install_repos.py:38) (projectne10___ne10)
09/12/2024 05:49:03 PM logger_projectne10___ne10 DEBUG  (install_repos.py:38) (projectne10___ne10)
09/12/2024 05:49:03 PM logger_projectne10___ne10 DEBUG -- Configuring incomplete, errors occurred! (install_repos.py:38) (projectne10___ne10)
09/12/2024 05:49:03 PM logger_projectne10___ne10 DEBUG See also "/INSTALL_C/repos/repos_400_c_round_two/projectne10___ne10/build/CMakeFiles/CMakeOutput.log". (install_repos.py:38) (projectne10___ne10)
09/12/2024 05:49:03 PM logger_projectne10___ne10 ERROR Error: Build failed for projectne10___ne10
Build failed for reason: cmake failed (install_repos.py:295) (projectne10___ne10)
