09/12/2024 05:57:49 PM logger_pwmt___zathura INFO <<<<<<<<<<<<<<<<<< Logger setup anew <<<<<<<<<<<<<<<<<<< (utils.py:39) (pwmt___zathura)
09/12/2024 05:57:49 PM logger_pwmt___zathura INFO Analyzing repos/repos_400_c_round_two/pwmt___zathura (install_repos.py:285) (pwmt___zathura)
09/12/2024 05:57:49 PM logger_pwmt___zathura INFO Running command: rm -rf build/ (install_repos.py:20) (pwmt___zathura)
09/12/2024 05:57:49 PM logger_pwmt___zathura INFO Logging output to: logs/repos/repos_400_c_round_two_install_logs_with_make_cmake_gradlew_meson_scons_bazel_2024-09-12_17-35-05/pwmt___zathura_build.log (install_repos.py:21) (pwmt___zathura)
09/12/2024 05:57:49 PM logger_pwmt___zathura INFO Running Meson build (install_repos.py:202) (pwmt___zathura)
09/12/2024 05:57:49 PM logger_pwmt___zathura INFO Running command: meson .. (install_repos.py:20) (pwmt___zathura)
09/12/2024 05:57:49 PM logger_pwmt___zathura INFO Logging output to: logs/repos/repos_400_c_round_two_install_logs_with_make_cmake_gradlew_meson_scons_bazel_2024-09-12_17-35-05/build_build.log (install_repos.py:21) (pwmt___zathura)
09/12/2024 05:57:50 PM logger_pwmt___zathura DEBUG The Meson build system (install_repos.py:38) (pwmt___zathura)
09/12/2024 05:57:50 PM logger_pwmt___zathura DEBUG Version: 1.5.1 (install_repos.py:38) (pwmt___zathura)
09/12/2024 05:57:50 PM logger_pwmt___zathura DEBUG Source dir: /INSTALL_C/repos/repos_400_c_round_two/pwmt___zathura (install_repos.py:38) (pwmt___zathura)
09/12/2024 05:57:50 PM logger_pwmt___zathura DEBUG Build dir: /INSTALL_C/repos/repos_400_c_round_two/pwmt___zathura/build (install_repos.py:38) (pwmt___zathura)
09/12/2024 05:57:50 PM logger_pwmt___zathura DEBUG Build type: native build (install_repos.py:38) (pwmt___zathura)
09/12/2024 05:57:50 PM logger_pwmt___zathura DEBUG Project name: zathura (install_repos.py:38) (pwmt___zathura)
09/12/2024 05:57:50 PM logger_pwmt___zathura DEBUG Project version: 0.5.8 (install_repos.py:38) (pwmt___zathura)
09/12/2024 05:57:50 PM logger_pwmt___zathura DEBUG C compiler for the host machine: cc (gcc 12.2.0 "cc (Debian 12.2.0-14) 12.2.0") (install_repos.py:38) (pwmt___zathura)
09/12/2024 05:57:50 PM logger_pwmt___zathura DEBUG C linker for the host machine: cc ld.bfd 2.40 (install_repos.py:38) (pwmt___zathura)
09/12/2024 05:57:50 PM logger_pwmt___zathura DEBUG Host machine cpu family: x86_64 (install_repos.py:38) (pwmt___zathura)
09/12/2024 05:57:50 PM logger_pwmt___zathura DEBUG Host machine cpu: x86_64 (install_repos.py:38) (pwmt___zathura)
09/12/2024 05:57:50 PM logger_pwmt___zathura DEBUG Library m found: YES (install_repos.py:38) (pwmt___zathura)
09/12/2024 05:57:50 PM logger_pwmt___zathura DEBUG Found pkg-config: YES (/usr/bin/pkg-config) 1.8.1 (install_repos.py:38) (pwmt___zathura)
09/12/2024 05:57:50 PM logger_pwmt___zathura DEBUG Found CMake: /usr/bin/cmake (3.25.1) (install_repos.py:38) (pwmt___zathura)
09/12/2024 05:57:51 PM logger_pwmt___zathura DEBUG Run-time dependency girara-gtk3 found: NO (tried pkgconfig and cmake) (install_repos.py:38) (pwmt___zathura)
09/12/2024 05:57:51 PM logger_pwmt___zathura DEBUG Looking for a fallback subproject for the dependency girara-gtk3 (install_repos.py:38) (pwmt___zathura)
09/12/2024 05:57:51 PM logger_pwmt___zathura DEBUG Cloning into 'girara'... (install_repos.py:38) (pwmt___zathura)
09/12/2024 05:57:51 PM logger_pwmt___zathura DEBUG Already on 'develop' (install_repos.py:38) (pwmt___zathura)
09/12/2024 05:57:51 PM logger_pwmt___zathura DEBUG Your branch is up to date with 'origin/develop'. (install_repos.py:38) (pwmt___zathura)
09/12/2024 05:57:51 PM logger_pwmt___zathura DEBUG  (install_repos.py:38) (pwmt___zathura)
09/12/2024 05:57:51 PM logger_pwmt___zathura DEBUG Executing subproject girara (install_repos.py:38) (pwmt___zathura)
09/12/2024 05:57:51 PM logger_pwmt___zathura DEBUG  (install_repos.py:38) (pwmt___zathura)
09/12/2024 05:57:51 PM logger_pwmt___zathura DEBUG girara| Project name: girara (install_repos.py:38) (pwmt___zathura)
09/12/2024 05:57:51 PM logger_pwmt___zathura DEBUG girara| Project version: 0.4.4 (install_repos.py:38) (pwmt___zathura)
09/12/2024 05:57:51 PM logger_pwmt___zathura DEBUG girara| C compiler for the host machine: cc (gcc 12.2.0 "cc (Debian 12.2.0-14) 12.2.0") (install_repos.py:38) (pwmt___zathura)
09/12/2024 05:57:51 PM logger_pwmt___zathura DEBUG girara| C linker for the host machine: cc ld.bfd 2.40 (install_repos.py:38) (pwmt___zathura)
09/12/2024 05:57:51 PM logger_pwmt___zathura DEBUG girara| Library m found: YES (install_repos.py:38) (pwmt___zathura)
09/12/2024 05:57:51 PM logger_pwmt___zathura DEBUG girara| Run-time dependency glib-2.0 found: NO (tried pkgconfig and cmake) (install_repos.py:38) (pwmt___zathura)
09/12/2024 05:57:51 PM logger_pwmt___zathura DEBUG  (install_repos.py:38) (pwmt___zathura)
09/12/2024 05:57:51 PM logger_pwmt___zathura DEBUG ../subprojects/girara/meson.build:34:7: ERROR: Dependency "glib-2.0" not found, tried pkgconfig and cmake (install_repos.py:38) (pwmt___zathura)
09/12/2024 05:57:51 PM logger_pwmt___zathura DEBUG  (install_repos.py:38) (pwmt___zathura)
09/12/2024 05:57:51 PM logger_pwmt___zathura DEBUG A full log can be found at /INSTALL_C/repos/repos_400_c_round_two/pwmt___zathura/build/meson-logs/meson-log.txt (install_repos.py:38) (pwmt___zathura)
09/12/2024 05:57:51 PM logger_pwmt___zathura DEBUG WARNING: Running the setup command as `meson [options]` instead of `meson setup [options]` is ambiguous and deprecated. (install_repos.py:38) (pwmt___zathura)
09/12/2024 05:57:51 PM logger_pwmt___zathura ERROR Error: Build failed for pwmt___zathura
Build failed for reason: meson failed (install_repos.py:295) (pwmt___zathura)
