09/12/2024 05:44:14 PM logger_pytorch___qnnpack INFO <<<<<<<<<<<<<<<<<< Logger setup anew <<<<<<<<<<<<<<<<<<< (utils.py:39) (pytorch___qnnpack)
09/12/2024 05:44:14 PM logger_pytorch___qnnpack INFO Analyzing repos/repos_400_c_round_two/pytorch___qnnpack (install_repos.py:285) (pytorch___qnnpack)
09/12/2024 05:44:14 PM logger_pytorch___qnnpack INFO Checking for build system in repos/repos_400_c_round_two/pytorch___qnnpack/src (install_repos.py:267) (pytorch___qnnpack)
09/12/2024 05:44:14 PM logger_pytorch___qnnpack INFO Checking for build system in repos/repos_400_c_round_two/pytorch___qnnpack/src (install_repos.py:267) (pytorch___qnnpack)
09/12/2024 05:44:14 PM logger_pytorch___qnnpack INFO Running command: rm -rf build/ (install_repos.py:20) (pytorch___qnnpack)
09/12/2024 05:44:14 PM logger_pytorch___qnnpack INFO Logging output to: logs/repos/repos_400_c_round_two_install_logs_with_make_cmake_gradlew_meson_scons_bazel_2024-09-12_17-35-05/pytorch___qnnpack_build.log (install_repos.py:21) (pytorch___qnnpack)
09/12/2024 05:44:14 PM logger_pytorch___qnnpack INFO Running command: rm -rf CMakeCache.txt (install_repos.py:20) (pytorch___qnnpack)
09/12/2024 05:44:14 PM logger_pytorch___qnnpack INFO Logging output to: logs/repos/repos_400_c_round_two_install_logs_with_make_cmake_gradlew_meson_scons_bazel_2024-09-12_17-35-05/pytorch___qnnpack_build.log (install_repos.py:21) (pytorch___qnnpack)
09/12/2024 05:44:14 PM logger_pytorch___qnnpack INFO Running command: rm -rf CMakeFiles/ (install_repos.py:20) (pytorch___qnnpack)
09/12/2024 05:44:14 PM logger_pytorch___qnnpack INFO Logging output to: logs/repos/repos_400_c_round_two_install_logs_with_make_cmake_gradlew_meson_scons_bazel_2024-09-12_17-35-05/pytorch___qnnpack_build.log (install_repos.py:21) (pytorch___qnnpack)
09/12/2024 05:44:14 PM logger_pytorch___qnnpack INFO Running CMake (install_repos.py:141) (pytorch___qnnpack)
09/12/2024 05:44:14 PM logger_pytorch___qnnpack INFO Running command: cmake .. (install_repos.py:20) (pytorch___qnnpack)
09/12/2024 05:44:14 PM logger_pytorch___qnnpack INFO Logging output to: logs/repos/repos_400_c_round_two_install_logs_with_make_cmake_gradlew_meson_scons_bazel_2024-09-12_17-35-05/build_build.log (install_repos.py:21) (pytorch___qnnpack)
09/12/2024 05:44:14 PM logger_pytorch___qnnpack DEBUG CMake Warning (dev) at /usr/share/cmake-3.25/Modules/GNUInstallDirs.cmake:243 (message): (install_repos.py:38) (pytorch___qnnpack)
09/12/2024 05:44:14 PM logger_pytorch___qnnpack DEBUG Unable to determine default CMAKE_INSTALL_LIBDIR directory because no (install_repos.py:38) (pytorch___qnnpack)
09/12/2024 05:44:14 PM logger_pytorch___qnnpack DEBUG target architecture is known.  Please enable at least one language before (install_repos.py:38) (pytorch___qnnpack)
09/12/2024 05:44:14 PM logger_pytorch___qnnpack DEBUG including GNUInstallDirs. (install_repos.py:38) (pytorch___qnnpack)
09/12/2024 05:44:14 PM logger_pytorch___qnnpack DEBUG Call Stack (most recent call first): (install_repos.py:38) (pytorch___qnnpack)
09/12/2024 05:44:14 PM logger_pytorch___qnnpack DEBUG CMakeLists.txt:9 (INCLUDE) (install_repos.py:38) (pytorch___qnnpack)
09/12/2024 05:44:14 PM logger_pytorch___qnnpack DEBUG This warning is for project developers.  Use -Wno-dev to suppress it. (install_repos.py:38) (pytorch___qnnpack)
09/12/2024 05:44:14 PM logger_pytorch___qnnpack DEBUG  (install_repos.py:38) (pytorch___qnnpack)
09/12/2024 05:44:14 PM logger_pytorch___qnnpack DEBUG -- The C compiler identification is GNU 12.2.0 (install_repos.py:38) (pytorch___qnnpack)
09/12/2024 05:44:14 PM logger_pytorch___qnnpack DEBUG -- The CXX compiler identification is GNU 12.2.0 (install_repos.py:38) (pytorch___qnnpack)
09/12/2024 05:44:14 PM logger_pytorch___qnnpack DEBUG -- The ASM compiler identification is GNU (install_repos.py:38) (pytorch___qnnpack)
09/12/2024 05:44:14 PM logger_pytorch___qnnpack DEBUG -- Found assembler: /usr/bin/cc (install_repos.py:38) (pytorch___qnnpack)
09/12/2024 05:44:14 PM logger_pytorch___qnnpack DEBUG -- Detecting C compiler ABI info (install_repos.py:38) (pytorch___qnnpack)
09/12/2024 05:44:14 PM logger_pytorch___qnnpack DEBUG -- Detecting C compiler ABI info - done (install_repos.py:38) (pytorch___qnnpack)
09/12/2024 05:44:14 PM logger_pytorch___qnnpack DEBUG -- Check for working C compiler: /usr/bin/cc - skipped (install_repos.py:38) (pytorch___qnnpack)
09/12/2024 05:44:14 PM logger_pytorch___qnnpack DEBUG -- Detecting C compile features (install_repos.py:38) (pytorch___qnnpack)
09/12/2024 05:44:14 PM logger_pytorch___qnnpack DEBUG -- Detecting C compile features - done (install_repos.py:38) (pytorch___qnnpack)
09/12/2024 05:44:14 PM logger_pytorch___qnnpack DEBUG -- Detecting CXX compiler ABI info (install_repos.py:38) (pytorch___qnnpack)
09/12/2024 05:44:15 PM logger_pytorch___qnnpack DEBUG -- Detecting CXX compiler ABI info - done (install_repos.py:38) (pytorch___qnnpack)
09/12/2024 05:44:15 PM logger_pytorch___qnnpack DEBUG -- Check for working CXX compiler: /usr/bin/c++ - skipped (install_repos.py:38) (pytorch___qnnpack)
09/12/2024 05:44:15 PM logger_pytorch___qnnpack DEBUG -- Detecting CXX compile features (install_repos.py:38) (pytorch___qnnpack)
09/12/2024 05:44:15 PM logger_pytorch___qnnpack DEBUG -- Detecting CXX compile features - done (install_repos.py:38) (pytorch___qnnpack)
09/12/2024 05:44:15 PM logger_pytorch___qnnpack DEBUG -- Downloading cpuinfo to /INSTALL_C/repos/repos_400_c_round_two/pytorch___qnnpack/deps/cpuinfo (define CPUINFO_SOURCE_DIR to avoid it) (install_repos.py:38) (pytorch___qnnpack)
09/12/2024 05:44:15 PM logger_pytorch___qnnpack DEBUG -- Configuring done (install_repos.py:38) (pytorch___qnnpack)
09/12/2024 05:44:15 PM logger_pytorch___qnnpack DEBUG -- Generating done (install_repos.py:38) (pytorch___qnnpack)
09/12/2024 05:44:15 PM logger_pytorch___qnnpack DEBUG -- Build files have been written to: /INSTALL_C/repos/repos_400_c_round_two/pytorch___qnnpack/build/deps/cpuinfo-download (install_repos.py:38) (pytorch___qnnpack)
09/12/2024 05:44:15 PM logger_pytorch___qnnpack DEBUG [ 11%] Creating directories for 'cpuinfo' (install_repos.py:38) (pytorch___qnnpack)
09/12/2024 05:44:15 PM logger_pytorch___qnnpack DEBUG [ 22%] Performing download step (git clone) for 'cpuinfo' (install_repos.py:38) (pytorch___qnnpack)
09/12/2024 05:44:15 PM logger_pytorch___qnnpack DEBUG Cloning into 'cpuinfo'... (install_repos.py:38) (pytorch___qnnpack)
09/12/2024 05:44:15 PM logger_pytorch___qnnpack DEBUG fatal: invalid reference: master (install_repos.py:38) (pytorch___qnnpack)
09/12/2024 05:44:15 PM logger_pytorch___qnnpack DEBUG CMake Error at /INSTALL_C/repos/repos_400_c_round_two/pytorch___qnnpack/build/deps/cpuinfo-download/cpuinfo-prefix/tmp/cpuinfo-gitclone.cmake:49 (message): (install_repos.py:38) (pytorch___qnnpack)
09/12/2024 05:44:15 PM logger_pytorch___qnnpack DEBUG Failed to checkout tag: 'master' (install_repos.py:38) (pytorch___qnnpack)
09/12/2024 05:44:15 PM logger_pytorch___qnnpack DEBUG  (install_repos.py:38) (pytorch___qnnpack)
09/12/2024 05:44:15 PM logger_pytorch___qnnpack DEBUG  (install_repos.py:38) (pytorch___qnnpack)
09/12/2024 05:44:15 PM logger_pytorch___qnnpack DEBUG gmake[2]: *** [CMakeFiles/cpuinfo.dir/build.make:99: cpuinfo-prefix/src/cpuinfo-stamp/cpuinfo-download] Error 1 (install_repos.py:38) (pytorch___qnnpack)
09/12/2024 05:44:15 PM logger_pytorch___qnnpack DEBUG gmake[1]: *** [CMakeFiles/Makefile2:83: CMakeFiles/cpuinfo.dir/all] Error 2 (install_repos.py:38) (pytorch___qnnpack)
09/12/2024 05:44:15 PM logger_pytorch___qnnpack DEBUG gmake: *** [Makefile:91: all] Error 2 (install_repos.py:38) (pytorch___qnnpack)
09/12/2024 05:44:15 PM logger_pytorch___qnnpack DEBUG -- Downloading FP16 to /INSTALL_C/repos/repos_400_c_round_two/pytorch___qnnpack/deps/fp16 (define FP16_SOURCE_DIR to avoid it) (install_repos.py:38) (pytorch___qnnpack)
09/12/2024 05:44:15 PM logger_pytorch___qnnpack DEBUG -- Configuring done (install_repos.py:38) (pytorch___qnnpack)
09/12/2024 05:44:15 PM logger_pytorch___qnnpack DEBUG -- Generating done (install_repos.py:38) (pytorch___qnnpack)
09/12/2024 05:44:15 PM logger_pytorch___qnnpack DEBUG -- Build files have been written to: /INSTALL_C/repos/repos_400_c_round_two/pytorch___qnnpack/build/deps/fp16-download (install_repos.py:38) (pytorch___qnnpack)
09/12/2024 05:44:16 PM logger_pytorch___qnnpack DEBUG [ 11%] Creating directories for 'fp16' (install_repos.py:38) (pytorch___qnnpack)
09/12/2024 05:44:16 PM logger_pytorch___qnnpack DEBUG [ 22%] Performing download step (git clone) for 'fp16' (install_repos.py:38) (pytorch___qnnpack)
09/12/2024 05:44:16 PM logger_pytorch___qnnpack DEBUG Cloning into 'fp16'... (install_repos.py:38) (pytorch___qnnpack)
09/12/2024 05:44:16 PM logger_pytorch___qnnpack DEBUG Already on 'master' (install_repos.py:38) (pytorch___qnnpack)
09/12/2024 05:44:16 PM logger_pytorch___qnnpack DEBUG Your branch is up to date with 'origin/master'. (install_repos.py:38) (pytorch___qnnpack)
09/12/2024 05:44:16 PM logger_pytorch___qnnpack DEBUG [ 33%] Performing update step for 'fp16' (install_repos.py:38) (pytorch___qnnpack)
09/12/2024 05:44:16 PM logger_pytorch___qnnpack DEBUG [ 44%] No patch step for 'fp16' (install_repos.py:38) (pytorch___qnnpack)
09/12/2024 05:44:16 PM logger_pytorch___qnnpack DEBUG [ 55%] No configure step for 'fp16' (install_repos.py:38) (pytorch___qnnpack)
09/12/2024 05:44:16 PM logger_pytorch___qnnpack DEBUG [ 66%] No build step for 'fp16' (install_repos.py:38) (pytorch___qnnpack)
09/12/2024 05:44:16 PM logger_pytorch___qnnpack DEBUG [ 77%] No install step for 'fp16' (install_repos.py:38) (pytorch___qnnpack)
09/12/2024 05:44:16 PM logger_pytorch___qnnpack DEBUG [ 88%] No test step for 'fp16' (install_repos.py:38) (pytorch___qnnpack)
09/12/2024 05:44:16 PM logger_pytorch___qnnpack DEBUG [100%] Completed 'fp16' (install_repos.py:38) (pytorch___qnnpack)
09/12/2024 05:44:16 PM logger_pytorch___qnnpack DEBUG [100%] Built target fp16 (install_repos.py:38) (pytorch___qnnpack)
09/12/2024 05:44:16 PM logger_pytorch___qnnpack DEBUG -- Downloading FXdiv to /INSTALL_C/repos/repos_400_c_round_two/pytorch___qnnpack/deps/fxdiv (define FXDIV_SOURCE_DIR to avoid it) (install_repos.py:38) (pytorch___qnnpack)
09/12/2024 05:44:17 PM logger_pytorch___qnnpack DEBUG -- Configuring done (install_repos.py:38) (pytorch___qnnpack)
09/12/2024 05:44:17 PM logger_pytorch___qnnpack DEBUG -- Generating done (install_repos.py:38) (pytorch___qnnpack)
09/12/2024 05:44:17 PM logger_pytorch___qnnpack DEBUG -- Build files have been written to: /INSTALL_C/repos/repos_400_c_round_two/pytorch___qnnpack/build/deps/fxdiv-download (install_repos.py:38) (pytorch___qnnpack)
09/12/2024 05:44:17 PM logger_pytorch___qnnpack DEBUG [ 11%] Creating directories for 'fxdiv' (install_repos.py:38) (pytorch___qnnpack)
09/12/2024 05:44:17 PM logger_pytorch___qnnpack DEBUG [ 22%] Performing download step (git clone) for 'fxdiv' (install_repos.py:38) (pytorch___qnnpack)
09/12/2024 05:44:17 PM logger_pytorch___qnnpack DEBUG Cloning into 'fxdiv'... (install_repos.py:38) (pytorch___qnnpack)
09/12/2024 05:44:17 PM logger_pytorch___qnnpack DEBUG Already on 'master' (install_repos.py:38) (pytorch___qnnpack)
09/12/2024 05:44:17 PM logger_pytorch___qnnpack DEBUG Your branch is up to date with 'origin/master'. (install_repos.py:38) (pytorch___qnnpack)
09/12/2024 05:44:17 PM logger_pytorch___qnnpack DEBUG [ 33%] Performing update step for 'fxdiv' (install_repos.py:38) (pytorch___qnnpack)
09/12/2024 05:44:17 PM logger_pytorch___qnnpack DEBUG [ 44%] No patch step for 'fxdiv' (install_repos.py:38) (pytorch___qnnpack)
09/12/2024 05:44:17 PM logger_pytorch___qnnpack DEBUG [ 55%] No configure step for 'fxdiv' (install_repos.py:38) (pytorch___qnnpack)
09/12/2024 05:44:17 PM logger_pytorch___qnnpack DEBUG [ 66%] No build step for 'fxdiv' (install_repos.py:38) (pytorch___qnnpack)
09/12/2024 05:44:17 PM logger_pytorch___qnnpack DEBUG [ 77%] No install step for 'fxdiv' (install_repos.py:38) (pytorch___qnnpack)
09/12/2024 05:44:17 PM logger_pytorch___qnnpack DEBUG [ 88%] No test step for 'fxdiv' (install_repos.py:38) (pytorch___qnnpack)
09/12/2024 05:44:17 PM logger_pytorch___qnnpack DEBUG [100%] Completed 'fxdiv' (install_repos.py:38) (pytorch___qnnpack)
09/12/2024 05:44:17 PM logger_pytorch___qnnpack DEBUG [100%] Built target fxdiv (install_repos.py:38) (pytorch___qnnpack)
09/12/2024 05:44:17 PM logger_pytorch___qnnpack DEBUG -- Downloading PSimd to /INSTALL_C/repos/repos_400_c_round_two/pytorch___qnnpack/deps/psimd (define PSIMD_SOURCE_DIR to avoid it) (install_repos.py:38) (pytorch___qnnpack)
09/12/2024 05:44:17 PM logger_pytorch___qnnpack DEBUG -- Configuring done (install_repos.py:38) (pytorch___qnnpack)
09/12/2024 05:44:17 PM logger_pytorch___qnnpack DEBUG -- Generating done (install_repos.py:38) (pytorch___qnnpack)
09/12/2024 05:44:17 PM logger_pytorch___qnnpack DEBUG -- Build files have been written to: /INSTALL_C/repos/repos_400_c_round_two/pytorch___qnnpack/build/deps/psimd-download (install_repos.py:38) (pytorch___qnnpack)
09/12/2024 05:44:18 PM logger_pytorch___qnnpack DEBUG [ 11%] Creating directories for 'psimd' (install_repos.py:38) (pytorch___qnnpack)
09/12/2024 05:44:18 PM logger_pytorch___qnnpack DEBUG [ 22%] Performing download step (git clone) for 'psimd' (install_repos.py:38) (pytorch___qnnpack)
09/12/2024 05:44:18 PM logger_pytorch___qnnpack DEBUG Cloning into 'psimd'... (install_repos.py:38) (pytorch___qnnpack)
09/12/2024 05:44:18 PM logger_pytorch___qnnpack DEBUG Already on 'master' (install_repos.py:38) (pytorch___qnnpack)
09/12/2024 05:44:18 PM logger_pytorch___qnnpack DEBUG Your branch is up to date with 'origin/master'. (install_repos.py:38) (pytorch___qnnpack)
09/12/2024 05:44:18 PM logger_pytorch___qnnpack DEBUG [ 33%] Performing update step for 'psimd' (install_repos.py:38) (pytorch___qnnpack)
09/12/2024 05:44:18 PM logger_pytorch___qnnpack DEBUG [ 44%] No patch step for 'psimd' (install_repos.py:38) (pytorch___qnnpack)
09/12/2024 05:44:18 PM logger_pytorch___qnnpack DEBUG [ 55%] No configure step for 'psimd' (install_repos.py:38) (pytorch___qnnpack)
09/12/2024 05:44:18 PM logger_pytorch___qnnpack DEBUG [ 66%] No build step for 'psimd' (install_repos.py:38) (pytorch___qnnpack)
09/12/2024 05:44:18 PM logger_pytorch___qnnpack DEBUG [ 77%] No install step for 'psimd' (install_repos.py:38) (pytorch___qnnpack)
09/12/2024 05:44:18 PM logger_pytorch___qnnpack DEBUG [ 88%] No test step for 'psimd' (install_repos.py:38) (pytorch___qnnpack)
09/12/2024 05:44:18 PM logger_pytorch___qnnpack DEBUG [100%] Completed 'psimd' (install_repos.py:38) (pytorch___qnnpack)
09/12/2024 05:44:18 PM logger_pytorch___qnnpack DEBUG [100%] Built target psimd (install_repos.py:38) (pytorch___qnnpack)
09/12/2024 05:44:18 PM logger_pytorch___qnnpack DEBUG -- Downloading pthreadpool to /INSTALL_C/repos/repos_400_c_round_two/pytorch___qnnpack/deps/pthreadpool (define PTHREADPOOL_SOURCE_DIR to avoid it) (install_repos.py:38) (pytorch___qnnpack)
09/12/2024 05:44:18 PM logger_pytorch___qnnpack DEBUG -- Configuring done (install_repos.py:38) (pytorch___qnnpack)
09/12/2024 05:44:18 PM logger_pytorch___qnnpack DEBUG -- Generating done (install_repos.py:38) (pytorch___qnnpack)
09/12/2024 05:44:18 PM logger_pytorch___qnnpack DEBUG -- Build files have been written to: /INSTALL_C/repos/repos_400_c_round_two/pytorch___qnnpack/build/deps/pthreadpool-download (install_repos.py:38) (pytorch___qnnpack)
09/12/2024 05:44:18 PM logger_pytorch___qnnpack DEBUG [ 11%] Creating directories for 'pthreadpool' (install_repos.py:38) (pytorch___qnnpack)
09/12/2024 05:44:18 PM logger_pytorch___qnnpack DEBUG [ 22%] Performing download step (git clone) for 'pthreadpool' (install_repos.py:38) (pytorch___qnnpack)
09/12/2024 05:44:19 PM logger_pytorch___qnnpack DEBUG Cloning into 'pthreadpool'... (install_repos.py:38) (pytorch___qnnpack)
09/12/2024 05:44:19 PM logger_pytorch___qnnpack DEBUG Already on 'master' (install_repos.py:38) (pytorch___qnnpack)
09/12/2024 05:44:19 PM logger_pytorch___qnnpack DEBUG Your branch is up to date with 'origin/master'. (install_repos.py:38) (pytorch___qnnpack)
09/12/2024 05:44:19 PM logger_pytorch___qnnpack DEBUG [ 33%] Performing update step for 'pthreadpool' (install_repos.py:38) (pytorch___qnnpack)
09/12/2024 05:44:19 PM logger_pytorch___qnnpack DEBUG [ 44%] No patch step for 'pthreadpool' (install_repos.py:38) (pytorch___qnnpack)
09/12/2024 05:44:19 PM logger_pytorch___qnnpack DEBUG [ 55%] No configure step for 'pthreadpool' (install_repos.py:38) (pytorch___qnnpack)
09/12/2024 05:44:19 PM logger_pytorch___qnnpack DEBUG [ 66%] No build step for 'pthreadpool' (install_repos.py:38) (pytorch___qnnpack)
09/12/2024 05:44:19 PM logger_pytorch___qnnpack DEBUG [ 77%] No install step for 'pthreadpool' (install_repos.py:38) (pytorch___qnnpack)
09/12/2024 05:44:19 PM logger_pytorch___qnnpack DEBUG [ 88%] No test step for 'pthreadpool' (install_repos.py:38) (pytorch___qnnpack)
09/12/2024 05:44:19 PM logger_pytorch___qnnpack DEBUG [100%] Completed 'pthreadpool' (install_repos.py:38) (pytorch___qnnpack)
09/12/2024 05:44:19 PM logger_pytorch___qnnpack DEBUG [100%] Built target pthreadpool (install_repos.py:38) (pytorch___qnnpack)
09/12/2024 05:44:19 PM logger_pytorch___qnnpack DEBUG -- Downloading Google Test to /INSTALL_C/repos/repos_400_c_round_two/pytorch___qnnpack/deps/googletest (define GOOGLETEST_SOURCE_DIR to avoid it) (install_repos.py:38) (pytorch___qnnpack)
09/12/2024 05:44:19 PM logger_pytorch___qnnpack DEBUG CMake Warning (dev) at /usr/share/cmake-3.25/Modules/ExternalProject.cmake:3075 (message): (install_repos.py:38) (pytorch___qnnpack)
09/12/2024 05:44:19 PM logger_pytorch___qnnpack DEBUG The DOWNLOAD_EXTRACT_TIMESTAMP option was not given and policy CMP0135 is (install_repos.py:38) (pytorch___qnnpack)
09/12/2024 05:44:19 PM logger_pytorch___qnnpack DEBUG not set.  The policy's OLD behavior will be used.  When using a URL (install_repos.py:38) (pytorch___qnnpack)
09/12/2024 05:44:19 PM logger_pytorch___qnnpack DEBUG download, the timestamps of extracted files should preferably be that of (install_repos.py:38) (pytorch___qnnpack)
09/12/2024 05:44:19 PM logger_pytorch___qnnpack DEBUG the time of extraction, otherwise code that depends on the extracted (install_repos.py:38) (pytorch___qnnpack)
09/12/2024 05:44:19 PM logger_pytorch___qnnpack DEBUG contents might not be rebuilt if the URL changes.  The OLD behavior (install_repos.py:38) (pytorch___qnnpack)
09/12/2024 05:44:19 PM logger_pytorch___qnnpack DEBUG preserves the timestamps from the archive instead, but this is usually not (install_repos.py:38) (pytorch___qnnpack)
09/12/2024 05:44:19 PM logger_pytorch___qnnpack DEBUG what you want.  Update your project to the NEW behavior or specify the (install_repos.py:38) (pytorch___qnnpack)
09/12/2024 05:44:19 PM logger_pytorch___qnnpack DEBUG DOWNLOAD_EXTRACT_TIMESTAMP option with a value of true to avoid this (install_repos.py:38) (pytorch___qnnpack)
09/12/2024 05:44:19 PM logger_pytorch___qnnpack DEBUG robustness issue. (install_repos.py:38) (pytorch___qnnpack)
09/12/2024 05:44:19 PM logger_pytorch___qnnpack DEBUG Call Stack (most recent call first): (install_repos.py:38) (pytorch___qnnpack)
09/12/2024 05:44:19 PM logger_pytorch___qnnpack DEBUG /usr/share/cmake-3.25/Modules/ExternalProject.cmake:4185 (_ep_add_download_command) (install_repos.py:38) (pytorch___qnnpack)
09/12/2024 05:44:19 PM logger_pytorch___qnnpack DEBUG CMakeLists.txt:12 (ExternalProject_Add) (install_repos.py:38) (pytorch___qnnpack)
09/12/2024 05:44:19 PM logger_pytorch___qnnpack DEBUG This warning is for project developers.  Use -Wno-dev to suppress it. (install_repos.py:38) (pytorch___qnnpack)
09/12/2024 05:44:19 PM logger_pytorch___qnnpack DEBUG  (install_repos.py:38) (pytorch___qnnpack)
09/12/2024 05:44:19 PM logger_pytorch___qnnpack DEBUG -- Configuring done (install_repos.py:38) (pytorch___qnnpack)
09/12/2024 05:44:19 PM logger_pytorch___qnnpack DEBUG -- Generating done (install_repos.py:38) (pytorch___qnnpack)
09/12/2024 05:44:19 PM logger_pytorch___qnnpack DEBUG -- Build files have been written to: /INSTALL_C/repos/repos_400_c_round_two/pytorch___qnnpack/build/deps/googletest-download (install_repos.py:38) (pytorch___qnnpack)
09/12/2024 05:44:20 PM logger_pytorch___qnnpack DEBUG [ 11%] Creating directories for 'googletest' (install_repos.py:38) (pytorch___qnnpack)
09/12/2024 05:44:20 PM logger_pytorch___qnnpack DEBUG [ 22%] Performing download step (download, verify and extract) for 'googletest' (install_repos.py:38) (pytorch___qnnpack)
09/12/2024 05:44:20 PM logger_pytorch___qnnpack DEBUG -- Downloading... (install_repos.py:38) (pytorch___qnnpack)
09/12/2024 05:44:20 PM logger_pytorch___qnnpack DEBUG dst='/INSTALL_C/repos/repos_400_c_round_two/pytorch___qnnpack/build/deps/googletest-download/googletest-prefix/src/release-1.8.0.zip' (install_repos.py:38) (pytorch___qnnpack)
09/12/2024 05:44:20 PM logger_pytorch___qnnpack DEBUG timeout='none' (install_repos.py:38) (pytorch___qnnpack)
09/12/2024 05:44:20 PM logger_pytorch___qnnpack DEBUG inactivity timeout='none' (install_repos.py:38) (pytorch___qnnpack)
09/12/2024 05:44:20 PM logger_pytorch___qnnpack DEBUG -- Using src='https://github.com/google/googletest/archive/release-1.8.0.zip' (install_repos.py:38) (pytorch___qnnpack)
09/12/2024 05:44:20 PM logger_pytorch___qnnpack DEBUG -- [download 1% complete] (install_repos.py:38) (pytorch___qnnpack)
09/12/2024 05:44:20 PM logger_pytorch___qnnpack DEBUG -- [download 2% complete] (install_repos.py:38) (pytorch___qnnpack)
09/12/2024 05:44:20 PM logger_pytorch___qnnpack DEBUG -- [download 6% complete] (install_repos.py:38) (pytorch___qnnpack)
09/12/2024 05:44:20 PM logger_pytorch___qnnpack DEBUG -- [download 12% complete] (install_repos.py:38) (pytorch___qnnpack)
09/12/2024 05:44:20 PM logger_pytorch___qnnpack DEBUG -- [download 24% complete] (install_repos.py:38) (pytorch___qnnpack)
09/12/2024 05:44:20 PM logger_pytorch___qnnpack DEBUG -- [download 25% complete] (install_repos.py:38) (pytorch___qnnpack)
09/12/2024 05:44:20 PM logger_pytorch___qnnpack DEBUG -- [download 34% complete] (install_repos.py:38) (pytorch___qnnpack)
09/12/2024 05:44:20 PM logger_pytorch___qnnpack DEBUG -- [download 46% complete] (install_repos.py:38) (pytorch___qnnpack)
09/12/2024 05:44:20 PM logger_pytorch___qnnpack DEBUG -- [download 52% complete] (install_repos.py:38) (pytorch___qnnpack)
09/12/2024 05:44:20 PM logger_pytorch___qnnpack DEBUG -- [download 64% complete] (install_repos.py:38) (pytorch___qnnpack)
09/12/2024 05:44:20 PM logger_pytorch___qnnpack DEBUG -- [download 73% complete] (install_repos.py:38) (pytorch___qnnpack)
09/12/2024 05:44:20 PM logger_pytorch___qnnpack DEBUG -- [download 81% complete] (install_repos.py:38) (pytorch___qnnpack)
09/12/2024 05:44:20 PM logger_pytorch___qnnpack DEBUG -- [download 90% complete] (install_repos.py:38) (pytorch___qnnpack)
09/12/2024 05:44:20 PM logger_pytorch___qnnpack DEBUG -- [download 99% complete] (install_repos.py:38) (pytorch___qnnpack)
09/12/2024 05:44:20 PM logger_pytorch___qnnpack DEBUG -- [download 100% complete] (install_repos.py:38) (pytorch___qnnpack)
09/12/2024 05:44:20 PM logger_pytorch___qnnpack DEBUG -- verifying file... (install_repos.py:38) (pytorch___qnnpack)
09/12/2024 05:44:20 PM logger_pytorch___qnnpack DEBUG file='/INSTALL_C/repos/repos_400_c_round_two/pytorch___qnnpack/build/deps/googletest-download/googletest-prefix/src/release-1.8.0.zip' (install_repos.py:38) (pytorch___qnnpack)
09/12/2024 05:44:20 PM logger_pytorch___qnnpack DEBUG -- Downloading... done (install_repos.py:38) (pytorch___qnnpack)
09/12/2024 05:44:20 PM logger_pytorch___qnnpack DEBUG -- extracting... (install_repos.py:38) (pytorch___qnnpack)
09/12/2024 05:44:20 PM logger_pytorch___qnnpack DEBUG src='/INSTALL_C/repos/repos_400_c_round_two/pytorch___qnnpack/build/deps/googletest-download/googletest-prefix/src/release-1.8.0.zip' (install_repos.py:38) (pytorch___qnnpack)
09/12/2024 05:44:20 PM logger_pytorch___qnnpack DEBUG dst='/INSTALL_C/repos/repos_400_c_round_two/pytorch___qnnpack/deps/googletest' (install_repos.py:38) (pytorch___qnnpack)
09/12/2024 05:44:20 PM logger_pytorch___qnnpack DEBUG -- extracting... [tar xfz] (install_repos.py:38) (pytorch___qnnpack)
09/12/2024 05:44:20 PM logger_pytorch___qnnpack DEBUG -- extracting... [analysis] (install_repos.py:38) (pytorch___qnnpack)
09/12/2024 05:44:20 PM logger_pytorch___qnnpack DEBUG -- extracting... [rename] (install_repos.py:38) (pytorch___qnnpack)
09/12/2024 05:44:20 PM logger_pytorch___qnnpack DEBUG -- extracting... [clean up] (install_repos.py:38) (pytorch___qnnpack)
09/12/2024 05:44:20 PM logger_pytorch___qnnpack DEBUG -- extracting... done (install_repos.py:38) (pytorch___qnnpack)
09/12/2024 05:44:20 PM logger_pytorch___qnnpack DEBUG [ 33%] No update step for 'googletest' (install_repos.py:38) (pytorch___qnnpack)
09/12/2024 05:44:20 PM logger_pytorch___qnnpack DEBUG [ 44%] No patch step for 'googletest' (install_repos.py:38) (pytorch___qnnpack)
09/12/2024 05:44:20 PM logger_pytorch___qnnpack DEBUG [ 55%] No configure step for 'googletest' (install_repos.py:38) (pytorch___qnnpack)
09/12/2024 05:44:20 PM logger_pytorch___qnnpack DEBUG [ 66%] No build step for 'googletest' (install_repos.py:38) (pytorch___qnnpack)
09/12/2024 05:44:20 PM logger_pytorch___qnnpack DEBUG [ 77%] No install step for 'googletest' (install_repos.py:38) (pytorch___qnnpack)
09/12/2024 05:44:20 PM logger_pytorch___qnnpack DEBUG [ 88%] No test step for 'googletest' (install_repos.py:38) (pytorch___qnnpack)
09/12/2024 05:44:20 PM logger_pytorch___qnnpack DEBUG [100%] Completed 'googletest' (install_repos.py:38) (pytorch___qnnpack)
09/12/2024 05:44:20 PM logger_pytorch___qnnpack DEBUG [100%] Built target googletest (install_repos.py:38) (pytorch___qnnpack)
09/12/2024 05:44:20 PM logger_pytorch___qnnpack DEBUG -- Downloading Google Benchmark to /INSTALL_C/repos/repos_400_c_round_two/pytorch___qnnpack/deps/googlebenchmark (define GOOGLEBENCHMARK_SOURCE_DIR to avoid it) (install_repos.py:38) (pytorch___qnnpack)
09/12/2024 05:44:20 PM logger_pytorch___qnnpack DEBUG CMake Warning (dev) at /usr/share/cmake-3.25/Modules/ExternalProject.cmake:3075 (message): (install_repos.py:38) (pytorch___qnnpack)
09/12/2024 05:44:20 PM logger_pytorch___qnnpack DEBUG The DOWNLOAD_EXTRACT_TIMESTAMP option was not given and policy CMP0135 is (install_repos.py:38) (pytorch___qnnpack)
09/12/2024 05:44:20 PM logger_pytorch___qnnpack DEBUG not set.  The policy's OLD behavior will be used.  When using a URL (install_repos.py:38) (pytorch___qnnpack)
09/12/2024 05:44:20 PM logger_pytorch___qnnpack DEBUG download, the timestamps of extracted files should preferably be that of (install_repos.py:38) (pytorch___qnnpack)
09/12/2024 05:44:20 PM logger_pytorch___qnnpack DEBUG the time of extraction, otherwise code that depends on the extracted (install_repos.py:38) (pytorch___qnnpack)
09/12/2024 05:44:20 PM logger_pytorch___qnnpack DEBUG contents might not be rebuilt if the URL changes.  The OLD behavior (install_repos.py:38) (pytorch___qnnpack)
09/12/2024 05:44:20 PM logger_pytorch___qnnpack DEBUG preserves the timestamps from the archive instead, but this is usually not (install_repos.py:38) (pytorch___qnnpack)
09/12/2024 05:44:20 PM logger_pytorch___qnnpack DEBUG what you want.  Update your project to the NEW behavior or specify the (install_repos.py:38) (pytorch___qnnpack)
09/12/2024 05:44:20 PM logger_pytorch___qnnpack DEBUG DOWNLOAD_EXTRACT_TIMESTAMP option with a value of true to avoid this (install_repos.py:38) (pytorch___qnnpack)
09/12/2024 05:44:20 PM logger_pytorch___qnnpack DEBUG robustness issue. (install_repos.py:38) (pytorch___qnnpack)
09/12/2024 05:44:20 PM logger_pytorch___qnnpack DEBUG Call Stack (most recent call first): (install_repos.py:38) (pytorch___qnnpack)
09/12/2024 05:44:20 PM logger_pytorch___qnnpack DEBUG /usr/share/cmake-3.25/Modules/ExternalProject.cmake:4185 (_ep_add_download_command) (install_repos.py:38) (pytorch___qnnpack)
09/12/2024 05:44:20 PM logger_pytorch___qnnpack DEBUG CMakeLists.txt:12 (ExternalProject_Add) (install_repos.py:38) (pytorch___qnnpack)
09/12/2024 05:44:20 PM logger_pytorch___qnnpack DEBUG This warning is for project developers.  Use -Wno-dev to suppress it. (install_repos.py:38) (pytorch___qnnpack)
09/12/2024 05:44:20 PM logger_pytorch___qnnpack DEBUG  (install_repos.py:38) (pytorch___qnnpack)
09/12/2024 05:44:20 PM logger_pytorch___qnnpack DEBUG -- Configuring done (install_repos.py:38) (pytorch___qnnpack)
09/12/2024 05:44:20 PM logger_pytorch___qnnpack DEBUG -- Generating done (install_repos.py:38) (pytorch___qnnpack)
09/12/2024 05:44:20 PM logger_pytorch___qnnpack DEBUG -- Build files have been written to: /INSTALL_C/repos/repos_400_c_round_two/pytorch___qnnpack/build/deps/googlebenchmark-download (install_repos.py:38) (pytorch___qnnpack)
09/12/2024 05:44:20 PM logger_pytorch___qnnpack DEBUG [ 11%] Creating directories for 'googlebenchmark' (install_repos.py:38) (pytorch___qnnpack)
09/12/2024 05:44:21 PM logger_pytorch___qnnpack DEBUG [ 22%] Performing download step (download, verify and extract) for 'googlebenchmark' (install_repos.py:38) (pytorch___qnnpack)
09/12/2024 05:44:21 PM logger_pytorch___qnnpack DEBUG -- Downloading... (install_repos.py:38) (pytorch___qnnpack)
09/12/2024 05:44:21 PM logger_pytorch___qnnpack DEBUG dst='/INSTALL_C/repos/repos_400_c_round_two/pytorch___qnnpack/build/deps/googlebenchmark-download/googlebenchmark-prefix/src/v1.4.1.zip' (install_repos.py:38) (pytorch___qnnpack)
09/12/2024 05:44:21 PM logger_pytorch___qnnpack DEBUG timeout='none' (install_repos.py:38) (pytorch___qnnpack)
09/12/2024 05:44:21 PM logger_pytorch___qnnpack DEBUG inactivity timeout='none' (install_repos.py:38) (pytorch___qnnpack)
09/12/2024 05:44:21 PM logger_pytorch___qnnpack DEBUG -- Using src='https://github.com/google/benchmark/archive/v1.4.1.zip' (install_repos.py:38) (pytorch___qnnpack)
09/12/2024 05:44:21 PM logger_pytorch___qnnpack DEBUG -- verifying file... (install_repos.py:38) (pytorch___qnnpack)
09/12/2024 05:44:21 PM logger_pytorch___qnnpack DEBUG file='/INSTALL_C/repos/repos_400_c_round_two/pytorch___qnnpack/build/deps/googlebenchmark-download/googlebenchmark-prefix/src/v1.4.1.zip' (install_repos.py:38) (pytorch___qnnpack)
09/12/2024 05:44:21 PM logger_pytorch___qnnpack DEBUG -- Downloading... done (install_repos.py:38) (pytorch___qnnpack)
09/12/2024 05:44:21 PM logger_pytorch___qnnpack DEBUG -- extracting... (install_repos.py:38) (pytorch___qnnpack)
09/12/2024 05:44:21 PM logger_pytorch___qnnpack DEBUG src='/INSTALL_C/repos/repos_400_c_round_two/pytorch___qnnpack/build/deps/googlebenchmark-download/googlebenchmark-prefix/src/v1.4.1.zip' (install_repos.py:38) (pytorch___qnnpack)
09/12/2024 05:44:21 PM logger_pytorch___qnnpack DEBUG dst='/INSTALL_C/repos/repos_400_c_round_two/pytorch___qnnpack/deps/googlebenchmark' (install_repos.py:38) (pytorch___qnnpack)
09/12/2024 05:44:21 PM logger_pytorch___qnnpack DEBUG -- extracting... [tar xfz] (install_repos.py:38) (pytorch___qnnpack)
09/12/2024 05:44:21 PM logger_pytorch___qnnpack DEBUG -- extracting... [analysis] (install_repos.py:38) (pytorch___qnnpack)
09/12/2024 05:44:21 PM logger_pytorch___qnnpack DEBUG -- extracting... [rename] (install_repos.py:38) (pytorch___qnnpack)
09/12/2024 05:44:21 PM logger_pytorch___qnnpack DEBUG -- extracting... [clean up] (install_repos.py:38) (pytorch___qnnpack)
09/12/2024 05:44:21 PM logger_pytorch___qnnpack DEBUG -- extracting... done (install_repos.py:38) (pytorch___qnnpack)
09/12/2024 05:44:21 PM logger_pytorch___qnnpack DEBUG [ 33%] No update step for 'googlebenchmark' (install_repos.py:38) (pytorch___qnnpack)
09/12/2024 05:44:21 PM logger_pytorch___qnnpack DEBUG [ 44%] No patch step for 'googlebenchmark' (install_repos.py:38) (pytorch___qnnpack)
09/12/2024 05:44:21 PM logger_pytorch___qnnpack DEBUG [ 55%] No configure step for 'googlebenchmark' (install_repos.py:38) (pytorch___qnnpack)
09/12/2024 05:44:21 PM logger_pytorch___qnnpack DEBUG [ 66%] No build step for 'googlebenchmark' (install_repos.py:38) (pytorch___qnnpack)
09/12/2024 05:44:21 PM logger_pytorch___qnnpack DEBUG [ 77%] No install step for 'googlebenchmark' (install_repos.py:38) (pytorch___qnnpack)
09/12/2024 05:44:21 PM logger_pytorch___qnnpack DEBUG [ 88%] No test step for 'googlebenchmark' (install_repos.py:38) (pytorch___qnnpack)
09/12/2024 05:44:21 PM logger_pytorch___qnnpack DEBUG [100%] Completed 'googlebenchmark' (install_repos.py:38) (pytorch___qnnpack)
09/12/2024 05:44:21 PM logger_pytorch___qnnpack DEBUG [100%] Built target googlebenchmark (install_repos.py:38) (pytorch___qnnpack)
09/12/2024 05:44:21 PM logger_pytorch___qnnpack DEBUG CMake Error at CMakeLists.txt:292 (ADD_SUBDIRECTORY): (install_repos.py:38) (pytorch___qnnpack)
09/12/2024 05:44:21 PM logger_pytorch___qnnpack DEBUG The source directory (install_repos.py:38) (pytorch___qnnpack)
09/12/2024 05:44:21 PM logger_pytorch___qnnpack DEBUG  (install_repos.py:38) (pytorch___qnnpack)
09/12/2024 05:44:21 PM logger_pytorch___qnnpack DEBUG /INSTALL_C/repos/repos_400_c_round_two/pytorch___qnnpack/deps/cpuinfo (install_repos.py:38) (pytorch___qnnpack)
09/12/2024 05:44:21 PM logger_pytorch___qnnpack DEBUG  (install_repos.py:38) (pytorch___qnnpack)
09/12/2024 05:44:21 PM logger_pytorch___qnnpack DEBUG does not contain a CMakeLists.txt file. (install_repos.py:38) (pytorch___qnnpack)
09/12/2024 05:44:21 PM logger_pytorch___qnnpack DEBUG  (install_repos.py:38) (pytorch___qnnpack)
09/12/2024 05:44:21 PM logger_pytorch___qnnpack DEBUG  (install_repos.py:38) (pytorch___qnnpack)
09/12/2024 05:44:21 PM logger_pytorch___qnnpack DEBUG -- Performing Test CMAKE_HAVE_LIBC_PTHREAD (install_repos.py:38) (pytorch___qnnpack)
09/12/2024 05:44:21 PM logger_pytorch___qnnpack DEBUG -- Performing Test CMAKE_HAVE_LIBC_PTHREAD - Success (install_repos.py:38) (pytorch___qnnpack)
09/12/2024 05:44:21 PM logger_pytorch___qnnpack DEBUG -- Found Threads: TRUE (install_repos.py:38) (pytorch___qnnpack)
09/12/2024 05:44:21 PM logger_pytorch___qnnpack DEBUG CMake Deprecation Warning at deps/googletest/CMakeLists.txt:1 (cmake_minimum_required): (install_repos.py:38) (pytorch___qnnpack)
09/12/2024 05:44:21 PM logger_pytorch___qnnpack DEBUG Compatibility with CMake < 2.8.12 will be removed from a future version of (install_repos.py:38) (pytorch___qnnpack)
09/12/2024 05:44:21 PM logger_pytorch___qnnpack DEBUG CMake. (install_repos.py:38) (pytorch___qnnpack)
09/12/2024 05:44:21 PM logger_pytorch___qnnpack DEBUG  (install_repos.py:38) (pytorch___qnnpack)
09/12/2024 05:44:21 PM logger_pytorch___qnnpack DEBUG Update the VERSION argument <min> value or use a ...<max> suffix to tell (install_repos.py:38) (pytorch___qnnpack)
09/12/2024 05:44:21 PM logger_pytorch___qnnpack DEBUG CMake that the project does not need compatibility with older versions. (install_repos.py:38) (pytorch___qnnpack)
09/12/2024 05:44:21 PM logger_pytorch___qnnpack DEBUG  (install_repos.py:38) (pytorch___qnnpack)
09/12/2024 05:44:21 PM logger_pytorch___qnnpack DEBUG  (install_repos.py:38) (pytorch___qnnpack)
09/12/2024 05:44:21 PM logger_pytorch___qnnpack DEBUG CMake Deprecation Warning at deps/googletest/googlemock/CMakeLists.txt:41 (cmake_minimum_required): (install_repos.py:38) (pytorch___qnnpack)
09/12/2024 05:44:21 PM logger_pytorch___qnnpack DEBUG Compatibility with CMake < 2.8.12 will be removed from a future version of (install_repos.py:38) (pytorch___qnnpack)
09/12/2024 05:44:21 PM logger_pytorch___qnnpack DEBUG CMake. (install_repos.py:38) (pytorch___qnnpack)
09/12/2024 05:44:21 PM logger_pytorch___qnnpack DEBUG  (install_repos.py:38) (pytorch___qnnpack)
09/12/2024 05:44:21 PM logger_pytorch___qnnpack DEBUG Update the VERSION argument <min> value or use a ...<max> suffix to tell (install_repos.py:38) (pytorch___qnnpack)
09/12/2024 05:44:21 PM logger_pytorch___qnnpack DEBUG CMake that the project does not need compatibility with older versions. (install_repos.py:38) (pytorch___qnnpack)
09/12/2024 05:44:21 PM logger_pytorch___qnnpack DEBUG  (install_repos.py:38) (pytorch___qnnpack)
09/12/2024 05:44:21 PM logger_pytorch___qnnpack DEBUG  (install_repos.py:38) (pytorch___qnnpack)
09/12/2024 05:44:21 PM logger_pytorch___qnnpack DEBUG CMake Deprecation Warning at deps/googletest/googletest/CMakeLists.txt:48 (cmake_minimum_required): (install_repos.py:38) (pytorch___qnnpack)
09/12/2024 05:44:21 PM logger_pytorch___qnnpack DEBUG Compatibility with CMake < 2.8.12 will be removed from a future version of (install_repos.py:38) (pytorch___qnnpack)
09/12/2024 05:44:21 PM logger_pytorch___qnnpack DEBUG CMake. (install_repos.py:38) (pytorch___qnnpack)
09/12/2024 05:44:21 PM logger_pytorch___qnnpack DEBUG  (install_repos.py:38) (pytorch___qnnpack)
09/12/2024 05:44:21 PM logger_pytorch___qnnpack DEBUG Update the VERSION argument <min> value or use a ...<max> suffix to tell (install_repos.py:38) (pytorch___qnnpack)
09/12/2024 05:44:21 PM logger_pytorch___qnnpack DEBUG CMake that the project does not need compatibility with older versions. (install_repos.py:38) (pytorch___qnnpack)
09/12/2024 05:44:21 PM logger_pytorch___qnnpack DEBUG  (install_repos.py:38) (pytorch___qnnpack)
09/12/2024 05:44:21 PM logger_pytorch___qnnpack DEBUG  (install_repos.py:38) (pytorch___qnnpack)
09/12/2024 05:44:21 PM logger_pytorch___qnnpack DEBUG -- Found PythonInterp: /usr/local/bin/python (found version "3.11.10") (install_repos.py:38) (pytorch___qnnpack)
09/12/2024 05:44:21 PM logger_pytorch___qnnpack DEBUG -- Failed to find LLVM FileCheck (install_repos.py:38) (pytorch___qnnpack)
09/12/2024 05:44:21 PM logger_pytorch___qnnpack DEBUG -- Found Git: /usr/bin/git (found version "2.39.2") (install_repos.py:38) (pytorch___qnnpack)
09/12/2024 05:44:21 PM logger_pytorch___qnnpack DEBUG -- git Version: v0.0.0 (install_repos.py:38) (pytorch___qnnpack)
09/12/2024 05:44:21 PM logger_pytorch___qnnpack DEBUG -- Version: 0.0.0 (install_repos.py:38) (pytorch___qnnpack)
09/12/2024 05:44:21 PM logger_pytorch___qnnpack DEBUG -- Performing Test HAVE_CXX_FLAG_STD_CXX11 (install_repos.py:38) (pytorch___qnnpack)
09/12/2024 05:44:21 PM logger_pytorch___qnnpack DEBUG -- Performing Test HAVE_CXX_FLAG_STD_CXX11 - Success (install_repos.py:38) (pytorch___qnnpack)
09/12/2024 05:44:21 PM logger_pytorch___qnnpack DEBUG -- Performing Test HAVE_CXX_FLAG_WALL (install_repos.py:38) (pytorch___qnnpack)
09/12/2024 05:44:22 PM logger_pytorch___qnnpack DEBUG -- Performing Test HAVE_CXX_FLAG_WALL - Success (install_repos.py:38) (pytorch___qnnpack)
09/12/2024 05:44:22 PM logger_pytorch___qnnpack DEBUG -- Performing Test HAVE_CXX_FLAG_WEXTRA (install_repos.py:38) (pytorch___qnnpack)
09/12/2024 05:44:22 PM logger_pytorch___qnnpack DEBUG -- Performing Test HAVE_CXX_FLAG_WEXTRA - Success (install_repos.py:38) (pytorch___qnnpack)
09/12/2024 05:44:22 PM logger_pytorch___qnnpack DEBUG -- Performing Test HAVE_CXX_FLAG_WSHADOW (install_repos.py:38) (pytorch___qnnpack)
09/12/2024 05:44:22 PM logger_pytorch___qnnpack DEBUG -- Performing Test HAVE_CXX_FLAG_WSHADOW - Success (install_repos.py:38) (pytorch___qnnpack)
09/12/2024 05:44:22 PM logger_pytorch___qnnpack DEBUG -- Performing Test HAVE_CXX_FLAG_WERROR (install_repos.py:38) (pytorch___qnnpack)
09/12/2024 05:44:22 PM logger_pytorch___qnnpack DEBUG -- Performing Test HAVE_CXX_FLAG_WERROR - Success (install_repos.py:38) (pytorch___qnnpack)
09/12/2024 05:44:22 PM logger_pytorch___qnnpack DEBUG -- Performing Test HAVE_CXX_FLAG_PEDANTIC (install_repos.py:38) (pytorch___qnnpack)
09/12/2024 05:44:22 PM logger_pytorch___qnnpack DEBUG -- Performing Test HAVE_CXX_FLAG_PEDANTIC - Success (install_repos.py:38) (pytorch___qnnpack)
09/12/2024 05:44:22 PM logger_pytorch___qnnpack DEBUG -- Performing Test HAVE_CXX_FLAG_PEDANTIC_ERRORS (install_repos.py:38) (pytorch___qnnpack)
09/12/2024 05:44:22 PM logger_pytorch___qnnpack DEBUG -- Performing Test HAVE_CXX_FLAG_PEDANTIC_ERRORS - Success (install_repos.py:38) (pytorch___qnnpack)
09/12/2024 05:44:22 PM logger_pytorch___qnnpack DEBUG -- Performing Test HAVE_CXX_FLAG_WSHORTEN_64_TO_32 (install_repos.py:38) (pytorch___qnnpack)
09/12/2024 05:44:22 PM logger_pytorch___qnnpack DEBUG -- Performing Test HAVE_CXX_FLAG_WSHORTEN_64_TO_32 - Failed (install_repos.py:38) (pytorch___qnnpack)
09/12/2024 05:44:22 PM logger_pytorch___qnnpack DEBUG -- Performing Test HAVE_CXX_FLAG_WFLOAT_EQUAL (install_repos.py:38) (pytorch___qnnpack)
09/12/2024 05:44:22 PM logger_pytorch___qnnpack DEBUG -- Performing Test HAVE_CXX_FLAG_WFLOAT_EQUAL - Success (install_repos.py:38) (pytorch___qnnpack)
09/12/2024 05:44:22 PM logger_pytorch___qnnpack DEBUG -- Performing Test HAVE_CXX_FLAG_FSTRICT_ALIASING (install_repos.py:38) (pytorch___qnnpack)
09/12/2024 05:44:22 PM logger_pytorch___qnnpack DEBUG -- Performing Test HAVE_CXX_FLAG_FSTRICT_ALIASING - Success (install_repos.py:38) (pytorch___qnnpack)
09/12/2024 05:44:22 PM logger_pytorch___qnnpack DEBUG -- Performing Test HAVE_CXX_FLAG_WSTRICT_ALIASING (install_repos.py:38) (pytorch___qnnpack)
09/12/2024 05:44:22 PM logger_pytorch___qnnpack DEBUG -- Performing Test HAVE_CXX_FLAG_WSTRICT_ALIASING - Success (install_repos.py:38) (pytorch___qnnpack)
09/12/2024 05:44:22 PM logger_pytorch___qnnpack DEBUG -- Performing Test HAVE_CXX_FLAG_WD654 (install_repos.py:38) (pytorch___qnnpack)
09/12/2024 05:44:22 PM logger_pytorch___qnnpack DEBUG -- Performing Test HAVE_CXX_FLAG_WD654 - Failed (install_repos.py:38) (pytorch___qnnpack)
09/12/2024 05:44:22 PM logger_pytorch___qnnpack DEBUG -- Performing Test HAVE_CXX_FLAG_WTHREAD_SAFETY (install_repos.py:38) (pytorch___qnnpack)
09/12/2024 05:44:22 PM logger_pytorch___qnnpack DEBUG -- Performing Test HAVE_CXX_FLAG_WTHREAD_SAFETY - Failed (install_repos.py:38) (pytorch___qnnpack)
09/12/2024 05:44:22 PM logger_pytorch___qnnpack DEBUG -- Performing Test HAVE_CXX_FLAG_COVERAGE (install_repos.py:38) (pytorch___qnnpack)
09/12/2024 05:44:23 PM logger_pytorch___qnnpack DEBUG -- Performing Test HAVE_CXX_FLAG_COVERAGE - Success (install_repos.py:38) (pytorch___qnnpack)
09/12/2024 05:44:23 PM logger_pytorch___qnnpack DEBUG -- Performing Test HAVE_STD_REGEX (install_repos.py:38) (pytorch___qnnpack)
09/12/2024 05:44:23 PM logger_pytorch___qnnpack DEBUG -- Performing Test HAVE_STD_REGEX (install_repos.py:38) (pytorch___qnnpack)
09/12/2024 05:44:25 PM logger_pytorch___qnnpack DEBUG -- Performing Test HAVE_STD_REGEX -- success (install_repos.py:38) (pytorch___qnnpack)
09/12/2024 05:44:25 PM logger_pytorch___qnnpack DEBUG -- Performing Test HAVE_GNU_POSIX_REGEX (install_repos.py:38) (pytorch___qnnpack)
09/12/2024 05:44:25 PM logger_pytorch___qnnpack DEBUG -- Performing Test HAVE_GNU_POSIX_REGEX (install_repos.py:38) (pytorch___qnnpack)
09/12/2024 05:44:25 PM logger_pytorch___qnnpack DEBUG -- Performing Test HAVE_GNU_POSIX_REGEX -- failed to compile (install_repos.py:38) (pytorch___qnnpack)
09/12/2024 05:44:25 PM logger_pytorch___qnnpack DEBUG -- Performing Test HAVE_POSIX_REGEX (install_repos.py:38) (pytorch___qnnpack)
09/12/2024 05:44:25 PM logger_pytorch___qnnpack DEBUG -- Performing Test HAVE_POSIX_REGEX (install_repos.py:38) (pytorch___qnnpack)
09/12/2024 05:44:25 PM logger_pytorch___qnnpack DEBUG -- Performing Test HAVE_POSIX_REGEX -- success (install_repos.py:38) (pytorch___qnnpack)
09/12/2024 05:44:25 PM logger_pytorch___qnnpack DEBUG -- Performing Test HAVE_STEADY_CLOCK (install_repos.py:38) (pytorch___qnnpack)
09/12/2024 05:44:25 PM logger_pytorch___qnnpack DEBUG -- Performing Test HAVE_STEADY_CLOCK (install_repos.py:38) (pytorch___qnnpack)
09/12/2024 05:44:26 PM logger_pytorch___qnnpack DEBUG -- Performing Test HAVE_STEADY_CLOCK -- success (install_repos.py:38) (pytorch___qnnpack)
09/12/2024 05:44:26 PM logger_pytorch___qnnpack DEBUG -- Configuring incomplete, errors occurred! (install_repos.py:38) (pytorch___qnnpack)
09/12/2024 05:44:26 PM logger_pytorch___qnnpack DEBUG See also "/INSTALL_C/repos/repos_400_c_round_two/pytorch___qnnpack/build/CMakeFiles/CMakeOutput.log". (install_repos.py:38) (pytorch___qnnpack)
09/12/2024 05:44:26 PM logger_pytorch___qnnpack DEBUG See also "/INSTALL_C/repos/repos_400_c_round_two/pytorch___qnnpack/build/CMakeFiles/CMakeError.log". (install_repos.py:38) (pytorch___qnnpack)
09/12/2024 05:44:26 PM logger_pytorch___qnnpack ERROR Error: Build failed for pytorch___qnnpack
Build failed for reason: cmake failed (install_repos.py:295) (pytorch___qnnpack)
