09/12/2024 05:59:25 PM logger_rpisec___mbe INFO <<<<<<<<<<<<<<<<<< Logger setup anew <<<<<<<<<<<<<<<<<<< (utils.py:39) (rpisec___mbe)
09/12/2024 05:59:25 PM logger_rpisec___mbe INFO Analyzing repos/repos_400_c_round_two/rpisec___mbe (install_repos.py:285) (rpisec___mbe)
09/12/2024 05:59:25 PM logger_rpisec___mbe INFO Checking for build system in repos/repos_400_c_round_two/rpisec___mbe/src (install_repos.py:267) (rpisec___mbe)
09/12/2024 05:59:25 PM logger_rpisec___mbe INFO Checking for build system in repos/repos_400_c_round_two/rpisec___mbe/src (install_repos.py:267) (rpisec___mbe)
09/12/2024 05:59:25 PM logger_rpisec___mbe INFO Running command: rm -rf build/ (install_repos.py:20) (rpisec___mbe)
09/12/2024 05:59:25 PM logger_rpisec___mbe INFO Logging output to: logs/repos/repos_400_c_round_two_install_logs_with_make_cmake_gradlew_meson_scons_bazel_2024-09-12_17-35-05/rpisec___mbe_build.log (install_repos.py:21) (rpisec___mbe)
09/12/2024 05:59:25 PM logger_rpisec___mbe INFO Running command: rm -rf CMakeCache.txt (install_repos.py:20) (rpisec___mbe)
09/12/2024 05:59:25 PM logger_rpisec___mbe INFO Logging output to: logs/repos/repos_400_c_round_two_install_logs_with_make_cmake_gradlew_meson_scons_bazel_2024-09-12_17-35-05/rpisec___mbe_build.log (install_repos.py:21) (rpisec___mbe)
09/12/2024 05:59:25 PM logger_rpisec___mbe INFO Running command: rm -rf CMakeFiles/ (install_repos.py:20) (rpisec___mbe)
09/12/2024 05:59:25 PM logger_rpisec___mbe INFO Logging output to: logs/repos/repos_400_c_round_two_install_logs_with_make_cmake_gradlew_meson_scons_bazel_2024-09-12_17-35-05/rpisec___mbe_build.log (install_repos.py:21) (rpisec___mbe)
09/12/2024 05:59:25 PM logger_rpisec___mbe INFO Running CMake (install_repos.py:141) (rpisec___mbe)
09/12/2024 05:59:25 PM logger_rpisec___mbe INFO Running command: cmake .. (install_repos.py:20) (rpisec___mbe)
09/12/2024 05:59:25 PM logger_rpisec___mbe INFO Logging output to: logs/repos/repos_400_c_round_two_install_logs_with_make_cmake_gradlew_meson_scons_bazel_2024-09-12_17-35-05/build_build.log (install_repos.py:21) (rpisec___mbe)
09/12/2024 05:59:25 PM logger_rpisec___mbe DEBUG CMake Deprecation Warning at CMakeLists.txt:3 (cmake_minimum_required): (install_repos.py:38) (rpisec___mbe)
09/12/2024 05:59:25 PM logger_rpisec___mbe DEBUG Compatibility with CMake < 2.8.12 will be removed from a future version of (install_repos.py:38) (rpisec___mbe)
09/12/2024 05:59:25 PM logger_rpisec___mbe DEBUG CMake. (install_repos.py:38) (rpisec___mbe)
09/12/2024 05:59:25 PM logger_rpisec___mbe DEBUG  (install_repos.py:38) (rpisec___mbe)
09/12/2024 05:59:25 PM logger_rpisec___mbe DEBUG Update the VERSION argument <min> value or use a ...<max> suffix to tell (install_repos.py:38) (rpisec___mbe)
09/12/2024 05:59:25 PM logger_rpisec___mbe DEBUG CMake that the project does not need compatibility with older versions. (install_repos.py:38) (rpisec___mbe)
09/12/2024 05:59:25 PM logger_rpisec___mbe DEBUG  (install_repos.py:38) (rpisec___mbe)
09/12/2024 05:59:25 PM logger_rpisec___mbe DEBUG  (install_repos.py:38) (rpisec___mbe)
09/12/2024 05:59:25 PM logger_rpisec___mbe DEBUG -- The C compiler identification is GNU 12.2.0 (install_repos.py:38) (rpisec___mbe)
09/12/2024 05:59:25 PM logger_rpisec___mbe DEBUG -- The CXX compiler identification is GNU 12.2.0 (install_repos.py:38) (rpisec___mbe)
09/12/2024 05:59:25 PM logger_rpisec___mbe DEBUG -- Detecting C compiler ABI info (install_repos.py:38) (rpisec___mbe)
09/12/2024 05:59:25 PM logger_rpisec___mbe DEBUG -- Detecting C compiler ABI info - done (install_repos.py:38) (rpisec___mbe)
09/12/2024 05:59:25 PM logger_rpisec___mbe DEBUG -- Check for working C compiler: /usr/bin/cc - skipped (install_repos.py:38) (rpisec___mbe)
09/12/2024 05:59:25 PM logger_rpisec___mbe DEBUG -- Detecting C compile features (install_repos.py:38) (rpisec___mbe)
09/12/2024 05:59:25 PM logger_rpisec___mbe DEBUG -- Detecting C compile features - done (install_repos.py:38) (rpisec___mbe)
09/12/2024 05:59:25 PM logger_rpisec___mbe DEBUG -- Detecting CXX compiler ABI info (install_repos.py:38) (rpisec___mbe)
09/12/2024 05:59:26 PM logger_rpisec___mbe DEBUG -- Detecting CXX compiler ABI info - done (install_repos.py:38) (rpisec___mbe)
09/12/2024 05:59:26 PM logger_rpisec___mbe DEBUG -- Check for working CXX compiler: /usr/bin/c++ - skipped (install_repos.py:38) (rpisec___mbe)
09/12/2024 05:59:26 PM logger_rpisec___mbe DEBUG -- Detecting CXX compile features (install_repos.py:38) (rpisec___mbe)
09/12/2024 05:59:26 PM logger_rpisec___mbe DEBUG -- Detecting CXX compile features - done (install_repos.py:38) (rpisec___mbe)
09/12/2024 05:59:26 PM logger_rpisec___mbe DEBUG CMake Deprecation Warning at src/CMakeLists.txt:1 (cmake_minimum_required): (install_repos.py:38) (rpisec___mbe)
09/12/2024 05:59:26 PM logger_rpisec___mbe DEBUG Compatibility with CMake < 2.8.12 will be removed from a future version of (install_repos.py:38) (rpisec___mbe)
09/12/2024 05:59:26 PM logger_rpisec___mbe DEBUG CMake. (install_repos.py:38) (rpisec___mbe)
09/12/2024 05:59:26 PM logger_rpisec___mbe DEBUG  (install_repos.py:38) (rpisec___mbe)
09/12/2024 05:59:26 PM logger_rpisec___mbe DEBUG Update the VERSION argument <min> value or use a ...<max> suffix to tell (install_repos.py:38) (rpisec___mbe)
09/12/2024 05:59:26 PM logger_rpisec___mbe DEBUG CMake that the project does not need compatibility with older versions. (install_repos.py:38) (rpisec___mbe)
09/12/2024 05:59:26 PM logger_rpisec___mbe DEBUG  (install_repos.py:38) (rpisec___mbe)
09/12/2024 05:59:26 PM logger_rpisec___mbe DEBUG  (install_repos.py:38) (rpisec___mbe)
09/12/2024 05:59:26 PM logger_rpisec___mbe DEBUG -- Building lab01... (install_repos.py:38) (rpisec___mbe)
09/12/2024 05:59:26 PM logger_rpisec___mbe DEBUG CMake Deprecation Warning at src/lab01/CMakeLists.txt:1 (cmake_minimum_required): (install_repos.py:38) (rpisec___mbe)
09/12/2024 05:59:26 PM logger_rpisec___mbe DEBUG Compatibility with CMake < 2.8.12 will be removed from a future version of (install_repos.py:38) (rpisec___mbe)
09/12/2024 05:59:26 PM logger_rpisec___mbe DEBUG CMake. (install_repos.py:38) (rpisec___mbe)
09/12/2024 05:59:26 PM logger_rpisec___mbe DEBUG  (install_repos.py:38) (rpisec___mbe)
09/12/2024 05:59:26 PM logger_rpisec___mbe DEBUG Update the VERSION argument <min> value or use a ...<max> suffix to tell (install_repos.py:38) (rpisec___mbe)
09/12/2024 05:59:26 PM logger_rpisec___mbe DEBUG CMake that the project does not need compatibility with older versions. (install_repos.py:38) (rpisec___mbe)
09/12/2024 05:59:26 PM logger_rpisec___mbe DEBUG  (install_repos.py:38) (rpisec___mbe)
09/12/2024 05:59:26 PM logger_rpisec___mbe DEBUG  (install_repos.py:38) (rpisec___mbe)
09/12/2024 05:59:26 PM logger_rpisec___mbe DEBUG -- Building lab02... (install_repos.py:38) (rpisec___mbe)
09/12/2024 05:59:26 PM logger_rpisec___mbe DEBUG CMake Deprecation Warning at src/lab02/CMakeLists.txt:1 (cmake_minimum_required): (install_repos.py:38) (rpisec___mbe)
09/12/2024 05:59:26 PM logger_rpisec___mbe DEBUG Compatibility with CMake < 2.8.12 will be removed from a future version of (install_repos.py:38) (rpisec___mbe)
09/12/2024 05:59:26 PM logger_rpisec___mbe DEBUG CMake. (install_repos.py:38) (rpisec___mbe)
09/12/2024 05:59:26 PM logger_rpisec___mbe DEBUG  (install_repos.py:38) (rpisec___mbe)
09/12/2024 05:59:26 PM logger_rpisec___mbe DEBUG Update the VERSION argument <min> value or use a ...<max> suffix to tell (install_repos.py:38) (rpisec___mbe)
09/12/2024 05:59:26 PM logger_rpisec___mbe DEBUG CMake that the project does not need compatibility with older versions. (install_repos.py:38) (rpisec___mbe)
09/12/2024 05:59:26 PM logger_rpisec___mbe DEBUG  (install_repos.py:38) (rpisec___mbe)
09/12/2024 05:59:26 PM logger_rpisec___mbe DEBUG  (install_repos.py:38) (rpisec___mbe)
09/12/2024 05:59:26 PM logger_rpisec___mbe DEBUG -- Building lab03... (install_repos.py:38) (rpisec___mbe)
09/12/2024 05:59:26 PM logger_rpisec___mbe DEBUG CMake Deprecation Warning at src/lab03/CMakeLists.txt:1 (cmake_minimum_required): (install_repos.py:38) (rpisec___mbe)
09/12/2024 05:59:26 PM logger_rpisec___mbe DEBUG Compatibility with CMake < 2.8.12 will be removed from a future version of (install_repos.py:38) (rpisec___mbe)
09/12/2024 05:59:26 PM logger_rpisec___mbe DEBUG CMake. (install_repos.py:38) (rpisec___mbe)
09/12/2024 05:59:26 PM logger_rpisec___mbe DEBUG  (install_repos.py:38) (rpisec___mbe)
09/12/2024 05:59:26 PM logger_rpisec___mbe DEBUG Update the VERSION argument <min> value or use a ...<max> suffix to tell (install_repos.py:38) (rpisec___mbe)
09/12/2024 05:59:26 PM logger_rpisec___mbe DEBUG CMake that the project does not need compatibility with older versions. (install_repos.py:38) (rpisec___mbe)
09/12/2024 05:59:26 PM logger_rpisec___mbe DEBUG  (install_repos.py:38) (rpisec___mbe)
09/12/2024 05:59:26 PM logger_rpisec___mbe DEBUG  (install_repos.py:38) (rpisec___mbe)
09/12/2024 05:59:26 PM logger_rpisec___mbe DEBUG -- Building lab04... (install_repos.py:38) (rpisec___mbe)
09/12/2024 05:59:26 PM logger_rpisec___mbe DEBUG CMake Deprecation Warning at src/lab04/CMakeLists.txt:1 (cmake_minimum_required): (install_repos.py:38) (rpisec___mbe)
09/12/2024 05:59:26 PM logger_rpisec___mbe DEBUG Compatibility with CMake < 2.8.12 will be removed from a future version of (install_repos.py:38) (rpisec___mbe)
09/12/2024 05:59:26 PM logger_rpisec___mbe DEBUG CMake. (install_repos.py:38) (rpisec___mbe)
09/12/2024 05:59:26 PM logger_rpisec___mbe DEBUG  (install_repos.py:38) (rpisec___mbe)
09/12/2024 05:59:26 PM logger_rpisec___mbe DEBUG Update the VERSION argument <min> value or use a ...<max> suffix to tell (install_repos.py:38) (rpisec___mbe)
09/12/2024 05:59:26 PM logger_rpisec___mbe DEBUG CMake that the project does not need compatibility with older versions. (install_repos.py:38) (rpisec___mbe)
09/12/2024 05:59:26 PM logger_rpisec___mbe DEBUG  (install_repos.py:38) (rpisec___mbe)
09/12/2024 05:59:26 PM logger_rpisec___mbe DEBUG  (install_repos.py:38) (rpisec___mbe)
09/12/2024 05:59:26 PM logger_rpisec___mbe DEBUG -- Building lab05... (install_repos.py:38) (rpisec___mbe)
09/12/2024 05:59:26 PM logger_rpisec___mbe DEBUG CMake Deprecation Warning at src/lab05/CMakeLists.txt:1 (cmake_minimum_required): (install_repos.py:38) (rpisec___mbe)
09/12/2024 05:59:26 PM logger_rpisec___mbe DEBUG Compatibility with CMake < 2.8.12 will be removed from a future version of (install_repos.py:38) (rpisec___mbe)
09/12/2024 05:59:26 PM logger_rpisec___mbe DEBUG CMake. (install_repos.py:38) (rpisec___mbe)
09/12/2024 05:59:26 PM logger_rpisec___mbe DEBUG  (install_repos.py:38) (rpisec___mbe)
09/12/2024 05:59:26 PM logger_rpisec___mbe DEBUG Update the VERSION argument <min> value or use a ...<max> suffix to tell (install_repos.py:38) (rpisec___mbe)
09/12/2024 05:59:26 PM logger_rpisec___mbe DEBUG CMake that the project does not need compatibility with older versions. (install_repos.py:38) (rpisec___mbe)
09/12/2024 05:59:26 PM logger_rpisec___mbe DEBUG  (install_repos.py:38) (rpisec___mbe)
09/12/2024 05:59:26 PM logger_rpisec___mbe DEBUG  (install_repos.py:38) (rpisec___mbe)
09/12/2024 05:59:26 PM logger_rpisec___mbe DEBUG -- Building lab06... (install_repos.py:38) (rpisec___mbe)
09/12/2024 05:59:26 PM logger_rpisec___mbe DEBUG CMake Deprecation Warning at src/lab06/CMakeLists.txt:1 (cmake_minimum_required): (install_repos.py:38) (rpisec___mbe)
09/12/2024 05:59:26 PM logger_rpisec___mbe DEBUG Compatibility with CMake < 2.8.12 will be removed from a future version of (install_repos.py:38) (rpisec___mbe)
09/12/2024 05:59:26 PM logger_rpisec___mbe DEBUG CMake. (install_repos.py:38) (rpisec___mbe)
09/12/2024 05:59:26 PM logger_rpisec___mbe DEBUG  (install_repos.py:38) (rpisec___mbe)
09/12/2024 05:59:26 PM logger_rpisec___mbe DEBUG Update the VERSION argument <min> value or use a ...<max> suffix to tell (install_repos.py:38) (rpisec___mbe)
09/12/2024 05:59:26 PM logger_rpisec___mbe DEBUG CMake that the project does not need compatibility with older versions. (install_repos.py:38) (rpisec___mbe)
09/12/2024 05:59:26 PM logger_rpisec___mbe DEBUG  (install_repos.py:38) (rpisec___mbe)
09/12/2024 05:59:26 PM logger_rpisec___mbe DEBUG  (install_repos.py:38) (rpisec___mbe)
09/12/2024 05:59:26 PM logger_rpisec___mbe DEBUG -- Building lab07... (install_repos.py:38) (rpisec___mbe)
09/12/2024 05:59:26 PM logger_rpisec___mbe DEBUG CMake Deprecation Warning at src/lab07/CMakeLists.txt:1 (cmake_minimum_required): (install_repos.py:38) (rpisec___mbe)
09/12/2024 05:59:26 PM logger_rpisec___mbe DEBUG Compatibility with CMake < 2.8.12 will be removed from a future version of (install_repos.py:38) (rpisec___mbe)
09/12/2024 05:59:26 PM logger_rpisec___mbe DEBUG CMake. (install_repos.py:38) (rpisec___mbe)
09/12/2024 05:59:26 PM logger_rpisec___mbe DEBUG  (install_repos.py:38) (rpisec___mbe)
09/12/2024 05:59:26 PM logger_rpisec___mbe DEBUG Update the VERSION argument <min> value or use a ...<max> suffix to tell (install_repos.py:38) (rpisec___mbe)
09/12/2024 05:59:26 PM logger_rpisec___mbe DEBUG CMake that the project does not need compatibility with older versions. (install_repos.py:38) (rpisec___mbe)
09/12/2024 05:59:26 PM logger_rpisec___mbe DEBUG  (install_repos.py:38) (rpisec___mbe)
09/12/2024 05:59:26 PM logger_rpisec___mbe DEBUG  (install_repos.py:38) (rpisec___mbe)
09/12/2024 05:59:26 PM logger_rpisec___mbe DEBUG -- Building lab08... (install_repos.py:38) (rpisec___mbe)
09/12/2024 05:59:26 PM logger_rpisec___mbe DEBUG CMake Deprecation Warning at src/lab08/CMakeLists.txt:1 (cmake_minimum_required): (install_repos.py:38) (rpisec___mbe)
09/12/2024 05:59:26 PM logger_rpisec___mbe DEBUG Compatibility with CMake < 2.8.12 will be removed from a future version of (install_repos.py:38) (rpisec___mbe)
09/12/2024 05:59:26 PM logger_rpisec___mbe DEBUG CMake. (install_repos.py:38) (rpisec___mbe)
09/12/2024 05:59:26 PM logger_rpisec___mbe DEBUG  (install_repos.py:38) (rpisec___mbe)
09/12/2024 05:59:26 PM logger_rpisec___mbe DEBUG Update the VERSION argument <min> value or use a ...<max> suffix to tell (install_repos.py:38) (rpisec___mbe)
09/12/2024 05:59:26 PM logger_rpisec___mbe DEBUG CMake that the project does not need compatibility with older versions. (install_repos.py:38) (rpisec___mbe)
09/12/2024 05:59:26 PM logger_rpisec___mbe DEBUG  (install_repos.py:38) (rpisec___mbe)
09/12/2024 05:59:26 PM logger_rpisec___mbe DEBUG  (install_repos.py:38) (rpisec___mbe)
09/12/2024 05:59:26 PM logger_rpisec___mbe DEBUG -- Building lab09... (install_repos.py:38) (rpisec___mbe)
09/12/2024 05:59:26 PM logger_rpisec___mbe DEBUG CMake Deprecation Warning at src/lab09/CMakeLists.txt:1 (cmake_minimum_required): (install_repos.py:38) (rpisec___mbe)
09/12/2024 05:59:26 PM logger_rpisec___mbe DEBUG Compatibility with CMake < 2.8.12 will be removed from a future version of (install_repos.py:38) (rpisec___mbe)
09/12/2024 05:59:26 PM logger_rpisec___mbe DEBUG CMake. (install_repos.py:38) (rpisec___mbe)
09/12/2024 05:59:26 PM logger_rpisec___mbe DEBUG  (install_repos.py:38) (rpisec___mbe)
09/12/2024 05:59:26 PM logger_rpisec___mbe DEBUG Update the VERSION argument <min> value or use a ...<max> suffix to tell (install_repos.py:38) (rpisec___mbe)
09/12/2024 05:59:26 PM logger_rpisec___mbe DEBUG CMake that the project does not need compatibility with older versions. (install_repos.py:38) (rpisec___mbe)
09/12/2024 05:59:26 PM logger_rpisec___mbe DEBUG  (install_repos.py:38) (rpisec___mbe)
09/12/2024 05:59:26 PM logger_rpisec___mbe DEBUG  (install_repos.py:38) (rpisec___mbe)
09/12/2024 05:59:26 PM logger_rpisec___mbe DEBUG -- Building lab10... (install_repos.py:38) (rpisec___mbe)
09/12/2024 05:59:26 PM logger_rpisec___mbe DEBUG CMake Deprecation Warning at src/lab10/CMakeLists.txt:1 (cmake_minimum_required): (install_repos.py:38) (rpisec___mbe)
09/12/2024 05:59:26 PM logger_rpisec___mbe DEBUG Compatibility with CMake < 2.8.12 will be removed from a future version of (install_repos.py:38) (rpisec___mbe)
09/12/2024 05:59:26 PM logger_rpisec___mbe DEBUG CMake. (install_repos.py:38) (rpisec___mbe)
09/12/2024 05:59:26 PM logger_rpisec___mbe DEBUG  (install_repos.py:38) (rpisec___mbe)
09/12/2024 05:59:26 PM logger_rpisec___mbe DEBUG Update the VERSION argument <min> value or use a ...<max> suffix to tell (install_repos.py:38) (rpisec___mbe)
09/12/2024 05:59:26 PM logger_rpisec___mbe DEBUG CMake that the project does not need compatibility with older versions. (install_repos.py:38) (rpisec___mbe)
09/12/2024 05:59:26 PM logger_rpisec___mbe DEBUG  (install_repos.py:38) (rpisec___mbe)
09/12/2024 05:59:26 PM logger_rpisec___mbe DEBUG  (install_repos.py:38) (rpisec___mbe)
09/12/2024 05:59:26 PM logger_rpisec___mbe DEBUG -- Building lecture... (install_repos.py:38) (rpisec___mbe)
09/12/2024 05:59:26 PM logger_rpisec___mbe DEBUG CMake Deprecation Warning at src/lecture/CMakeLists.txt:1 (cmake_minimum_required): (install_repos.py:38) (rpisec___mbe)
09/12/2024 05:59:26 PM logger_rpisec___mbe DEBUG Compatibility with CMake < 2.8.12 will be removed from a future version of (install_repos.py:38) (rpisec___mbe)
09/12/2024 05:59:26 PM logger_rpisec___mbe DEBUG CMake. (install_repos.py:38) (rpisec___mbe)
09/12/2024 05:59:26 PM logger_rpisec___mbe DEBUG  (install_repos.py:38) (rpisec___mbe)
09/12/2024 05:59:26 PM logger_rpisec___mbe DEBUG Update the VERSION argument <min> value or use a ...<max> suffix to tell (install_repos.py:38) (rpisec___mbe)
09/12/2024 05:59:26 PM logger_rpisec___mbe DEBUG CMake that the project does not need compatibility with older versions. (install_repos.py:38) (rpisec___mbe)
09/12/2024 05:59:26 PM logger_rpisec___mbe DEBUG  (install_repos.py:38) (rpisec___mbe)
09/12/2024 05:59:26 PM logger_rpisec___mbe DEBUG  (install_repos.py:38) (rpisec___mbe)
09/12/2024 05:59:26 PM logger_rpisec___mbe DEBUG -- Building lecture:aslr... (install_repos.py:38) (rpisec___mbe)
09/12/2024 05:59:26 PM logger_rpisec___mbe DEBUG CMake Deprecation Warning at src/lecture/aslr/CMakeLists.txt:1 (cmake_minimum_required): (install_repos.py:38) (rpisec___mbe)
09/12/2024 05:59:26 PM logger_rpisec___mbe DEBUG Compatibility with CMake < 2.8.12 will be removed from a future version of (install_repos.py:38) (rpisec___mbe)
09/12/2024 05:59:26 PM logger_rpisec___mbe DEBUG CMake. (install_repos.py:38) (rpisec___mbe)
09/12/2024 05:59:26 PM logger_rpisec___mbe DEBUG  (install_repos.py:38) (rpisec___mbe)
09/12/2024 05:59:26 PM logger_rpisec___mbe DEBUG Update the VERSION argument <min> value or use a ...<max> suffix to tell (install_repos.py:38) (rpisec___mbe)
09/12/2024 05:59:26 PM logger_rpisec___mbe DEBUG CMake that the project does not need compatibility with older versions. (install_repos.py:38) (rpisec___mbe)
09/12/2024 05:59:26 PM logger_rpisec___mbe DEBUG  (install_repos.py:38) (rpisec___mbe)
09/12/2024 05:59:26 PM logger_rpisec___mbe DEBUG  (install_repos.py:38) (rpisec___mbe)
09/12/2024 05:59:26 PM logger_rpisec___mbe DEBUG -- Building lecture:cpp... (install_repos.py:38) (rpisec___mbe)
09/12/2024 05:59:26 PM logger_rpisec___mbe DEBUG CMake Deprecation Warning at src/lecture/cpp/CMakeLists.txt:1 (cmake_minimum_required): (install_repos.py:38) (rpisec___mbe)
09/12/2024 05:59:26 PM logger_rpisec___mbe DEBUG Compatibility with CMake < 2.8.12 will be removed from a future version of (install_repos.py:38) (rpisec___mbe)
09/12/2024 05:59:26 PM logger_rpisec___mbe DEBUG CMake. (install_repos.py:38) (rpisec___mbe)
09/12/2024 05:59:26 PM logger_rpisec___mbe DEBUG  (install_repos.py:38) (rpisec___mbe)
09/12/2024 05:59:26 PM logger_rpisec___mbe DEBUG Update the VERSION argument <min> value or use a ...<max> suffix to tell (install_repos.py:38) (rpisec___mbe)
09/12/2024 05:59:26 PM logger_rpisec___mbe DEBUG CMake that the project does not need compatibility with older versions. (install_repos.py:38) (rpisec___mbe)
09/12/2024 05:59:26 PM logger_rpisec___mbe DEBUG  (install_repos.py:38) (rpisec___mbe)
09/12/2024 05:59:26 PM logger_rpisec___mbe DEBUG  (install_repos.py:38) (rpisec___mbe)
09/12/2024 05:59:26 PM logger_rpisec___mbe DEBUG -- Building lecture:format_strings... (install_repos.py:38) (rpisec___mbe)
09/12/2024 05:59:26 PM logger_rpisec___mbe DEBUG CMake Deprecation Warning at src/lecture/format_strings/CMakeLists.txt:1 (cmake_minimum_required): (install_repos.py:38) (rpisec___mbe)
09/12/2024 05:59:26 PM logger_rpisec___mbe DEBUG Compatibility with CMake < 2.8.12 will be removed from a future version of (install_repos.py:38) (rpisec___mbe)
09/12/2024 05:59:26 PM logger_rpisec___mbe DEBUG CMake. (install_repos.py:38) (rpisec___mbe)
09/12/2024 05:59:26 PM logger_rpisec___mbe DEBUG  (install_repos.py:38) (rpisec___mbe)
09/12/2024 05:59:26 PM logger_rpisec___mbe DEBUG Update the VERSION argument <min> value or use a ...<max> suffix to tell (install_repos.py:38) (rpisec___mbe)
09/12/2024 05:59:26 PM logger_rpisec___mbe DEBUG CMake that the project does not need compatibility with older versions. (install_repos.py:38) (rpisec___mbe)
09/12/2024 05:59:26 PM logger_rpisec___mbe DEBUG  (install_repos.py:38) (rpisec___mbe)
09/12/2024 05:59:26 PM logger_rpisec___mbe DEBUG  (install_repos.py:38) (rpisec___mbe)
09/12/2024 05:59:26 PM logger_rpisec___mbe DEBUG -- Building lecture:heap... (install_repos.py:38) (rpisec___mbe)
09/12/2024 05:59:26 PM logger_rpisec___mbe DEBUG CMake Deprecation Warning at src/lecture/heap/CMakeLists.txt:1 (cmake_minimum_required): (install_repos.py:38) (rpisec___mbe)
09/12/2024 05:59:26 PM logger_rpisec___mbe DEBUG Compatibility with CMake < 2.8.12 will be removed from a future version of (install_repos.py:38) (rpisec___mbe)
09/12/2024 05:59:26 PM logger_rpisec___mbe DEBUG CMake. (install_repos.py:38) (rpisec___mbe)
09/12/2024 05:59:26 PM logger_rpisec___mbe DEBUG  (install_repos.py:38) (rpisec___mbe)
09/12/2024 05:59:26 PM logger_rpisec___mbe DEBUG Update the VERSION argument <min> value or use a ...<max> suffix to tell (install_repos.py:38) (rpisec___mbe)
09/12/2024 05:59:26 PM logger_rpisec___mbe DEBUG CMake that the project does not need compatibility with older versions. (install_repos.py:38) (rpisec___mbe)
09/12/2024 05:59:26 PM logger_rpisec___mbe DEBUG  (install_repos.py:38) (rpisec___mbe)
09/12/2024 05:59:26 PM logger_rpisec___mbe DEBUG  (install_repos.py:38) (rpisec___mbe)
09/12/2024 05:59:26 PM logger_rpisec___mbe DEBUG -- Building lecture:misc... (install_repos.py:38) (rpisec___mbe)
09/12/2024 05:59:26 PM logger_rpisec___mbe DEBUG CMake Deprecation Warning at src/lecture/misc/CMakeLists.txt:1 (cmake_minimum_required): (install_repos.py:38) (rpisec___mbe)
09/12/2024 05:59:26 PM logger_rpisec___mbe DEBUG Compatibility with CMake < 2.8.12 will be removed from a future version of (install_repos.py:38) (rpisec___mbe)
09/12/2024 05:59:26 PM logger_rpisec___mbe DEBUG CMake. (install_repos.py:38) (rpisec___mbe)
09/12/2024 05:59:26 PM logger_rpisec___mbe DEBUG  (install_repos.py:38) (rpisec___mbe)
09/12/2024 05:59:26 PM logger_rpisec___mbe DEBUG Update the VERSION argument <min> value or use a ...<max> suffix to tell (install_repos.py:38) (rpisec___mbe)
09/12/2024 05:59:26 PM logger_rpisec___mbe DEBUG CMake that the project does not need compatibility with older versions. (install_repos.py:38) (rpisec___mbe)
09/12/2024 05:59:26 PM logger_rpisec___mbe DEBUG  (install_repos.py:38) (rpisec___mbe)
09/12/2024 05:59:26 PM logger_rpisec___mbe DEBUG  (install_repos.py:38) (rpisec___mbe)
09/12/2024 05:59:26 PM logger_rpisec___mbe DEBUG -- Building lecture:rop... (install_repos.py:38) (rpisec___mbe)
09/12/2024 05:59:26 PM logger_rpisec___mbe DEBUG CMake Deprecation Warning at src/lecture/rop/CMakeLists.txt:1 (cmake_minimum_required): (install_repos.py:38) (rpisec___mbe)
09/12/2024 05:59:26 PM logger_rpisec___mbe DEBUG Compatibility with CMake < 2.8.12 will be removed from a future version of (install_repos.py:38) (rpisec___mbe)
09/12/2024 05:59:26 PM logger_rpisec___mbe DEBUG CMake. (install_repos.py:38) (rpisec___mbe)
09/12/2024 05:59:26 PM logger_rpisec___mbe DEBUG  (install_repos.py:38) (rpisec___mbe)
09/12/2024 05:59:26 PM logger_rpisec___mbe DEBUG Update the VERSION argument <min> value or use a ...<max> suffix to tell (install_repos.py:38) (rpisec___mbe)
09/12/2024 05:59:26 PM logger_rpisec___mbe DEBUG CMake that the project does not need compatibility with older versions. (install_repos.py:38) (rpisec___mbe)
09/12/2024 05:59:26 PM logger_rpisec___mbe DEBUG  (install_repos.py:38) (rpisec___mbe)
09/12/2024 05:59:26 PM logger_rpisec___mbe DEBUG  (install_repos.py:38) (rpisec___mbe)
09/12/2024 05:59:26 PM logger_rpisec___mbe DEBUG -- Building lecture:shellcode... (install_repos.py:38) (rpisec___mbe)
09/12/2024 05:59:26 PM logger_rpisec___mbe DEBUG CMake Deprecation Warning at src/lecture/shellcode/CMakeLists.txt:1 (cmake_minimum_required): (install_repos.py:38) (rpisec___mbe)
09/12/2024 05:59:26 PM logger_rpisec___mbe DEBUG Compatibility with CMake < 2.8.12 will be removed from a future version of (install_repos.py:38) (rpisec___mbe)
09/12/2024 05:59:26 PM logger_rpisec___mbe DEBUG CMake. (install_repos.py:38) (rpisec___mbe)
09/12/2024 05:59:26 PM logger_rpisec___mbe DEBUG  (install_repos.py:38) (rpisec___mbe)
09/12/2024 05:59:26 PM logger_rpisec___mbe DEBUG Update the VERSION argument <min> value or use a ...<max> suffix to tell (install_repos.py:38) (rpisec___mbe)
09/12/2024 05:59:26 PM logger_rpisec___mbe DEBUG CMake that the project does not need compatibility with older versions. (install_repos.py:38) (rpisec___mbe)
09/12/2024 05:59:26 PM logger_rpisec___mbe DEBUG  (install_repos.py:38) (rpisec___mbe)
09/12/2024 05:59:26 PM logger_rpisec___mbe DEBUG  (install_repos.py:38) (rpisec___mbe)
09/12/2024 05:59:26 PM logger_rpisec___mbe DEBUG -- Building project1... (install_repos.py:38) (rpisec___mbe)
09/12/2024 05:59:26 PM logger_rpisec___mbe DEBUG CMake Deprecation Warning at src/project1/CMakeLists.txt:1 (cmake_minimum_required): (install_repos.py:38) (rpisec___mbe)
09/12/2024 05:59:26 PM logger_rpisec___mbe DEBUG Compatibility with CMake < 2.8.12 will be removed from a future version of (install_repos.py:38) (rpisec___mbe)
09/12/2024 05:59:26 PM logger_rpisec___mbe DEBUG CMake. (install_repos.py:38) (rpisec___mbe)
09/12/2024 05:59:26 PM logger_rpisec___mbe DEBUG  (install_repos.py:38) (rpisec___mbe)
09/12/2024 05:59:26 PM logger_rpisec___mbe DEBUG Update the VERSION argument <min> value or use a ...<max> suffix to tell (install_repos.py:38) (rpisec___mbe)
09/12/2024 05:59:26 PM logger_rpisec___mbe DEBUG CMake that the project does not need compatibility with older versions. (install_repos.py:38) (rpisec___mbe)
09/12/2024 05:59:26 PM logger_rpisec___mbe DEBUG  (install_repos.py:38) (rpisec___mbe)
09/12/2024 05:59:26 PM logger_rpisec___mbe DEBUG  (install_repos.py:38) (rpisec___mbe)
09/12/2024 05:59:26 PM logger_rpisec___mbe DEBUG -- Building project2... (install_repos.py:38) (rpisec___mbe)
09/12/2024 05:59:26 PM logger_rpisec___mbe DEBUG CMake Deprecation Warning at src/project2/CMakeLists.txt:1 (cmake_minimum_required): (install_repos.py:38) (rpisec___mbe)
09/12/2024 05:59:26 PM logger_rpisec___mbe DEBUG Compatibility with CMake < 2.8.12 will be removed from a future version of (install_repos.py:38) (rpisec___mbe)
09/12/2024 05:59:26 PM logger_rpisec___mbe DEBUG CMake. (install_repos.py:38) (rpisec___mbe)
09/12/2024 05:59:26 PM logger_rpisec___mbe DEBUG  (install_repos.py:38) (rpisec___mbe)
09/12/2024 05:59:26 PM logger_rpisec___mbe DEBUG Update the VERSION argument <min> value or use a ...<max> suffix to tell (install_repos.py:38) (rpisec___mbe)
09/12/2024 05:59:26 PM logger_rpisec___mbe DEBUG CMake that the project does not need compatibility with older versions. (install_repos.py:38) (rpisec___mbe)
09/12/2024 05:59:26 PM logger_rpisec___mbe DEBUG  (install_repos.py:38) (rpisec___mbe)
09/12/2024 05:59:26 PM logger_rpisec___mbe DEBUG  (install_repos.py:38) (rpisec___mbe)
09/12/2024 05:59:26 PM logger_rpisec___mbe DEBUG -- Configuring done (install_repos.py:38) (rpisec___mbe)
09/12/2024 05:59:26 PM logger_rpisec___mbe DEBUG -- Generating done (install_repos.py:38) (rpisec___mbe)
09/12/2024 05:59:26 PM logger_rpisec___mbe DEBUG -- Build files have been written to: /INSTALL_C/repos/repos_400_c_round_two/rpisec___mbe/build (install_repos.py:38) (rpisec___mbe)
09/12/2024 05:59:26 PM logger_rpisec___mbe INFO Running command: cmake --build . (install_repos.py:20) (rpisec___mbe)
09/12/2024 05:59:26 PM logger_rpisec___mbe INFO Logging output to: logs/repos/repos_400_c_round_two_install_logs_with_make_cmake_gradlew_meson_scons_bazel_2024-09-12_17-35-05/build_build.log (install_repos.py:21) (rpisec___mbe)
09/12/2024 05:59:26 PM logger_rpisec___mbe DEBUG [  1%] Building C object src/lab02/CMakeFiles/lab2C.dir/lab2C.c.o (install_repos.py:38) (rpisec___mbe)
09/12/2024 05:59:26 PM logger_rpisec___mbe DEBUG In file included from /INSTALL_C/repos/repos_400_c_round_two/rpisec___mbe/src/lab02/lab2C.c:1: (install_repos.py:38) (rpisec___mbe)
09/12/2024 05:59:26 PM logger_rpisec___mbe DEBUG /usr/include/stdlib.h:26:10: fatal error: bits/libc-header-start.h: No such file or directory (install_repos.py:38) (rpisec___mbe)
09/12/2024 05:59:26 PM logger_rpisec___mbe DEBUG 26 | #include <bits/libc-header-start.h> (install_repos.py:38) (rpisec___mbe)
09/12/2024 05:59:26 PM logger_rpisec___mbe DEBUG |          ^~~~~~~~~~~~~~~~~~~~~~~~~~ (install_repos.py:38) (rpisec___mbe)
09/12/2024 05:59:26 PM logger_rpisec___mbe DEBUG compilation terminated. (install_repos.py:38) (rpisec___mbe)
09/12/2024 05:59:26 PM logger_rpisec___mbe DEBUG gmake[2]: *** [src/lab02/CMakeFiles/lab2C.dir/build.make:76: src/lab02/CMakeFiles/lab2C.dir/lab2C.c.o] Error 1 (install_repos.py:38) (rpisec___mbe)
09/12/2024 05:59:26 PM logger_rpisec___mbe DEBUG gmake[1]: *** [CMakeFiles/Makefile2:506: src/lab02/CMakeFiles/lab2C.dir/all] Error 2 (install_repos.py:38) (rpisec___mbe)
09/12/2024 05:59:26 PM logger_rpisec___mbe DEBUG gmake: *** [Makefile:146: all] Error 2 (install_repos.py:38) (rpisec___mbe)
09/12/2024 05:59:26 PM logger_rpisec___mbe ERROR Error: Build failed for rpisec___mbe
Build failed for reason: cmake build failed (install_repos.py:295) (rpisec___mbe)
