09/12/2024 05:41:25 PM logger_signalapp___libsignal-protocol-c INFO <<<<<<<<<<<<<<<<<< Logger setup anew <<<<<<<<<<<<<<<<<<< (utils.py:39) (signalapp___libsignal-protocol-c)
09/12/2024 05:41:25 PM logger_signalapp___libsignal-protocol-c INFO Analyzing repos/repos_400_c_round_two/signalapp___libsignal-protocol-c (install_repos.py:285) (signalapp___libsignal-protocol-c)
09/12/2024 05:41:25 PM logger_signalapp___libsignal-protocol-c INFO Checking for build system in repos/repos_400_c_round_two/signalapp___libsignal-protocol-c/src (install_repos.py:267) (signalapp___libsignal-protocol-c)
09/12/2024 05:41:25 PM logger_signalapp___libsignal-protocol-c INFO Checking for build system in repos/repos_400_c_round_two/signalapp___libsignal-protocol-c/src (install_repos.py:267) (signalapp___libsignal-protocol-c)
09/12/2024 05:41:25 PM logger_signalapp___libsignal-protocol-c INFO Running command: rm -rf build/ (install_repos.py:20) (signalapp___libsignal-protocol-c)
09/12/2024 05:41:25 PM logger_signalapp___libsignal-protocol-c INFO Logging output to: logs/repos/repos_400_c_round_two_install_logs_with_make_cmake_gradlew_meson_scons_bazel_2024-09-12_17-35-05/signalapp___libsignal-protocol-c_build.log (install_repos.py:21) (signalapp___libsignal-protocol-c)
09/12/2024 05:41:25 PM logger_signalapp___libsignal-protocol-c INFO Running command: rm -rf CMakeCache.txt (install_repos.py:20) (signalapp___libsignal-protocol-c)
09/12/2024 05:41:25 PM logger_signalapp___libsignal-protocol-c INFO Logging output to: logs/repos/repos_400_c_round_two_install_logs_with_make_cmake_gradlew_meson_scons_bazel_2024-09-12_17-35-05/signalapp___libsignal-protocol-c_build.log (install_repos.py:21) (signalapp___libsignal-protocol-c)
09/12/2024 05:41:25 PM logger_signalapp___libsignal-protocol-c INFO Running command: rm -rf CMakeFiles/ (install_repos.py:20) (signalapp___libsignal-protocol-c)
09/12/2024 05:41:25 PM logger_signalapp___libsignal-protocol-c INFO Logging output to: logs/repos/repos_400_c_round_two_install_logs_with_make_cmake_gradlew_meson_scons_bazel_2024-09-12_17-35-05/signalapp___libsignal-protocol-c_build.log (install_repos.py:21) (signalapp___libsignal-protocol-c)
09/12/2024 05:41:25 PM logger_signalapp___libsignal-protocol-c INFO Running CMake (install_repos.py:141) (signalapp___libsignal-protocol-c)
09/12/2024 05:41:25 PM logger_signalapp___libsignal-protocol-c INFO Running command: cmake .. (install_repos.py:20) (signalapp___libsignal-protocol-c)
09/12/2024 05:41:25 PM logger_signalapp___libsignal-protocol-c INFO Logging output to: logs/repos/repos_400_c_round_two_install_logs_with_make_cmake_gradlew_meson_scons_bazel_2024-09-12_17-35-05/build_build.log (install_repos.py:21) (signalapp___libsignal-protocol-c)
09/12/2024 05:41:25 PM logger_signalapp___libsignal-protocol-c DEBUG CMake Deprecation Warning at CMakeLists.txt:1 (cmake_minimum_required): (install_repos.py:38) (signalapp___libsignal-protocol-c)
09/12/2024 05:41:25 PM logger_signalapp___libsignal-protocol-c DEBUG Compatibility with CMake < 2.8.12 will be removed from a future version of (install_repos.py:38) (signalapp___libsignal-protocol-c)
09/12/2024 05:41:25 PM logger_signalapp___libsignal-protocol-c DEBUG CMake. (install_repos.py:38) (signalapp___libsignal-protocol-c)
09/12/2024 05:41:25 PM logger_signalapp___libsignal-protocol-c DEBUG  (install_repos.py:38) (signalapp___libsignal-protocol-c)
09/12/2024 05:41:25 PM logger_signalapp___libsignal-protocol-c DEBUG Update the VERSION argument <min> value or use a ...<max> suffix to tell (install_repos.py:38) (signalapp___libsignal-protocol-c)
09/12/2024 05:41:25 PM logger_signalapp___libsignal-protocol-c DEBUG CMake that the project does not need compatibility with older versions. (install_repos.py:38) (signalapp___libsignal-protocol-c)
09/12/2024 05:41:25 PM logger_signalapp___libsignal-protocol-c DEBUG  (install_repos.py:38) (signalapp___libsignal-protocol-c)
09/12/2024 05:41:25 PM logger_signalapp___libsignal-protocol-c DEBUG  (install_repos.py:38) (signalapp___libsignal-protocol-c)
09/12/2024 05:41:25 PM logger_signalapp___libsignal-protocol-c DEBUG -- The C compiler identification is GNU 12.2.0 (install_repos.py:38) (signalapp___libsignal-protocol-c)
09/12/2024 05:41:25 PM logger_signalapp___libsignal-protocol-c DEBUG -- The CXX compiler identification is GNU 12.2.0 (install_repos.py:38) (signalapp___libsignal-protocol-c)
09/12/2024 05:41:25 PM logger_signalapp___libsignal-protocol-c DEBUG -- Detecting C compiler ABI info (install_repos.py:38) (signalapp___libsignal-protocol-c)
09/12/2024 05:41:25 PM logger_signalapp___libsignal-protocol-c DEBUG -- Detecting C compiler ABI info - done (install_repos.py:38) (signalapp___libsignal-protocol-c)
09/12/2024 05:41:25 PM logger_signalapp___libsignal-protocol-c DEBUG -- Check for working C compiler: /usr/bin/cc - skipped (install_repos.py:38) (signalapp___libsignal-protocol-c)
09/12/2024 05:41:25 PM logger_signalapp___libsignal-protocol-c DEBUG -- Detecting C compile features (install_repos.py:38) (signalapp___libsignal-protocol-c)
09/12/2024 05:41:25 PM logger_signalapp___libsignal-protocol-c DEBUG -- Detecting C compile features - done (install_repos.py:38) (signalapp___libsignal-protocol-c)
09/12/2024 05:41:25 PM logger_signalapp___libsignal-protocol-c DEBUG -- Detecting CXX compiler ABI info (install_repos.py:38) (signalapp___libsignal-protocol-c)
09/12/2024 05:41:25 PM logger_signalapp___libsignal-protocol-c DEBUG -- Detecting CXX compiler ABI info - done (install_repos.py:38) (signalapp___libsignal-protocol-c)
09/12/2024 05:41:25 PM logger_signalapp___libsignal-protocol-c DEBUG -- Check for working CXX compiler: /usr/bin/c++ - skipped (install_repos.py:38) (signalapp___libsignal-protocol-c)
09/12/2024 05:41:25 PM logger_signalapp___libsignal-protocol-c DEBUG -- Detecting CXX compile features (install_repos.py:38) (signalapp___libsignal-protocol-c)
09/12/2024 05:41:25 PM logger_signalapp___libsignal-protocol-c DEBUG -- Detecting CXX compile features - done (install_repos.py:38) (signalapp___libsignal-protocol-c)
09/12/2024 05:41:25 PM logger_signalapp___libsignal-protocol-c DEBUG -- Looking for memset_s (install_repos.py:38) (signalapp___libsignal-protocol-c)
09/12/2024 05:41:25 PM logger_signalapp___libsignal-protocol-c DEBUG -- Looking for memset_s - not found (install_repos.py:38) (signalapp___libsignal-protocol-c)
09/12/2024 05:41:25 PM logger_signalapp___libsignal-protocol-c DEBUG -- Performing Test GCC_WARN_SIGN_CONVERSION (install_repos.py:38) (signalapp___libsignal-protocol-c)
09/12/2024 05:41:25 PM logger_signalapp___libsignal-protocol-c DEBUG -- Performing Test GCC_WARN_SIGN_CONVERSION - Success (install_repos.py:38) (signalapp___libsignal-protocol-c)
09/12/2024 05:41:25 PM logger_signalapp___libsignal-protocol-c DEBUG -- Configuring done (install_repos.py:38) (signalapp___libsignal-protocol-c)
09/12/2024 05:41:25 PM logger_signalapp___libsignal-protocol-c DEBUG -- Generating done (install_repos.py:38) (signalapp___libsignal-protocol-c)
09/12/2024 05:41:25 PM logger_signalapp___libsignal-protocol-c DEBUG -- Build files have been written to: /INSTALL_C/repos/repos_400_c_round_two/signalapp___libsignal-protocol-c/build (install_repos.py:38) (signalapp___libsignal-protocol-c)
09/12/2024 05:41:25 PM logger_signalapp___libsignal-protocol-c INFO Running command: cmake --build . (install_repos.py:20) (signalapp___libsignal-protocol-c)
09/12/2024 05:41:25 PM logger_signalapp___libsignal-protocol-c INFO Logging output to: logs/repos/repos_400_c_round_two_install_logs_with_make_cmake_gradlew_meson_scons_bazel_2024-09-12_17-35-05/build_build.log (install_repos.py:21) (signalapp___libsignal-protocol-c)
09/12/2024 05:41:25 PM logger_signalapp___libsignal-protocol-c DEBUG [  1%] Building C object src/protobuf-c/CMakeFiles/protobuf-c.dir/protobuf-c.c.o (install_repos.py:38) (signalapp___libsignal-protocol-c)
09/12/2024 05:41:25 PM logger_signalapp___libsignal-protocol-c DEBUG [  1%] Built target protobuf-c (install_repos.py:38) (signalapp___libsignal-protocol-c)
09/12/2024 05:41:25 PM logger_signalapp___libsignal-protocol-c DEBUG [  2%] Building C object src/curve25519/CMakeFiles/curve25519.dir/curve25519-donna.c.o (install_repos.py:38) (signalapp___libsignal-protocol-c)
09/12/2024 05:41:25 PM logger_signalapp___libsignal-protocol-c DEBUG [  3%] Building C object src/curve25519/CMakeFiles/curve25519.dir/ed25519/fe_0.c.o (install_repos.py:38) (signalapp___libsignal-protocol-c)
09/12/2024 05:41:25 PM logger_signalapp___libsignal-protocol-c DEBUG [  4%] Building C object src/curve25519/CMakeFiles/curve25519.dir/ed25519/fe_1.c.o (install_repos.py:38) (signalapp___libsignal-protocol-c)
09/12/2024 05:41:26 PM logger_signalapp___libsignal-protocol-c DEBUG [  5%] Building C object src/curve25519/CMakeFiles/curve25519.dir/ed25519/fe_add.c.o (install_repos.py:38) (signalapp___libsignal-protocol-c)
09/12/2024 05:41:26 PM logger_signalapp___libsignal-protocol-c DEBUG [  6%] Building C object src/curve25519/CMakeFiles/curve25519.dir/ed25519/fe_cmov.c.o (install_repos.py:38) (signalapp___libsignal-protocol-c)
09/12/2024 05:41:26 PM logger_signalapp___libsignal-protocol-c DEBUG [  7%] Building C object src/curve25519/CMakeFiles/curve25519.dir/ed25519/fe_copy.c.o (install_repos.py:38) (signalapp___libsignal-protocol-c)
09/12/2024 05:41:26 PM logger_signalapp___libsignal-protocol-c DEBUG [  8%] Building C object src/curve25519/CMakeFiles/curve25519.dir/ed25519/fe_frombytes.c.o (install_repos.py:38) (signalapp___libsignal-protocol-c)
09/12/2024 05:41:26 PM logger_signalapp___libsignal-protocol-c DEBUG [  9%] Building C object src/curve25519/CMakeFiles/curve25519.dir/ed25519/fe_invert.c.o (install_repos.py:38) (signalapp___libsignal-protocol-c)
09/12/2024 05:41:26 PM logger_signalapp___libsignal-protocol-c DEBUG [ 10%] Building C object src/curve25519/CMakeFiles/curve25519.dir/ed25519/fe_isnegative.c.o (install_repos.py:38) (signalapp___libsignal-protocol-c)
09/12/2024 05:41:26 PM logger_signalapp___libsignal-protocol-c DEBUG [ 11%] Building C object src/curve25519/CMakeFiles/curve25519.dir/ed25519/fe_isnonzero.c.o (install_repos.py:38) (signalapp___libsignal-protocol-c)
09/12/2024 05:41:26 PM logger_signalapp___libsignal-protocol-c DEBUG [ 12%] Building C object src/curve25519/CMakeFiles/curve25519.dir/ed25519/fe_mul.c.o (install_repos.py:38) (signalapp___libsignal-protocol-c)
09/12/2024 05:41:26 PM logger_signalapp___libsignal-protocol-c DEBUG [ 13%] Building C object src/curve25519/CMakeFiles/curve25519.dir/ed25519/fe_neg.c.o (install_repos.py:38) (signalapp___libsignal-protocol-c)
09/12/2024 05:41:26 PM logger_signalapp___libsignal-protocol-c DEBUG [ 14%] Building C object src/curve25519/CMakeFiles/curve25519.dir/ed25519/fe_pow22523.c.o (install_repos.py:38) (signalapp___libsignal-protocol-c)
09/12/2024 05:41:26 PM logger_signalapp___libsignal-protocol-c DEBUG [ 15%] Building C object src/curve25519/CMakeFiles/curve25519.dir/ed25519/fe_sq.c.o (install_repos.py:38) (signalapp___libsignal-protocol-c)
09/12/2024 05:41:26 PM logger_signalapp___libsignal-protocol-c DEBUG [ 16%] Building C object src/curve25519/CMakeFiles/curve25519.dir/ed25519/fe_sq2.c.o (install_repos.py:38) (signalapp___libsignal-protocol-c)
09/12/2024 05:41:26 PM logger_signalapp___libsignal-protocol-c DEBUG [ 17%] Building C object src/curve25519/CMakeFiles/curve25519.dir/ed25519/fe_sub.c.o (install_repos.py:38) (signalapp___libsignal-protocol-c)
09/12/2024 05:41:26 PM logger_signalapp___libsignal-protocol-c DEBUG [ 18%] Building C object src/curve25519/CMakeFiles/curve25519.dir/ed25519/fe_tobytes.c.o (install_repos.py:38) (signalapp___libsignal-protocol-c)
09/12/2024 05:41:26 PM logger_signalapp___libsignal-protocol-c DEBUG [ 19%] Building C object src/curve25519/CMakeFiles/curve25519.dir/ed25519/ge_add.c.o (install_repos.py:38) (signalapp___libsignal-protocol-c)
09/12/2024 05:41:26 PM logger_signalapp___libsignal-protocol-c DEBUG [ 20%] Building C object src/curve25519/CMakeFiles/curve25519.dir/ed25519/ge_double_scalarmult.c.o (install_repos.py:38) (signalapp___libsignal-protocol-c)
09/12/2024 05:41:26 PM logger_signalapp___libsignal-protocol-c DEBUG [ 21%] Building C object src/curve25519/CMakeFiles/curve25519.dir/ed25519/ge_frombytes.c.o (install_repos.py:38) (signalapp___libsignal-protocol-c)
09/12/2024 05:41:26 PM logger_signalapp___libsignal-protocol-c DEBUG [ 22%] Building C object src/curve25519/CMakeFiles/curve25519.dir/ed25519/ge_madd.c.o (install_repos.py:38) (signalapp___libsignal-protocol-c)
09/12/2024 05:41:26 PM logger_signalapp___libsignal-protocol-c DEBUG [ 23%] Building C object src/curve25519/CMakeFiles/curve25519.dir/ed25519/ge_msub.c.o (install_repos.py:38) (signalapp___libsignal-protocol-c)
09/12/2024 05:41:26 PM logger_signalapp___libsignal-protocol-c DEBUG [ 25%] Building C object src/curve25519/CMakeFiles/curve25519.dir/ed25519/ge_p1p1_to_p2.c.o (install_repos.py:38) (signalapp___libsignal-protocol-c)
09/12/2024 05:41:26 PM logger_signalapp___libsignal-protocol-c DEBUG [ 26%] Building C object src/curve25519/CMakeFiles/curve25519.dir/ed25519/ge_p1p1_to_p3.c.o (install_repos.py:38) (signalapp___libsignal-protocol-c)
09/12/2024 05:41:26 PM logger_signalapp___libsignal-protocol-c DEBUG [ 27%] Building C object src/curve25519/CMakeFiles/curve25519.dir/ed25519/ge_p2_0.c.o (install_repos.py:38) (signalapp___libsignal-protocol-c)
09/12/2024 05:41:26 PM logger_signalapp___libsignal-protocol-c DEBUG [ 28%] Building C object src/curve25519/CMakeFiles/curve25519.dir/ed25519/ge_p2_dbl.c.o (install_repos.py:38) (signalapp___libsignal-protocol-c)
09/12/2024 05:41:26 PM logger_signalapp___libsignal-protocol-c DEBUG [ 29%] Building C object src/curve25519/CMakeFiles/curve25519.dir/ed25519/ge_p3_0.c.o (install_repos.py:38) (signalapp___libsignal-protocol-c)
09/12/2024 05:41:26 PM logger_signalapp___libsignal-protocol-c DEBUG [ 30%] Building C object src/curve25519/CMakeFiles/curve25519.dir/ed25519/ge_p3_dbl.c.o (install_repos.py:38) (signalapp___libsignal-protocol-c)
09/12/2024 05:41:26 PM logger_signalapp___libsignal-protocol-c DEBUG [ 31%] Building C object src/curve25519/CMakeFiles/curve25519.dir/ed25519/ge_p3_to_cached.c.o (install_repos.py:38) (signalapp___libsignal-protocol-c)
09/12/2024 05:41:26 PM logger_signalapp___libsignal-protocol-c DEBUG [ 32%] Building C object src/curve25519/CMakeFiles/curve25519.dir/ed25519/ge_p3_to_p2.c.o (install_repos.py:38) (signalapp___libsignal-protocol-c)
09/12/2024 05:41:26 PM logger_signalapp___libsignal-protocol-c DEBUG [ 33%] Building C object src/curve25519/CMakeFiles/curve25519.dir/ed25519/ge_p3_tobytes.c.o (install_repos.py:38) (signalapp___libsignal-protocol-c)
09/12/2024 05:41:26 PM logger_signalapp___libsignal-protocol-c DEBUG [ 34%] Building C object src/curve25519/CMakeFiles/curve25519.dir/ed25519/ge_precomp_0.c.o (install_repos.py:38) (signalapp___libsignal-protocol-c)
09/12/2024 05:41:26 PM logger_signalapp___libsignal-protocol-c DEBUG [ 35%] Building C object src/curve25519/CMakeFiles/curve25519.dir/ed25519/ge_scalarmult_base.c.o (install_repos.py:38) (signalapp___libsignal-protocol-c)
09/12/2024 05:41:26 PM logger_signalapp___libsignal-protocol-c DEBUG [ 36%] Building C object src/curve25519/CMakeFiles/curve25519.dir/ed25519/ge_sub.c.o (install_repos.py:38) (signalapp___libsignal-protocol-c)
09/12/2024 05:41:27 PM logger_signalapp___libsignal-protocol-c DEBUG [ 37%] Building C object src/curve25519/CMakeFiles/curve25519.dir/ed25519/ge_tobytes.c.o (install_repos.py:38) (signalapp___libsignal-protocol-c)
09/12/2024 05:41:27 PM logger_signalapp___libsignal-protocol-c DEBUG [ 38%] Building C object src/curve25519/CMakeFiles/curve25519.dir/ed25519/open.c.o (install_repos.py:38) (signalapp___libsignal-protocol-c)
09/12/2024 05:41:27 PM logger_signalapp___libsignal-protocol-c DEBUG [ 39%] Building C object src/curve25519/CMakeFiles/curve25519.dir/ed25519/sc_muladd.c.o (install_repos.py:38) (signalapp___libsignal-protocol-c)
09/12/2024 05:41:27 PM logger_signalapp___libsignal-protocol-c DEBUG [ 40%] Building C object src/curve25519/CMakeFiles/curve25519.dir/ed25519/sc_reduce.c.o (install_repos.py:38) (signalapp___libsignal-protocol-c)
09/12/2024 05:41:27 PM logger_signalapp___libsignal-protocol-c DEBUG [ 41%] Building C object src/curve25519/CMakeFiles/curve25519.dir/ed25519/sign.c.o (install_repos.py:38) (signalapp___libsignal-protocol-c)
09/12/2024 05:41:27 PM logger_signalapp___libsignal-protocol-c DEBUG [ 42%] Building C object src/curve25519/CMakeFiles/curve25519.dir/ed25519/additions/compare.c.o (install_repos.py:38) (signalapp___libsignal-protocol-c)
09/12/2024 05:41:27 PM logger_signalapp___libsignal-protocol-c DEBUG [ 43%] Building C object src/curve25519/CMakeFiles/curve25519.dir/ed25519/additions/curve_sigs.c.o (install_repos.py:38) (signalapp___libsignal-protocol-c)
09/12/2024 05:41:27 PM logger_signalapp___libsignal-protocol-c DEBUG [ 44%] Building C object src/curve25519/CMakeFiles/curve25519.dir/ed25519/additions/elligator.c.o (install_repos.py:38) (signalapp___libsignal-protocol-c)
09/12/2024 05:41:27 PM logger_signalapp___libsignal-protocol-c DEBUG [ 45%] Building C object src/curve25519/CMakeFiles/curve25519.dir/ed25519/additions/fe_isequal.c.o (install_repos.py:38) (signalapp___libsignal-protocol-c)
09/12/2024 05:41:27 PM logger_signalapp___libsignal-protocol-c DEBUG [ 46%] Building C object src/curve25519/CMakeFiles/curve25519.dir/ed25519/additions/fe_isreduced.c.o (install_repos.py:38) (signalapp___libsignal-protocol-c)
09/12/2024 05:41:27 PM logger_signalapp___libsignal-protocol-c DEBUG [ 47%] Building C object src/curve25519/CMakeFiles/curve25519.dir/ed25519/additions/fe_mont_rhs.c.o (install_repos.py:38) (signalapp___libsignal-protocol-c)
09/12/2024 05:41:27 PM logger_signalapp___libsignal-protocol-c DEBUG [ 48%] Building C object src/curve25519/CMakeFiles/curve25519.dir/ed25519/additions/fe_montx_to_edy.c.o (install_repos.py:38) (signalapp___libsignal-protocol-c)
09/12/2024 05:41:27 PM logger_signalapp___libsignal-protocol-c DEBUG [ 50%] Building C object src/curve25519/CMakeFiles/curve25519.dir/ed25519/additions/fe_sqrt.c.o (install_repos.py:38) (signalapp___libsignal-protocol-c)
09/12/2024 05:41:27 PM logger_signalapp___libsignal-protocol-c DEBUG [ 51%] Building C object src/curve25519/CMakeFiles/curve25519.dir/ed25519/additions/ge_isneutral.c.o (install_repos.py:38) (signalapp___libsignal-protocol-c)
09/12/2024 05:41:27 PM logger_signalapp___libsignal-protocol-c DEBUG [ 52%] Building C object src/curve25519/CMakeFiles/curve25519.dir/ed25519/additions/ge_montx_to_p3.c.o (install_repos.py:38) (signalapp___libsignal-protocol-c)
09/12/2024 05:41:27 PM logger_signalapp___libsignal-protocol-c DEBUG [ 53%] Building C object src/curve25519/CMakeFiles/curve25519.dir/ed25519/additions/ge_neg.c.o (install_repos.py:38) (signalapp___libsignal-protocol-c)
09/12/2024 05:41:27 PM logger_signalapp___libsignal-protocol-c DEBUG [ 54%] Building C object src/curve25519/CMakeFiles/curve25519.dir/ed25519/additions/ge_p3_to_montx.c.o (install_repos.py:38) (signalapp___libsignal-protocol-c)
09/12/2024 05:41:27 PM logger_signalapp___libsignal-protocol-c DEBUG [ 55%] Building C object src/curve25519/CMakeFiles/curve25519.dir/ed25519/additions/ge_scalarmult.c.o (install_repos.py:38) (signalapp___libsignal-protocol-c)
09/12/2024 05:41:27 PM logger_signalapp___libsignal-protocol-c DEBUG [ 56%] Building C object src/curve25519/CMakeFiles/curve25519.dir/ed25519/additions/ge_scalarmult_cofactor.c.o (install_repos.py:38) (signalapp___libsignal-protocol-c)
09/12/2024 05:41:27 PM logger_signalapp___libsignal-protocol-c DEBUG [ 57%] Building C object src/curve25519/CMakeFiles/curve25519.dir/ed25519/additions/keygen.c.o (install_repos.py:38) (signalapp___libsignal-protocol-c)
09/12/2024 05:41:27 PM logger_signalapp___libsignal-protocol-c DEBUG [ 58%] Building C object src/curve25519/CMakeFiles/curve25519.dir/ed25519/additions/open_modified.c.o (install_repos.py:38) (signalapp___libsignal-protocol-c)
09/12/2024 05:41:27 PM logger_signalapp___libsignal-protocol-c DEBUG [ 59%] Building C object src/curve25519/CMakeFiles/curve25519.dir/ed25519/additions/sc_clamp.c.o (install_repos.py:38) (signalapp___libsignal-protocol-c)
09/12/2024 05:41:27 PM logger_signalapp___libsignal-protocol-c DEBUG [ 60%] Building C object src/curve25519/CMakeFiles/curve25519.dir/ed25519/additions/sc_cmov.c.o (install_repos.py:38) (signalapp___libsignal-protocol-c)
09/12/2024 05:41:27 PM logger_signalapp___libsignal-protocol-c DEBUG [ 61%] Building C object src/curve25519/CMakeFiles/curve25519.dir/ed25519/additions/sc_neg.c.o (install_repos.py:38) (signalapp___libsignal-protocol-c)
09/12/2024 05:41:27 PM logger_signalapp___libsignal-protocol-c DEBUG [ 62%] Building C object src/curve25519/CMakeFiles/curve25519.dir/ed25519/additions/sign_modified.c.o (install_repos.py:38) (signalapp___libsignal-protocol-c)
09/12/2024 05:41:27 PM logger_signalapp___libsignal-protocol-c DEBUG [ 63%] Building C object src/curve25519/CMakeFiles/curve25519.dir/ed25519/additions/utility.c.o (install_repos.py:38) (signalapp___libsignal-protocol-c)
09/12/2024 05:41:27 PM logger_signalapp___libsignal-protocol-c DEBUG [ 64%] Building C object src/curve25519/CMakeFiles/curve25519.dir/ed25519/additions/generalized/ge_p3_add.c.o (install_repos.py:38) (signalapp___libsignal-protocol-c)
09/12/2024 05:41:27 PM logger_signalapp___libsignal-protocol-c DEBUG [ 65%] Building C object src/curve25519/CMakeFiles/curve25519.dir/ed25519/additions/generalized/gen_eddsa.c.o (install_repos.py:38) (signalapp___libsignal-protocol-c)
09/12/2024 05:41:28 PM logger_signalapp___libsignal-protocol-c DEBUG [ 66%] Building C object src/curve25519/CMakeFiles/curve25519.dir/ed25519/additions/generalized/gen_labelset.c.o (install_repos.py:38) (signalapp___libsignal-protocol-c)
09/12/2024 05:41:28 PM logger_signalapp___libsignal-protocol-c DEBUG [ 67%] Building C object src/curve25519/CMakeFiles/curve25519.dir/ed25519/additions/generalized/gen_veddsa.c.o (install_repos.py:38) (signalapp___libsignal-protocol-c)
09/12/2024 05:41:28 PM logger_signalapp___libsignal-protocol-c DEBUG [ 68%] Building C object src/curve25519/CMakeFiles/curve25519.dir/ed25519/additions/generalized/gen_x.c.o (install_repos.py:38) (signalapp___libsignal-protocol-c)
09/12/2024 05:41:28 PM logger_signalapp___libsignal-protocol-c DEBUG [ 69%] Building C object src/curve25519/CMakeFiles/curve25519.dir/ed25519/additions/generalized/point_isreduced.c.o (install_repos.py:38) (signalapp___libsignal-protocol-c)
09/12/2024 05:41:28 PM logger_signalapp___libsignal-protocol-c DEBUG [ 70%] Building C object src/curve25519/CMakeFiles/curve25519.dir/ed25519/additions/generalized/sc_isreduced.c.o (install_repos.py:38) (signalapp___libsignal-protocol-c)
09/12/2024 05:41:28 PM logger_signalapp___libsignal-protocol-c DEBUG [ 71%] Building C object src/curve25519/CMakeFiles/curve25519.dir/ed25519/additions/xeddsa.c.o (install_repos.py:38) (signalapp___libsignal-protocol-c)
09/12/2024 05:41:28 PM logger_signalapp___libsignal-protocol-c DEBUG [ 72%] Building C object src/curve25519/CMakeFiles/curve25519.dir/ed25519/additions/zeroize.c.o (install_repos.py:38) (signalapp___libsignal-protocol-c)
09/12/2024 05:41:28 PM logger_signalapp___libsignal-protocol-c DEBUG [ 73%] Building C object src/curve25519/CMakeFiles/curve25519.dir/ed25519/nacl_sha512/blocks.c.o (install_repos.py:38) (signalapp___libsignal-protocol-c)
09/12/2024 05:41:28 PM logger_signalapp___libsignal-protocol-c DEBUG [ 75%] Building C object src/curve25519/CMakeFiles/curve25519.dir/ed25519/nacl_sha512/hash.c.o (install_repos.py:38) (signalapp___libsignal-protocol-c)
09/12/2024 05:41:28 PM logger_signalapp___libsignal-protocol-c DEBUG [ 76%] Building C object src/curve25519/CMakeFiles/curve25519.dir/ed25519/tests/internal_fast_tests.c.o (install_repos.py:38) (signalapp___libsignal-protocol-c)
09/12/2024 05:41:28 PM logger_signalapp___libsignal-protocol-c DEBUG [ 76%] Built target curve25519 (install_repos.py:38) (signalapp___libsignal-protocol-c)
09/12/2024 05:41:28 PM logger_signalapp___libsignal-protocol-c DEBUG [ 77%] Building C object src/CMakeFiles/signal-protocol-c.dir/LocalStorageProtocol.pb-c.c.o (install_repos.py:38) (signalapp___libsignal-protocol-c)
09/12/2024 05:41:28 PM logger_signalapp___libsignal-protocol-c DEBUG [ 78%] Building C object src/CMakeFiles/signal-protocol-c.dir/WhisperTextProtocol.pb-c.c.o (install_repos.py:38) (signalapp___libsignal-protocol-c)
09/12/2024 05:41:28 PM logger_signalapp___libsignal-protocol-c DEBUG [ 79%] Building C object src/CMakeFiles/signal-protocol-c.dir/FingerprintProtocol.pb-c.c.o (install_repos.py:38) (signalapp___libsignal-protocol-c)
09/12/2024 05:41:28 PM logger_signalapp___libsignal-protocol-c DEBUG [ 80%] Building C object src/CMakeFiles/signal-protocol-c.dir/vpool.c.o (install_repos.py:38) (signalapp___libsignal-protocol-c)
09/12/2024 05:41:28 PM logger_signalapp___libsignal-protocol-c DEBUG [ 81%] Building C object src/CMakeFiles/signal-protocol-c.dir/signal_protocol.c.o (install_repos.py:38) (signalapp___libsignal-protocol-c)
09/12/2024 05:41:28 PM logger_signalapp___libsignal-protocol-c DEBUG [ 82%] Building C object src/CMakeFiles/signal-protocol-c.dir/curve.c.o (install_repos.py:38) (signalapp___libsignal-protocol-c)
09/12/2024 05:41:29 PM logger_signalapp___libsignal-protocol-c DEBUG [ 83%] Building C object src/CMakeFiles/signal-protocol-c.dir/hkdf.c.o (install_repos.py:38) (signalapp___libsignal-protocol-c)
09/12/2024 05:41:29 PM logger_signalapp___libsignal-protocol-c DEBUG [ 84%] Building C object src/CMakeFiles/signal-protocol-c.dir/ratchet.c.o (install_repos.py:38) (signalapp___libsignal-protocol-c)
09/12/2024 05:41:29 PM logger_signalapp___libsignal-protocol-c DEBUG [ 85%] Building C object src/CMakeFiles/signal-protocol-c.dir/protocol.c.o (install_repos.py:38) (signalapp___libsignal-protocol-c)
09/12/2024 05:41:29 PM logger_signalapp___libsignal-protocol-c DEBUG [ 86%] Building C object src/CMakeFiles/signal-protocol-c.dir/session_state.c.o (install_repos.py:38) (signalapp___libsignal-protocol-c)
09/12/2024 05:41:29 PM logger_signalapp___libsignal-protocol-c DEBUG [ 87%] Building C object src/CMakeFiles/signal-protocol-c.dir/session_record.c.o (install_repos.py:38) (signalapp___libsignal-protocol-c)
09/12/2024 05:41:29 PM logger_signalapp___libsignal-protocol-c DEBUG [ 88%] Building C object src/CMakeFiles/signal-protocol-c.dir/session_pre_key.c.o (install_repos.py:38) (signalapp___libsignal-protocol-c)
09/12/2024 05:41:29 PM logger_signalapp___libsignal-protocol-c DEBUG [ 89%] Building C object src/CMakeFiles/signal-protocol-c.dir/session_builder.c.o (install_repos.py:38) (signalapp___libsignal-protocol-c)
09/12/2024 05:41:29 PM logger_signalapp___libsignal-protocol-c DEBUG [ 90%] Building C object src/CMakeFiles/signal-protocol-c.dir/session_cipher.c.o (install_repos.py:38) (signalapp___libsignal-protocol-c)
09/12/2024 05:41:29 PM logger_signalapp___libsignal-protocol-c DEBUG [ 91%] Building C object src/CMakeFiles/signal-protocol-c.dir/key_helper.c.o (install_repos.py:38) (signalapp___libsignal-protocol-c)
09/12/2024 05:41:29 PM logger_signalapp___libsignal-protocol-c DEBUG [ 92%] Building C object src/CMakeFiles/signal-protocol-c.dir/sender_key.c.o (install_repos.py:38) (signalapp___libsignal-protocol-c)
09/12/2024 05:41:29 PM logger_signalapp___libsignal-protocol-c DEBUG [ 93%] Building C object src/CMakeFiles/signal-protocol-c.dir/sender_key_state.c.o (install_repos.py:38) (signalapp___libsignal-protocol-c)
09/12/2024 05:41:29 PM logger_signalapp___libsignal-protocol-c DEBUG [ 94%] Building C object src/CMakeFiles/signal-protocol-c.dir/sender_key_record.c.o (install_repos.py:38) (signalapp___libsignal-protocol-c)
09/12/2024 05:41:29 PM logger_signalapp___libsignal-protocol-c DEBUG [ 95%] Building C object src/CMakeFiles/signal-protocol-c.dir/group_session_builder.c.o (install_repos.py:38) (signalapp___libsignal-protocol-c)
09/12/2024 05:41:30 PM logger_signalapp___libsignal-protocol-c DEBUG [ 96%] Building C object src/CMakeFiles/signal-protocol-c.dir/group_cipher.c.o (install_repos.py:38) (signalapp___libsignal-protocol-c)
09/12/2024 05:41:30 PM logger_signalapp___libsignal-protocol-c DEBUG [ 97%] Building C object src/CMakeFiles/signal-protocol-c.dir/fingerprint.c.o (install_repos.py:38) (signalapp___libsignal-protocol-c)
09/12/2024 05:41:30 PM logger_signalapp___libsignal-protocol-c DEBUG [ 98%] Building C object src/CMakeFiles/signal-protocol-c.dir/device_consistency.c.o (install_repos.py:38) (signalapp___libsignal-protocol-c)
09/12/2024 05:41:30 PM logger_signalapp___libsignal-protocol-c DEBUG [100%] Linking C static library libsignal-protocol-c.a (install_repos.py:38) (signalapp___libsignal-protocol-c)
09/12/2024 05:41:30 PM logger_signalapp___libsignal-protocol-c DEBUG [100%] Built target signal-protocol-c (install_repos.py:38) (signalapp___libsignal-protocol-c)
09/12/2024 05:41:30 PM logger_signalapp___libsignal-protocol-c INFO Success: Build succeeded for signalapp___libsignal-protocol-c (install_repos.py:292) (signalapp___libsignal-protocol-c)
