09/12/2024 05:39:36 PM logger_spacemeowx2___switch-lan-play INFO <<<<<<<<<<<<<<<<<< Logger setup anew <<<<<<<<<<<<<<<<<<< (utils.py:39) (spacemeowx2___switch-lan-play)
09/12/2024 05:39:36 PM logger_spacemeowx2___switch-lan-play INFO Analyzing repos/repos_400_c_round_two/spacemeowx2___switch-lan-play (install_repos.py:285) (spacemeowx2___switch-lan-play)
09/12/2024 05:39:36 PM logger_spacemeowx2___switch-lan-play INFO Checking for build system in repos/repos_400_c_round_two/spacemeowx2___switch-lan-play/src (install_repos.py:267) (spacemeowx2___switch-lan-play)
09/12/2024 05:39:36 PM logger_spacemeowx2___switch-lan-play INFO Checking for build system in repos/repos_400_c_round_two/spacemeowx2___switch-lan-play/src (install_repos.py:267) (spacemeowx2___switch-lan-play)
09/12/2024 05:39:36 PM logger_spacemeowx2___switch-lan-play INFO Running command: rm -rf build/ (install_repos.py:20) (spacemeowx2___switch-lan-play)
09/12/2024 05:39:36 PM logger_spacemeowx2___switch-lan-play INFO Logging output to: logs/repos/repos_400_c_round_two_install_logs_with_make_cmake_gradlew_meson_scons_bazel_2024-09-12_17-35-05/spacemeowx2___switch-lan-play_build.log (install_repos.py:21) (spacemeowx2___switch-lan-play)
09/12/2024 05:39:36 PM logger_spacemeowx2___switch-lan-play INFO Running command: rm -rf CMakeCache.txt (install_repos.py:20) (spacemeowx2___switch-lan-play)
09/12/2024 05:39:36 PM logger_spacemeowx2___switch-lan-play INFO Logging output to: logs/repos/repos_400_c_round_two_install_logs_with_make_cmake_gradlew_meson_scons_bazel_2024-09-12_17-35-05/spacemeowx2___switch-lan-play_build.log (install_repos.py:21) (spacemeowx2___switch-lan-play)
09/12/2024 05:39:36 PM logger_spacemeowx2___switch-lan-play INFO Running command: rm -rf CMakeFiles/ (install_repos.py:20) (spacemeowx2___switch-lan-play)
09/12/2024 05:39:36 PM logger_spacemeowx2___switch-lan-play INFO Logging output to: logs/repos/repos_400_c_round_two_install_logs_with_make_cmake_gradlew_meson_scons_bazel_2024-09-12_17-35-05/spacemeowx2___switch-lan-play_build.log (install_repos.py:21) (spacemeowx2___switch-lan-play)
09/12/2024 05:39:36 PM logger_spacemeowx2___switch-lan-play INFO Running CMake (install_repos.py:141) (spacemeowx2___switch-lan-play)
09/12/2024 05:39:36 PM logger_spacemeowx2___switch-lan-play INFO Running command: cmake .. (install_repos.py:20) (spacemeowx2___switch-lan-play)
09/12/2024 05:39:36 PM logger_spacemeowx2___switch-lan-play INFO Logging output to: logs/repos/repos_400_c_round_two_install_logs_with_make_cmake_gradlew_meson_scons_bazel_2024-09-12_17-35-05/build_build.log (install_repos.py:21) (spacemeowx2___switch-lan-play)
09/12/2024 05:39:36 PM logger_spacemeowx2___switch-lan-play DEBUG -- The C compiler identification is GNU 12.2.0 (install_repos.py:38) (spacemeowx2___switch-lan-play)
09/12/2024 05:39:36 PM logger_spacemeowx2___switch-lan-play DEBUG -- The CXX compiler identification is GNU 12.2.0 (install_repos.py:38) (spacemeowx2___switch-lan-play)
09/12/2024 05:39:36 PM logger_spacemeowx2___switch-lan-play DEBUG -- Detecting C compiler ABI info (install_repos.py:38) (spacemeowx2___switch-lan-play)
09/12/2024 05:39:36 PM logger_spacemeowx2___switch-lan-play DEBUG -- Detecting C compiler ABI info - done (install_repos.py:38) (spacemeowx2___switch-lan-play)
09/12/2024 05:39:36 PM logger_spacemeowx2___switch-lan-play DEBUG -- Check for working C compiler: /usr/bin/cc - skipped (install_repos.py:38) (spacemeowx2___switch-lan-play)
09/12/2024 05:39:36 PM logger_spacemeowx2___switch-lan-play DEBUG -- Detecting C compile features (install_repos.py:38) (spacemeowx2___switch-lan-play)
09/12/2024 05:39:36 PM logger_spacemeowx2___switch-lan-play DEBUG -- Detecting C compile features - done (install_repos.py:38) (spacemeowx2___switch-lan-play)
09/12/2024 05:39:36 PM logger_spacemeowx2___switch-lan-play DEBUG -- Detecting CXX compiler ABI info (install_repos.py:38) (spacemeowx2___switch-lan-play)
09/12/2024 05:39:37 PM logger_spacemeowx2___switch-lan-play DEBUG -- Detecting CXX compiler ABI info - done (install_repos.py:38) (spacemeowx2___switch-lan-play)
09/12/2024 05:39:37 PM logger_spacemeowx2___switch-lan-play DEBUG -- Check for working CXX compiler: /usr/bin/c++ - skipped (install_repos.py:38) (spacemeowx2___switch-lan-play)
09/12/2024 05:39:37 PM logger_spacemeowx2___switch-lan-play DEBUG -- Detecting CXX compile features (install_repos.py:38) (spacemeowx2___switch-lan-play)
09/12/2024 05:39:37 PM logger_spacemeowx2___switch-lan-play DEBUG -- Detecting CXX compile features - done (install_repos.py:38) (spacemeowx2___switch-lan-play)
09/12/2024 05:39:37 PM logger_spacemeowx2___switch-lan-play DEBUG -- Installing libuv via submodule (install_repos.py:38) (spacemeowx2___switch-lan-play)
09/12/2024 05:39:37 PM logger_spacemeowx2___switch-lan-play DEBUG error: patch failed: src/unix/internal.h:60 (install_repos.py:38) (spacemeowx2___switch-lan-play)
09/12/2024 05:39:37 PM logger_spacemeowx2___switch-lan-play DEBUG error: src/unix/internal.h: patch does not apply (install_repos.py:38) (spacemeowx2___switch-lan-play)
09/12/2024 05:39:37 PM logger_spacemeowx2___switch-lan-play DEBUG -- Installing uvw via submodule (install_repos.py:38) (spacemeowx2___switch-lan-play)
09/12/2024 05:39:37 PM logger_spacemeowx2___switch-lan-play DEBUG * (install_repos.py:38) (spacemeowx2___switch-lan-play)
09/12/2024 05:39:37 PM logger_spacemeowx2___switch-lan-play DEBUG * uvw v1.12.0 (Debug) (install_repos.py:38) (spacemeowx2___switch-lan-play)
09/12/2024 05:39:37 PM logger_spacemeowx2___switch-lan-play DEBUG * Copyright (c) 2016-2018 Michele Caini <michele.caini@gmail.com> (install_repos.py:38) (spacemeowx2___switch-lan-play)
09/12/2024 05:39:37 PM logger_spacemeowx2___switch-lan-play DEBUG * (install_repos.py:38) (spacemeowx2___switch-lan-play)
09/12/2024 05:39:37 PM logger_spacemeowx2___switch-lan-play DEBUG -- Performing Test CMAKE_HAVE_LIBC_PTHREAD (install_repos.py:38) (spacemeowx2___switch-lan-play)
09/12/2024 05:39:37 PM logger_spacemeowx2___switch-lan-play DEBUG -- Performing Test CMAKE_HAVE_LIBC_PTHREAD - Success (install_repos.py:38) (spacemeowx2___switch-lan-play)
09/12/2024 05:39:37 PM logger_spacemeowx2___switch-lan-play DEBUG -- Found Threads: TRUE (install_repos.py:38) (spacemeowx2___switch-lan-play)
09/12/2024 05:39:37 PM logger_spacemeowx2___switch-lan-play DEBUG -- Could NOT find Doxygen (missing: DOXYGEN_EXECUTABLE) (Required is at least version "1.8") (install_repos.py:38) (spacemeowx2___switch-lan-play)
09/12/2024 05:39:37 PM logger_spacemeowx2___switch-lan-play DEBUG CMake Error at /usr/share/cmake-3.25/Modules/FindPackageHandleStandardArgs.cmake:230 (message): (install_repos.py:38) (spacemeowx2___switch-lan-play)
09/12/2024 05:39:37 PM logger_spacemeowx2___switch-lan-play DEBUG Could NOT find PCAP (missing: PCAP_LIBRARY PCAP_INCLUDE_DIR) (install_repos.py:38) (spacemeowx2___switch-lan-play)
09/12/2024 05:39:37 PM logger_spacemeowx2___switch-lan-play DEBUG Call Stack (most recent call first): (install_repos.py:38) (spacemeowx2___switch-lan-play)
09/12/2024 05:39:37 PM logger_spacemeowx2___switch-lan-play DEBUG /usr/share/cmake-3.25/Modules/FindPackageHandleStandardArgs.cmake:600 (_FPHSA_FAILURE_MESSAGE) (install_repos.py:38) (spacemeowx2___switch-lan-play)
09/12/2024 05:39:37 PM logger_spacemeowx2___switch-lan-play DEBUG cmake/FindPCAP.cmake:57 (find_package_handle_standard_args) (install_repos.py:38) (spacemeowx2___switch-lan-play)
09/12/2024 05:39:37 PM logger_spacemeowx2___switch-lan-play DEBUG src/CMakeLists.txt:56 (find_package) (install_repos.py:38) (spacemeowx2___switch-lan-play)
09/12/2024 05:39:37 PM logger_spacemeowx2___switch-lan-play DEBUG  (install_repos.py:38) (spacemeowx2___switch-lan-play)
09/12/2024 05:39:37 PM logger_spacemeowx2___switch-lan-play DEBUG  (install_repos.py:38) (spacemeowx2___switch-lan-play)
09/12/2024 05:39:37 PM logger_spacemeowx2___switch-lan-play DEBUG -- Configuring incomplete, errors occurred! (install_repos.py:38) (spacemeowx2___switch-lan-play)
09/12/2024 05:39:37 PM logger_spacemeowx2___switch-lan-play DEBUG See also "/INSTALL_C/repos/repos_400_c_round_two/spacemeowx2___switch-lan-play/build/CMakeFiles/CMakeOutput.log". (install_repos.py:38) (spacemeowx2___switch-lan-play)
09/12/2024 05:39:37 PM logger_spacemeowx2___switch-lan-play ERROR Error: Build failed for spacemeowx2___switch-lan-play
Build failed for reason: cmake failed (install_repos.py:295) (spacemeowx2___switch-lan-play)
