09/12/2024 06:06:37 PM logger_theofficialflow___vitashell INFO <<<<<<<<<<<<<<<<<< Logger setup anew <<<<<<<<<<<<<<<<<<< (utils.py:39) (theofficialflow___vitashell)
09/12/2024 06:06:37 PM logger_theofficialflow___vitashell INFO Analyzing repos/repos_400_c_round_two/theofficialflow___vitashell (install_repos.py:285) (theofficialflow___vitashell)
09/12/2024 06:06:37 PM logger_theofficialflow___vitashell INFO Running command: rm -rf build/ (install_repos.py:20) (theofficialflow___vitashell)
09/12/2024 06:06:37 PM logger_theofficialflow___vitashell INFO Logging output to: logs/repos/repos_400_c_round_two_install_logs_with_make_cmake_gradlew_meson_scons_bazel_2024-09-12_17-35-05/theofficialflow___vitashell_build.log (install_repos.py:21) (theofficialflow___vitashell)
09/12/2024 06:06:37 PM logger_theofficialflow___vitashell INFO Running command: rm -rf CMakeCache.txt (install_repos.py:20) (theofficialflow___vitashell)
09/12/2024 06:06:37 PM logger_theofficialflow___vitashell INFO Logging output to: logs/repos/repos_400_c_round_two_install_logs_with_make_cmake_gradlew_meson_scons_bazel_2024-09-12_17-35-05/theofficialflow___vitashell_build.log (install_repos.py:21) (theofficialflow___vitashell)
09/12/2024 06:06:37 PM logger_theofficialflow___vitashell INFO Running command: rm -rf CMakeFiles/ (install_repos.py:20) (theofficialflow___vitashell)
09/12/2024 06:06:37 PM logger_theofficialflow___vitashell INFO Logging output to: logs/repos/repos_400_c_round_two_install_logs_with_make_cmake_gradlew_meson_scons_bazel_2024-09-12_17-35-05/theofficialflow___vitashell_build.log (install_repos.py:21) (theofficialflow___vitashell)
09/12/2024 06:06:37 PM logger_theofficialflow___vitashell INFO Running CMake (install_repos.py:141) (theofficialflow___vitashell)
09/12/2024 06:06:37 PM logger_theofficialflow___vitashell INFO Running command: cmake .. (install_repos.py:20) (theofficialflow___vitashell)
09/12/2024 06:06:37 PM logger_theofficialflow___vitashell INFO Logging output to: logs/repos/repos_400_c_round_two_install_logs_with_make_cmake_gradlew_meson_scons_bazel_2024-09-12_17-35-05/build_build.log (install_repos.py:21) (theofficialflow___vitashell)
09/12/2024 06:06:37 PM logger_theofficialflow___vitashell DEBUG CMake Deprecation Warning at CMakeLists.txt:1 (cmake_minimum_required): (install_repos.py:38) (theofficialflow___vitashell)
09/12/2024 06:06:37 PM logger_theofficialflow___vitashell DEBUG Compatibility with CMake < 2.8.12 will be removed from a future version of (install_repos.py:38) (theofficialflow___vitashell)
09/12/2024 06:06:37 PM logger_theofficialflow___vitashell DEBUG CMake. (install_repos.py:38) (theofficialflow___vitashell)
09/12/2024 06:06:37 PM logger_theofficialflow___vitashell DEBUG  (install_repos.py:38) (theofficialflow___vitashell)
09/12/2024 06:06:37 PM logger_theofficialflow___vitashell DEBUG Update the VERSION argument <min> value or use a ...<max> suffix to tell (install_repos.py:38) (theofficialflow___vitashell)
09/12/2024 06:06:37 PM logger_theofficialflow___vitashell DEBUG CMake that the project does not need compatibility with older versions. (install_repos.py:38) (theofficialflow___vitashell)
09/12/2024 06:06:37 PM logger_theofficialflow___vitashell DEBUG  (install_repos.py:38) (theofficialflow___vitashell)
09/12/2024 06:06:37 PM logger_theofficialflow___vitashell DEBUG  (install_repos.py:38) (theofficialflow___vitashell)
09/12/2024 06:06:37 PM logger_theofficialflow___vitashell DEBUG CMake Error at CMakeLists.txt:8 (message): (install_repos.py:38) (theofficialflow___vitashell)
09/12/2024 06:06:37 PM logger_theofficialflow___vitashell DEBUG Please define VITASDK to point to your SDK path! (install_repos.py:38) (theofficialflow___vitashell)
09/12/2024 06:06:37 PM logger_theofficialflow___vitashell DEBUG  (install_repos.py:38) (theofficialflow___vitashell)
09/12/2024 06:06:37 PM logger_theofficialflow___vitashell DEBUG  (install_repos.py:38) (theofficialflow___vitashell)
09/12/2024 06:06:37 PM logger_theofficialflow___vitashell DEBUG -- Configuring incomplete, errors occurred! (install_repos.py:38) (theofficialflow___vitashell)
09/12/2024 06:06:37 PM logger_theofficialflow___vitashell ERROR Error: Build failed for theofficialflow___vitashell
Build failed for reason: cmake failed (install_repos.py:295) (theofficialflow___vitashell)
