09/12/2024 05:59:28 PM logger_tio___tio INFO <<<<<<<<<<<<<<<<<< Logger setup anew <<<<<<<<<<<<<<<<<<< (utils.py:39) (tio___tio)
09/12/2024 05:59:28 PM logger_tio___tio INFO Analyzing repos/repos_400_c_round_two/tio___tio (install_repos.py:285) (tio___tio)
09/12/2024 05:59:28 PM logger_tio___tio INFO Checking for build system in repos/repos_400_c_round_two/tio___tio/src (install_repos.py:267) (tio___tio)
09/12/2024 05:59:28 PM logger_tio___tio INFO Checking for build system in repos/repos_400_c_round_two/tio___tio/src (install_repos.py:267) (tio___tio)
09/12/2024 05:59:28 PM logger_tio___tio INFO Checking for build system in repos/repos_400_c_round_two/tio___tio/src (install_repos.py:267) (tio___tio)
09/12/2024 05:59:28 PM logger_tio___tio INFO Checking for build system in repos/repos_400_c_round_two/tio___tio/src (install_repos.py:267) (tio___tio)
09/12/2024 05:59:28 PM logger_tio___tio INFO Checking for build system in repos/repos_400_c_round_two/tio___tio/src (install_repos.py:267) (tio___tio)
09/12/2024 05:59:28 PM logger_tio___tio INFO Checking for build system in repos/repos_400_c_round_two/tio___tio/src (install_repos.py:267) (tio___tio)
09/12/2024 05:59:28 PM logger_tio___tio INFO Running command: rm -rf build/ (install_repos.py:20) (tio___tio)
09/12/2024 05:59:28 PM logger_tio___tio INFO Logging output to: logs/repos/repos_400_c_round_two_install_logs_with_make_cmake_gradlew_meson_scons_bazel_2024-09-12_17-35-05/tio___tio_build.log (install_repos.py:21) (tio___tio)
09/12/2024 05:59:28 PM logger_tio___tio INFO Running Meson build (install_repos.py:202) (tio___tio)
09/12/2024 05:59:28 PM logger_tio___tio INFO Running command: meson .. (install_repos.py:20) (tio___tio)
09/12/2024 05:59:28 PM logger_tio___tio INFO Logging output to: logs/repos/repos_400_c_round_two_install_logs_with_make_cmake_gradlew_meson_scons_bazel_2024-09-12_17-35-05/build_build.log (install_repos.py:21) (tio___tio)
09/12/2024 05:59:29 PM logger_tio___tio DEBUG The Meson build system (install_repos.py:38) (tio___tio)
09/12/2024 05:59:29 PM logger_tio___tio DEBUG Version: 1.5.1 (install_repos.py:38) (tio___tio)
09/12/2024 05:59:29 PM logger_tio___tio DEBUG Source dir: /INSTALL_C/repos/repos_400_c_round_two/tio___tio (install_repos.py:38) (tio___tio)
09/12/2024 05:59:29 PM logger_tio___tio DEBUG Build dir: /INSTALL_C/repos/repos_400_c_round_two/tio___tio/build (install_repos.py:38) (tio___tio)
09/12/2024 05:59:29 PM logger_tio___tio DEBUG Build type: native build (install_repos.py:38) (tio___tio)
09/12/2024 05:59:29 PM logger_tio___tio DEBUG Project name: tio (install_repos.py:38) (tio___tio)
09/12/2024 05:59:29 PM logger_tio___tio DEBUG Project version: 3.8 (install_repos.py:38) (tio___tio)
09/12/2024 05:59:29 PM logger_tio___tio DEBUG C compiler for the host machine: cc (gcc 12.2.0 "cc (Debian 12.2.0-14) 12.2.0") (install_repos.py:38) (tio___tio)
09/12/2024 05:59:29 PM logger_tio___tio DEBUG C linker for the host machine: cc ld.bfd 2.40 (install_repos.py:38) (tio___tio)
09/12/2024 05:59:29 PM logger_tio___tio DEBUG Host machine cpu family: x86_64 (install_repos.py:38) (tio___tio)
09/12/2024 05:59:29 PM logger_tio___tio DEBUG Host machine cpu: x86_64 (install_repos.py:38) (tio___tio)
09/12/2024 05:59:29 PM logger_tio___tio DEBUG Check usable header "asm-generic/ioctls.h" : YES (install_repos.py:38) (tio___tio)
09/12/2024 05:59:29 PM logger_tio___tio DEBUG Header "asm-generic/ioctls.h" has symbol "TCGETS2" : YES (install_repos.py:38) (tio___tio)
09/12/2024 05:59:29 PM logger_tio___tio DEBUG Fetching value of define "B0" : 0000000 (install_repos.py:38) (tio___tio)
09/12/2024 05:59:29 PM logger_tio___tio DEBUG Fetching value of define "B50" : 0000001 (install_repos.py:38) (tio___tio)
09/12/2024 05:59:29 PM logger_tio___tio DEBUG Fetching value of define "B75" : 0000002 (install_repos.py:38) (tio___tio)
09/12/2024 05:59:29 PM logger_tio___tio DEBUG Fetching value of define "B110" : 0000003 (install_repos.py:38) (tio___tio)
09/12/2024 05:59:29 PM logger_tio___tio DEBUG Fetching value of define "B134" : 0000004 (install_repos.py:38) (tio___tio)
09/12/2024 05:59:29 PM logger_tio___tio DEBUG Fetching value of define "B150" : 0000005 (install_repos.py:38) (tio___tio)
09/12/2024 05:59:29 PM logger_tio___tio DEBUG Fetching value of define "B200" : 0000006 (install_repos.py:38) (tio___tio)
09/12/2024 05:59:29 PM logger_tio___tio DEBUG Fetching value of define "B300" : 0000007 (install_repos.py:38) (tio___tio)
09/12/2024 05:59:29 PM logger_tio___tio DEBUG Fetching value of define "B600" : 0000010 (install_repos.py:38) (tio___tio)
09/12/2024 05:59:29 PM logger_tio___tio DEBUG Fetching value of define "B1200" : 0000011 (install_repos.py:38) (tio___tio)
09/12/2024 05:59:29 PM logger_tio___tio DEBUG Fetching value of define "B1800" : 0000012 (install_repos.py:38) (tio___tio)
09/12/2024 05:59:29 PM logger_tio___tio DEBUG Fetching value of define "B2400" : 0000013 (install_repos.py:38) (tio___tio)
09/12/2024 05:59:29 PM logger_tio___tio DEBUG Fetching value of define "B4800" : 0000014 (install_repos.py:38) (tio___tio)
09/12/2024 05:59:29 PM logger_tio___tio DEBUG Fetching value of define "B7200" : (undefined) (install_repos.py:38) (tio___tio)
09/12/2024 05:59:29 PM logger_tio___tio DEBUG Fetching value of define "B9600" : 0000015 (install_repos.py:38) (tio___tio)
09/12/2024 05:59:29 PM logger_tio___tio DEBUG Fetching value of define "B14400" : (undefined) (install_repos.py:38) (tio___tio)
09/12/2024 05:59:29 PM logger_tio___tio DEBUG Fetching value of define "B19200" : 0000016 (install_repos.py:38) (tio___tio)
09/12/2024 05:59:29 PM logger_tio___tio DEBUG Fetching value of define "B28800" : (undefined) (install_repos.py:38) (tio___tio)
09/12/2024 05:59:29 PM logger_tio___tio DEBUG Fetching value of define "B38400" : 0000017 (install_repos.py:38) (tio___tio)
09/12/2024 05:59:29 PM logger_tio___tio DEBUG Fetching value of define "B57600" : 0010001 (install_repos.py:38) (tio___tio)
09/12/2024 05:59:29 PM logger_tio___tio DEBUG Fetching value of define "B76800" : (undefined) (install_repos.py:38) (tio___tio)
09/12/2024 05:59:29 PM logger_tio___tio DEBUG Fetching value of define "B115200" : 0010002 (install_repos.py:38) (tio___tio)
09/12/2024 05:59:29 PM logger_tio___tio DEBUG Fetching value of define "B230400" : 0010003 (install_repos.py:38) (tio___tio)
09/12/2024 05:59:29 PM logger_tio___tio DEBUG Fetching value of define "B460800" : 0010004 (install_repos.py:38) (tio___tio)
09/12/2024 05:59:29 PM logger_tio___tio DEBUG Fetching value of define "B500000" : 0010005 (install_repos.py:38) (tio___tio)
09/12/2024 05:59:29 PM logger_tio___tio DEBUG Fetching value of define "B576000" : 0010006 (install_repos.py:38) (tio___tio)
09/12/2024 05:59:29 PM logger_tio___tio DEBUG Fetching value of define "B921600" : 0010007 (install_repos.py:38) (tio___tio)
09/12/2024 05:59:29 PM logger_tio___tio DEBUG Fetching value of define "B1000000" : 0010010 (install_repos.py:38) (tio___tio)
09/12/2024 05:59:29 PM logger_tio___tio DEBUG Fetching value of define "B1152000" : 0010011 (install_repos.py:38) (tio___tio)
09/12/2024 05:59:29 PM logger_tio___tio DEBUG Fetching value of define "B1500000" : 0010012 (install_repos.py:38) (tio___tio)
09/12/2024 05:59:29 PM logger_tio___tio DEBUG Fetching value of define "B2000000" : 0010013 (install_repos.py:38) (tio___tio)
09/12/2024 05:59:29 PM logger_tio___tio DEBUG Fetching value of define "B2500000" : 0010014 (install_repos.py:38) (tio___tio)
09/12/2024 05:59:29 PM logger_tio___tio DEBUG Fetching value of define "B3000000" : 0010015 (install_repos.py:38) (tio___tio)
09/12/2024 05:59:29 PM logger_tio___tio DEBUG Fetching value of define "B3500000" : 0010016 (install_repos.py:38) (tio___tio)
09/12/2024 05:59:29 PM logger_tio___tio DEBUG Fetching value of define "B4000000" : 0010017 (install_repos.py:38) (tio___tio)
09/12/2024 05:59:29 PM logger_tio___tio DEBUG Check usable header "linux/serial.h" : YES (install_repos.py:38) (tio___tio)
09/12/2024 05:59:29 PM logger_tio___tio DEBUG Header "sys/ioctl.h" has symbol "TIOCSRS485" : YES (install_repos.py:38) (tio___tio)
09/12/2024 05:59:29 PM logger_tio___tio DEBUG Configuring config.h using configuration (install_repos.py:38) (tio___tio)
09/12/2024 05:59:29 PM logger_tio___tio DEBUG Found pkg-config: YES (/usr/bin/pkg-config) 1.8.1 (install_repos.py:38) (tio___tio)
09/12/2024 05:59:29 PM logger_tio___tio DEBUG Found CMake: /usr/bin/cmake (3.25.1) (install_repos.py:38) (tio___tio)
09/12/2024 05:59:30 PM logger_tio___tio DEBUG Run-time dependency lua-5.4 found: NO (tried pkgconfig and cmake) (install_repos.py:38) (tio___tio)
09/12/2024 05:59:30 PM logger_tio___tio DEBUG Run-time dependency lua-5.3 found: NO (tried pkgconfig and cmake) (install_repos.py:38) (tio___tio)
09/12/2024 05:59:30 PM logger_tio___tio DEBUG Run-time dependency lua-5.2 found: NO (tried pkgconfig and cmake) (install_repos.py:38) (tio___tio)
09/12/2024 05:59:30 PM logger_tio___tio DEBUG Run-time dependency lua-5.1 found: NO (tried pkgconfig and cmake) (install_repos.py:38) (tio___tio)
09/12/2024 05:59:30 PM logger_tio___tio DEBUG Run-time dependency lua found: NO (tried pkgconfig and cmake) (install_repos.py:38) (tio___tio)
09/12/2024 05:59:30 PM logger_tio___tio DEBUG  (install_repos.py:38) (tio___tio)
09/12/2024 05:59:30 PM logger_tio___tio DEBUG ../src/meson.build:35:2: ERROR: Problem encountered: Lua could not be found! (install_repos.py:38) (tio___tio)
09/12/2024 05:59:30 PM logger_tio___tio DEBUG  (install_repos.py:38) (tio___tio)
09/12/2024 05:59:30 PM logger_tio___tio DEBUG A full log can be found at /INSTALL_C/repos/repos_400_c_round_two/tio___tio/build/meson-logs/meson-log.txt (install_repos.py:38) (tio___tio)
09/12/2024 05:59:30 PM logger_tio___tio DEBUG WARNING: Running the setup command as `meson [options]` instead of `meson setup [options]` is ambiguous and deprecated. (install_repos.py:38) (tio___tio)
09/12/2024 05:59:30 PM logger_tio___tio ERROR Error: Build failed for tio___tio
Build failed for reason: meson failed (install_repos.py:295) (tio___tio)
