Running command: autoreconf -i
libtoolize: putting auxiliary files in AC_CONFIG_AUX_DIR, '.'.
libtoolize: copying file './ltmain.sh'
libtoolize: putting macros in AC_CONFIG_MACRO_DIRS, 'm4'.
libtoolize: copying file 'm4/libtool.m4'
libtoolize: copying file 'm4/ltoptions.m4'
libtoolize: copying file 'm4/ltsugar.m4'
libtoolize: copying file 'm4/ltversion.m4'
libtoolize: copying file 'm4/lt~obsolete.m4'
configure.ac:6: warning: 'AM_CONFIG_HEADER': this macro is obsolete.
configure.ac:6: You should use the 'AC_CONFIG_HEADERS' macro instead.
./lib/autoconf/general.m4:2434: AC_DIAGNOSE is expanded from...
aclocal.m4:1149: AM_CONFIG_HEADER is expanded from...
configure.ac:6: the top level
configure.ac:25: warning: The macro `AC_LANG_CPLUSPLUS' is obsolete.
configure.ac:25: You should run autoupdate.
./lib/autoconf/c.m4:262: AC_LANG_CPLUSPLUS is expanded from...
configure.ac:25: the top level
configure.ac:61: warning: The macro `AC_LANG_C' is obsolete.
configure.ac:61: You should run autoupdate.
./lib/autoconf/c.m4:72: AC_LANG_C is expanded from...
m4/acx_pthread.m4:82: ACX_PTHREAD is expanded from...
configure.ac:61: the top level
configure.ac:61: warning: The macro `AC_TRY_LINK' is obsolete.
configure.ac:61: You should run autoupdate.
./lib/autoconf/general.m4:2920: AC_TRY_LINK is expanded from...
m4/acx_pthread.m4:82: ACX_PTHREAD is expanded from...
configure.ac:61: the top level
configure.ac:69: warning: AC_OUTPUT should be used without arguments.
configure.ac:69: You should run autoupdate.
configure.ac:8: installing './ar-lib'
configure.ac:8: installing './compile'
configure.ac:10: installing './config.guess'
configure.ac:10: installing './config.sub'
configure.ac:4: installing './install-sh'
configure.ac:4: installing './missing'
src/Makefile.am: installing './depcomp'
configure.ac:21: installing './install-sh'
configure.ac:21: installing './missing'
configure.ac:29: installing './compile'
configure.ac:21: installing './install-sh'
configure.ac:21: installing './missing'
libtoolize: putting auxiliary files in AC_CONFIG_AUX_DIR, '.'.
libtoolize: copying file './ltmain.sh'
libtoolize: putting macros in AC_CONFIG_MACRO_DIRS, 'm4'.
libtoolize: copying file 'm4/libtool.m4'
libtoolize: copying file 'm4/ltoptions.m4'
libtoolize: copying file 'm4/ltsugar.m4'
libtoolize: copying file 'm4/ltversion.m4'
libtoolize: copying file 'm4/lt~obsolete.m4'
configure.ac:24: installing './ar-lib'
configure.ac:24: installing './compile'
configure.ac:61: installing './config.guess'
configure.ac:61: installing './config.sub'
configure.ac:21: installing './install-sh'
configure.ac:21: installing './missing'
src/Makefile.am: installing './depcomp'
parallel-tests: installing './test-driver'
libtoolize: putting auxiliary files in AC_CONFIG_AUX_DIR, '.'.
libtoolize: copying file './ltmain.sh'
libtoolize: Consider adding 'AC_CONFIG_MACRO_DIRS([m4])' to configure.ac,
libtoolize: and rerunning libtoolize and aclocal.
libtoolize: Consider adding '-I m4' to ACLOCAL_AMFLAGS in Makefile.am.
configure.ac:28: installing './compile'
configure.ac:33: installing './config.guess'
configure.ac:33: installing './config.sub'
configure.ac:21: installing './install-sh'
configure.ac:21: installing './missing'
gmusicproxy/Makefile.am:18: installing './py-compile'
libtoolize: putting auxiliary files in AC_CONFIG_AUX_DIR, '.'.
libtoolize: copying file './ltmain.sh'
libtoolize: putting macros in AC_CONFIG_MACRO_DIRS, 'm4'.
libtoolize: copying file 'm4/libtool.m4'
libtoolize: copying file 'm4/ltoptions.m4'
libtoolize: copying file 'm4/ltsugar.m4'
libtoolize: copying file 'm4/ltversion.m4'
libtoolize: copying file 'm4/lt~obsolete.m4'
configure.ac:24: installing './ar-lib'
configure.ac:24: installing './compile'
configure.ac:61: installing './config.guess'
configure.ac:61: installing './config.sub'
configure.ac:21: installing './install-sh'
configure.ac:21: installing './missing'
src/Makefile.am: installing './depcomp'
parallel-tests: installing './test-driver'
libtoolize: putting auxiliary files in AC_CONFIG_AUX_DIR, '.'.
libtoolize: copying file './ltmain.sh'
libtoolize: Consider adding 'AC_CONFIG_MACRO_DIRS([m4])' to configure.ac,
libtoolize: and rerunning libtoolize and aclocal.
libtoolize: Consider adding '-I m4' to ACLOCAL_AMFLAGS in Makefile.am.
configure.ac:28: installing './compile'
configure.ac:33: installing './config.guess'
configure.ac:33: installing './config.sub'
configure.ac:21: installing './install-sh'
configure.ac:21: installing './missing'
soundcloudproxy/Makefile.am:18: installing './py-compile'
libtoolize: putting auxiliary files in AC_CONFIG_AUX_DIR, '.'.
libtoolize: copying file './ltmain.sh'
libtoolize: putting macros in AC_CONFIG_MACRO_DIRS, 'm4'.
libtoolize: copying file 'm4/libtool.m4'
libtoolize: copying file 'm4/ltoptions.m4'
libtoolize: copying file 'm4/ltsugar.m4'
libtoolize: copying file 'm4/ltversion.m4'
libtoolize: copying file 'm4/lt~obsolete.m4'
configure.ac:24: installing './ar-lib'
configure.ac:24: installing './compile'
configure.ac:61: installing './config.guess'
configure.ac:61: installing './config.sub'
configure.ac:21: installing './install-sh'
configure.ac:21: installing './missing'
src/Makefile.am: installing './depcomp'
parallel-tests: installing './test-driver'
libtoolize: putting auxiliary files in AC_CONFIG_AUX_DIR, '.'.
libtoolize: copying file './ltmain.sh'
libtoolize: Consider adding 'AC_CONFIG_MACRO_DIRS([m4])' to configure.ac,
libtoolize: and rerunning libtoolize and aclocal.
libtoolize: Consider adding '-I m4' to ACLOCAL_AMFLAGS in Makefile.am.
configure.ac:28: installing './compile'
configure.ac:33: installing './config.guess'
configure.ac:33: installing './config.sub'
configure.ac:21: installing './install-sh'
configure.ac:21: installing './missing'
youtubeproxy/Makefile.am:18: installing './py-compile'
libtoolize: putting auxiliary files in AC_CONFIG_AUX_DIR, '.'.
libtoolize: copying file './ltmain.sh'
libtoolize: putting macros in AC_CONFIG_MACRO_DIRS, 'm4'.
libtoolize: copying file 'm4/libtool.m4'
libtoolize: copying file 'm4/ltoptions.m4'
libtoolize: copying file 'm4/ltsugar.m4'
libtoolize: copying file 'm4/ltversion.m4'
libtoolize: copying file 'm4/lt~obsolete.m4'
configure.ac:24: installing './ar-lib'
configure.ac:24: installing './compile'
configure.ac:61: installing './config.guess'
configure.ac:61: installing './config.sub'
configure.ac:21: installing './install-sh'
configure.ac:21: installing './missing'
src/Makefile.am: installing './depcomp'
libtoolize: putting auxiliary files in AC_CONFIG_AUX_DIR, '.'.
libtoolize: copying file './ltmain.sh'
libtoolize: Consider adding 'AC_CONFIG_MACRO_DIRS([m4])' to configure.ac,
libtoolize: and rerunning libtoolize and aclocal.
libtoolize: Consider adding '-I m4' to ACLOCAL_AMFLAGS in Makefile.am.
configure.ac:28: installing './compile'
configure.ac:33: installing './config.guess'
configure.ac:33: installing './config.sub'
configure.ac:21: installing './install-sh'
configure.ac:21: installing './missing'
plexproxy/Makefile.am:18: installing './py-compile'
libtoolize: putting auxiliary files in AC_CONFIG_AUX_DIR, '.'.
libtoolize: copying file './ltmain.sh'
libtoolize: putting macros in AC_CONFIG_MACRO_DIRS, 'm4'.
libtoolize: copying file 'm4/libtool.m4'
libtoolize: copying file 'm4/ltoptions.m4'
libtoolize: copying file 'm4/ltsugar.m4'
libtoolize: copying file 'm4/ltversion.m4'
libtoolize: copying file 'm4/lt~obsolete.m4'
configure.ac:24: installing './ar-lib'
configure.ac:24: installing './compile'
configure.ac:61: installing './config.guess'
configure.ac:61: installing './config.sub'
configure.ac:21: installing './install-sh'
configure.ac:21: installing './missing'
src/Makefile.am: installing './depcomp'
libtoolize: putting auxiliary files in AC_CONFIG_AUX_DIR, '.'.
libtoolize: copying file './ltmain.sh'
libtoolize: Consider adding 'AC_CONFIG_MACRO_DIRS([m4])' to configure.ac,
libtoolize: and rerunning libtoolize and aclocal.
libtoolize: Consider adding '-I m4' to ACLOCAL_AMFLAGS in Makefile.am.
configure.ac:28: installing './compile'
configure.ac:33: installing './config.guess'
configure.ac:33: installing './config.sub'
configure.ac:21: installing './install-sh'
configure.ac:21: installing './missing'
chromecastproxy/Makefile.am:18: installing './py-compile'
libtoolize: putting auxiliary files in AC_CONFIG_AUX_DIR, '.'.
libtoolize: copying file './ltmain.sh'
libtoolize: putting macros in AC_CONFIG_MACRO_DIRS, 'm4'.
libtoolize: copying file 'm4/libtool.m4'
libtoolize: copying file 'm4/ltoptions.m4'
libtoolize: copying file 'm4/ltsugar.m4'
libtoolize: copying file 'm4/ltversion.m4'
libtoolize: copying file 'm4/lt~obsolete.m4'
configure.ac:24: installing './ar-lib'
configure.ac:24: installing './compile'
configure.ac:61: installing './config.guess'
configure.ac:61: installing './config.sub'
configure.ac:21: installing './install-sh'
configure.ac:21: installing './missing'
src/Makefile.am: installing './depcomp'
libtoolize: putting auxiliary files in AC_CONFIG_AUX_DIR, '.'.
libtoolize: copying file './ltmain.sh'
libtoolize: Consider adding 'AC_CONFIG_MACRO_DIRS([m4])' to configure.ac,
libtoolize: and rerunning libtoolize and aclocal.
libtoolize: Consider adding '-I m4' to ACLOCAL_AMFLAGS in Makefile.am.
configure.ac:28: installing './compile'
configure.ac:33: installing './config.guess'
configure.ac:33: installing './config.sub'
configure.ac:21: installing './install-sh'
configure.ac:21: installing './missing'
spotifyproxy/Makefile.am:18: installing './py-compile'
libtoolize: putting auxiliary files in AC_CONFIG_AUX_DIR, '.'.
libtoolize: copying file './ltmain.sh'
libtoolize: putting macros in AC_CONFIG_MACRO_DIRS, 'm4'.
libtoolize: copying file 'm4/libtool.m4'
libtoolize: copying file 'm4/ltoptions.m4'
libtoolize: copying file 'm4/ltsugar.m4'
libtoolize: copying file 'm4/ltversion.m4'
libtoolize: copying file 'm4/lt~obsolete.m4'
configure.ac:24: installing './ar-lib'
configure.ac:24: installing './compile'
configure.ac:61: installing './config.guess'
configure.ac:61: installing './config.sub'
configure.ac:21: installing './install-sh'
configure.ac:21: installing './missing'
src/Makefile.am: installing './depcomp'
parallel-tests: installing './test-driver'
libtoolize: putting auxiliary files in AC_CONFIG_AUX_DIR, '.'.
libtoolize: copying file './ltmain.sh'
libtoolize: Consider adding 'AC_CONFIG_MACRO_DIRS([m4])' to configure.ac,
libtoolize: and rerunning libtoolize and aclocal.
libtoolize: Consider adding '-I m4' to ACLOCAL_AMFLAGS in Makefile.am.
configure.ac:28: installing './compile'
configure.ac:33: installing './config.guess'
configure.ac:33: installing './config.sub'
configure.ac:21: installing './install-sh'
configure.ac:21: installing './missing'
tuneinproxy/Makefile.am:18: installing './py-compile'
libtoolize: putting auxiliary files in AC_CONFIG_AUX_DIR, '.'.
libtoolize: copying file './ltmain.sh'
libtoolize: putting macros in AC_CONFIG_MACRO_DIRS, 'm4'.
libtoolize: copying file 'm4/libtool.m4'
libtoolize: copying file 'm4/ltoptions.m4'
libtoolize: copying file 'm4/ltsugar.m4'
libtoolize: copying file 'm4/ltversion.m4'
libtoolize: copying file 'm4/lt~obsolete.m4'
configure.ac:24: installing './ar-lib'
configure.ac:24: installing './compile'
configure.ac:61: installing './config.guess'
configure.ac:61: installing './config.sub'
configure.ac:21: installing './install-sh'
configure.ac:21: installing './missing'
src/Makefile.am: installing './depcomp'
parallel-tests: installing './test-driver'
libtoolize: putting auxiliary files in AC_CONFIG_AUX_DIR, '.'.
libtoolize: copying file './ltmain.sh'
libtoolize: Consider adding 'AC_CONFIG_MACRO_DIRS([m4])' to configure.ac,
libtoolize: and rerunning libtoolize and aclocal.
libtoolize: Consider adding '-I m4' to ACLOCAL_AMFLAGS in Makefile.am.
configure.ac:28: installing './compile'
configure.ac:33: installing './config.guess'
configure.ac:33: installing './config.sub'
configure.ac:21: installing './install-sh'
configure.ac:21: installing './missing'
iheartproxy/Makefile.am:18: installing './py-compile'
configure.ac:21: installing './install-sh'
configure.ac:21: installing './missing'
configure.ac:93: warning: macro 'AM_PATH_LOG4C' not found in library
libtoolize: putting auxiliary files in AC_CONFIG_AUX_DIR, '.'.
libtoolize: copying file './ltmain.sh'
libtoolize: putting macros in AC_CONFIG_MACRO_DIRS, 'm4'.
libtoolize: copying file 'm4/libtool.m4'
libtoolize: copying file 'm4/ltoptions.m4'
libtoolize: copying file 'm4/ltsugar.m4'
libtoolize: copying file 'm4/ltversion.m4'
libtoolize: copying file 'm4/lt~obsolete.m4'
configure.ac:93: warning: macro 'AM_PATH_LOG4C' not found in library
configure.ac:95: error: possibly undefined macro: AM_PATH_LOG4C
      If this token and others are legitimate, please use m4_pattern_allow.
      See the Autoconf documentation.
autoreconf: error: /usr/bin/autoconf failed with exit status: 1
Command finished with return code: 1

