09/12/2024 06:04:19 PM logger_tizonia___tizonia-openmax-il INFO <<<<<<<<<<<<<<<<<< Logger setup anew <<<<<<<<<<<<<<<<<<< (utils.py:39) (tizonia___tizonia-openmax-il)
09/12/2024 06:04:19 PM logger_tizonia___tizonia-openmax-il INFO Analyzing repos/repos_400_c_round_two/tizonia___tizonia-openmax-il (install_repos.py:285) (tizonia___tizonia-openmax-il)
09/12/2024 06:04:19 PM logger_tizonia___tizonia-openmax-il INFO Running autoreconf (install_repos.py:85) (tizonia___tizonia-openmax-il)
09/12/2024 06:04:19 PM logger_tizonia___tizonia-openmax-il INFO Running command: autoreconf -i (install_repos.py:20) (tizonia___tizonia-openmax-il)
09/12/2024 06:04:19 PM logger_tizonia___tizonia-openmax-il INFO Logging output to: logs/repos/repos_400_c_round_two_install_logs_with_make_cmake_gradlew_meson_scons_bazel_2024-09-12_17-35-05/tizonia___tizonia-openmax-il_build.log (install_repos.py:21) (tizonia___tizonia-openmax-il)
09/12/2024 06:04:25 PM logger_tizonia___tizonia-openmax-il DEBUG libtoolize: putting auxiliary files in AC_CONFIG_AUX_DIR, '.'. (install_repos.py:38) (tizonia___tizonia-openmax-il)
09/12/2024 06:04:25 PM logger_tizonia___tizonia-openmax-il DEBUG libtoolize: copying file './ltmain.sh' (install_repos.py:38) (tizonia___tizonia-openmax-il)
09/12/2024 06:04:25 PM logger_tizonia___tizonia-openmax-il DEBUG libtoolize: putting macros in AC_CONFIG_MACRO_DIRS, 'm4'. (install_repos.py:38) (tizonia___tizonia-openmax-il)
09/12/2024 06:04:25 PM logger_tizonia___tizonia-openmax-il DEBUG libtoolize: copying file 'm4/libtool.m4' (install_repos.py:38) (tizonia___tizonia-openmax-il)
09/12/2024 06:04:25 PM logger_tizonia___tizonia-openmax-il DEBUG libtoolize: copying file 'm4/ltoptions.m4' (install_repos.py:38) (tizonia___tizonia-openmax-il)
09/12/2024 06:04:25 PM logger_tizonia___tizonia-openmax-il DEBUG libtoolize: copying file 'm4/ltsugar.m4' (install_repos.py:38) (tizonia___tizonia-openmax-il)
09/12/2024 06:04:25 PM logger_tizonia___tizonia-openmax-il DEBUG libtoolize: copying file 'm4/ltversion.m4' (install_repos.py:38) (tizonia___tizonia-openmax-il)
09/12/2024 06:04:25 PM logger_tizonia___tizonia-openmax-il DEBUG libtoolize: copying file 'm4/lt~obsolete.m4' (install_repos.py:38) (tizonia___tizonia-openmax-il)
09/12/2024 06:04:26 PM logger_tizonia___tizonia-openmax-il DEBUG configure.ac:6: warning: 'AM_CONFIG_HEADER': this macro is obsolete. (install_repos.py:38) (tizonia___tizonia-openmax-il)
09/12/2024 06:04:26 PM logger_tizonia___tizonia-openmax-il DEBUG configure.ac:6: You should use the 'AC_CONFIG_HEADERS' macro instead. (install_repos.py:38) (tizonia___tizonia-openmax-il)
09/12/2024 06:04:26 PM logger_tizonia___tizonia-openmax-il DEBUG ./lib/autoconf/general.m4:2434: AC_DIAGNOSE is expanded from... (install_repos.py:38) (tizonia___tizonia-openmax-il)
09/12/2024 06:04:26 PM logger_tizonia___tizonia-openmax-il DEBUG aclocal.m4:1149: AM_CONFIG_HEADER is expanded from... (install_repos.py:38) (tizonia___tizonia-openmax-il)
09/12/2024 06:04:26 PM logger_tizonia___tizonia-openmax-il DEBUG configure.ac:6: the top level (install_repos.py:38) (tizonia___tizonia-openmax-il)
09/12/2024 06:04:26 PM logger_tizonia___tizonia-openmax-il DEBUG configure.ac:25: warning: The macro `AC_LANG_CPLUSPLUS' is obsolete. (install_repos.py:38) (tizonia___tizonia-openmax-il)
09/12/2024 06:04:26 PM logger_tizonia___tizonia-openmax-il DEBUG configure.ac:25: You should run autoupdate. (install_repos.py:38) (tizonia___tizonia-openmax-il)
09/12/2024 06:04:26 PM logger_tizonia___tizonia-openmax-il DEBUG ./lib/autoconf/c.m4:262: AC_LANG_CPLUSPLUS is expanded from... (install_repos.py:38) (tizonia___tizonia-openmax-il)
09/12/2024 06:04:26 PM logger_tizonia___tizonia-openmax-il DEBUG configure.ac:25: the top level (install_repos.py:38) (tizonia___tizonia-openmax-il)
09/12/2024 06:04:26 PM logger_tizonia___tizonia-openmax-il DEBUG configure.ac:61: warning: The macro `AC_LANG_C' is obsolete. (install_repos.py:38) (tizonia___tizonia-openmax-il)
09/12/2024 06:04:26 PM logger_tizonia___tizonia-openmax-il DEBUG configure.ac:61: You should run autoupdate. (install_repos.py:38) (tizonia___tizonia-openmax-il)
09/12/2024 06:04:26 PM logger_tizonia___tizonia-openmax-il DEBUG ./lib/autoconf/c.m4:72: AC_LANG_C is expanded from... (install_repos.py:38) (tizonia___tizonia-openmax-il)
09/12/2024 06:04:26 PM logger_tizonia___tizonia-openmax-il DEBUG m4/acx_pthread.m4:82: ACX_PTHREAD is expanded from... (install_repos.py:38) (tizonia___tizonia-openmax-il)
09/12/2024 06:04:26 PM logger_tizonia___tizonia-openmax-il DEBUG configure.ac:61: the top level (install_repos.py:38) (tizonia___tizonia-openmax-il)
09/12/2024 06:04:26 PM logger_tizonia___tizonia-openmax-il DEBUG configure.ac:61: warning: The macro `AC_TRY_LINK' is obsolete. (install_repos.py:38) (tizonia___tizonia-openmax-il)
09/12/2024 06:04:26 PM logger_tizonia___tizonia-openmax-il DEBUG configure.ac:61: You should run autoupdate. (install_repos.py:38) (tizonia___tizonia-openmax-il)
09/12/2024 06:04:26 PM logger_tizonia___tizonia-openmax-il DEBUG ./lib/autoconf/general.m4:2920: AC_TRY_LINK is expanded from... (install_repos.py:38) (tizonia___tizonia-openmax-il)
09/12/2024 06:04:26 PM logger_tizonia___tizonia-openmax-il DEBUG m4/acx_pthread.m4:82: ACX_PTHREAD is expanded from... (install_repos.py:38) (tizonia___tizonia-openmax-il)
09/12/2024 06:04:26 PM logger_tizonia___tizonia-openmax-il DEBUG configure.ac:61: the top level (install_repos.py:38) (tizonia___tizonia-openmax-il)
09/12/2024 06:04:26 PM logger_tizonia___tizonia-openmax-il DEBUG configure.ac:69: warning: AC_OUTPUT should be used without arguments. (install_repos.py:38) (tizonia___tizonia-openmax-il)
09/12/2024 06:04:26 PM logger_tizonia___tizonia-openmax-il DEBUG configure.ac:69: You should run autoupdate. (install_repos.py:38) (tizonia___tizonia-openmax-il)
09/12/2024 06:04:27 PM logger_tizonia___tizonia-openmax-il DEBUG configure.ac:8: installing './ar-lib' (install_repos.py:38) (tizonia___tizonia-openmax-il)
09/12/2024 06:04:27 PM logger_tizonia___tizonia-openmax-il DEBUG configure.ac:8: installing './compile' (install_repos.py:38) (tizonia___tizonia-openmax-il)
09/12/2024 06:04:27 PM logger_tizonia___tizonia-openmax-il DEBUG configure.ac:10: installing './config.guess' (install_repos.py:38) (tizonia___tizonia-openmax-il)
09/12/2024 06:04:27 PM logger_tizonia___tizonia-openmax-il DEBUG configure.ac:10: installing './config.sub' (install_repos.py:38) (tizonia___tizonia-openmax-il)
09/12/2024 06:04:27 PM logger_tizonia___tizonia-openmax-il DEBUG configure.ac:4: installing './install-sh' (install_repos.py:38) (tizonia___tizonia-openmax-il)
09/12/2024 06:04:27 PM logger_tizonia___tizonia-openmax-il DEBUG configure.ac:4: installing './missing' (install_repos.py:38) (tizonia___tizonia-openmax-il)
09/12/2024 06:04:27 PM logger_tizonia___tizonia-openmax-il DEBUG src/Makefile.am: installing './depcomp' (install_repos.py:38) (tizonia___tizonia-openmax-il)
09/12/2024 06:04:27 PM logger_tizonia___tizonia-openmax-il DEBUG configure.ac:21: installing './install-sh' (install_repos.py:38) (tizonia___tizonia-openmax-il)
09/12/2024 06:04:27 PM logger_tizonia___tizonia-openmax-il DEBUG configure.ac:21: installing './missing' (install_repos.py:38) (tizonia___tizonia-openmax-il)
09/12/2024 06:04:29 PM logger_tizonia___tizonia-openmax-il DEBUG configure.ac:29: installing './compile' (install_repos.py:38) (tizonia___tizonia-openmax-il)
09/12/2024 06:04:29 PM logger_tizonia___tizonia-openmax-il DEBUG configure.ac:21: installing './install-sh' (install_repos.py:38) (tizonia___tizonia-openmax-il)
09/12/2024 06:04:29 PM logger_tizonia___tizonia-openmax-il DEBUG configure.ac:21: installing './missing' (install_repos.py:38) (tizonia___tizonia-openmax-il)
09/12/2024 06:04:35 PM logger_tizonia___tizonia-openmax-il DEBUG libtoolize: putting auxiliary files in AC_CONFIG_AUX_DIR, '.'. (install_repos.py:38) (tizonia___tizonia-openmax-il)
09/12/2024 06:04:35 PM logger_tizonia___tizonia-openmax-il DEBUG libtoolize: copying file './ltmain.sh' (install_repos.py:38) (tizonia___tizonia-openmax-il)
09/12/2024 06:04:35 PM logger_tizonia___tizonia-openmax-il DEBUG libtoolize: putting macros in AC_CONFIG_MACRO_DIRS, 'm4'. (install_repos.py:38) (tizonia___tizonia-openmax-il)
09/12/2024 06:04:35 PM logger_tizonia___tizonia-openmax-il DEBUG libtoolize: copying file 'm4/libtool.m4' (install_repos.py:38) (tizonia___tizonia-openmax-il)
09/12/2024 06:04:35 PM logger_tizonia___tizonia-openmax-il DEBUG libtoolize: copying file 'm4/ltoptions.m4' (install_repos.py:38) (tizonia___tizonia-openmax-il)
09/12/2024 06:04:35 PM logger_tizonia___tizonia-openmax-il DEBUG libtoolize: copying file 'm4/ltsugar.m4' (install_repos.py:38) (tizonia___tizonia-openmax-il)
09/12/2024 06:04:35 PM logger_tizonia___tizonia-openmax-il DEBUG libtoolize: copying file 'm4/ltversion.m4' (install_repos.py:38) (tizonia___tizonia-openmax-il)
09/12/2024 06:04:35 PM logger_tizonia___tizonia-openmax-il DEBUG libtoolize: copying file 'm4/lt~obsolete.m4' (install_repos.py:38) (tizonia___tizonia-openmax-il)
09/12/2024 06:04:37 PM logger_tizonia___tizonia-openmax-il DEBUG configure.ac:24: installing './ar-lib' (install_repos.py:38) (tizonia___tizonia-openmax-il)
09/12/2024 06:04:37 PM logger_tizonia___tizonia-openmax-il DEBUG configure.ac:24: installing './compile' (install_repos.py:38) (tizonia___tizonia-openmax-il)
09/12/2024 06:04:37 PM logger_tizonia___tizonia-openmax-il DEBUG configure.ac:61: installing './config.guess' (install_repos.py:38) (tizonia___tizonia-openmax-il)
09/12/2024 06:04:37 PM logger_tizonia___tizonia-openmax-il DEBUG configure.ac:61: installing './config.sub' (install_repos.py:38) (tizonia___tizonia-openmax-il)
09/12/2024 06:04:37 PM logger_tizonia___tizonia-openmax-il DEBUG configure.ac:21: installing './install-sh' (install_repos.py:38) (tizonia___tizonia-openmax-il)
09/12/2024 06:04:37 PM logger_tizonia___tizonia-openmax-il DEBUG configure.ac:21: installing './missing' (install_repos.py:38) (tizonia___tizonia-openmax-il)
09/12/2024 06:04:37 PM logger_tizonia___tizonia-openmax-il DEBUG src/Makefile.am: installing './depcomp' (install_repos.py:38) (tizonia___tizonia-openmax-il)
09/12/2024 06:04:37 PM logger_tizonia___tizonia-openmax-il DEBUG parallel-tests: installing './test-driver' (install_repos.py:38) (tizonia___tizonia-openmax-il)
09/12/2024 06:04:37 PM logger_tizonia___tizonia-openmax-il DEBUG libtoolize: putting auxiliary files in AC_CONFIG_AUX_DIR, '.'. (install_repos.py:38) (tizonia___tizonia-openmax-il)
09/12/2024 06:04:37 PM logger_tizonia___tizonia-openmax-il DEBUG libtoolize: copying file './ltmain.sh' (install_repos.py:38) (tizonia___tizonia-openmax-il)
09/12/2024 06:04:37 PM logger_tizonia___tizonia-openmax-il DEBUG libtoolize: Consider adding 'AC_CONFIG_MACRO_DIRS([m4])' to configure.ac, (install_repos.py:38) (tizonia___tizonia-openmax-il)
09/12/2024 06:04:37 PM logger_tizonia___tizonia-openmax-il DEBUG libtoolize: and rerunning libtoolize and aclocal. (install_repos.py:38) (tizonia___tizonia-openmax-il)
09/12/2024 06:04:37 PM logger_tizonia___tizonia-openmax-il DEBUG libtoolize: Consider adding '-I m4' to ACLOCAL_AMFLAGS in Makefile.am. (install_repos.py:38) (tizonia___tizonia-openmax-il)
09/12/2024 06:04:38 PM logger_tizonia___tizonia-openmax-il DEBUG configure.ac:28: installing './compile' (install_repos.py:38) (tizonia___tizonia-openmax-il)
09/12/2024 06:04:38 PM logger_tizonia___tizonia-openmax-il DEBUG configure.ac:33: installing './config.guess' (install_repos.py:38) (tizonia___tizonia-openmax-il)
09/12/2024 06:04:38 PM logger_tizonia___tizonia-openmax-il DEBUG configure.ac:33: installing './config.sub' (install_repos.py:38) (tizonia___tizonia-openmax-il)
09/12/2024 06:04:38 PM logger_tizonia___tizonia-openmax-il DEBUG configure.ac:21: installing './install-sh' (install_repos.py:38) (tizonia___tizonia-openmax-il)
09/12/2024 06:04:38 PM logger_tizonia___tizonia-openmax-il DEBUG configure.ac:21: installing './missing' (install_repos.py:38) (tizonia___tizonia-openmax-il)
09/12/2024 06:04:38 PM logger_tizonia___tizonia-openmax-il DEBUG gmusicproxy/Makefile.am:18: installing './py-compile' (install_repos.py:38) (tizonia___tizonia-openmax-il)
09/12/2024 06:04:43 PM logger_tizonia___tizonia-openmax-il DEBUG libtoolize: putting auxiliary files in AC_CONFIG_AUX_DIR, '.'. (install_repos.py:38) (tizonia___tizonia-openmax-il)
09/12/2024 06:04:43 PM logger_tizonia___tizonia-openmax-il DEBUG libtoolize: copying file './ltmain.sh' (install_repos.py:38) (tizonia___tizonia-openmax-il)
09/12/2024 06:04:43 PM logger_tizonia___tizonia-openmax-il DEBUG libtoolize: putting macros in AC_CONFIG_MACRO_DIRS, 'm4'. (install_repos.py:38) (tizonia___tizonia-openmax-il)
09/12/2024 06:04:43 PM logger_tizonia___tizonia-openmax-il DEBUG libtoolize: copying file 'm4/libtool.m4' (install_repos.py:38) (tizonia___tizonia-openmax-il)
09/12/2024 06:04:43 PM logger_tizonia___tizonia-openmax-il DEBUG libtoolize: copying file 'm4/ltoptions.m4' (install_repos.py:38) (tizonia___tizonia-openmax-il)
09/12/2024 06:04:43 PM logger_tizonia___tizonia-openmax-il DEBUG libtoolize: copying file 'm4/ltsugar.m4' (install_repos.py:38) (tizonia___tizonia-openmax-il)
09/12/2024 06:04:43 PM logger_tizonia___tizonia-openmax-il DEBUG libtoolize: copying file 'm4/ltversion.m4' (install_repos.py:38) (tizonia___tizonia-openmax-il)
09/12/2024 06:04:43 PM logger_tizonia___tizonia-openmax-il DEBUG libtoolize: copying file 'm4/lt~obsolete.m4' (install_repos.py:38) (tizonia___tizonia-openmax-il)
09/12/2024 06:04:45 PM logger_tizonia___tizonia-openmax-il DEBUG configure.ac:24: installing './ar-lib' (install_repos.py:38) (tizonia___tizonia-openmax-il)
09/12/2024 06:04:45 PM logger_tizonia___tizonia-openmax-il DEBUG configure.ac:24: installing './compile' (install_repos.py:38) (tizonia___tizonia-openmax-il)
09/12/2024 06:04:45 PM logger_tizonia___tizonia-openmax-il DEBUG configure.ac:61: installing './config.guess' (install_repos.py:38) (tizonia___tizonia-openmax-il)
09/12/2024 06:04:45 PM logger_tizonia___tizonia-openmax-il DEBUG configure.ac:61: installing './config.sub' (install_repos.py:38) (tizonia___tizonia-openmax-il)
09/12/2024 06:04:45 PM logger_tizonia___tizonia-openmax-il DEBUG configure.ac:21: installing './install-sh' (install_repos.py:38) (tizonia___tizonia-openmax-il)
09/12/2024 06:04:45 PM logger_tizonia___tizonia-openmax-il DEBUG configure.ac:21: installing './missing' (install_repos.py:38) (tizonia___tizonia-openmax-il)
09/12/2024 06:04:45 PM logger_tizonia___tizonia-openmax-il DEBUG src/Makefile.am: installing './depcomp' (install_repos.py:38) (tizonia___tizonia-openmax-il)
09/12/2024 06:04:45 PM logger_tizonia___tizonia-openmax-il DEBUG parallel-tests: installing './test-driver' (install_repos.py:38) (tizonia___tizonia-openmax-il)
09/12/2024 06:04:45 PM logger_tizonia___tizonia-openmax-il DEBUG libtoolize: putting auxiliary files in AC_CONFIG_AUX_DIR, '.'. (install_repos.py:38) (tizonia___tizonia-openmax-il)
09/12/2024 06:04:45 PM logger_tizonia___tizonia-openmax-il DEBUG libtoolize: copying file './ltmain.sh' (install_repos.py:38) (tizonia___tizonia-openmax-il)
09/12/2024 06:04:45 PM logger_tizonia___tizonia-openmax-il DEBUG libtoolize: Consider adding 'AC_CONFIG_MACRO_DIRS([m4])' to configure.ac, (install_repos.py:38) (tizonia___tizonia-openmax-il)
09/12/2024 06:04:45 PM logger_tizonia___tizonia-openmax-il DEBUG libtoolize: and rerunning libtoolize and aclocal. (install_repos.py:38) (tizonia___tizonia-openmax-il)
09/12/2024 06:04:45 PM logger_tizonia___tizonia-openmax-il DEBUG libtoolize: Consider adding '-I m4' to ACLOCAL_AMFLAGS in Makefile.am. (install_repos.py:38) (tizonia___tizonia-openmax-il)
09/12/2024 06:04:46 PM logger_tizonia___tizonia-openmax-il DEBUG configure.ac:28: installing './compile' (install_repos.py:38) (tizonia___tizonia-openmax-il)
09/12/2024 06:04:46 PM logger_tizonia___tizonia-openmax-il DEBUG configure.ac:33: installing './config.guess' (install_repos.py:38) (tizonia___tizonia-openmax-il)
09/12/2024 06:04:46 PM logger_tizonia___tizonia-openmax-il DEBUG configure.ac:33: installing './config.sub' (install_repos.py:38) (tizonia___tizonia-openmax-il)
09/12/2024 06:04:46 PM logger_tizonia___tizonia-openmax-il DEBUG configure.ac:21: installing './install-sh' (install_repos.py:38) (tizonia___tizonia-openmax-il)
09/12/2024 06:04:46 PM logger_tizonia___tizonia-openmax-il DEBUG configure.ac:21: installing './missing' (install_repos.py:38) (tizonia___tizonia-openmax-il)
09/12/2024 06:04:46 PM logger_tizonia___tizonia-openmax-il DEBUG soundcloudproxy/Makefile.am:18: installing './py-compile' (install_repos.py:38) (tizonia___tizonia-openmax-il)
09/12/2024 06:04:50 PM logger_tizonia___tizonia-openmax-il DEBUG libtoolize: putting auxiliary files in AC_CONFIG_AUX_DIR, '.'. (install_repos.py:38) (tizonia___tizonia-openmax-il)
09/12/2024 06:04:50 PM logger_tizonia___tizonia-openmax-il DEBUG libtoolize: copying file './ltmain.sh' (install_repos.py:38) (tizonia___tizonia-openmax-il)
09/12/2024 06:04:50 PM logger_tizonia___tizonia-openmax-il DEBUG libtoolize: putting macros in AC_CONFIG_MACRO_DIRS, 'm4'. (install_repos.py:38) (tizonia___tizonia-openmax-il)
09/12/2024 06:04:50 PM logger_tizonia___tizonia-openmax-il DEBUG libtoolize: copying file 'm4/libtool.m4' (install_repos.py:38) (tizonia___tizonia-openmax-il)
09/12/2024 06:04:50 PM logger_tizonia___tizonia-openmax-il DEBUG libtoolize: copying file 'm4/ltoptions.m4' (install_repos.py:38) (tizonia___tizonia-openmax-il)
09/12/2024 06:04:50 PM logger_tizonia___tizonia-openmax-il DEBUG libtoolize: copying file 'm4/ltsugar.m4' (install_repos.py:38) (tizonia___tizonia-openmax-il)
09/12/2024 06:04:50 PM logger_tizonia___tizonia-openmax-il DEBUG libtoolize: copying file 'm4/ltversion.m4' (install_repos.py:38) (tizonia___tizonia-openmax-il)
09/12/2024 06:04:50 PM logger_tizonia___tizonia-openmax-il DEBUG libtoolize: copying file 'm4/lt~obsolete.m4' (install_repos.py:38) (tizonia___tizonia-openmax-il)
09/12/2024 06:04:52 PM logger_tizonia___tizonia-openmax-il DEBUG configure.ac:24: installing './ar-lib' (install_repos.py:38) (tizonia___tizonia-openmax-il)
09/12/2024 06:04:52 PM logger_tizonia___tizonia-openmax-il DEBUG configure.ac:24: installing './compile' (install_repos.py:38) (tizonia___tizonia-openmax-il)
09/12/2024 06:04:52 PM logger_tizonia___tizonia-openmax-il DEBUG configure.ac:61: installing './config.guess' (install_repos.py:38) (tizonia___tizonia-openmax-il)
09/12/2024 06:04:52 PM logger_tizonia___tizonia-openmax-il DEBUG configure.ac:61: installing './config.sub' (install_repos.py:38) (tizonia___tizonia-openmax-il)
09/12/2024 06:04:52 PM logger_tizonia___tizonia-openmax-il DEBUG configure.ac:21: installing './install-sh' (install_repos.py:38) (tizonia___tizonia-openmax-il)
09/12/2024 06:04:52 PM logger_tizonia___tizonia-openmax-il DEBUG configure.ac:21: installing './missing' (install_repos.py:38) (tizonia___tizonia-openmax-il)
09/12/2024 06:04:52 PM logger_tizonia___tizonia-openmax-il DEBUG src/Makefile.am: installing './depcomp' (install_repos.py:38) (tizonia___tizonia-openmax-il)
09/12/2024 06:04:52 PM logger_tizonia___tizonia-openmax-il DEBUG parallel-tests: installing './test-driver' (install_repos.py:38) (tizonia___tizonia-openmax-il)
09/12/2024 06:04:53 PM logger_tizonia___tizonia-openmax-il DEBUG libtoolize: putting auxiliary files in AC_CONFIG_AUX_DIR, '.'. (install_repos.py:38) (tizonia___tizonia-openmax-il)
09/12/2024 06:04:53 PM logger_tizonia___tizonia-openmax-il DEBUG libtoolize: copying file './ltmain.sh' (install_repos.py:38) (tizonia___tizonia-openmax-il)
09/12/2024 06:04:53 PM logger_tizonia___tizonia-openmax-il DEBUG libtoolize: Consider adding 'AC_CONFIG_MACRO_DIRS([m4])' to configure.ac, (install_repos.py:38) (tizonia___tizonia-openmax-il)
09/12/2024 06:04:53 PM logger_tizonia___tizonia-openmax-il DEBUG libtoolize: and rerunning libtoolize and aclocal. (install_repos.py:38) (tizonia___tizonia-openmax-il)
09/12/2024 06:04:53 PM logger_tizonia___tizonia-openmax-il DEBUG libtoolize: Consider adding '-I m4' to ACLOCAL_AMFLAGS in Makefile.am. (install_repos.py:38) (tizonia___tizonia-openmax-il)
09/12/2024 06:04:54 PM logger_tizonia___tizonia-openmax-il DEBUG configure.ac:28: installing './compile' (install_repos.py:38) (tizonia___tizonia-openmax-il)
09/12/2024 06:04:54 PM logger_tizonia___tizonia-openmax-il DEBUG configure.ac:33: installing './config.guess' (install_repos.py:38) (tizonia___tizonia-openmax-il)
09/12/2024 06:04:54 PM logger_tizonia___tizonia-openmax-il DEBUG configure.ac:33: installing './config.sub' (install_repos.py:38) (tizonia___tizonia-openmax-il)
09/12/2024 06:04:54 PM logger_tizonia___tizonia-openmax-il DEBUG configure.ac:21: installing './install-sh' (install_repos.py:38) (tizonia___tizonia-openmax-il)
09/12/2024 06:04:54 PM logger_tizonia___tizonia-openmax-il DEBUG configure.ac:21: installing './missing' (install_repos.py:38) (tizonia___tizonia-openmax-il)
09/12/2024 06:04:54 PM logger_tizonia___tizonia-openmax-il DEBUG youtubeproxy/Makefile.am:18: installing './py-compile' (install_repos.py:38) (tizonia___tizonia-openmax-il)
09/12/2024 06:04:58 PM logger_tizonia___tizonia-openmax-il DEBUG libtoolize: putting auxiliary files in AC_CONFIG_AUX_DIR, '.'. (install_repos.py:38) (tizonia___tizonia-openmax-il)
09/12/2024 06:04:58 PM logger_tizonia___tizonia-openmax-il DEBUG libtoolize: copying file './ltmain.sh' (install_repos.py:38) (tizonia___tizonia-openmax-il)
09/12/2024 06:04:58 PM logger_tizonia___tizonia-openmax-il DEBUG libtoolize: putting macros in AC_CONFIG_MACRO_DIRS, 'm4'. (install_repos.py:38) (tizonia___tizonia-openmax-il)
09/12/2024 06:04:58 PM logger_tizonia___tizonia-openmax-il DEBUG libtoolize: copying file 'm4/libtool.m4' (install_repos.py:38) (tizonia___tizonia-openmax-il)
09/12/2024 06:04:58 PM logger_tizonia___tizonia-openmax-il DEBUG libtoolize: copying file 'm4/ltoptions.m4' (install_repos.py:38) (tizonia___tizonia-openmax-il)
09/12/2024 06:04:58 PM logger_tizonia___tizonia-openmax-il DEBUG libtoolize: copying file 'm4/ltsugar.m4' (install_repos.py:38) (tizonia___tizonia-openmax-il)
09/12/2024 06:04:58 PM logger_tizonia___tizonia-openmax-il DEBUG libtoolize: copying file 'm4/ltversion.m4' (install_repos.py:38) (tizonia___tizonia-openmax-il)
09/12/2024 06:04:58 PM logger_tizonia___tizonia-openmax-il DEBUG libtoolize: copying file 'm4/lt~obsolete.m4' (install_repos.py:38) (tizonia___tizonia-openmax-il)
09/12/2024 06:05:00 PM logger_tizonia___tizonia-openmax-il DEBUG configure.ac:24: installing './ar-lib' (install_repos.py:38) (tizonia___tizonia-openmax-il)
09/12/2024 06:05:00 PM logger_tizonia___tizonia-openmax-il DEBUG configure.ac:24: installing './compile' (install_repos.py:38) (tizonia___tizonia-openmax-il)
09/12/2024 06:05:00 PM logger_tizonia___tizonia-openmax-il DEBUG configure.ac:61: installing './config.guess' (install_repos.py:38) (tizonia___tizonia-openmax-il)
09/12/2024 06:05:00 PM logger_tizonia___tizonia-openmax-il DEBUG configure.ac:61: installing './config.sub' (install_repos.py:38) (tizonia___tizonia-openmax-il)
09/12/2024 06:05:00 PM logger_tizonia___tizonia-openmax-il DEBUG configure.ac:21: installing './install-sh' (install_repos.py:38) (tizonia___tizonia-openmax-il)
09/12/2024 06:05:00 PM logger_tizonia___tizonia-openmax-il DEBUG configure.ac:21: installing './missing' (install_repos.py:38) (tizonia___tizonia-openmax-il)
09/12/2024 06:05:00 PM logger_tizonia___tizonia-openmax-il DEBUG src/Makefile.am: installing './depcomp' (install_repos.py:38) (tizonia___tizonia-openmax-il)
09/12/2024 06:05:00 PM logger_tizonia___tizonia-openmax-il DEBUG libtoolize: putting auxiliary files in AC_CONFIG_AUX_DIR, '.'. (install_repos.py:38) (tizonia___tizonia-openmax-il)
09/12/2024 06:05:00 PM logger_tizonia___tizonia-openmax-il DEBUG libtoolize: copying file './ltmain.sh' (install_repos.py:38) (tizonia___tizonia-openmax-il)
09/12/2024 06:05:00 PM logger_tizonia___tizonia-openmax-il DEBUG libtoolize: Consider adding 'AC_CONFIG_MACRO_DIRS([m4])' to configure.ac, (install_repos.py:38) (tizonia___tizonia-openmax-il)
09/12/2024 06:05:00 PM logger_tizonia___tizonia-openmax-il DEBUG libtoolize: and rerunning libtoolize and aclocal. (install_repos.py:38) (tizonia___tizonia-openmax-il)
09/12/2024 06:05:00 PM logger_tizonia___tizonia-openmax-il DEBUG libtoolize: Consider adding '-I m4' to ACLOCAL_AMFLAGS in Makefile.am. (install_repos.py:38) (tizonia___tizonia-openmax-il)
09/12/2024 06:05:01 PM logger_tizonia___tizonia-openmax-il DEBUG configure.ac:28: installing './compile' (install_repos.py:38) (tizonia___tizonia-openmax-il)
09/12/2024 06:05:01 PM logger_tizonia___tizonia-openmax-il DEBUG configure.ac:33: installing './config.guess' (install_repos.py:38) (tizonia___tizonia-openmax-il)
09/12/2024 06:05:01 PM logger_tizonia___tizonia-openmax-il DEBUG configure.ac:33: installing './config.sub' (install_repos.py:38) (tizonia___tizonia-openmax-il)
09/12/2024 06:05:01 PM logger_tizonia___tizonia-openmax-il DEBUG configure.ac:21: installing './install-sh' (install_repos.py:38) (tizonia___tizonia-openmax-il)
09/12/2024 06:05:01 PM logger_tizonia___tizonia-openmax-il DEBUG configure.ac:21: installing './missing' (install_repos.py:38) (tizonia___tizonia-openmax-il)
09/12/2024 06:05:01 PM logger_tizonia___tizonia-openmax-il DEBUG plexproxy/Makefile.am:18: installing './py-compile' (install_repos.py:38) (tizonia___tizonia-openmax-il)
09/12/2024 06:05:05 PM logger_tizonia___tizonia-openmax-il DEBUG libtoolize: putting auxiliary files in AC_CONFIG_AUX_DIR, '.'. (install_repos.py:38) (tizonia___tizonia-openmax-il)
09/12/2024 06:05:05 PM logger_tizonia___tizonia-openmax-il DEBUG libtoolize: copying file './ltmain.sh' (install_repos.py:38) (tizonia___tizonia-openmax-il)
09/12/2024 06:05:05 PM logger_tizonia___tizonia-openmax-il DEBUG libtoolize: putting macros in AC_CONFIG_MACRO_DIRS, 'm4'. (install_repos.py:38) (tizonia___tizonia-openmax-il)
09/12/2024 06:05:05 PM logger_tizonia___tizonia-openmax-il DEBUG libtoolize: copying file 'm4/libtool.m4' (install_repos.py:38) (tizonia___tizonia-openmax-il)
09/12/2024 06:05:05 PM logger_tizonia___tizonia-openmax-il DEBUG libtoolize: copying file 'm4/ltoptions.m4' (install_repos.py:38) (tizonia___tizonia-openmax-il)
09/12/2024 06:05:06 PM logger_tizonia___tizonia-openmax-il DEBUG libtoolize: copying file 'm4/ltsugar.m4' (install_repos.py:38) (tizonia___tizonia-openmax-il)
09/12/2024 06:05:06 PM logger_tizonia___tizonia-openmax-il DEBUG libtoolize: copying file 'm4/ltversion.m4' (install_repos.py:38) (tizonia___tizonia-openmax-il)
09/12/2024 06:05:06 PM logger_tizonia___tizonia-openmax-il DEBUG libtoolize: copying file 'm4/lt~obsolete.m4' (install_repos.py:38) (tizonia___tizonia-openmax-il)
09/12/2024 06:05:08 PM logger_tizonia___tizonia-openmax-il DEBUG configure.ac:24: installing './ar-lib' (install_repos.py:38) (tizonia___tizonia-openmax-il)
09/12/2024 06:05:08 PM logger_tizonia___tizonia-openmax-il DEBUG configure.ac:24: installing './compile' (install_repos.py:38) (tizonia___tizonia-openmax-il)
09/12/2024 06:05:08 PM logger_tizonia___tizonia-openmax-il DEBUG configure.ac:61: installing './config.guess' (install_repos.py:38) (tizonia___tizonia-openmax-il)
09/12/2024 06:05:08 PM logger_tizonia___tizonia-openmax-il DEBUG configure.ac:61: installing './config.sub' (install_repos.py:38) (tizonia___tizonia-openmax-il)
09/12/2024 06:05:08 PM logger_tizonia___tizonia-openmax-il DEBUG configure.ac:21: installing './install-sh' (install_repos.py:38) (tizonia___tizonia-openmax-il)
09/12/2024 06:05:08 PM logger_tizonia___tizonia-openmax-il DEBUG configure.ac:21: installing './missing' (install_repos.py:38) (tizonia___tizonia-openmax-il)
09/12/2024 06:05:08 PM logger_tizonia___tizonia-openmax-il DEBUG src/Makefile.am: installing './depcomp' (install_repos.py:38) (tizonia___tizonia-openmax-il)
09/12/2024 06:05:08 PM logger_tizonia___tizonia-openmax-il DEBUG libtoolize: putting auxiliary files in AC_CONFIG_AUX_DIR, '.'. (install_repos.py:38) (tizonia___tizonia-openmax-il)
09/12/2024 06:05:08 PM logger_tizonia___tizonia-openmax-il DEBUG libtoolize: copying file './ltmain.sh' (install_repos.py:38) (tizonia___tizonia-openmax-il)
09/12/2024 06:05:08 PM logger_tizonia___tizonia-openmax-il DEBUG libtoolize: Consider adding 'AC_CONFIG_MACRO_DIRS([m4])' to configure.ac, (install_repos.py:38) (tizonia___tizonia-openmax-il)
09/12/2024 06:05:08 PM logger_tizonia___tizonia-openmax-il DEBUG libtoolize: and rerunning libtoolize and aclocal. (install_repos.py:38) (tizonia___tizonia-openmax-il)
09/12/2024 06:05:08 PM logger_tizonia___tizonia-openmax-il DEBUG libtoolize: Consider adding '-I m4' to ACLOCAL_AMFLAGS in Makefile.am. (install_repos.py:38) (tizonia___tizonia-openmax-il)
09/12/2024 06:05:09 PM logger_tizonia___tizonia-openmax-il DEBUG configure.ac:28: installing './compile' (install_repos.py:38) (tizonia___tizonia-openmax-il)
09/12/2024 06:05:09 PM logger_tizonia___tizonia-openmax-il DEBUG configure.ac:33: installing './config.guess' (install_repos.py:38) (tizonia___tizonia-openmax-il)
09/12/2024 06:05:09 PM logger_tizonia___tizonia-openmax-il DEBUG configure.ac:33: installing './config.sub' (install_repos.py:38) (tizonia___tizonia-openmax-il)
09/12/2024 06:05:09 PM logger_tizonia___tizonia-openmax-il DEBUG configure.ac:21: installing './install-sh' (install_repos.py:38) (tizonia___tizonia-openmax-il)
09/12/2024 06:05:09 PM logger_tizonia___tizonia-openmax-il DEBUG configure.ac:21: installing './missing' (install_repos.py:38) (tizonia___tizonia-openmax-il)
09/12/2024 06:05:09 PM logger_tizonia___tizonia-openmax-il DEBUG chromecastproxy/Makefile.am:18: installing './py-compile' (install_repos.py:38) (tizonia___tizonia-openmax-il)
09/12/2024 06:05:13 PM logger_tizonia___tizonia-openmax-il DEBUG libtoolize: putting auxiliary files in AC_CONFIG_AUX_DIR, '.'. (install_repos.py:38) (tizonia___tizonia-openmax-il)
09/12/2024 06:05:13 PM logger_tizonia___tizonia-openmax-il DEBUG libtoolize: copying file './ltmain.sh' (install_repos.py:38) (tizonia___tizonia-openmax-il)
09/12/2024 06:05:13 PM logger_tizonia___tizonia-openmax-il DEBUG libtoolize: putting macros in AC_CONFIG_MACRO_DIRS, 'm4'. (install_repos.py:38) (tizonia___tizonia-openmax-il)
09/12/2024 06:05:13 PM logger_tizonia___tizonia-openmax-il DEBUG libtoolize: copying file 'm4/libtool.m4' (install_repos.py:38) (tizonia___tizonia-openmax-il)
09/12/2024 06:05:13 PM logger_tizonia___tizonia-openmax-il DEBUG libtoolize: copying file 'm4/ltoptions.m4' (install_repos.py:38) (tizonia___tizonia-openmax-il)
09/12/2024 06:05:13 PM logger_tizonia___tizonia-openmax-il DEBUG libtoolize: copying file 'm4/ltsugar.m4' (install_repos.py:38) (tizonia___tizonia-openmax-il)
09/12/2024 06:05:13 PM logger_tizonia___tizonia-openmax-il DEBUG libtoolize: copying file 'm4/ltversion.m4' (install_repos.py:38) (tizonia___tizonia-openmax-il)
09/12/2024 06:05:13 PM logger_tizonia___tizonia-openmax-il DEBUG libtoolize: copying file 'm4/lt~obsolete.m4' (install_repos.py:38) (tizonia___tizonia-openmax-il)
09/12/2024 06:05:15 PM logger_tizonia___tizonia-openmax-il DEBUG configure.ac:24: installing './ar-lib' (install_repos.py:38) (tizonia___tizonia-openmax-il)
09/12/2024 06:05:15 PM logger_tizonia___tizonia-openmax-il DEBUG configure.ac:24: installing './compile' (install_repos.py:38) (tizonia___tizonia-openmax-il)
09/12/2024 06:05:15 PM logger_tizonia___tizonia-openmax-il DEBUG configure.ac:61: installing './config.guess' (install_repos.py:38) (tizonia___tizonia-openmax-il)
09/12/2024 06:05:15 PM logger_tizonia___tizonia-openmax-il DEBUG configure.ac:61: installing './config.sub' (install_repos.py:38) (tizonia___tizonia-openmax-il)
09/12/2024 06:05:15 PM logger_tizonia___tizonia-openmax-il DEBUG configure.ac:21: installing './install-sh' (install_repos.py:38) (tizonia___tizonia-openmax-il)
09/12/2024 06:05:15 PM logger_tizonia___tizonia-openmax-il DEBUG configure.ac:21: installing './missing' (install_repos.py:38) (tizonia___tizonia-openmax-il)
09/12/2024 06:05:15 PM logger_tizonia___tizonia-openmax-il DEBUG src/Makefile.am: installing './depcomp' (install_repos.py:38) (tizonia___tizonia-openmax-il)
09/12/2024 06:05:15 PM logger_tizonia___tizonia-openmax-il DEBUG libtoolize: putting auxiliary files in AC_CONFIG_AUX_DIR, '.'. (install_repos.py:38) (tizonia___tizonia-openmax-il)
09/12/2024 06:05:15 PM logger_tizonia___tizonia-openmax-il DEBUG libtoolize: copying file './ltmain.sh' (install_repos.py:38) (tizonia___tizonia-openmax-il)
09/12/2024 06:05:15 PM logger_tizonia___tizonia-openmax-il DEBUG libtoolize: Consider adding 'AC_CONFIG_MACRO_DIRS([m4])' to configure.ac, (install_repos.py:38) (tizonia___tizonia-openmax-il)
09/12/2024 06:05:15 PM logger_tizonia___tizonia-openmax-il DEBUG libtoolize: and rerunning libtoolize and aclocal. (install_repos.py:38) (tizonia___tizonia-openmax-il)
09/12/2024 06:05:15 PM logger_tizonia___tizonia-openmax-il DEBUG libtoolize: Consider adding '-I m4' to ACLOCAL_AMFLAGS in Makefile.am. (install_repos.py:38) (tizonia___tizonia-openmax-il)
09/12/2024 06:05:17 PM logger_tizonia___tizonia-openmax-il DEBUG configure.ac:28: installing './compile' (install_repos.py:38) (tizonia___tizonia-openmax-il)
09/12/2024 06:05:17 PM logger_tizonia___tizonia-openmax-il DEBUG configure.ac:33: installing './config.guess' (install_repos.py:38) (tizonia___tizonia-openmax-il)
09/12/2024 06:05:17 PM logger_tizonia___tizonia-openmax-il DEBUG configure.ac:33: installing './config.sub' (install_repos.py:38) (tizonia___tizonia-openmax-il)
09/12/2024 06:05:17 PM logger_tizonia___tizonia-openmax-il DEBUG configure.ac:21: installing './install-sh' (install_repos.py:38) (tizonia___tizonia-openmax-il)
09/12/2024 06:05:17 PM logger_tizonia___tizonia-openmax-il DEBUG configure.ac:21: installing './missing' (install_repos.py:38) (tizonia___tizonia-openmax-il)
09/12/2024 06:05:17 PM logger_tizonia___tizonia-openmax-il DEBUG spotifyproxy/Makefile.am:18: installing './py-compile' (install_repos.py:38) (tizonia___tizonia-openmax-il)
09/12/2024 06:05:21 PM logger_tizonia___tizonia-openmax-il DEBUG libtoolize: putting auxiliary files in AC_CONFIG_AUX_DIR, '.'. (install_repos.py:38) (tizonia___tizonia-openmax-il)
09/12/2024 06:05:21 PM logger_tizonia___tizonia-openmax-il DEBUG libtoolize: copying file './ltmain.sh' (install_repos.py:38) (tizonia___tizonia-openmax-il)
09/12/2024 06:05:21 PM logger_tizonia___tizonia-openmax-il DEBUG libtoolize: putting macros in AC_CONFIG_MACRO_DIRS, 'm4'. (install_repos.py:38) (tizonia___tizonia-openmax-il)
09/12/2024 06:05:21 PM logger_tizonia___tizonia-openmax-il DEBUG libtoolize: copying file 'm4/libtool.m4' (install_repos.py:38) (tizonia___tizonia-openmax-il)
09/12/2024 06:05:21 PM logger_tizonia___tizonia-openmax-il DEBUG libtoolize: copying file 'm4/ltoptions.m4' (install_repos.py:38) (tizonia___tizonia-openmax-il)
09/12/2024 06:05:21 PM logger_tizonia___tizonia-openmax-il DEBUG libtoolize: copying file 'm4/ltsugar.m4' (install_repos.py:38) (tizonia___tizonia-openmax-il)
09/12/2024 06:05:21 PM logger_tizonia___tizonia-openmax-il DEBUG libtoolize: copying file 'm4/ltversion.m4' (install_repos.py:38) (tizonia___tizonia-openmax-il)
09/12/2024 06:05:21 PM logger_tizonia___tizonia-openmax-il DEBUG libtoolize: copying file 'm4/lt~obsolete.m4' (install_repos.py:38) (tizonia___tizonia-openmax-il)
09/12/2024 06:05:23 PM logger_tizonia___tizonia-openmax-il DEBUG configure.ac:24: installing './ar-lib' (install_repos.py:38) (tizonia___tizonia-openmax-il)
09/12/2024 06:05:23 PM logger_tizonia___tizonia-openmax-il DEBUG configure.ac:24: installing './compile' (install_repos.py:38) (tizonia___tizonia-openmax-il)
09/12/2024 06:05:23 PM logger_tizonia___tizonia-openmax-il DEBUG configure.ac:61: installing './config.guess' (install_repos.py:38) (tizonia___tizonia-openmax-il)
09/12/2024 06:05:23 PM logger_tizonia___tizonia-openmax-il DEBUG configure.ac:61: installing './config.sub' (install_repos.py:38) (tizonia___tizonia-openmax-il)
09/12/2024 06:05:23 PM logger_tizonia___tizonia-openmax-il DEBUG configure.ac:21: installing './install-sh' (install_repos.py:38) (tizonia___tizonia-openmax-il)
09/12/2024 06:05:23 PM logger_tizonia___tizonia-openmax-il DEBUG configure.ac:21: installing './missing' (install_repos.py:38) (tizonia___tizonia-openmax-il)
09/12/2024 06:05:23 PM logger_tizonia___tizonia-openmax-il DEBUG src/Makefile.am: installing './depcomp' (install_repos.py:38) (tizonia___tizonia-openmax-il)
09/12/2024 06:05:23 PM logger_tizonia___tizonia-openmax-il DEBUG parallel-tests: installing './test-driver' (install_repos.py:38) (tizonia___tizonia-openmax-il)
09/12/2024 06:05:23 PM logger_tizonia___tizonia-openmax-il DEBUG libtoolize: putting auxiliary files in AC_CONFIG_AUX_DIR, '.'. (install_repos.py:38) (tizonia___tizonia-openmax-il)
09/12/2024 06:05:23 PM logger_tizonia___tizonia-openmax-il DEBUG libtoolize: copying file './ltmain.sh' (install_repos.py:38) (tizonia___tizonia-openmax-il)
09/12/2024 06:05:23 PM logger_tizonia___tizonia-openmax-il DEBUG libtoolize: Consider adding 'AC_CONFIG_MACRO_DIRS([m4])' to configure.ac, (install_repos.py:38) (tizonia___tizonia-openmax-il)
09/12/2024 06:05:23 PM logger_tizonia___tizonia-openmax-il DEBUG libtoolize: and rerunning libtoolize and aclocal. (install_repos.py:38) (tizonia___tizonia-openmax-il)
09/12/2024 06:05:23 PM logger_tizonia___tizonia-openmax-il DEBUG libtoolize: Consider adding '-I m4' to ACLOCAL_AMFLAGS in Makefile.am. (install_repos.py:38) (tizonia___tizonia-openmax-il)
09/12/2024 06:05:24 PM logger_tizonia___tizonia-openmax-il DEBUG configure.ac:28: installing './compile' (install_repos.py:38) (tizonia___tizonia-openmax-il)
09/12/2024 06:05:24 PM logger_tizonia___tizonia-openmax-il DEBUG configure.ac:33: installing './config.guess' (install_repos.py:38) (tizonia___tizonia-openmax-il)
09/12/2024 06:05:24 PM logger_tizonia___tizonia-openmax-il DEBUG configure.ac:33: installing './config.sub' (install_repos.py:38) (tizonia___tizonia-openmax-il)
09/12/2024 06:05:24 PM logger_tizonia___tizonia-openmax-il DEBUG configure.ac:21: installing './install-sh' (install_repos.py:38) (tizonia___tizonia-openmax-il)
09/12/2024 06:05:24 PM logger_tizonia___tizonia-openmax-il DEBUG configure.ac:21: installing './missing' (install_repos.py:38) (tizonia___tizonia-openmax-il)
09/12/2024 06:05:24 PM logger_tizonia___tizonia-openmax-il DEBUG tuneinproxy/Makefile.am:18: installing './py-compile' (install_repos.py:38) (tizonia___tizonia-openmax-il)
09/12/2024 06:05:28 PM logger_tizonia___tizonia-openmax-il DEBUG libtoolize: putting auxiliary files in AC_CONFIG_AUX_DIR, '.'. (install_repos.py:38) (tizonia___tizonia-openmax-il)
09/12/2024 06:05:28 PM logger_tizonia___tizonia-openmax-il DEBUG libtoolize: copying file './ltmain.sh' (install_repos.py:38) (tizonia___tizonia-openmax-il)
09/12/2024 06:05:28 PM logger_tizonia___tizonia-openmax-il DEBUG libtoolize: putting macros in AC_CONFIG_MACRO_DIRS, 'm4'. (install_repos.py:38) (tizonia___tizonia-openmax-il)
09/12/2024 06:05:28 PM logger_tizonia___tizonia-openmax-il DEBUG libtoolize: copying file 'm4/libtool.m4' (install_repos.py:38) (tizonia___tizonia-openmax-il)
09/12/2024 06:05:28 PM logger_tizonia___tizonia-openmax-il DEBUG libtoolize: copying file 'm4/ltoptions.m4' (install_repos.py:38) (tizonia___tizonia-openmax-il)
09/12/2024 06:05:28 PM logger_tizonia___tizonia-openmax-il DEBUG libtoolize: copying file 'm4/ltsugar.m4' (install_repos.py:38) (tizonia___tizonia-openmax-il)
09/12/2024 06:05:28 PM logger_tizonia___tizonia-openmax-il DEBUG libtoolize: copying file 'm4/ltversion.m4' (install_repos.py:38) (tizonia___tizonia-openmax-il)
09/12/2024 06:05:28 PM logger_tizonia___tizonia-openmax-il DEBUG libtoolize: copying file 'm4/lt~obsolete.m4' (install_repos.py:38) (tizonia___tizonia-openmax-il)
09/12/2024 06:05:30 PM logger_tizonia___tizonia-openmax-il DEBUG configure.ac:24: installing './ar-lib' (install_repos.py:38) (tizonia___tizonia-openmax-il)
09/12/2024 06:05:30 PM logger_tizonia___tizonia-openmax-il DEBUG configure.ac:24: installing './compile' (install_repos.py:38) (tizonia___tizonia-openmax-il)
09/12/2024 06:05:30 PM logger_tizonia___tizonia-openmax-il DEBUG configure.ac:61: installing './config.guess' (install_repos.py:38) (tizonia___tizonia-openmax-il)
09/12/2024 06:05:30 PM logger_tizonia___tizonia-openmax-il DEBUG configure.ac:61: installing './config.sub' (install_repos.py:38) (tizonia___tizonia-openmax-il)
09/12/2024 06:05:30 PM logger_tizonia___tizonia-openmax-il DEBUG configure.ac:21: installing './install-sh' (install_repos.py:38) (tizonia___tizonia-openmax-il)
09/12/2024 06:05:30 PM logger_tizonia___tizonia-openmax-il DEBUG configure.ac:21: installing './missing' (install_repos.py:38) (tizonia___tizonia-openmax-il)
09/12/2024 06:05:30 PM logger_tizonia___tizonia-openmax-il DEBUG src/Makefile.am: installing './depcomp' (install_repos.py:38) (tizonia___tizonia-openmax-il)
09/12/2024 06:05:31 PM logger_tizonia___tizonia-openmax-il DEBUG parallel-tests: installing './test-driver' (install_repos.py:38) (tizonia___tizonia-openmax-il)
09/12/2024 06:05:31 PM logger_tizonia___tizonia-openmax-il DEBUG libtoolize: putting auxiliary files in AC_CONFIG_AUX_DIR, '.'. (install_repos.py:38) (tizonia___tizonia-openmax-il)
09/12/2024 06:05:31 PM logger_tizonia___tizonia-openmax-il DEBUG libtoolize: copying file './ltmain.sh' (install_repos.py:38) (tizonia___tizonia-openmax-il)
09/12/2024 06:05:31 PM logger_tizonia___tizonia-openmax-il DEBUG libtoolize: Consider adding 'AC_CONFIG_MACRO_DIRS([m4])' to configure.ac, (install_repos.py:38) (tizonia___tizonia-openmax-il)
09/12/2024 06:05:31 PM logger_tizonia___tizonia-openmax-il DEBUG libtoolize: and rerunning libtoolize and aclocal. (install_repos.py:38) (tizonia___tizonia-openmax-il)
09/12/2024 06:05:31 PM logger_tizonia___tizonia-openmax-il DEBUG libtoolize: Consider adding '-I m4' to ACLOCAL_AMFLAGS in Makefile.am. (install_repos.py:38) (tizonia___tizonia-openmax-il)
09/12/2024 06:05:32 PM logger_tizonia___tizonia-openmax-il DEBUG configure.ac:28: installing './compile' (install_repos.py:38) (tizonia___tizonia-openmax-il)
09/12/2024 06:05:32 PM logger_tizonia___tizonia-openmax-il DEBUG configure.ac:33: installing './config.guess' (install_repos.py:38) (tizonia___tizonia-openmax-il)
09/12/2024 06:05:32 PM logger_tizonia___tizonia-openmax-il DEBUG configure.ac:33: installing './config.sub' (install_repos.py:38) (tizonia___tizonia-openmax-il)
09/12/2024 06:05:32 PM logger_tizonia___tizonia-openmax-il DEBUG configure.ac:21: installing './install-sh' (install_repos.py:38) (tizonia___tizonia-openmax-il)
09/12/2024 06:05:32 PM logger_tizonia___tizonia-openmax-il DEBUG configure.ac:21: installing './missing' (install_repos.py:38) (tizonia___tizonia-openmax-il)
09/12/2024 06:05:32 PM logger_tizonia___tizonia-openmax-il DEBUG iheartproxy/Makefile.am:18: installing './py-compile' (install_repos.py:38) (tizonia___tizonia-openmax-il)
09/12/2024 06:05:32 PM logger_tizonia___tizonia-openmax-il DEBUG configure.ac:21: installing './install-sh' (install_repos.py:38) (tizonia___tizonia-openmax-il)
09/12/2024 06:05:32 PM logger_tizonia___tizonia-openmax-il DEBUG configure.ac:21: installing './missing' (install_repos.py:38) (tizonia___tizonia-openmax-il)
09/12/2024 06:05:34 PM logger_tizonia___tizonia-openmax-il DEBUG configure.ac:93: warning: macro 'AM_PATH_LOG4C' not found in library (install_repos.py:38) (tizonia___tizonia-openmax-il)
09/12/2024 06:05:35 PM logger_tizonia___tizonia-openmax-il DEBUG libtoolize: putting auxiliary files in AC_CONFIG_AUX_DIR, '.'. (install_repos.py:38) (tizonia___tizonia-openmax-il)
09/12/2024 06:05:35 PM logger_tizonia___tizonia-openmax-il DEBUG libtoolize: copying file './ltmain.sh' (install_repos.py:38) (tizonia___tizonia-openmax-il)
09/12/2024 06:05:35 PM logger_tizonia___tizonia-openmax-il DEBUG libtoolize: putting macros in AC_CONFIG_MACRO_DIRS, 'm4'. (install_repos.py:38) (tizonia___tizonia-openmax-il)
09/12/2024 06:05:35 PM logger_tizonia___tizonia-openmax-il DEBUG libtoolize: copying file 'm4/libtool.m4' (install_repos.py:38) (tizonia___tizonia-openmax-il)
09/12/2024 06:05:35 PM logger_tizonia___tizonia-openmax-il DEBUG libtoolize: copying file 'm4/ltoptions.m4' (install_repos.py:38) (tizonia___tizonia-openmax-il)
09/12/2024 06:05:35 PM logger_tizonia___tizonia-openmax-il DEBUG libtoolize: copying file 'm4/ltsugar.m4' (install_repos.py:38) (tizonia___tizonia-openmax-il)
09/12/2024 06:05:35 PM logger_tizonia___tizonia-openmax-il DEBUG libtoolize: copying file 'm4/ltversion.m4' (install_repos.py:38) (tizonia___tizonia-openmax-il)
09/12/2024 06:05:35 PM logger_tizonia___tizonia-openmax-il DEBUG libtoolize: copying file 'm4/lt~obsolete.m4' (install_repos.py:38) (tizonia___tizonia-openmax-il)
09/12/2024 06:05:35 PM logger_tizonia___tizonia-openmax-il DEBUG configure.ac:93: warning: macro 'AM_PATH_LOG4C' not found in library (install_repos.py:38) (tizonia___tizonia-openmax-il)
09/12/2024 06:05:36 PM logger_tizonia___tizonia-openmax-il DEBUG configure.ac:95: error: possibly undefined macro: AM_PATH_LOG4C (install_repos.py:38) (tizonia___tizonia-openmax-il)
09/12/2024 06:05:36 PM logger_tizonia___tizonia-openmax-il DEBUG If this token and others are legitimate, please use m4_pattern_allow. (install_repos.py:38) (tizonia___tizonia-openmax-il)
09/12/2024 06:05:36 PM logger_tizonia___tizonia-openmax-il DEBUG See the Autoconf documentation. (install_repos.py:38) (tizonia___tizonia-openmax-il)
09/12/2024 06:05:36 PM logger_tizonia___tizonia-openmax-il DEBUG autoreconf: error: /usr/bin/autoconf failed with exit status: 1 (install_repos.py:38) (tizonia___tizonia-openmax-il)
09/12/2024 06:05:36 PM logger_tizonia___tizonia-openmax-il ERROR Error: Build failed for tizonia___tizonia-openmax-il
Build failed for reason: autoreconf failed (install_repos.py:295) (tizonia___tizonia-openmax-il)
