09/12/2024 05:40:28 PM logger_tjko___jpegoptim INFO <<<<<<<<<<<<<<<<<< Logger setup anew <<<<<<<<<<<<<<<<<<< (utils.py:39) (tjko___jpegoptim)
09/12/2024 05:40:28 PM logger_tjko___jpegoptim INFO Analyzing repos/repos_400_c_round_two/tjko___jpegoptim (install_repos.py:285) (tjko___jpegoptim)
09/12/2024 05:40:28 PM logger_tjko___jpegoptim INFO Running command: rm -rf build/ (install_repos.py:20) (tjko___jpegoptim)
09/12/2024 05:40:28 PM logger_tjko___jpegoptim INFO Logging output to: logs/repos/repos_400_c_round_two_install_logs_with_make_cmake_gradlew_meson_scons_bazel_2024-09-12_17-35-05/tjko___jpegoptim_build.log (install_repos.py:21) (tjko___jpegoptim)
09/12/2024 05:40:28 PM logger_tjko___jpegoptim INFO Running command: rm -rf CMakeCache.txt (install_repos.py:20) (tjko___jpegoptim)
09/12/2024 05:40:28 PM logger_tjko___jpegoptim INFO Logging output to: logs/repos/repos_400_c_round_two_install_logs_with_make_cmake_gradlew_meson_scons_bazel_2024-09-12_17-35-05/tjko___jpegoptim_build.log (install_repos.py:21) (tjko___jpegoptim)
09/12/2024 05:40:28 PM logger_tjko___jpegoptim INFO Running command: rm -rf CMakeFiles/ (install_repos.py:20) (tjko___jpegoptim)
09/12/2024 05:40:28 PM logger_tjko___jpegoptim INFO Logging output to: logs/repos/repos_400_c_round_two_install_logs_with_make_cmake_gradlew_meson_scons_bazel_2024-09-12_17-35-05/tjko___jpegoptim_build.log (install_repos.py:21) (tjko___jpegoptim)
09/12/2024 05:40:28 PM logger_tjko___jpegoptim INFO Running CMake (install_repos.py:141) (tjko___jpegoptim)
09/12/2024 05:40:28 PM logger_tjko___jpegoptim INFO Running command: cmake .. (install_repos.py:20) (tjko___jpegoptim)
09/12/2024 05:40:28 PM logger_tjko___jpegoptim INFO Logging output to: logs/repos/repos_400_c_round_two_install_logs_with_make_cmake_gradlew_meson_scons_bazel_2024-09-12_17-35-05/build_build.log (install_repos.py:21) (tjko___jpegoptim)
09/12/2024 05:40:28 PM logger_tjko___jpegoptim DEBUG -- The C compiler identification is GNU 12.2.0 (install_repos.py:38) (tjko___jpegoptim)
09/12/2024 05:40:28 PM logger_tjko___jpegoptim DEBUG -- Detecting C compiler ABI info (install_repos.py:38) (tjko___jpegoptim)
09/12/2024 05:40:28 PM logger_tjko___jpegoptim DEBUG -- Detecting C compiler ABI info - done (install_repos.py:38) (tjko___jpegoptim)
09/12/2024 05:40:28 PM logger_tjko___jpegoptim DEBUG -- Check for working C compiler: /usr/bin/cc - skipped (install_repos.py:38) (tjko___jpegoptim)
09/12/2024 05:40:28 PM logger_tjko___jpegoptim DEBUG -- Detecting C compile features (install_repos.py:38) (tjko___jpegoptim)
09/12/2024 05:40:28 PM logger_tjko___jpegoptim DEBUG -- Detecting C compile features - done (install_repos.py:38) (tjko___jpegoptim)
09/12/2024 05:40:28 PM logger_tjko___jpegoptim DEBUG -- Looking for config.h (install_repos.py:38) (tjko___jpegoptim)
09/12/2024 05:40:28 PM logger_tjko___jpegoptim DEBUG -- Looking for config.h - not found (install_repos.py:38) (tjko___jpegoptim)
09/12/2024 05:40:28 PM logger_tjko___jpegoptim DEBUG -- Looking for unistd.h (install_repos.py:38) (tjko___jpegoptim)
09/12/2024 05:40:28 PM logger_tjko___jpegoptim DEBUG -- Looking for unistd.h - found (install_repos.py:38) (tjko___jpegoptim)
09/12/2024 05:40:28 PM logger_tjko___jpegoptim DEBUG -- Looking for getopt.h (install_repos.py:38) (tjko___jpegoptim)
09/12/2024 05:40:28 PM logger_tjko___jpegoptim DEBUG -- Looking for getopt.h - found (install_repos.py:38) (tjko___jpegoptim)
09/12/2024 05:40:28 PM logger_tjko___jpegoptim DEBUG -- Looking for string.h (install_repos.py:38) (tjko___jpegoptim)
09/12/2024 05:40:28 PM logger_tjko___jpegoptim DEBUG -- Looking for string.h - found (install_repos.py:38) (tjko___jpegoptim)
09/12/2024 05:40:28 PM logger_tjko___jpegoptim DEBUG -- Looking for libgen.h (install_repos.py:38) (tjko___jpegoptim)
09/12/2024 05:40:28 PM logger_tjko___jpegoptim DEBUG -- Looking for libgen.h - found (install_repos.py:38) (tjko___jpegoptim)
09/12/2024 05:40:28 PM logger_tjko___jpegoptim DEBUG -- Looking for math.h (install_repos.py:38) (tjko___jpegoptim)
09/12/2024 05:40:28 PM logger_tjko___jpegoptim DEBUG -- Looking for math.h - found (install_repos.py:38) (tjko___jpegoptim)
09/12/2024 05:40:28 PM logger_tjko___jpegoptim DEBUG -- Looking for fcntl.h (install_repos.py:38) (tjko___jpegoptim)
09/12/2024 05:40:28 PM logger_tjko___jpegoptim DEBUG -- Looking for fcntl.h - found (install_repos.py:38) (tjko___jpegoptim)
09/12/2024 05:40:28 PM logger_tjko___jpegoptim DEBUG -- Looking for dirent.h (install_repos.py:38) (tjko___jpegoptim)
09/12/2024 05:40:28 PM logger_tjko___jpegoptim DEBUG -- Looking for dirent.h - found (install_repos.py:38) (tjko___jpegoptim)
09/12/2024 05:40:28 PM logger_tjko___jpegoptim DEBUG -- Looking for sys/stat.h (install_repos.py:38) (tjko___jpegoptim)
09/12/2024 05:40:29 PM logger_tjko___jpegoptim DEBUG -- Looking for sys/stat.h - found (install_repos.py:38) (tjko___jpegoptim)
09/12/2024 05:40:29 PM logger_tjko___jpegoptim DEBUG -- Looking for sys/types.h (install_repos.py:38) (tjko___jpegoptim)
09/12/2024 05:40:29 PM logger_tjko___jpegoptim DEBUG -- Looking for sys/types.h - found (install_repos.py:38) (tjko___jpegoptim)
09/12/2024 05:40:29 PM logger_tjko___jpegoptim DEBUG -- Looking for sys/wait.h (install_repos.py:38) (tjko___jpegoptim)
09/12/2024 05:40:29 PM logger_tjko___jpegoptim DEBUG -- Looking for sys/wait.h - found (install_repos.py:38) (tjko___jpegoptim)
09/12/2024 05:40:29 PM logger_tjko___jpegoptim DEBUG -- Looking for mkstemps (install_repos.py:38) (tjko___jpegoptim)
09/12/2024 05:40:29 PM logger_tjko___jpegoptim DEBUG -- Looking for mkstemps - found (install_repos.py:38) (tjko___jpegoptim)
09/12/2024 05:40:29 PM logger_tjko___jpegoptim DEBUG -- Looking for labs (install_repos.py:38) (tjko___jpegoptim)
09/12/2024 05:40:29 PM logger_tjko___jpegoptim DEBUG -- Looking for labs - found (install_repos.py:38) (tjko___jpegoptim)
09/12/2024 05:40:29 PM logger_tjko___jpegoptim DEBUG -- Looking for fileno (install_repos.py:38) (tjko___jpegoptim)
09/12/2024 05:40:29 PM logger_tjko___jpegoptim DEBUG -- Looking for fileno - found (install_repos.py:38) (tjko___jpegoptim)
09/12/2024 05:40:29 PM logger_tjko___jpegoptim DEBUG -- Looking for utimensat (install_repos.py:38) (tjko___jpegoptim)
09/12/2024 05:40:29 PM logger_tjko___jpegoptim DEBUG -- Looking for utimensat - found (install_repos.py:38) (tjko___jpegoptim)
09/12/2024 05:40:29 PM logger_tjko___jpegoptim DEBUG -- Looking for fork (install_repos.py:38) (tjko___jpegoptim)
09/12/2024 05:40:29 PM logger_tjko___jpegoptim DEBUG -- Looking for fork - found (install_repos.py:38) (tjko___jpegoptim)
09/12/2024 05:40:29 PM logger_tjko___jpegoptim DEBUG -- Looking for wait (install_repos.py:38) (tjko___jpegoptim)
09/12/2024 05:40:29 PM logger_tjko___jpegoptim DEBUG -- Looking for wait - found (install_repos.py:38) (tjko___jpegoptim)
09/12/2024 05:40:29 PM logger_tjko___jpegoptim DEBUG -- Looking for getopt (install_repos.py:38) (tjko___jpegoptim)
09/12/2024 05:40:29 PM logger_tjko___jpegoptim DEBUG -- Looking for getopt - found (install_repos.py:38) (tjko___jpegoptim)
09/12/2024 05:40:29 PM logger_tjko___jpegoptim DEBUG -- Looking for getopt_long (install_repos.py:38) (tjko___jpegoptim)
09/12/2024 05:40:29 PM logger_tjko___jpegoptim DEBUG -- Looking for getopt_long - found (install_repos.py:38) (tjko___jpegoptim)
09/12/2024 05:40:29 PM logger_tjko___jpegoptim DEBUG -- Performing Test HAVE_STRUCT_STAT_ST_MTIM (install_repos.py:38) (tjko___jpegoptim)
09/12/2024 05:40:29 PM logger_tjko___jpegoptim DEBUG -- Performing Test HAVE_STRUCT_STAT_ST_MTIM - Success (install_repos.py:38) (tjko___jpegoptim)
09/12/2024 05:40:29 PM logger_tjko___jpegoptim DEBUG -- Arithmetic Coding: Enabled (install_repos.py:38) (tjko___jpegoptim)
09/12/2024 05:40:35 PM logger_tjko___jpegoptim DEBUG -- Found Python3: /usr/local/bin/python3 (found version "3.11.10") found components: Interpreter Development Development.Module Development.Embed (install_repos.py:38) (tjko___jpegoptim)
09/12/2024 05:40:35 PM logger_tjko___jpegoptim DEBUG -- Configuring done (install_repos.py:38) (tjko___jpegoptim)
09/12/2024 05:40:35 PM logger_tjko___jpegoptim DEBUG -- Generating done (install_repos.py:38) (tjko___jpegoptim)
09/12/2024 05:40:35 PM logger_tjko___jpegoptim DEBUG -- Build files have been written to: /INSTALL_C/repos/repos_400_c_round_two/tjko___jpegoptim/build (install_repos.py:38) (tjko___jpegoptim)
09/12/2024 05:40:35 PM logger_tjko___jpegoptim INFO Running command: cmake --build . (install_repos.py:20) (tjko___jpegoptim)
09/12/2024 05:40:35 PM logger_tjko___jpegoptim INFO Logging output to: logs/repos/repos_400_c_round_two_install_logs_with_make_cmake_gradlew_meson_scons_bazel_2024-09-12_17-35-05/build_build.log (install_repos.py:21) (tjko___jpegoptim)
09/12/2024 05:40:35 PM logger_tjko___jpegoptim DEBUG [  7%] Creating directories for 'mozjpeg_lib' (install_repos.py:38) (tjko___jpegoptim)
09/12/2024 05:40:35 PM logger_tjko___jpegoptim DEBUG [ 14%] Performing download step (git clone) for 'mozjpeg_lib' (install_repos.py:38) (tjko___jpegoptim)
09/12/2024 05:40:35 PM logger_tjko___jpegoptim DEBUG Cloning into 'mozjpeg_lib'... (install_repos.py:38) (tjko___jpegoptim)
09/12/2024 05:40:36 PM logger_tjko___jpegoptim DEBUG HEAD is now at fd569212 Merge commit '8162eddf041e0be26f5c671bb6528723c55fed9d' (install_repos.py:38) (tjko___jpegoptim)
09/12/2024 05:40:36 PM logger_tjko___jpegoptim DEBUG [ 21%] Performing update step for 'mozjpeg_lib' (install_repos.py:38) (tjko___jpegoptim)
09/12/2024 05:40:36 PM logger_tjko___jpegoptim DEBUG [ 28%] No patch step for 'mozjpeg_lib' (install_repos.py:38) (tjko___jpegoptim)
09/12/2024 05:40:36 PM logger_tjko___jpegoptim DEBUG [ 35%] Performing configure step for 'mozjpeg_lib' (install_repos.py:38) (tjko___jpegoptim)
09/12/2024 05:40:36 PM logger_tjko___jpegoptim DEBUG -- The C compiler identification is GNU 12.2.0 (install_repos.py:38) (tjko___jpegoptim)
09/12/2024 05:40:36 PM logger_tjko___jpegoptim DEBUG -- Detecting C compiler ABI info (install_repos.py:38) (tjko___jpegoptim)
09/12/2024 05:40:36 PM logger_tjko___jpegoptim DEBUG -- Detecting C compiler ABI info - done (install_repos.py:38) (tjko___jpegoptim)
09/12/2024 05:40:36 PM logger_tjko___jpegoptim DEBUG -- Check for working C compiler: /usr/bin/cc - skipped (install_repos.py:38) (tjko___jpegoptim)
09/12/2024 05:40:36 PM logger_tjko___jpegoptim DEBUG -- Detecting C compile features (install_repos.py:38) (tjko___jpegoptim)
09/12/2024 05:40:36 PM logger_tjko___jpegoptim DEBUG -- Detecting C compile features - done (install_repos.py:38) (tjko___jpegoptim)
09/12/2024 05:40:36 PM logger_tjko___jpegoptim DEBUG -- CMAKE_BUILD_TYPE = Release (install_repos.py:38) (tjko___jpegoptim)
09/12/2024 05:40:36 PM logger_tjko___jpegoptim DEBUG -- VERSION = 4.1.2, BUILD = 20240912 (install_repos.py:38) (tjko___jpegoptim)
09/12/2024 05:40:36 PM logger_tjko___jpegoptim DEBUG -- 64-bit build (x86_64) (install_repos.py:38) (tjko___jpegoptim)
09/12/2024 05:40:36 PM logger_tjko___jpegoptim DEBUG -- CMAKE_INSTALL_PREFIX = /INSTALL_C/repos/repos_400_c_round_two/tjko___jpegoptim/build/mozjpeg (install_repos.py:38) (tjko___jpegoptim)
09/12/2024 05:40:36 PM logger_tjko___jpegoptim DEBUG -- CMAKE_INSTALL_BINDIR = bin (/INSTALL_C/repos/repos_400_c_round_two/tjko___jpegoptim/build/mozjpeg/bin) (install_repos.py:38) (tjko___jpegoptim)
09/12/2024 05:40:36 PM logger_tjko___jpegoptim DEBUG -- CMAKE_INSTALL_DATAROOTDIR = share (/INSTALL_C/repos/repos_400_c_round_two/tjko___jpegoptim/build/mozjpeg/share) (install_repos.py:38) (tjko___jpegoptim)
09/12/2024 05:40:36 PM logger_tjko___jpegoptim DEBUG -- CMAKE_INSTALL_DOCDIR = share/doc/mozjpeg (/INSTALL_C/repos/repos_400_c_round_two/tjko___jpegoptim/build/mozjpeg/share/doc/mozjpeg) (install_repos.py:38) (tjko___jpegoptim)
09/12/2024 05:40:36 PM logger_tjko___jpegoptim DEBUG -- CMAKE_INSTALL_INCLUDEDIR = include (/INSTALL_C/repos/repos_400_c_round_two/tjko___jpegoptim/build/mozjpeg/include) (install_repos.py:38) (tjko___jpegoptim)
09/12/2024 05:40:36 PM logger_tjko___jpegoptim DEBUG -- CMAKE_INSTALL_LIBDIR = lib (/INSTALL_C/repos/repos_400_c_round_two/tjko___jpegoptim/build/mozjpeg/lib) (install_repos.py:38) (tjko___jpegoptim)
09/12/2024 05:40:36 PM logger_tjko___jpegoptim DEBUG -- CMAKE_INSTALL_MANDIR = share/man (/INSTALL_C/repos/repos_400_c_round_two/tjko___jpegoptim/build/mozjpeg/share/man) (install_repos.py:38) (tjko___jpegoptim)
09/12/2024 05:40:36 PM logger_tjko___jpegoptim DEBUG -- Shared libraries disabled (ENABLE_SHARED = 0) (install_repos.py:38) (tjko___jpegoptim)
09/12/2024 05:40:36 PM logger_tjko___jpegoptim DEBUG -- Static libraries enabled (ENABLE_STATIC = 1) (install_repos.py:38) (tjko___jpegoptim)
09/12/2024 05:40:36 PM logger_tjko___jpegoptim DEBUG -- 12-bit JPEG support disabled (WITH_12BIT = 0) (install_repos.py:38) (tjko___jpegoptim)
09/12/2024 05:40:36 PM logger_tjko___jpegoptim DEBUG -- Arithmetic decoding support enabled (WITH_ARITH_DEC = 1) (install_repos.py:38) (tjko___jpegoptim)
09/12/2024 05:40:36 PM logger_tjko___jpegoptim DEBUG -- Arithmetic encoding support enabled (WITH_ARITH_ENC = 1) (install_repos.py:38) (tjko___jpegoptim)
09/12/2024 05:40:36 PM logger_tjko___jpegoptim DEBUG -- TurboJPEG API library disabled (WITH_TURBOJPEG = 0) (install_repos.py:38) (tjko___jpegoptim)
09/12/2024 05:40:36 PM logger_tjko___jpegoptim DEBUG -- TurboJPEG Java wrapper disabled (WITH_JAVA = 0) (install_repos.py:38) (tjko___jpegoptim)
09/12/2024 05:40:36 PM logger_tjko___jpegoptim DEBUG -- In-memory source/destination managers enabled (WITH_MEM_SRCDST = 1) (install_repos.py:38) (tjko___jpegoptim)
09/12/2024 05:40:36 PM logger_tjko___jpegoptim DEBUG -- Emulating libjpeg API/ABI v6.2 (WITH_JPEG7 = 0, WITH_JPEG8 = 0) (install_repos.py:38) (tjko___jpegoptim)
09/12/2024 05:40:36 PM logger_tjko___jpegoptim DEBUG -- libjpeg API shared library version = 62.3.0 (install_repos.py:38) (tjko___jpegoptim)
09/12/2024 05:40:36 PM logger_tjko___jpegoptim DEBUG -- Compiler flags =  -O3 -DNDEBUG (install_repos.py:38) (tjko___jpegoptim)
09/12/2024 05:40:36 PM logger_tjko___jpegoptim DEBUG -- Linker flags = (install_repos.py:38) (tjko___jpegoptim)
09/12/2024 05:40:36 PM logger_tjko___jpegoptim DEBUG -- Looking for sys/types.h (install_repos.py:38) (tjko___jpegoptim)
09/12/2024 05:40:36 PM logger_tjko___jpegoptim DEBUG -- Looking for sys/types.h - found (install_repos.py:38) (tjko___jpegoptim)
09/12/2024 05:40:36 PM logger_tjko___jpegoptim DEBUG -- Looking for stdint.h (install_repos.py:38) (tjko___jpegoptim)
09/12/2024 05:40:37 PM logger_tjko___jpegoptim DEBUG -- Looking for stdint.h - found (install_repos.py:38) (tjko___jpegoptim)
09/12/2024 05:40:37 PM logger_tjko___jpegoptim DEBUG -- Looking for stddef.h (install_repos.py:38) (tjko___jpegoptim)
09/12/2024 05:40:37 PM logger_tjko___jpegoptim DEBUG -- Looking for stddef.h - found (install_repos.py:38) (tjko___jpegoptim)
09/12/2024 05:40:37 PM logger_tjko___jpegoptim DEBUG -- Check size of size_t (install_repos.py:38) (tjko___jpegoptim)
09/12/2024 05:40:37 PM logger_tjko___jpegoptim DEBUG -- Check size of size_t - done (install_repos.py:38) (tjko___jpegoptim)
09/12/2024 05:40:37 PM logger_tjko___jpegoptim DEBUG -- Check size of unsigned long (install_repos.py:38) (tjko___jpegoptim)
09/12/2024 05:40:37 PM logger_tjko___jpegoptim DEBUG -- Check size of unsigned long - done (install_repos.py:38) (tjko___jpegoptim)
09/12/2024 05:40:37 PM logger_tjko___jpegoptim DEBUG -- Performing Test HAVE_BUILTIN_CTZL (install_repos.py:38) (tjko___jpegoptim)
09/12/2024 05:40:37 PM logger_tjko___jpegoptim DEBUG -- Performing Test HAVE_BUILTIN_CTZL - Success (install_repos.py:38) (tjko___jpegoptim)
09/12/2024 05:40:37 PM logger_tjko___jpegoptim DEBUG -- Performing Test RIGHT_SHIFT_IS_UNSIGNED (install_repos.py:38) (tjko___jpegoptim)
09/12/2024 05:40:37 PM logger_tjko___jpegoptim DEBUG -- Performing Test RIGHT_SHIFT_IS_UNSIGNED - Failed (install_repos.py:38) (tjko___jpegoptim)
09/12/2024 05:40:37 PM logger_tjko___jpegoptim DEBUG -- Performing Test INLINE_WORKS (install_repos.py:38) (tjko___jpegoptim)
09/12/2024 05:40:37 PM logger_tjko___jpegoptim DEBUG -- Performing Test INLINE_WORKS - Success (install_repos.py:38) (tjko___jpegoptim)
09/12/2024 05:40:37 PM logger_tjko___jpegoptim DEBUG -- INLINE = __inline__ __attribute__((always_inline)) (FORCE_INLINE = 1) (install_repos.py:38) (tjko___jpegoptim)
09/12/2024 05:40:37 PM logger_tjko___jpegoptim DEBUG -- Performing Test HAVE_VERSION_SCRIPT (install_repos.py:38) (tjko___jpegoptim)
09/12/2024 05:40:37 PM logger_tjko___jpegoptim DEBUG -- Performing Test HAVE_VERSION_SCRIPT - Success (install_repos.py:38) (tjko___jpegoptim)
09/12/2024 05:40:37 PM logger_tjko___jpegoptim DEBUG -- Linker supports GNU-style version scripts (install_repos.py:38) (tjko___jpegoptim)
09/12/2024 05:40:37 PM logger_tjko___jpegoptim DEBUG -- CMAKE_EXECUTABLE_SUFFIX = (install_repos.py:38) (tjko___jpegoptim)
09/12/2024 05:40:37 PM logger_tjko___jpegoptim DEBUG -- Looking for a ASM_NASM compiler (install_repos.py:38) (tjko___jpegoptim)
09/12/2024 05:40:37 PM logger_tjko___jpegoptim DEBUG -- Looking for a ASM_NASM compiler - NOTFOUND (install_repos.py:38) (tjko___jpegoptim)
09/12/2024 05:40:37 PM logger_tjko___jpegoptim DEBUG CMake Warning at simd/CMakeLists.txt:5 (message): (install_repos.py:38) (tjko___jpegoptim)
09/12/2024 05:40:37 PM logger_tjko___jpegoptim DEBUG SIMD extensions disabled: could not find NASM compiler.  Performance will (install_repos.py:38) (tjko___jpegoptim)
09/12/2024 05:40:37 PM logger_tjko___jpegoptim DEBUG suffer. (install_repos.py:38) (tjko___jpegoptim)
09/12/2024 05:40:37 PM logger_tjko___jpegoptim DEBUG Call Stack (most recent call first): (install_repos.py:38) (tjko___jpegoptim)
09/12/2024 05:40:37 PM logger_tjko___jpegoptim DEBUG simd/CMakeLists.txt:48 (simd_fail) (install_repos.py:38) (tjko___jpegoptim)
09/12/2024 05:40:37 PM logger_tjko___jpegoptim DEBUG  (install_repos.py:38) (tjko___jpegoptim)
09/12/2024 05:40:37 PM logger_tjko___jpegoptim DEBUG  (install_repos.py:38) (tjko___jpegoptim)
09/12/2024 05:40:37 PM logger_tjko___jpegoptim DEBUG -- FLOATTEST = no-fp-contract (install_repos.py:38) (tjko___jpegoptim)
09/12/2024 05:40:37 PM logger_tjko___jpegoptim DEBUG -- RPM architecture = x86_64, DEB architecture = amd64 (install_repos.py:38) (tjko___jpegoptim)
09/12/2024 05:40:37 PM logger_tjko___jpegoptim DEBUG -- Configuring done (install_repos.py:38) (tjko___jpegoptim)
09/12/2024 05:40:37 PM logger_tjko___jpegoptim DEBUG -- Generating done (install_repos.py:38) (tjko___jpegoptim)
09/12/2024 05:40:37 PM logger_tjko___jpegoptim DEBUG -- Build files have been written to: /INSTALL_C/repos/repos_400_c_round_two/tjko___jpegoptim/build/mozjpeg/src/mozjpeg_lib-build (install_repos.py:38) (tjko___jpegoptim)
09/12/2024 05:40:37 PM logger_tjko___jpegoptim DEBUG [ 42%] Performing build step for 'mozjpeg_lib' (install_repos.py:38) (tjko___jpegoptim)
09/12/2024 05:40:37 PM logger_tjko___jpegoptim DEBUG [  1%] Building C object CMakeFiles/simd.dir/jsimd_none.c.o (install_repos.py:38) (tjko___jpegoptim)
09/12/2024 05:40:37 PM logger_tjko___jpegoptim DEBUG [  1%] Built target simd (install_repos.py:38) (tjko___jpegoptim)
09/12/2024 05:40:37 PM logger_tjko___jpegoptim DEBUG [  2%] Building C object CMakeFiles/jpeg-static.dir/jcapimin.c.o (install_repos.py:38) (tjko___jpegoptim)
09/12/2024 05:40:37 PM logger_tjko___jpegoptim DEBUG [  3%] Building C object CMakeFiles/jpeg-static.dir/jcapistd.c.o (install_repos.py:38) (tjko___jpegoptim)
09/12/2024 05:40:38 PM logger_tjko___jpegoptim DEBUG [  4%] Building C object CMakeFiles/jpeg-static.dir/jccoefct.c.o (install_repos.py:38) (tjko___jpegoptim)
09/12/2024 05:40:38 PM logger_tjko___jpegoptim DEBUG [  5%] Building C object CMakeFiles/jpeg-static.dir/jccolor.c.o (install_repos.py:38) (tjko___jpegoptim)
09/12/2024 05:40:38 PM logger_tjko___jpegoptim DEBUG [  6%] Building C object CMakeFiles/jpeg-static.dir/jcdctmgr.c.o (install_repos.py:38) (tjko___jpegoptim)
09/12/2024 05:40:39 PM logger_tjko___jpegoptim DEBUG [  8%] Building C object CMakeFiles/jpeg-static.dir/jchuff.c.o (install_repos.py:38) (tjko___jpegoptim)
09/12/2024 05:40:43 PM logger_tjko___jpegoptim DEBUG [  9%] Building C object CMakeFiles/jpeg-static.dir/jcext.c.o (install_repos.py:38) (tjko___jpegoptim)
09/12/2024 05:40:43 PM logger_tjko___jpegoptim DEBUG [ 10%] Building C object CMakeFiles/jpeg-static.dir/jcicc.c.o (install_repos.py:38) (tjko___jpegoptim)
09/12/2024 05:40:43 PM logger_tjko___jpegoptim DEBUG [ 11%] Building C object CMakeFiles/jpeg-static.dir/jcinit.c.o (install_repos.py:38) (tjko___jpegoptim)
09/12/2024 05:40:43 PM logger_tjko___jpegoptim DEBUG [ 12%] Building C object CMakeFiles/jpeg-static.dir/jcmainct.c.o (install_repos.py:38) (tjko___jpegoptim)
09/12/2024 05:40:44 PM logger_tjko___jpegoptim DEBUG [ 13%] Building C object CMakeFiles/jpeg-static.dir/jcmarker.c.o (install_repos.py:38) (tjko___jpegoptim)
09/12/2024 05:40:44 PM logger_tjko___jpegoptim DEBUG [ 14%] Building C object CMakeFiles/jpeg-static.dir/jcmaster.c.o (install_repos.py:38) (tjko___jpegoptim)
09/12/2024 05:40:44 PM logger_tjko___jpegoptim DEBUG [ 16%] Building C object CMakeFiles/jpeg-static.dir/jcomapi.c.o (install_repos.py:38) (tjko___jpegoptim)
09/12/2024 05:40:44 PM logger_tjko___jpegoptim DEBUG [ 17%] Building C object CMakeFiles/jpeg-static.dir/jcparam.c.o (install_repos.py:38) (tjko___jpegoptim)
09/12/2024 05:40:45 PM logger_tjko___jpegoptim DEBUG [ 18%] Building C object CMakeFiles/jpeg-static.dir/jcphuff.c.o (install_repos.py:38) (tjko___jpegoptim)
09/12/2024 05:40:45 PM logger_tjko___jpegoptim DEBUG [ 19%] Building C object CMakeFiles/jpeg-static.dir/jcprepct.c.o (install_repos.py:38) (tjko___jpegoptim)
09/12/2024 05:40:45 PM logger_tjko___jpegoptim DEBUG [ 20%] Building C object CMakeFiles/jpeg-static.dir/jcsample.c.o (install_repos.py:38) (tjko___jpegoptim)
09/12/2024 05:40:45 PM logger_tjko___jpegoptim DEBUG [ 21%] Building C object CMakeFiles/jpeg-static.dir/jctrans.c.o (install_repos.py:38) (tjko___jpegoptim)
09/12/2024 05:40:46 PM logger_tjko___jpegoptim DEBUG [ 22%] Building C object CMakeFiles/jpeg-static.dir/jdapimin.c.o (install_repos.py:38) (tjko___jpegoptim)
09/12/2024 05:40:46 PM logger_tjko___jpegoptim DEBUG [ 24%] Building C object CMakeFiles/jpeg-static.dir/jdapistd.c.o (install_repos.py:38) (tjko___jpegoptim)
09/12/2024 05:40:46 PM logger_tjko___jpegoptim DEBUG [ 25%] Building C object CMakeFiles/jpeg-static.dir/jdatadst.c.o (install_repos.py:38) (tjko___jpegoptim)
09/12/2024 05:40:46 PM logger_tjko___jpegoptim DEBUG [ 26%] Building C object CMakeFiles/jpeg-static.dir/jdatasrc.c.o (install_repos.py:38) (tjko___jpegoptim)
09/12/2024 05:40:46 PM logger_tjko___jpegoptim DEBUG [ 27%] Building C object CMakeFiles/jpeg-static.dir/jdcoefct.c.o (install_repos.py:38) (tjko___jpegoptim)
09/12/2024 05:40:46 PM logger_tjko___jpegoptim DEBUG [ 28%] Building C object CMakeFiles/jpeg-static.dir/jdcolor.c.o (install_repos.py:38) (tjko___jpegoptim)
09/12/2024 05:40:47 PM logger_tjko___jpegoptim DEBUG [ 29%] Building C object CMakeFiles/jpeg-static.dir/jddctmgr.c.o (install_repos.py:38) (tjko___jpegoptim)
09/12/2024 05:40:47 PM logger_tjko___jpegoptim DEBUG [ 31%] Building C object CMakeFiles/jpeg-static.dir/jdhuff.c.o (install_repos.py:38) (tjko___jpegoptim)
09/12/2024 05:40:48 PM logger_tjko___jpegoptim DEBUG [ 32%] Building C object CMakeFiles/jpeg-static.dir/jdicc.c.o (install_repos.py:38) (tjko___jpegoptim)
09/12/2024 05:40:48 PM logger_tjko___jpegoptim DEBUG [ 33%] Building C object CMakeFiles/jpeg-static.dir/jdinput.c.o (install_repos.py:38) (tjko___jpegoptim)
09/12/2024 05:40:48 PM logger_tjko___jpegoptim DEBUG [ 34%] Building C object CMakeFiles/jpeg-static.dir/jdmainct.c.o (install_repos.py:38) (tjko___jpegoptim)
09/12/2024 05:40:48 PM logger_tjko___jpegoptim DEBUG [ 35%] Building C object CMakeFiles/jpeg-static.dir/jdmarker.c.o (install_repos.py:38) (tjko___jpegoptim)
09/12/2024 05:40:48 PM logger_tjko___jpegoptim DEBUG [ 36%] Building C object CMakeFiles/jpeg-static.dir/jdmaster.c.o (install_repos.py:38) (tjko___jpegoptim)
09/12/2024 05:40:48 PM logger_tjko___jpegoptim DEBUG [ 37%] Building C object CMakeFiles/jpeg-static.dir/jdmerge.c.o (install_repos.py:38) (tjko___jpegoptim)
09/12/2024 05:40:49 PM logger_tjko___jpegoptim DEBUG [ 39%] Building C object CMakeFiles/jpeg-static.dir/jdphuff.c.o (install_repos.py:38) (tjko___jpegoptim)
09/12/2024 05:40:49 PM logger_tjko___jpegoptim DEBUG [ 40%] Building C object CMakeFiles/jpeg-static.dir/jdpostct.c.o (install_repos.py:38) (tjko___jpegoptim)
09/12/2024 05:40:49 PM logger_tjko___jpegoptim DEBUG [ 41%] Building C object CMakeFiles/jpeg-static.dir/jdsample.c.o (install_repos.py:38) (tjko___jpegoptim)
09/12/2024 05:40:49 PM logger_tjko___jpegoptim DEBUG [ 42%] Building C object CMakeFiles/jpeg-static.dir/jdtrans.c.o (install_repos.py:38) (tjko___jpegoptim)
09/12/2024 05:40:49 PM logger_tjko___jpegoptim DEBUG [ 43%] Building C object CMakeFiles/jpeg-static.dir/jerror.c.o (install_repos.py:38) (tjko___jpegoptim)
09/12/2024 05:40:50 PM logger_tjko___jpegoptim DEBUG [ 44%] Building C object CMakeFiles/jpeg-static.dir/jfdctflt.c.o (install_repos.py:38) (tjko___jpegoptim)
09/12/2024 05:40:50 PM logger_tjko___jpegoptim DEBUG [ 45%] Building C object CMakeFiles/jpeg-static.dir/jfdctfst.c.o (install_repos.py:38) (tjko___jpegoptim)
09/12/2024 05:40:50 PM logger_tjko___jpegoptim DEBUG [ 47%] Building C object CMakeFiles/jpeg-static.dir/jfdctint.c.o (install_repos.py:38) (tjko___jpegoptim)
09/12/2024 05:40:50 PM logger_tjko___jpegoptim DEBUG [ 48%] Building C object CMakeFiles/jpeg-static.dir/jidctflt.c.o (install_repos.py:38) (tjko___jpegoptim)
09/12/2024 05:40:50 PM logger_tjko___jpegoptim DEBUG [ 49%] Building C object CMakeFiles/jpeg-static.dir/jidctfst.c.o (install_repos.py:38) (tjko___jpegoptim)
09/12/2024 05:40:50 PM logger_tjko___jpegoptim DEBUG [ 50%] Building C object CMakeFiles/jpeg-static.dir/jidctint.c.o (install_repos.py:38) (tjko___jpegoptim)
09/12/2024 05:40:51 PM logger_tjko___jpegoptim DEBUG [ 51%] Building C object CMakeFiles/jpeg-static.dir/jidctred.c.o (install_repos.py:38) (tjko___jpegoptim)
09/12/2024 05:40:51 PM logger_tjko___jpegoptim DEBUG [ 52%] Building C object CMakeFiles/jpeg-static.dir/jquant1.c.o (install_repos.py:38) (tjko___jpegoptim)
09/12/2024 05:40:51 PM logger_tjko___jpegoptim DEBUG [ 54%] Building C object CMakeFiles/jpeg-static.dir/jquant2.c.o (install_repos.py:38) (tjko___jpegoptim)
09/12/2024 05:40:51 PM logger_tjko___jpegoptim DEBUG [ 55%] Building C object CMakeFiles/jpeg-static.dir/jutils.c.o (install_repos.py:38) (tjko___jpegoptim)
09/12/2024 05:40:51 PM logger_tjko___jpegoptim DEBUG [ 56%] Building C object CMakeFiles/jpeg-static.dir/jmemmgr.c.o (install_repos.py:38) (tjko___jpegoptim)
09/12/2024 05:40:52 PM logger_tjko___jpegoptim DEBUG [ 57%] Building C object CMakeFiles/jpeg-static.dir/jmemnobs.c.o (install_repos.py:38) (tjko___jpegoptim)
09/12/2024 05:40:52 PM logger_tjko___jpegoptim DEBUG [ 58%] Building C object CMakeFiles/jpeg-static.dir/jaricom.c.o (install_repos.py:38) (tjko___jpegoptim)
09/12/2024 05:40:52 PM logger_tjko___jpegoptim DEBUG [ 59%] Building C object CMakeFiles/jpeg-static.dir/jcarith.c.o (install_repos.py:38) (tjko___jpegoptim)
09/12/2024 05:40:52 PM logger_tjko___jpegoptim DEBUG [ 60%] Building C object CMakeFiles/jpeg-static.dir/jdarith.c.o (install_repos.py:38) (tjko___jpegoptim)
09/12/2024 05:40:52 PM logger_tjko___jpegoptim DEBUG [ 62%] Linking C static library libjpeg.a (install_repos.py:38) (tjko___jpegoptim)
09/12/2024 05:40:52 PM logger_tjko___jpegoptim DEBUG [ 62%] Built target jpeg-static (install_repos.py:38) (tjko___jpegoptim)
09/12/2024 05:40:52 PM logger_tjko___jpegoptim DEBUG [ 63%] Building C object CMakeFiles/cjpeg-static.dir/cjpeg.c.o (install_repos.py:38) (tjko___jpegoptim)
09/12/2024 05:40:52 PM logger_tjko___jpegoptim DEBUG [ 64%] Building C object CMakeFiles/cjpeg-static.dir/cdjpeg.c.o (install_repos.py:38) (tjko___jpegoptim)
09/12/2024 05:40:53 PM logger_tjko___jpegoptim DEBUG [ 65%] Building C object CMakeFiles/cjpeg-static.dir/rdgif.c.o (install_repos.py:38) (tjko___jpegoptim)
09/12/2024 05:40:53 PM logger_tjko___jpegoptim DEBUG [ 66%] Building C object CMakeFiles/cjpeg-static.dir/rdppm.c.o (install_repos.py:38) (tjko___jpegoptim)
09/12/2024 05:40:53 PM logger_tjko___jpegoptim DEBUG [ 67%] Building C object CMakeFiles/cjpeg-static.dir/rdjpeg.c.o (install_repos.py:38) (tjko___jpegoptim)
09/12/2024 05:40:53 PM logger_tjko___jpegoptim DEBUG [ 68%] Building C object CMakeFiles/cjpeg-static.dir/rdswitch.c.o (install_repos.py:38) (tjko___jpegoptim)
09/12/2024 05:40:53 PM logger_tjko___jpegoptim DEBUG [ 70%] Building C object CMakeFiles/cjpeg-static.dir/rdbmp.c.o (install_repos.py:38) (tjko___jpegoptim)
09/12/2024 05:40:53 PM logger_tjko___jpegoptim DEBUG [ 71%] Building C object CMakeFiles/cjpeg-static.dir/rdtarga.c.o (install_repos.py:38) (tjko___jpegoptim)
09/12/2024 05:40:54 PM logger_tjko___jpegoptim DEBUG [ 72%] Linking C executable cjpeg-static (install_repos.py:38) (tjko___jpegoptim)
09/12/2024 05:40:54 PM logger_tjko___jpegoptim DEBUG [ 72%] Built target cjpeg-static (install_repos.py:38) (tjko___jpegoptim)
09/12/2024 05:40:54 PM logger_tjko___jpegoptim DEBUG [ 73%] Building C object CMakeFiles/djpeg-static.dir/djpeg.c.o (install_repos.py:38) (tjko___jpegoptim)
09/12/2024 05:40:54 PM logger_tjko___jpegoptim DEBUG [ 74%] Building C object CMakeFiles/djpeg-static.dir/cdjpeg.c.o (install_repos.py:38) (tjko___jpegoptim)
09/12/2024 05:40:54 PM logger_tjko___jpegoptim DEBUG [ 75%] Building C object CMakeFiles/djpeg-static.dir/rdcolmap.c.o (install_repos.py:38) (tjko___jpegoptim)
09/12/2024 05:40:54 PM logger_tjko___jpegoptim DEBUG [ 77%] Building C object CMakeFiles/djpeg-static.dir/rdswitch.c.o (install_repos.py:38) (tjko___jpegoptim)
09/12/2024 05:40:54 PM logger_tjko___jpegoptim DEBUG [ 78%] Building C object CMakeFiles/djpeg-static.dir/wrgif.c.o (install_repos.py:38) (tjko___jpegoptim)
09/12/2024 05:40:54 PM logger_tjko___jpegoptim DEBUG [ 79%] Building C object CMakeFiles/djpeg-static.dir/wrppm.c.o (install_repos.py:38) (tjko___jpegoptim)
09/12/2024 05:40:54 PM logger_tjko___jpegoptim DEBUG [ 80%] Building C object CMakeFiles/djpeg-static.dir/wrbmp.c.o (install_repos.py:38) (tjko___jpegoptim)
09/12/2024 05:40:55 PM logger_tjko___jpegoptim DEBUG [ 81%] Building C object CMakeFiles/djpeg-static.dir/wrtarga.c.o (install_repos.py:38) (tjko___jpegoptim)
09/12/2024 05:40:55 PM logger_tjko___jpegoptim DEBUG [ 82%] Linking C executable djpeg-static (install_repos.py:38) (tjko___jpegoptim)
09/12/2024 05:40:55 PM logger_tjko___jpegoptim DEBUG [ 82%] Built target djpeg-static (install_repos.py:38) (tjko___jpegoptim)
09/12/2024 05:40:55 PM logger_tjko___jpegoptim DEBUG [ 83%] Building C object CMakeFiles/jpegtran-static.dir/jpegtran.c.o (install_repos.py:38) (tjko___jpegoptim)
09/12/2024 05:40:55 PM logger_tjko___jpegoptim DEBUG [ 85%] Building C object CMakeFiles/jpegtran-static.dir/cdjpeg.c.o (install_repos.py:38) (tjko___jpegoptim)
09/12/2024 05:40:55 PM logger_tjko___jpegoptim DEBUG [ 86%] Building C object CMakeFiles/jpegtran-static.dir/rdswitch.c.o (install_repos.py:38) (tjko___jpegoptim)
09/12/2024 05:40:55 PM logger_tjko___jpegoptim DEBUG [ 87%] Building C object CMakeFiles/jpegtran-static.dir/transupp.c.o (install_repos.py:38) (tjko___jpegoptim)
09/12/2024 05:40:56 PM logger_tjko___jpegoptim DEBUG [ 88%] Linking C executable jpegtran-static (install_repos.py:38) (tjko___jpegoptim)
09/12/2024 05:40:56 PM logger_tjko___jpegoptim DEBUG [ 88%] Built target jpegtran-static (install_repos.py:38) (tjko___jpegoptim)
09/12/2024 05:40:56 PM logger_tjko___jpegoptim DEBUG [ 89%] Building C object CMakeFiles/rdjpgcom.dir/rdjpgcom.c.o (install_repos.py:38) (tjko___jpegoptim)
09/12/2024 05:40:57 PM logger_tjko___jpegoptim DEBUG [ 90%] Linking C executable rdjpgcom (install_repos.py:38) (tjko___jpegoptim)
09/12/2024 05:40:57 PM logger_tjko___jpegoptim DEBUG [ 90%] Built target rdjpgcom (install_repos.py:38) (tjko___jpegoptim)
09/12/2024 05:40:57 PM logger_tjko___jpegoptim DEBUG [ 91%] Building C object CMakeFiles/wrjpgcom.dir/wrjpgcom.c.o (install_repos.py:38) (tjko___jpegoptim)
09/12/2024 05:40:57 PM logger_tjko___jpegoptim DEBUG [ 93%] Linking C executable wrjpgcom (install_repos.py:38) (tjko___jpegoptim)
09/12/2024 05:40:57 PM logger_tjko___jpegoptim DEBUG [ 93%] Built target wrjpgcom (install_repos.py:38) (tjko___jpegoptim)
09/12/2024 05:40:57 PM logger_tjko___jpegoptim DEBUG [ 94%] Building C object CMakeFiles/strtest.dir/strtest.c.o (install_repos.py:38) (tjko___jpegoptim)
09/12/2024 05:40:57 PM logger_tjko___jpegoptim DEBUG [ 95%] Linking C executable strtest (install_repos.py:38) (tjko___jpegoptim)
09/12/2024 05:40:57 PM logger_tjko___jpegoptim DEBUG [ 95%] Built target strtest (install_repos.py:38) (tjko___jpegoptim)
09/12/2024 05:40:57 PM logger_tjko___jpegoptim DEBUG [ 96%] Building C object md5/CMakeFiles/md5cmp.dir/md5cmp.c.o (install_repos.py:38) (tjko___jpegoptim)
09/12/2024 05:40:57 PM logger_tjko___jpegoptim DEBUG [ 97%] Building C object md5/CMakeFiles/md5cmp.dir/md5.c.o (install_repos.py:38) (tjko___jpegoptim)
09/12/2024 05:40:57 PM logger_tjko___jpegoptim DEBUG [ 98%] Building C object md5/CMakeFiles/md5cmp.dir/md5hl.c.o (install_repos.py:38) (tjko___jpegoptim)
09/12/2024 05:40:57 PM logger_tjko___jpegoptim DEBUG [100%] Linking C executable md5cmp (install_repos.py:38) (tjko___jpegoptim)
09/12/2024 05:40:57 PM logger_tjko___jpegoptim DEBUG [100%] Built target md5cmp (install_repos.py:38) (tjko___jpegoptim)
09/12/2024 05:40:57 PM logger_tjko___jpegoptim DEBUG [ 50%] Performing install step for 'mozjpeg_lib' (install_repos.py:38) (tjko___jpegoptim)
09/12/2024 05:40:57 PM logger_tjko___jpegoptim DEBUG [  1%] Built target simd (install_repos.py:38) (tjko___jpegoptim)
09/12/2024 05:40:57 PM logger_tjko___jpegoptim DEBUG [ 62%] Built target jpeg-static (install_repos.py:38) (tjko___jpegoptim)
09/12/2024 05:40:57 PM logger_tjko___jpegoptim DEBUG [ 72%] Built target cjpeg-static (install_repos.py:38) (tjko___jpegoptim)
09/12/2024 05:40:57 PM logger_tjko___jpegoptim DEBUG [ 82%] Built target djpeg-static (install_repos.py:38) (tjko___jpegoptim)
09/12/2024 05:40:57 PM logger_tjko___jpegoptim DEBUG [ 88%] Built target jpegtran-static (install_repos.py:38) (tjko___jpegoptim)
09/12/2024 05:40:57 PM logger_tjko___jpegoptim DEBUG [ 90%] Built target rdjpgcom (install_repos.py:38) (tjko___jpegoptim)
09/12/2024 05:40:58 PM logger_tjko___jpegoptim DEBUG [ 93%] Built target wrjpgcom (install_repos.py:38) (tjko___jpegoptim)
09/12/2024 05:40:58 PM logger_tjko___jpegoptim DEBUG [ 95%] Built target strtest (install_repos.py:38) (tjko___jpegoptim)
09/12/2024 05:40:58 PM logger_tjko___jpegoptim DEBUG [100%] Built target md5cmp (install_repos.py:38) (tjko___jpegoptim)
09/12/2024 05:40:58 PM logger_tjko___jpegoptim DEBUG Install the project... (install_repos.py:38) (tjko___jpegoptim)
09/12/2024 05:40:58 PM logger_tjko___jpegoptim DEBUG -- Install configuration: "Release" (install_repos.py:38) (tjko___jpegoptim)
09/12/2024 05:40:58 PM logger_tjko___jpegoptim DEBUG -- Installing: /INSTALL_C/repos/repos_400_c_round_two/tjko___jpegoptim/build/mozjpeg/lib/libjpeg.a (install_repos.py:38) (tjko___jpegoptim)
09/12/2024 05:40:58 PM logger_tjko___jpegoptim DEBUG -- Installing: /INSTALL_C/repos/repos_400_c_round_two/tjko___jpegoptim/build/mozjpeg/bin/cjpeg (install_repos.py:38) (tjko___jpegoptim)
09/12/2024 05:40:58 PM logger_tjko___jpegoptim DEBUG -- Installing: /INSTALL_C/repos/repos_400_c_round_two/tjko___jpegoptim/build/mozjpeg/bin/djpeg (install_repos.py:38) (tjko___jpegoptim)
09/12/2024 05:40:58 PM logger_tjko___jpegoptim DEBUG -- Installing: /INSTALL_C/repos/repos_400_c_round_two/tjko___jpegoptim/build/mozjpeg/bin/jpegtran (install_repos.py:38) (tjko___jpegoptim)
09/12/2024 05:40:58 PM logger_tjko___jpegoptim DEBUG -- Installing: /INSTALL_C/repos/repos_400_c_round_two/tjko___jpegoptim/build/mozjpeg/bin/rdjpgcom (install_repos.py:38) (tjko___jpegoptim)
09/12/2024 05:40:58 PM logger_tjko___jpegoptim DEBUG -- Installing: /INSTALL_C/repos/repos_400_c_round_two/tjko___jpegoptim/build/mozjpeg/bin/wrjpgcom (install_repos.py:38) (tjko___jpegoptim)
09/12/2024 05:40:58 PM logger_tjko___jpegoptim DEBUG -- Installing: /INSTALL_C/repos/repos_400_c_round_two/tjko___jpegoptim/build/mozjpeg/share/doc/mozjpeg/README.ijg (install_repos.py:38) (tjko___jpegoptim)
09/12/2024 05:40:58 PM logger_tjko___jpegoptim DEBUG -- Installing: /INSTALL_C/repos/repos_400_c_round_two/tjko___jpegoptim/build/mozjpeg/share/doc/mozjpeg/README.md (install_repos.py:38) (tjko___jpegoptim)
09/12/2024 05:40:58 PM logger_tjko___jpegoptim DEBUG -- Installing: /INSTALL_C/repos/repos_400_c_round_two/tjko___jpegoptim/build/mozjpeg/share/doc/mozjpeg/example.txt (install_repos.py:38) (tjko___jpegoptim)
09/12/2024 05:40:58 PM logger_tjko___jpegoptim DEBUG -- Installing: /INSTALL_C/repos/repos_400_c_round_two/tjko___jpegoptim/build/mozjpeg/share/doc/mozjpeg/tjexample.c (install_repos.py:38) (tjko___jpegoptim)
09/12/2024 05:40:58 PM logger_tjko___jpegoptim DEBUG -- Installing: /INSTALL_C/repos/repos_400_c_round_two/tjko___jpegoptim/build/mozjpeg/share/doc/mozjpeg/libjpeg.txt (install_repos.py:38) (tjko___jpegoptim)
09/12/2024 05:40:58 PM logger_tjko___jpegoptim DEBUG -- Installing: /INSTALL_C/repos/repos_400_c_round_two/tjko___jpegoptim/build/mozjpeg/share/doc/mozjpeg/structure.txt (install_repos.py:38) (tjko___jpegoptim)
09/12/2024 05:40:58 PM logger_tjko___jpegoptim DEBUG -- Installing: /INSTALL_C/repos/repos_400_c_round_two/tjko___jpegoptim/build/mozjpeg/share/doc/mozjpeg/usage.txt (install_repos.py:38) (tjko___jpegoptim)
09/12/2024 05:40:58 PM logger_tjko___jpegoptim DEBUG -- Installing: /INSTALL_C/repos/repos_400_c_round_two/tjko___jpegoptim/build/mozjpeg/share/doc/mozjpeg/wizard.txt (install_repos.py:38) (tjko___jpegoptim)
09/12/2024 05:40:58 PM logger_tjko___jpegoptim DEBUG -- Installing: /INSTALL_C/repos/repos_400_c_round_two/tjko___jpegoptim/build/mozjpeg/share/doc/mozjpeg/LICENSE.md (install_repos.py:38) (tjko___jpegoptim)
09/12/2024 05:40:58 PM logger_tjko___jpegoptim DEBUG -- Installing: /INSTALL_C/repos/repos_400_c_round_two/tjko___jpegoptim/build/mozjpeg/share/man/man1/cjpeg.1 (install_repos.py:38) (tjko___jpegoptim)
09/12/2024 05:40:58 PM logger_tjko___jpegoptim DEBUG -- Installing: /INSTALL_C/repos/repos_400_c_round_two/tjko___jpegoptim/build/mozjpeg/share/man/man1/djpeg.1 (install_repos.py:38) (tjko___jpegoptim)
09/12/2024 05:40:58 PM logger_tjko___jpegoptim DEBUG -- Installing: /INSTALL_C/repos/repos_400_c_round_two/tjko___jpegoptim/build/mozjpeg/share/man/man1/jpegtran.1 (install_repos.py:38) (tjko___jpegoptim)
09/12/2024 05:40:58 PM logger_tjko___jpegoptim DEBUG -- Installing: /INSTALL_C/repos/repos_400_c_round_two/tjko___jpegoptim/build/mozjpeg/share/man/man1/rdjpgcom.1 (install_repos.py:38) (tjko___jpegoptim)
09/12/2024 05:40:58 PM logger_tjko___jpegoptim DEBUG -- Installing: /INSTALL_C/repos/repos_400_c_round_two/tjko___jpegoptim/build/mozjpeg/share/man/man1/wrjpgcom.1 (install_repos.py:38) (tjko___jpegoptim)
09/12/2024 05:40:58 PM logger_tjko___jpegoptim DEBUG -- Installing: /INSTALL_C/repos/repos_400_c_round_two/tjko___jpegoptim/build/mozjpeg/lib/pkgconfig/libjpeg.pc (install_repos.py:38) (tjko___jpegoptim)
09/12/2024 05:40:58 PM logger_tjko___jpegoptim DEBUG -- Installing: /INSTALL_C/repos/repos_400_c_round_two/tjko___jpegoptim/build/mozjpeg/lib/cmake/mozjpeg/mozjpegConfig.cmake (install_repos.py:38) (tjko___jpegoptim)
09/12/2024 05:40:58 PM logger_tjko___jpegoptim DEBUG -- Installing: /INSTALL_C/repos/repos_400_c_round_two/tjko___jpegoptim/build/mozjpeg/lib/cmake/mozjpeg/mozjpegConfigVersion.cmake (install_repos.py:38) (tjko___jpegoptim)
09/12/2024 05:40:58 PM logger_tjko___jpegoptim DEBUG -- Installing: /INSTALL_C/repos/repos_400_c_round_two/tjko___jpegoptim/build/mozjpeg/lib/cmake/mozjpeg/mozjpegTargets.cmake (install_repos.py:38) (tjko___jpegoptim)
09/12/2024 05:40:58 PM logger_tjko___jpegoptim DEBUG -- Installing: /INSTALL_C/repos/repos_400_c_round_two/tjko___jpegoptim/build/mozjpeg/lib/cmake/mozjpeg/mozjpegTargets-release.cmake (install_repos.py:38) (tjko___jpegoptim)
09/12/2024 05:40:58 PM logger_tjko___jpegoptim DEBUG -- Installing: /INSTALL_C/repos/repos_400_c_round_two/tjko___jpegoptim/build/mozjpeg/include/jconfig.h (install_repos.py:38) (tjko___jpegoptim)
09/12/2024 05:40:58 PM logger_tjko___jpegoptim DEBUG -- Installing: /INSTALL_C/repos/repos_400_c_round_two/tjko___jpegoptim/build/mozjpeg/include/jerror.h (install_repos.py:38) (tjko___jpegoptim)
09/12/2024 05:40:58 PM logger_tjko___jpegoptim DEBUG -- Installing: /INSTALL_C/repos/repos_400_c_round_two/tjko___jpegoptim/build/mozjpeg/include/jmorecfg.h (install_repos.py:38) (tjko___jpegoptim)
09/12/2024 05:40:58 PM logger_tjko___jpegoptim DEBUG -- Installing: /INSTALL_C/repos/repos_400_c_round_two/tjko___jpegoptim/build/mozjpeg/include/jpeglib.h (install_repos.py:38) (tjko___jpegoptim)
09/12/2024 05:40:58 PM logger_tjko___jpegoptim DEBUG [ 57%] Completed 'mozjpeg_lib' (install_repos.py:38) (tjko___jpegoptim)
09/12/2024 05:40:58 PM logger_tjko___jpegoptim DEBUG [ 57%] Built target mozjpeg_lib (install_repos.py:38) (tjko___jpegoptim)
09/12/2024 05:40:58 PM logger_tjko___jpegoptim DEBUG [ 64%] Building C object CMakeFiles/jpegoptim.dir/jpegoptim.c.o (install_repos.py:38) (tjko___jpegoptim)
09/12/2024 05:40:58 PM logger_tjko___jpegoptim DEBUG [ 71%] Building C object CMakeFiles/jpegoptim.dir/jpegsrc.c.o (install_repos.py:38) (tjko___jpegoptim)
09/12/2024 05:40:58 PM logger_tjko___jpegoptim DEBUG [ 78%] Building C object CMakeFiles/jpegoptim.dir/jpegdest.c.o (install_repos.py:38) (tjko___jpegoptim)
09/12/2024 05:40:58 PM logger_tjko___jpegoptim DEBUG [ 85%] Building C object CMakeFiles/jpegoptim.dir/jpegmarker.c.o (install_repos.py:38) (tjko___jpegoptim)
09/12/2024 05:40:58 PM logger_tjko___jpegoptim DEBUG [ 92%] Building C object CMakeFiles/jpegoptim.dir/misc.c.o (install_repos.py:38) (tjko___jpegoptim)
09/12/2024 05:40:58 PM logger_tjko___jpegoptim DEBUG [100%] Linking C executable jpegoptim (install_repos.py:38) (tjko___jpegoptim)
09/12/2024 05:40:58 PM logger_tjko___jpegoptim DEBUG [100%] Built target jpegoptim (install_repos.py:38) (tjko___jpegoptim)
09/12/2024 05:40:58 PM logger_tjko___jpegoptim INFO Success: Build succeeded for tjko___jpegoptim (install_repos.py:292) (tjko___jpegoptim)
