09/12/2024 05:43:33 PM logger_torch___torch7 INFO <<<<<<<<<<<<<<<<<< Logger setup anew <<<<<<<<<<<<<<<<<<< (utils.py:39) (torch___torch7)
09/12/2024 05:43:33 PM logger_torch___torch7 INFO Analyzing repos/repos_400_c_round_two/torch___torch7 (install_repos.py:285) (torch___torch7)
09/12/2024 05:43:33 PM logger_torch___torch7 INFO Running command: rm -rf build/ (install_repos.py:20) (torch___torch7)
09/12/2024 05:43:33 PM logger_torch___torch7 INFO Logging output to: logs/repos/repos_400_c_round_two_install_logs_with_make_cmake_gradlew_meson_scons_bazel_2024-09-12_17-35-05/torch___torch7_build.log (install_repos.py:21) (torch___torch7)
09/12/2024 05:43:33 PM logger_torch___torch7 INFO Running command: rm -rf CMakeCache.txt (install_repos.py:20) (torch___torch7)
09/12/2024 05:43:33 PM logger_torch___torch7 INFO Logging output to: logs/repos/repos_400_c_round_two_install_logs_with_make_cmake_gradlew_meson_scons_bazel_2024-09-12_17-35-05/torch___torch7_build.log (install_repos.py:21) (torch___torch7)
09/12/2024 05:43:33 PM logger_torch___torch7 INFO Running command: rm -rf CMakeFiles/ (install_repos.py:20) (torch___torch7)
09/12/2024 05:43:33 PM logger_torch___torch7 INFO Logging output to: logs/repos/repos_400_c_round_two_install_logs_with_make_cmake_gradlew_meson_scons_bazel_2024-09-12_17-35-05/torch___torch7_build.log (install_repos.py:21) (torch___torch7)
09/12/2024 05:43:33 PM logger_torch___torch7 INFO Running CMake (install_repos.py:141) (torch___torch7)
09/12/2024 05:43:33 PM logger_torch___torch7 INFO Running command: cmake .. (install_repos.py:20) (torch___torch7)
09/12/2024 05:43:33 PM logger_torch___torch7 INFO Logging output to: logs/repos/repos_400_c_round_two_install_logs_with_make_cmake_gradlew_meson_scons_bazel_2024-09-12_17-35-05/build_build.log (install_repos.py:21) (torch___torch7)
09/12/2024 05:43:33 PM logger_torch___torch7 DEBUG CMake Warning (dev) in CMakeLists.txt: (install_repos.py:38) (torch___torch7)
09/12/2024 05:43:33 PM logger_torch___torch7 DEBUG No project() command is present.  The top-level CMakeLists.txt file must (install_repos.py:38) (torch___torch7)
09/12/2024 05:43:33 PM logger_torch___torch7 DEBUG contain a literal, direct call to the project() command.  Add a line of (install_repos.py:38) (torch___torch7)
09/12/2024 05:43:33 PM logger_torch___torch7 DEBUG code such as (install_repos.py:38) (torch___torch7)
09/12/2024 05:43:33 PM logger_torch___torch7 DEBUG  (install_repos.py:38) (torch___torch7)
09/12/2024 05:43:33 PM logger_torch___torch7 DEBUG project(ProjectName) (install_repos.py:38) (torch___torch7)
09/12/2024 05:43:33 PM logger_torch___torch7 DEBUG  (install_repos.py:38) (torch___torch7)
09/12/2024 05:43:33 PM logger_torch___torch7 DEBUG near the top of the file, but after cmake_minimum_required(). (install_repos.py:38) (torch___torch7)
09/12/2024 05:43:33 PM logger_torch___torch7 DEBUG  (install_repos.py:38) (torch___torch7)
09/12/2024 05:43:33 PM logger_torch___torch7 DEBUG CMake is pretending there is a "project(Project)" command on the first (install_repos.py:38) (torch___torch7)
09/12/2024 05:43:33 PM logger_torch___torch7 DEBUG line. (install_repos.py:38) (torch___torch7)
09/12/2024 05:43:33 PM logger_torch___torch7 DEBUG This warning is for project developers.  Use -Wno-dev to suppress it. (install_repos.py:38) (torch___torch7)
09/12/2024 05:43:33 PM logger_torch___torch7 DEBUG  (install_repos.py:38) (torch___torch7)
09/12/2024 05:43:33 PM logger_torch___torch7 DEBUG -- The C compiler identification is GNU 12.2.0 (install_repos.py:38) (torch___torch7)
09/12/2024 05:43:33 PM logger_torch___torch7 DEBUG -- The CXX compiler identification is GNU 12.2.0 (install_repos.py:38) (torch___torch7)
09/12/2024 05:43:33 PM logger_torch___torch7 DEBUG -- Detecting C compiler ABI info (install_repos.py:38) (torch___torch7)
09/12/2024 05:43:33 PM logger_torch___torch7 DEBUG -- Detecting C compiler ABI info - done (install_repos.py:38) (torch___torch7)
09/12/2024 05:43:33 PM logger_torch___torch7 DEBUG -- Check for working C compiler: /usr/bin/cc - skipped (install_repos.py:38) (torch___torch7)
09/12/2024 05:43:33 PM logger_torch___torch7 DEBUG -- Detecting C compile features (install_repos.py:38) (torch___torch7)
09/12/2024 05:43:33 PM logger_torch___torch7 DEBUG -- Detecting C compile features - done (install_repos.py:38) (torch___torch7)
09/12/2024 05:43:33 PM logger_torch___torch7 DEBUG -- Detecting CXX compiler ABI info (install_repos.py:38) (torch___torch7)
09/12/2024 05:43:33 PM logger_torch___torch7 DEBUG -- Detecting CXX compiler ABI info - done (install_repos.py:38) (torch___torch7)
09/12/2024 05:43:33 PM logger_torch___torch7 DEBUG -- Check for working CXX compiler: /usr/bin/c++ - skipped (install_repos.py:38) (torch___torch7)
09/12/2024 05:43:33 PM logger_torch___torch7 DEBUG -- Detecting CXX compile features (install_repos.py:38) (torch___torch7)
09/12/2024 05:43:33 PM logger_torch___torch7 DEBUG -- Detecting CXX compile features - done (install_repos.py:38) (torch___torch7)
09/12/2024 05:43:33 PM logger_torch___torch7 DEBUG CMake Deprecation Warning at CMakeLists.txt:5 (CMAKE_MINIMUM_REQUIRED): (install_repos.py:38) (torch___torch7)
09/12/2024 05:43:33 PM logger_torch___torch7 DEBUG Compatibility with CMake < 2.8.12 will be removed from a future version of (install_repos.py:38) (torch___torch7)
09/12/2024 05:43:33 PM logger_torch___torch7 DEBUG CMake. (install_repos.py:38) (torch___torch7)
09/12/2024 05:43:33 PM logger_torch___torch7 DEBUG  (install_repos.py:38) (torch___torch7)
09/12/2024 05:43:33 PM logger_torch___torch7 DEBUG Update the VERSION argument <min> value or use a ...<max> suffix to tell (install_repos.py:38) (torch___torch7)
09/12/2024 05:43:33 PM logger_torch___torch7 DEBUG CMake that the project does not need compatibility with older versions. (install_repos.py:38) (torch___torch7)
09/12/2024 05:43:33 PM logger_torch___torch7 DEBUG  (install_repos.py:38) (torch___torch7)
09/12/2024 05:43:33 PM logger_torch___torch7 DEBUG  (install_repos.py:38) (torch___torch7)
09/12/2024 05:43:33 PM logger_torch___torch7 DEBUG CMake Deprecation Warning at CMakeLists.txt:6 (CMAKE_POLICY): (install_repos.py:38) (torch___torch7)
09/12/2024 05:43:33 PM logger_torch___torch7 DEBUG Compatibility with CMake < 2.8.12 will be removed from a future version of (install_repos.py:38) (torch___torch7)
09/12/2024 05:43:33 PM logger_torch___torch7 DEBUG CMake. (install_repos.py:38) (torch___torch7)
09/12/2024 05:43:33 PM logger_torch___torch7 DEBUG  (install_repos.py:38) (torch___torch7)
09/12/2024 05:43:33 PM logger_torch___torch7 DEBUG Update the VERSION argument <min> value or use a ...<max> suffix to tell (install_repos.py:38) (torch___torch7)
09/12/2024 05:43:33 PM logger_torch___torch7 DEBUG CMake that the project does not need compatibility with older versions. (install_repos.py:38) (torch___torch7)
09/12/2024 05:43:33 PM logger_torch___torch7 DEBUG  (install_repos.py:38) (torch___torch7)
09/12/2024 05:43:33 PM logger_torch___torch7 DEBUG  (install_repos.py:38) (torch___torch7)
09/12/2024 05:43:34 PM logger_torch___torch7 DEBUG -- Found OpenMP_C: -fopenmp (found version "4.5") (install_repos.py:38) (torch___torch7)
09/12/2024 05:43:34 PM logger_torch___torch7 DEBUG -- Found OpenMP_CXX: -fopenmp (found version "4.5") (install_repos.py:38) (torch___torch7)
09/12/2024 05:43:34 PM logger_torch___torch7 DEBUG -- Found OpenMP: TRUE (found version "4.5") (install_repos.py:38) (torch___torch7)
09/12/2024 05:43:34 PM logger_torch___torch7 DEBUG -- Compiling with OpenMP support (install_repos.py:38) (torch___torch7)
09/12/2024 05:43:34 PM logger_torch___torch7 DEBUG CMake Deprecation Warning at lib/TH/CMakeLists.txt:1 (cmake_minimum_required): (install_repos.py:38) (torch___torch7)
09/12/2024 05:43:34 PM logger_torch___torch7 DEBUG Compatibility with CMake < 2.8.12 will be removed from a future version of (install_repos.py:38) (torch___torch7)
09/12/2024 05:43:34 PM logger_torch___torch7 DEBUG CMake. (install_repos.py:38) (torch___torch7)
09/12/2024 05:43:34 PM logger_torch___torch7 DEBUG  (install_repos.py:38) (torch___torch7)
09/12/2024 05:43:34 PM logger_torch___torch7 DEBUG Update the VERSION argument <min> value or use a ...<max> suffix to tell (install_repos.py:38) (torch___torch7)
09/12/2024 05:43:34 PM logger_torch___torch7 DEBUG CMake that the project does not need compatibility with older versions. (install_repos.py:38) (torch___torch7)
09/12/2024 05:43:34 PM logger_torch___torch7 DEBUG  (install_repos.py:38) (torch___torch7)
09/12/2024 05:43:34 PM logger_torch___torch7 DEBUG  (install_repos.py:38) (torch___torch7)
09/12/2024 05:43:34 PM logger_torch___torch7 DEBUG CMake Deprecation Warning at lib/TH/CMakeLists.txt:5 (CMAKE_POLICY): (install_repos.py:38) (torch___torch7)
09/12/2024 05:43:34 PM logger_torch___torch7 DEBUG The OLD behavior for policy CMP0026 will be removed from a future version (install_repos.py:38) (torch___torch7)
09/12/2024 05:43:34 PM logger_torch___torch7 DEBUG of CMake. (install_repos.py:38) (torch___torch7)
09/12/2024 05:43:34 PM logger_torch___torch7 DEBUG  (install_repos.py:38) (torch___torch7)
09/12/2024 05:43:34 PM logger_torch___torch7 DEBUG The cmake-policies(7) manual explains that the OLD behaviors of all (install_repos.py:38) (torch___torch7)
09/12/2024 05:43:34 PM logger_torch___torch7 DEBUG policies are deprecated and that a policy should be set to OLD only under (install_repos.py:38) (torch___torch7)
09/12/2024 05:43:34 PM logger_torch___torch7 DEBUG specific short-term circumstances.  Projects should be ported to the NEW (install_repos.py:38) (torch___torch7)
09/12/2024 05:43:34 PM logger_torch___torch7 DEBUG behavior and not rely on setting a policy to OLD. (install_repos.py:38) (torch___torch7)
09/12/2024 05:43:34 PM logger_torch___torch7 DEBUG  (install_repos.py:38) (torch___torch7)
09/12/2024 05:43:34 PM logger_torch___torch7 DEBUG  (install_repos.py:38) (torch___torch7)
09/12/2024 05:43:34 PM logger_torch___torch7 DEBUG -- Found OpenMP_C: -fopenmp (found version "4.5") (install_repos.py:38) (torch___torch7)
09/12/2024 05:43:34 PM logger_torch___torch7 DEBUG -- Found OpenMP_CXX: -fopenmp (found version "4.5") (install_repos.py:38) (torch___torch7)
09/12/2024 05:43:34 PM logger_torch___torch7 DEBUG -- Compiling with OpenMP support (install_repos.py:38) (torch___torch7)
09/12/2024 05:43:34 PM logger_torch___torch7 DEBUG -- Could not find hardware support for NEON on this machine. (install_repos.py:38) (torch___torch7)
09/12/2024 05:43:34 PM logger_torch___torch7 DEBUG -- No OMAP3 processor on this machine. (install_repos.py:38) (torch___torch7)
09/12/2024 05:43:34 PM logger_torch___torch7 DEBUG -- No OMAP4 processor on this machine. (install_repos.py:38) (torch___torch7)
09/12/2024 05:43:34 PM logger_torch___torch7 DEBUG -- Looking for cpuid.h (install_repos.py:38) (torch___torch7)
09/12/2024 05:43:34 PM logger_torch___torch7 DEBUG -- Looking for cpuid.h - found (install_repos.py:38) (torch___torch7)
09/12/2024 05:43:34 PM logger_torch___torch7 DEBUG -- Performing Test HAVE_GCC_GET_CPUID (install_repos.py:38) (torch___torch7)
09/12/2024 05:43:34 PM logger_torch___torch7 DEBUG -- Performing Test HAVE_GCC_GET_CPUID - Success (install_repos.py:38) (torch___torch7)
09/12/2024 05:43:34 PM logger_torch___torch7 DEBUG -- Performing Test NO_GCC_EBX_FPIC_BUG (install_repos.py:38) (torch___torch7)
09/12/2024 05:43:34 PM logger_torch___torch7 DEBUG -- Performing Test NO_GCC_EBX_FPIC_BUG - Success (install_repos.py:38) (torch___torch7)
09/12/2024 05:43:34 PM logger_torch___torch7 DEBUG -- Performing Test C_HAS_SSE1_1 (install_repos.py:38) (torch___torch7)
09/12/2024 05:43:34 PM logger_torch___torch7 DEBUG -- Performing Test C_HAS_SSE1_1 - Success (install_repos.py:38) (torch___torch7)
09/12/2024 05:43:34 PM logger_torch___torch7 DEBUG -- Performing Test C_HAS_SSE2_1 (install_repos.py:38) (torch___torch7)
09/12/2024 05:43:34 PM logger_torch___torch7 DEBUG -- Performing Test C_HAS_SSE2_1 - Success (install_repos.py:38) (torch___torch7)
09/12/2024 05:43:34 PM logger_torch___torch7 DEBUG -- Performing Test C_HAS_SSE3_1 (install_repos.py:38) (torch___torch7)
09/12/2024 05:43:34 PM logger_torch___torch7 DEBUG -- Performing Test C_HAS_SSE3_1 - Failed (install_repos.py:38) (torch___torch7)
09/12/2024 05:43:34 PM logger_torch___torch7 DEBUG -- Performing Test C_HAS_SSE3_2 (install_repos.py:38) (torch___torch7)
09/12/2024 05:43:34 PM logger_torch___torch7 DEBUG -- Performing Test C_HAS_SSE3_2 - Success (install_repos.py:38) (torch___torch7)
09/12/2024 05:43:34 PM logger_torch___torch7 DEBUG -- Performing Test C_HAS_SSE4_1_1 (install_repos.py:38) (torch___torch7)
09/12/2024 05:43:34 PM logger_torch___torch7 DEBUG -- Performing Test C_HAS_SSE4_1_1 - Failed (install_repos.py:38) (torch___torch7)
09/12/2024 05:43:34 PM logger_torch___torch7 DEBUG -- Performing Test C_HAS_SSE4_1_2 (install_repos.py:38) (torch___torch7)
09/12/2024 05:43:34 PM logger_torch___torch7 DEBUG -- Performing Test C_HAS_SSE4_1_2 - Success (install_repos.py:38) (torch___torch7)
09/12/2024 05:43:34 PM logger_torch___torch7 DEBUG -- Performing Test C_HAS_SSE4_2_1 (install_repos.py:38) (torch___torch7)
09/12/2024 05:43:34 PM logger_torch___torch7 DEBUG -- Performing Test C_HAS_SSE4_2_1 - Failed (install_repos.py:38) (torch___torch7)
09/12/2024 05:43:34 PM logger_torch___torch7 DEBUG -- Performing Test C_HAS_SSE4_2_2 (install_repos.py:38) (torch___torch7)
09/12/2024 05:43:35 PM logger_torch___torch7 DEBUG -- Performing Test C_HAS_SSE4_2_2 - Success (install_repos.py:38) (torch___torch7)
09/12/2024 05:43:35 PM logger_torch___torch7 DEBUG -- Performing Test C_HAS_AVX_1 (install_repos.py:38) (torch___torch7)
09/12/2024 05:43:35 PM logger_torch___torch7 DEBUG -- Performing Test C_HAS_AVX_1 - Failed (install_repos.py:38) (torch___torch7)
09/12/2024 05:43:35 PM logger_torch___torch7 DEBUG -- Performing Test C_HAS_AVX_2 (install_repos.py:38) (torch___torch7)
09/12/2024 05:43:35 PM logger_torch___torch7 DEBUG -- Performing Test C_HAS_AVX_2 - Success (install_repos.py:38) (torch___torch7)
09/12/2024 05:43:35 PM logger_torch___torch7 DEBUG -- Performing Test C_HAS_AVX2_1 (install_repos.py:38) (torch___torch7)
09/12/2024 05:43:36 PM logger_torch___torch7 DEBUG -- Performing Test C_HAS_AVX2_1 - Failed (install_repos.py:38) (torch___torch7)
09/12/2024 05:43:36 PM logger_torch___torch7 DEBUG -- Performing Test C_HAS_AVX2_2 (install_repos.py:38) (torch___torch7)
09/12/2024 05:43:36 PM logger_torch___torch7 DEBUG -- Performing Test C_HAS_AVX2_2 - Success (install_repos.py:38) (torch___torch7)
09/12/2024 05:43:36 PM logger_torch___torch7 DEBUG -- Performing Test CXX_HAS_SSE1_1 (install_repos.py:38) (torch___torch7)
09/12/2024 05:43:36 PM logger_torch___torch7 DEBUG -- Performing Test CXX_HAS_SSE1_1 - Success (install_repos.py:38) (torch___torch7)
09/12/2024 05:43:36 PM logger_torch___torch7 DEBUG -- Performing Test CXX_HAS_SSE2_1 (install_repos.py:38) (torch___torch7)
09/12/2024 05:43:36 PM logger_torch___torch7 DEBUG -- Performing Test CXX_HAS_SSE2_1 - Success (install_repos.py:38) (torch___torch7)
09/12/2024 05:43:36 PM logger_torch___torch7 DEBUG -- Performing Test CXX_HAS_SSE3_1 (install_repos.py:38) (torch___torch7)
09/12/2024 05:43:36 PM logger_torch___torch7 DEBUG -- Performing Test CXX_HAS_SSE3_1 - Failed (install_repos.py:38) (torch___torch7)
09/12/2024 05:43:36 PM logger_torch___torch7 DEBUG -- Performing Test CXX_HAS_SSE3_2 (install_repos.py:38) (torch___torch7)
09/12/2024 05:43:36 PM logger_torch___torch7 DEBUG -- Performing Test CXX_HAS_SSE3_2 - Success (install_repos.py:38) (torch___torch7)
09/12/2024 05:43:36 PM logger_torch___torch7 DEBUG -- Performing Test CXX_HAS_SSE4_1_1 (install_repos.py:38) (torch___torch7)
09/12/2024 05:43:36 PM logger_torch___torch7 DEBUG -- Performing Test CXX_HAS_SSE4_1_1 - Failed (install_repos.py:38) (torch___torch7)
09/12/2024 05:43:36 PM logger_torch___torch7 DEBUG -- Performing Test CXX_HAS_SSE4_1_2 (install_repos.py:38) (torch___torch7)
09/12/2024 05:43:37 PM logger_torch___torch7 DEBUG -- Performing Test CXX_HAS_SSE4_1_2 - Success (install_repos.py:38) (torch___torch7)
09/12/2024 05:43:37 PM logger_torch___torch7 DEBUG -- Performing Test CXX_HAS_SSE4_2_1 (install_repos.py:38) (torch___torch7)
09/12/2024 05:43:37 PM logger_torch___torch7 DEBUG -- Performing Test CXX_HAS_SSE4_2_1 - Failed (install_repos.py:38) (torch___torch7)
09/12/2024 05:43:37 PM logger_torch___torch7 DEBUG -- Performing Test CXX_HAS_SSE4_2_2 (install_repos.py:38) (torch___torch7)
09/12/2024 05:43:37 PM logger_torch___torch7 DEBUG -- Performing Test CXX_HAS_SSE4_2_2 - Success (install_repos.py:38) (torch___torch7)
09/12/2024 05:43:37 PM logger_torch___torch7 DEBUG -- Performing Test CXX_HAS_AVX_1 (install_repos.py:38) (torch___torch7)
09/12/2024 05:43:37 PM logger_torch___torch7 DEBUG -- Performing Test CXX_HAS_AVX_1 - Failed (install_repos.py:38) (torch___torch7)
09/12/2024 05:43:37 PM logger_torch___torch7 DEBUG -- Performing Test CXX_HAS_AVX_2 (install_repos.py:38) (torch___torch7)
09/12/2024 05:43:37 PM logger_torch___torch7 DEBUG -- Performing Test CXX_HAS_AVX_2 - Success (install_repos.py:38) (torch___torch7)
09/12/2024 05:43:37 PM logger_torch___torch7 DEBUG -- Performing Test CXX_HAS_AVX2_1 (install_repos.py:38) (torch___torch7)
09/12/2024 05:43:38 PM logger_torch___torch7 DEBUG -- Performing Test CXX_HAS_AVX2_1 - Failed (install_repos.py:38) (torch___torch7)
09/12/2024 05:43:38 PM logger_torch___torch7 DEBUG -- Performing Test CXX_HAS_AVX2_2 (install_repos.py:38) (torch___torch7)
09/12/2024 05:43:38 PM logger_torch___torch7 DEBUG -- Performing Test CXX_HAS_AVX2_2 - Success (install_repos.py:38) (torch___torch7)
09/12/2024 05:43:38 PM logger_torch___torch7 DEBUG -- SSE2 Found (install_repos.py:38) (torch___torch7)
09/12/2024 05:43:38 PM logger_torch___torch7 DEBUG -- SSE3 Found (install_repos.py:38) (torch___torch7)
09/12/2024 05:43:38 PM logger_torch___torch7 DEBUG -- AVX Found (install_repos.py:38) (torch___torch7)
09/12/2024 05:43:38 PM logger_torch___torch7 DEBUG -- AVX2 Found (install_repos.py:38) (torch___torch7)
09/12/2024 05:43:38 PM logger_torch___torch7 DEBUG -- Performing Test HAS_C11_ATOMICS (install_repos.py:38) (torch___torch7)
09/12/2024 05:43:38 PM logger_torch___torch7 DEBUG -- Performing Test HAS_C11_ATOMICS - Success (install_repos.py:38) (torch___torch7)
09/12/2024 05:43:38 PM logger_torch___torch7 DEBUG -- TH_SO_VERSION: 0 (install_repos.py:38) (torch___torch7)
09/12/2024 05:43:38 PM logger_torch___torch7 DEBUG -- Atomics: using C11 intrinsics (install_repos.py:38) (torch___torch7)
09/12/2024 05:43:38 PM logger_torch___torch7 DEBUG -- Looking for sys/types.h (install_repos.py:38) (torch___torch7)
09/12/2024 05:43:38 PM logger_torch___torch7 DEBUG -- Looking for sys/types.h - found (install_repos.py:38) (torch___torch7)
09/12/2024 05:43:38 PM logger_torch___torch7 DEBUG -- Looking for stdint.h (install_repos.py:38) (torch___torch7)
09/12/2024 05:43:38 PM logger_torch___torch7 DEBUG -- Looking for stdint.h - found (install_repos.py:38) (torch___torch7)
09/12/2024 05:43:38 PM logger_torch___torch7 DEBUG -- Looking for stddef.h (install_repos.py:38) (torch___torch7)
09/12/2024 05:43:39 PM logger_torch___torch7 DEBUG -- Looking for stddef.h - found (install_repos.py:38) (torch___torch7)
09/12/2024 05:43:39 PM logger_torch___torch7 DEBUG -- Check size of void* (install_repos.py:38) (torch___torch7)
09/12/2024 05:43:39 PM logger_torch___torch7 DEBUG -- Check size of void* - done (install_repos.py:38) (torch___torch7)
09/12/2024 05:43:39 PM logger_torch___torch7 DEBUG -- Checking for [mkl_gf_lp64 - mkl_gnu_thread - mkl_core - gomp - pthread - m - dl] (install_repos.py:38) (torch___torch7)
09/12/2024 05:43:39 PM logger_torch___torch7 DEBUG --   Library mkl_gf_lp64: not found (install_repos.py:38) (torch___torch7)
09/12/2024 05:43:39 PM logger_torch___torch7 DEBUG -- Checking for [mkl_gf_lp64 - mkl_intel_thread - mkl_core - gomp - pthread - m - dl] (install_repos.py:38) (torch___torch7)
09/12/2024 05:43:39 PM logger_torch___torch7 DEBUG --   Library mkl_gf_lp64: not found (install_repos.py:38) (torch___torch7)
09/12/2024 05:43:39 PM logger_torch___torch7 DEBUG -- Checking for [mkl_gf - mkl_gnu_thread - mkl_core - gomp - pthread - m - dl] (install_repos.py:38) (torch___torch7)
09/12/2024 05:43:39 PM logger_torch___torch7 DEBUG --   Library mkl_gf: not found (install_repos.py:38) (torch___torch7)
09/12/2024 05:43:39 PM logger_torch___torch7 DEBUG -- Checking for [mkl_gf - mkl_intel_thread - mkl_core - gomp - pthread - m - dl] (install_repos.py:38) (torch___torch7)
09/12/2024 05:43:39 PM logger_torch___torch7 DEBUG --   Library mkl_gf: not found (install_repos.py:38) (torch___torch7)
09/12/2024 05:43:39 PM logger_torch___torch7 DEBUG -- Checking for [mkl_intel_lp64 - mkl_gnu_thread - mkl_core - gomp - pthread - m - dl] (install_repos.py:38) (torch___torch7)
09/12/2024 05:43:39 PM logger_torch___torch7 DEBUG --   Library mkl_intel_lp64: not found (install_repos.py:38) (torch___torch7)
09/12/2024 05:43:39 PM logger_torch___torch7 DEBUG -- Checking for [mkl_intel_lp64 - mkl_intel_thread - mkl_core - gomp - pthread - m - dl] (install_repos.py:38) (torch___torch7)
09/12/2024 05:43:39 PM logger_torch___torch7 DEBUG --   Library mkl_intel_lp64: not found (install_repos.py:38) (torch___torch7)
09/12/2024 05:43:39 PM logger_torch___torch7 DEBUG -- Checking for [mkl_intel - mkl_gnu_thread - mkl_core - gomp - pthread - m - dl] (install_repos.py:38) (torch___torch7)
09/12/2024 05:43:39 PM logger_torch___torch7 DEBUG --   Library mkl_intel: not found (install_repos.py:38) (torch___torch7)
09/12/2024 05:43:39 PM logger_torch___torch7 DEBUG -- Checking for [mkl_intel - mkl_intel_thread - mkl_core - gomp - pthread - m - dl] (install_repos.py:38) (torch___torch7)
09/12/2024 05:43:39 PM logger_torch___torch7 DEBUG --   Library mkl_intel: not found (install_repos.py:38) (torch___torch7)
09/12/2024 05:43:39 PM logger_torch___torch7 DEBUG -- Checking for [mkl_gf_lp64 - mkl_gnu_thread - mkl_core - iomp5 - pthread - m - dl] (install_repos.py:38) (torch___torch7)
09/12/2024 05:43:39 PM logger_torch___torch7 DEBUG --   Library mkl_gf_lp64: not found (install_repos.py:38) (torch___torch7)
09/12/2024 05:43:39 PM logger_torch___torch7 DEBUG -- Checking for [mkl_gf_lp64 - mkl_intel_thread - mkl_core - iomp5 - pthread - m - dl] (install_repos.py:38) (torch___torch7)
09/12/2024 05:43:39 PM logger_torch___torch7 DEBUG --   Library mkl_gf_lp64: not found (install_repos.py:38) (torch___torch7)
09/12/2024 05:43:39 PM logger_torch___torch7 DEBUG -- Checking for [mkl_gf - mkl_gnu_thread - mkl_core - iomp5 - pthread - m - dl] (install_repos.py:38) (torch___torch7)
09/12/2024 05:43:39 PM logger_torch___torch7 DEBUG --   Library mkl_gf: not found (install_repos.py:38) (torch___torch7)
09/12/2024 05:43:39 PM logger_torch___torch7 DEBUG -- Checking for [mkl_gf - mkl_intel_thread - mkl_core - iomp5 - pthread - m - dl] (install_repos.py:38) (torch___torch7)
09/12/2024 05:43:39 PM logger_torch___torch7 DEBUG --   Library mkl_gf: not found (install_repos.py:38) (torch___torch7)
09/12/2024 05:43:39 PM logger_torch___torch7 DEBUG -- Checking for [mkl_intel_lp64 - mkl_gnu_thread - mkl_core - iomp5 - pthread - m - dl] (install_repos.py:38) (torch___torch7)
09/12/2024 05:43:39 PM logger_torch___torch7 DEBUG --   Library mkl_intel_lp64: not found (install_repos.py:38) (torch___torch7)
09/12/2024 05:43:39 PM logger_torch___torch7 DEBUG -- Checking for [mkl_intel_lp64 - mkl_intel_thread - mkl_core - iomp5 - pthread - m - dl] (install_repos.py:38) (torch___torch7)
09/12/2024 05:43:39 PM logger_torch___torch7 DEBUG --   Library mkl_intel_lp64: not found (install_repos.py:38) (torch___torch7)
09/12/2024 05:43:39 PM logger_torch___torch7 DEBUG -- Checking for [mkl_intel - mkl_gnu_thread - mkl_core - iomp5 - pthread - m - dl] (install_repos.py:38) (torch___torch7)
09/12/2024 05:43:39 PM logger_torch___torch7 DEBUG --   Library mkl_intel: not found (install_repos.py:38) (torch___torch7)
09/12/2024 05:43:39 PM logger_torch___torch7 DEBUG -- Checking for [mkl_intel - mkl_intel_thread - mkl_core - iomp5 - pthread - m - dl] (install_repos.py:38) (torch___torch7)
09/12/2024 05:43:39 PM logger_torch___torch7 DEBUG --   Library mkl_intel: not found (install_repos.py:38) (torch___torch7)
09/12/2024 05:43:39 PM logger_torch___torch7 DEBUG -- Checking for [mkl_gf_lp64 - mkl_gnu_thread - mkl_core - pthread - m - dl] (install_repos.py:38) (torch___torch7)
09/12/2024 05:43:39 PM logger_torch___torch7 DEBUG --   Library mkl_gf_lp64: not found (install_repos.py:38) (torch___torch7)
09/12/2024 05:43:39 PM logger_torch___torch7 DEBUG -- Checking for [mkl_gf_lp64 - mkl_intel_thread - mkl_core - pthread - m - dl] (install_repos.py:38) (torch___torch7)
09/12/2024 05:43:39 PM logger_torch___torch7 DEBUG --   Library mkl_gf_lp64: not found (install_repos.py:38) (torch___torch7)
09/12/2024 05:43:39 PM logger_torch___torch7 DEBUG -- Checking for [mkl_gf - mkl_gnu_thread - mkl_core - pthread - m - dl] (install_repos.py:38) (torch___torch7)
09/12/2024 05:43:39 PM logger_torch___torch7 DEBUG --   Library mkl_gf: not found (install_repos.py:38) (torch___torch7)
09/12/2024 05:43:39 PM logger_torch___torch7 DEBUG -- Checking for [mkl_gf - mkl_intel_thread - mkl_core - pthread - m - dl] (install_repos.py:38) (torch___torch7)
09/12/2024 05:43:39 PM logger_torch___torch7 DEBUG --   Library mkl_gf: not found (install_repos.py:38) (torch___torch7)
09/12/2024 05:43:39 PM logger_torch___torch7 DEBUG -- Checking for [mkl_intel_lp64 - mkl_gnu_thread - mkl_core - pthread - m - dl] (install_repos.py:38) (torch___torch7)
09/12/2024 05:43:39 PM logger_torch___torch7 DEBUG --   Library mkl_intel_lp64: not found (install_repos.py:38) (torch___torch7)
09/12/2024 05:43:39 PM logger_torch___torch7 DEBUG -- Checking for [mkl_intel_lp64 - mkl_intel_thread - mkl_core - pthread - m - dl] (install_repos.py:38) (torch___torch7)
09/12/2024 05:43:39 PM logger_torch___torch7 DEBUG --   Library mkl_intel_lp64: not found (install_repos.py:38) (torch___torch7)
09/12/2024 05:43:39 PM logger_torch___torch7 DEBUG -- Checking for [mkl_intel - mkl_gnu_thread - mkl_core - pthread - m - dl] (install_repos.py:38) (torch___torch7)
09/12/2024 05:43:39 PM logger_torch___torch7 DEBUG --   Library mkl_intel: not found (install_repos.py:38) (torch___torch7)
09/12/2024 05:43:39 PM logger_torch___torch7 DEBUG -- Checking for [mkl_intel - mkl_intel_thread - mkl_core - pthread - m - dl] (install_repos.py:38) (torch___torch7)
09/12/2024 05:43:39 PM logger_torch___torch7 DEBUG --   Library mkl_intel: not found (install_repos.py:38) (torch___torch7)
09/12/2024 05:43:39 PM logger_torch___torch7 DEBUG -- Checking for [mkl_gf_lp64 - mkl_sequential - mkl_core - m - dl] (install_repos.py:38) (torch___torch7)
09/12/2024 05:43:39 PM logger_torch___torch7 DEBUG --   Library mkl_gf_lp64: not found (install_repos.py:38) (torch___torch7)
09/12/2024 05:43:39 PM logger_torch___torch7 DEBUG -- Checking for [mkl_gf - mkl_sequential - mkl_core - m - dl] (install_repos.py:38) (torch___torch7)
09/12/2024 05:43:39 PM logger_torch___torch7 DEBUG --   Library mkl_gf: not found (install_repos.py:38) (torch___torch7)
09/12/2024 05:43:39 PM logger_torch___torch7 DEBUG -- Checking for [mkl_intel_lp64 - mkl_sequential - mkl_core - m - dl] (install_repos.py:38) (torch___torch7)
09/12/2024 05:43:39 PM logger_torch___torch7 DEBUG --   Library mkl_intel_lp64: not found (install_repos.py:38) (torch___torch7)
09/12/2024 05:43:39 PM logger_torch___torch7 DEBUG -- Checking for [mkl_intel - mkl_sequential - mkl_core - m - dl] (install_repos.py:38) (torch___torch7)
09/12/2024 05:43:39 PM logger_torch___torch7 DEBUG --   Library mkl_intel: not found (install_repos.py:38) (torch___torch7)
09/12/2024 05:43:39 PM logger_torch___torch7 DEBUG -- Checking for [mkl_gf_lp64 - mkl_sequential - mkl_core - m - dl] (install_repos.py:38) (torch___torch7)
09/12/2024 05:43:39 PM logger_torch___torch7 DEBUG --   Library mkl_gf_lp64: not found (install_repos.py:38) (torch___torch7)
09/12/2024 05:43:39 PM logger_torch___torch7 DEBUG -- Checking for [mkl_gf - mkl_sequential - mkl_core - m - dl] (install_repos.py:38) (torch___torch7)
09/12/2024 05:43:39 PM logger_torch___torch7 DEBUG --   Library mkl_gf: not found (install_repos.py:38) (torch___torch7)
09/12/2024 05:43:39 PM logger_torch___torch7 DEBUG -- Checking for [mkl_intel_lp64 - mkl_sequential - mkl_core - m - dl] (install_repos.py:38) (torch___torch7)
09/12/2024 05:43:39 PM logger_torch___torch7 DEBUG --   Library mkl_intel_lp64: not found (install_repos.py:38) (torch___torch7)
09/12/2024 05:43:39 PM logger_torch___torch7 DEBUG -- Checking for [mkl_intel - mkl_sequential - mkl_core - m - dl] (install_repos.py:38) (torch___torch7)
09/12/2024 05:43:39 PM logger_torch___torch7 DEBUG --   Library mkl_intel: not found (install_repos.py:38) (torch___torch7)
09/12/2024 05:43:39 PM logger_torch___torch7 DEBUG -- Checking for [mkl_gf_lp64 - mkl_sequential - mkl_core - m - dl] (install_repos.py:38) (torch___torch7)
09/12/2024 05:43:39 PM logger_torch___torch7 DEBUG --   Library mkl_gf_lp64: not found (install_repos.py:38) (torch___torch7)
09/12/2024 05:43:39 PM logger_torch___torch7 DEBUG -- Checking for [mkl_gf - mkl_sequential - mkl_core - m - dl] (install_repos.py:38) (torch___torch7)
09/12/2024 05:43:39 PM logger_torch___torch7 DEBUG --   Library mkl_gf: not found (install_repos.py:38) (torch___torch7)
09/12/2024 05:43:39 PM logger_torch___torch7 DEBUG -- Checking for [mkl_intel_lp64 - mkl_sequential - mkl_core - m - dl] (install_repos.py:38) (torch___torch7)
09/12/2024 05:43:39 PM logger_torch___torch7 DEBUG --   Library mkl_intel_lp64: not found (install_repos.py:38) (torch___torch7)
09/12/2024 05:43:39 PM logger_torch___torch7 DEBUG -- Checking for [mkl_intel - mkl_sequential - mkl_core - m - dl] (install_repos.py:38) (torch___torch7)
09/12/2024 05:43:39 PM logger_torch___torch7 DEBUG --   Library mkl_intel: not found (install_repos.py:38) (torch___torch7)
09/12/2024 05:43:39 PM logger_torch___torch7 DEBUG -- Checking for [mkl_gf_lp64 - mkl_gnu_thread - mkl_core - gomp - pthread - m - dl] (install_repos.py:38) (torch___torch7)
09/12/2024 05:43:39 PM logger_torch___torch7 DEBUG --   Library mkl_gf_lp64: not found (install_repos.py:38) (torch___torch7)
09/12/2024 05:43:39 PM logger_torch___torch7 DEBUG -- Checking for [mkl_gf_lp64 - mkl_intel_thread - mkl_core - gomp - pthread - m - dl] (install_repos.py:38) (torch___torch7)
09/12/2024 05:43:39 PM logger_torch___torch7 DEBUG --   Library mkl_gf_lp64: not found (install_repos.py:38) (torch___torch7)
09/12/2024 05:43:39 PM logger_torch___torch7 DEBUG -- Checking for [mkl_gf - mkl_gnu_thread - mkl_core - gomp - pthread - m - dl] (install_repos.py:38) (torch___torch7)
09/12/2024 05:43:39 PM logger_torch___torch7 DEBUG --   Library mkl_gf: not found (install_repos.py:38) (torch___torch7)
09/12/2024 05:43:39 PM logger_torch___torch7 DEBUG -- Checking for [mkl_gf - mkl_intel_thread - mkl_core - gomp - pthread - m - dl] (install_repos.py:38) (torch___torch7)
09/12/2024 05:43:39 PM logger_torch___torch7 DEBUG --   Library mkl_gf: not found (install_repos.py:38) (torch___torch7)
09/12/2024 05:43:39 PM logger_torch___torch7 DEBUG -- Checking for [mkl_intel_lp64 - mkl_gnu_thread - mkl_core - gomp - pthread - m - dl] (install_repos.py:38) (torch___torch7)
09/12/2024 05:43:39 PM logger_torch___torch7 DEBUG --   Library mkl_intel_lp64: not found (install_repos.py:38) (torch___torch7)
09/12/2024 05:43:39 PM logger_torch___torch7 DEBUG -- Checking for [mkl_intel_lp64 - mkl_intel_thread - mkl_core - gomp - pthread - m - dl] (install_repos.py:38) (torch___torch7)
09/12/2024 05:43:39 PM logger_torch___torch7 DEBUG --   Library mkl_intel_lp64: not found (install_repos.py:38) (torch___torch7)
09/12/2024 05:43:39 PM logger_torch___torch7 DEBUG -- Checking for [mkl_intel - mkl_gnu_thread - mkl_core - gomp - pthread - m - dl] (install_repos.py:38) (torch___torch7)
09/12/2024 05:43:39 PM logger_torch___torch7 DEBUG --   Library mkl_intel: not found (install_repos.py:38) (torch___torch7)
09/12/2024 05:43:39 PM logger_torch___torch7 DEBUG -- Checking for [mkl_intel - mkl_intel_thread - mkl_core - gomp - pthread - m - dl] (install_repos.py:38) (torch___torch7)
09/12/2024 05:43:39 PM logger_torch___torch7 DEBUG --   Library mkl_intel: not found (install_repos.py:38) (torch___torch7)
09/12/2024 05:43:39 PM logger_torch___torch7 DEBUG -- Checking for [mkl_gf_lp64 - mkl_gnu_thread - mkl_core - iomp5 - pthread - m - dl] (install_repos.py:38) (torch___torch7)
09/12/2024 05:43:39 PM logger_torch___torch7 DEBUG --   Library mkl_gf_lp64: not found (install_repos.py:38) (torch___torch7)
09/12/2024 05:43:39 PM logger_torch___torch7 DEBUG -- Checking for [mkl_gf_lp64 - mkl_intel_thread - mkl_core - iomp5 - pthread - m - dl] (install_repos.py:38) (torch___torch7)
09/12/2024 05:43:39 PM logger_torch___torch7 DEBUG --   Library mkl_gf_lp64: not found (install_repos.py:38) (torch___torch7)
09/12/2024 05:43:39 PM logger_torch___torch7 DEBUG -- Checking for [mkl_gf - mkl_gnu_thread - mkl_core - iomp5 - pthread - m - dl] (install_repos.py:38) (torch___torch7)
09/12/2024 05:43:39 PM logger_torch___torch7 DEBUG --   Library mkl_gf: not found (install_repos.py:38) (torch___torch7)
09/12/2024 05:43:39 PM logger_torch___torch7 DEBUG -- Checking for [mkl_gf - mkl_intel_thread - mkl_core - iomp5 - pthread - m - dl] (install_repos.py:38) (torch___torch7)
09/12/2024 05:43:39 PM logger_torch___torch7 DEBUG --   Library mkl_gf: not found (install_repos.py:38) (torch___torch7)
09/12/2024 05:43:39 PM logger_torch___torch7 DEBUG -- Checking for [mkl_intel_lp64 - mkl_gnu_thread - mkl_core - iomp5 - pthread - m - dl] (install_repos.py:38) (torch___torch7)
09/12/2024 05:43:39 PM logger_torch___torch7 DEBUG --   Library mkl_intel_lp64: not found (install_repos.py:38) (torch___torch7)
09/12/2024 05:43:39 PM logger_torch___torch7 DEBUG -- Checking for [mkl_intel_lp64 - mkl_intel_thread - mkl_core - iomp5 - pthread - m - dl] (install_repos.py:38) (torch___torch7)
09/12/2024 05:43:39 PM logger_torch___torch7 DEBUG --   Library mkl_intel_lp64: not found (install_repos.py:38) (torch___torch7)
09/12/2024 05:43:39 PM logger_torch___torch7 DEBUG -- Checking for [mkl_intel - mkl_gnu_thread - mkl_core - iomp5 - pthread - m - dl] (install_repos.py:38) (torch___torch7)
09/12/2024 05:43:39 PM logger_torch___torch7 DEBUG --   Library mkl_intel: not found (install_repos.py:38) (torch___torch7)
09/12/2024 05:43:39 PM logger_torch___torch7 DEBUG -- Checking for [mkl_intel - mkl_intel_thread - mkl_core - iomp5 - pthread - m - dl] (install_repos.py:38) (torch___torch7)
09/12/2024 05:43:39 PM logger_torch___torch7 DEBUG --   Library mkl_intel: not found (install_repos.py:38) (torch___torch7)
09/12/2024 05:43:39 PM logger_torch___torch7 DEBUG -- Checking for [mkl_gf_lp64 - mkl_gnu_thread - mkl_core - pthread - m - dl] (install_repos.py:38) (torch___torch7)
09/12/2024 05:43:39 PM logger_torch___torch7 DEBUG --   Library mkl_gf_lp64: not found (install_repos.py:38) (torch___torch7)
09/12/2024 05:43:39 PM logger_torch___torch7 DEBUG -- Checking for [mkl_gf_lp64 - mkl_intel_thread - mkl_core - pthread - m - dl] (install_repos.py:38) (torch___torch7)
09/12/2024 05:43:39 PM logger_torch___torch7 DEBUG --   Library mkl_gf_lp64: not found (install_repos.py:38) (torch___torch7)
09/12/2024 05:43:39 PM logger_torch___torch7 DEBUG -- Checking for [mkl_gf - mkl_gnu_thread - mkl_core - pthread - m - dl] (install_repos.py:38) (torch___torch7)
09/12/2024 05:43:39 PM logger_torch___torch7 DEBUG --   Library mkl_gf: not found (install_repos.py:38) (torch___torch7)
09/12/2024 05:43:39 PM logger_torch___torch7 DEBUG -- Checking for [mkl_gf - mkl_intel_thread - mkl_core - pthread - m - dl] (install_repos.py:38) (torch___torch7)
09/12/2024 05:43:39 PM logger_torch___torch7 DEBUG --   Library mkl_gf: not found (install_repos.py:38) (torch___torch7)
09/12/2024 05:43:39 PM logger_torch___torch7 DEBUG -- Checking for [mkl_intel_lp64 - mkl_gnu_thread - mkl_core - pthread - m - dl] (install_repos.py:38) (torch___torch7)
09/12/2024 05:43:39 PM logger_torch___torch7 DEBUG --   Library mkl_intel_lp64: not found (install_repos.py:38) (torch___torch7)
09/12/2024 05:43:39 PM logger_torch___torch7 DEBUG -- Checking for [mkl_intel_lp64 - mkl_intel_thread - mkl_core - pthread - m - dl] (install_repos.py:38) (torch___torch7)
09/12/2024 05:43:39 PM logger_torch___torch7 DEBUG --   Library mkl_intel_lp64: not found (install_repos.py:38) (torch___torch7)
09/12/2024 05:43:39 PM logger_torch___torch7 DEBUG -- Checking for [mkl_intel - mkl_gnu_thread - mkl_core - pthread - m - dl] (install_repos.py:38) (torch___torch7)
09/12/2024 05:43:39 PM logger_torch___torch7 DEBUG --   Library mkl_intel: not found (install_repos.py:38) (torch___torch7)
09/12/2024 05:43:39 PM logger_torch___torch7 DEBUG -- Checking for [mkl_intel - mkl_intel_thread - mkl_core - pthread - m - dl] (install_repos.py:38) (torch___torch7)
09/12/2024 05:43:39 PM logger_torch___torch7 DEBUG --   Library mkl_intel: not found (install_repos.py:38) (torch___torch7)
09/12/2024 05:43:39 PM logger_torch___torch7 DEBUG -- Checking for [mkl - guide - pthread - m] (install_repos.py:38) (torch___torch7)
09/12/2024 05:43:39 PM logger_torch___torch7 DEBUG --   Library mkl: not found (install_repos.py:38) (torch___torch7)
09/12/2024 05:43:39 PM logger_torch___torch7 DEBUG -- MKL library not found (install_repos.py:38) (torch___torch7)
09/12/2024 05:43:39 PM logger_torch___torch7 DEBUG -- Checking for [openblas] (install_repos.py:38) (torch___torch7)
09/12/2024 05:43:39 PM logger_torch___torch7 DEBUG --   Library openblas: BLAS_openblas_LIBRARY-NOTFOUND (install_repos.py:38) (torch___torch7)
09/12/2024 05:43:39 PM logger_torch___torch7 DEBUG -- Checking for [openblas - pthread] (install_repos.py:38) (torch___torch7)
09/12/2024 05:43:39 PM logger_torch___torch7 DEBUG --   Library openblas: BLAS_openblas_LIBRARY-NOTFOUND (install_repos.py:38) (torch___torch7)
09/12/2024 05:43:39 PM logger_torch___torch7 DEBUG -- Checking for [goto2 - gfortran] (install_repos.py:38) (torch___torch7)
09/12/2024 05:43:39 PM logger_torch___torch7 DEBUG --   Library goto2: BLAS_goto2_LIBRARY-NOTFOUND (install_repos.py:38) (torch___torch7)
09/12/2024 05:43:39 PM logger_torch___torch7 DEBUG -- Checking for [goto2 - gfortran - pthread] (install_repos.py:38) (torch___torch7)
09/12/2024 05:43:39 PM logger_torch___torch7 DEBUG --   Library goto2: BLAS_goto2_LIBRARY-NOTFOUND (install_repos.py:38) (torch___torch7)
09/12/2024 05:43:39 PM logger_torch___torch7 DEBUG -- Checking for [acml - gfortran] (install_repos.py:38) (torch___torch7)
09/12/2024 05:43:39 PM logger_torch___torch7 DEBUG --   Library acml: BLAS_acml_LIBRARY-NOTFOUND (install_repos.py:38) (torch___torch7)
09/12/2024 05:43:39 PM logger_torch___torch7 DEBUG -- Checking for [Accelerate] (install_repos.py:38) (torch___torch7)
09/12/2024 05:43:39 PM logger_torch___torch7 DEBUG --   Library Accelerate: BLAS_Accelerate_LIBRARY-NOTFOUND (install_repos.py:38) (torch___torch7)
09/12/2024 05:43:39 PM logger_torch___torch7 DEBUG -- Checking for [vecLib] (install_repos.py:38) (torch___torch7)
09/12/2024 05:43:39 PM logger_torch___torch7 DEBUG --   Library vecLib: BLAS_vecLib_LIBRARY-NOTFOUND (install_repos.py:38) (torch___torch7)
09/12/2024 05:43:39 PM logger_torch___torch7 DEBUG -- Checking for [ptf77blas - atlas - gfortran] (install_repos.py:38) (torch___torch7)
09/12/2024 05:43:39 PM logger_torch___torch7 DEBUG --   Library ptf77blas: BLAS_ptf77blas_LIBRARY-NOTFOUND (install_repos.py:38) (torch___torch7)
09/12/2024 05:43:39 PM logger_torch___torch7 DEBUG -- Checking for [blas] (install_repos.py:38) (torch___torch7)
09/12/2024 05:43:39 PM logger_torch___torch7 DEBUG --   Library blas: BLAS_blas_LIBRARY-NOTFOUND (install_repos.py:38) (torch___torch7)
09/12/2024 05:43:39 PM logger_torch___torch7 DEBUG -- Cannot find a library with BLAS API. Not using BLAS. (install_repos.py:38) (torch___torch7)
09/12/2024 05:43:39 PM logger_torch___torch7 DEBUG -- Checking for [mkl_gf_lp64 - mkl_gnu_thread - mkl_core - gomp - pthread - m - dl] (install_repos.py:38) (torch___torch7)
09/12/2024 05:43:39 PM logger_torch___torch7 DEBUG --   Library mkl_gf_lp64: not found (install_repos.py:38) (torch___torch7)
09/12/2024 05:43:39 PM logger_torch___torch7 DEBUG -- Checking for [mkl_gf_lp64 - mkl_intel_thread - mkl_core - gomp - pthread - m - dl] (install_repos.py:38) (torch___torch7)
09/12/2024 05:43:39 PM logger_torch___torch7 DEBUG --   Library mkl_gf_lp64: not found (install_repos.py:38) (torch___torch7)
09/12/2024 05:43:39 PM logger_torch___torch7 DEBUG -- Checking for [mkl_gf - mkl_gnu_thread - mkl_core - gomp - pthread - m - dl] (install_repos.py:38) (torch___torch7)
09/12/2024 05:43:39 PM logger_torch___torch7 DEBUG --   Library mkl_gf: not found (install_repos.py:38) (torch___torch7)
09/12/2024 05:43:39 PM logger_torch___torch7 DEBUG -- Checking for [mkl_gf - mkl_intel_thread - mkl_core - gomp - pthread - m - dl] (install_repos.py:38) (torch___torch7)
09/12/2024 05:43:39 PM logger_torch___torch7 DEBUG --   Library mkl_gf: not found (install_repos.py:38) (torch___torch7)
09/12/2024 05:43:39 PM logger_torch___torch7 DEBUG -- Checking for [mkl_intel_lp64 - mkl_gnu_thread - mkl_core - gomp - pthread - m - dl] (install_repos.py:38) (torch___torch7)
09/12/2024 05:43:39 PM logger_torch___torch7 DEBUG --   Library mkl_intel_lp64: not found (install_repos.py:38) (torch___torch7)
09/12/2024 05:43:39 PM logger_torch___torch7 DEBUG -- Checking for [mkl_intel_lp64 - mkl_intel_thread - mkl_core - gomp - pthread - m - dl] (install_repos.py:38) (torch___torch7)
09/12/2024 05:43:39 PM logger_torch___torch7 DEBUG --   Library mkl_intel_lp64: not found (install_repos.py:38) (torch___torch7)
09/12/2024 05:43:39 PM logger_torch___torch7 DEBUG -- Checking for [mkl_intel - mkl_gnu_thread - mkl_core - gomp - pthread - m - dl] (install_repos.py:38) (torch___torch7)
09/12/2024 05:43:39 PM logger_torch___torch7 DEBUG --   Library mkl_intel: not found (install_repos.py:38) (torch___torch7)
09/12/2024 05:43:39 PM logger_torch___torch7 DEBUG -- Checking for [mkl_intel - mkl_intel_thread - mkl_core - gomp - pthread - m - dl] (install_repos.py:38) (torch___torch7)
09/12/2024 05:43:39 PM logger_torch___torch7 DEBUG --   Library mkl_intel: not found (install_repos.py:38) (torch___torch7)
09/12/2024 05:43:39 PM logger_torch___torch7 DEBUG -- Checking for [mkl_gf_lp64 - mkl_gnu_thread - mkl_core - iomp5 - pthread - m - dl] (install_repos.py:38) (torch___torch7)
09/12/2024 05:43:39 PM logger_torch___torch7 DEBUG --   Library mkl_gf_lp64: not found (install_repos.py:38) (torch___torch7)
09/12/2024 05:43:39 PM logger_torch___torch7 DEBUG -- Checking for [mkl_gf_lp64 - mkl_intel_thread - mkl_core - iomp5 - pthread - m - dl] (install_repos.py:38) (torch___torch7)
09/12/2024 05:43:39 PM logger_torch___torch7 DEBUG --   Library mkl_gf_lp64: not found (install_repos.py:38) (torch___torch7)
09/12/2024 05:43:39 PM logger_torch___torch7 DEBUG -- Checking for [mkl_gf - mkl_gnu_thread - mkl_core - iomp5 - pthread - m - dl] (install_repos.py:38) (torch___torch7)
09/12/2024 05:43:39 PM logger_torch___torch7 DEBUG --   Library mkl_gf: not found (install_repos.py:38) (torch___torch7)
09/12/2024 05:43:39 PM logger_torch___torch7 DEBUG -- Checking for [mkl_gf - mkl_intel_thread - mkl_core - iomp5 - pthread - m - dl] (install_repos.py:38) (torch___torch7)
09/12/2024 05:43:39 PM logger_torch___torch7 DEBUG --   Library mkl_gf: not found (install_repos.py:38) (torch___torch7)
09/12/2024 05:43:39 PM logger_torch___torch7 DEBUG -- Checking for [mkl_intel_lp64 - mkl_gnu_thread - mkl_core - iomp5 - pthread - m - dl] (install_repos.py:38) (torch___torch7)
09/12/2024 05:43:39 PM logger_torch___torch7 DEBUG --   Library mkl_intel_lp64: not found (install_repos.py:38) (torch___torch7)
09/12/2024 05:43:39 PM logger_torch___torch7 DEBUG -- Checking for [mkl_intel_lp64 - mkl_intel_thread - mkl_core - iomp5 - pthread - m - dl] (install_repos.py:38) (torch___torch7)
09/12/2024 05:43:39 PM logger_torch___torch7 DEBUG --   Library mkl_intel_lp64: not found (install_repos.py:38) (torch___torch7)
09/12/2024 05:43:39 PM logger_torch___torch7 DEBUG -- Checking for [mkl_intel - mkl_gnu_thread - mkl_core - iomp5 - pthread - m - dl] (install_repos.py:38) (torch___torch7)
09/12/2024 05:43:39 PM logger_torch___torch7 DEBUG --   Library mkl_intel: not found (install_repos.py:38) (torch___torch7)
09/12/2024 05:43:39 PM logger_torch___torch7 DEBUG -- Checking for [mkl_intel - mkl_intel_thread - mkl_core - iomp5 - pthread - m - dl] (install_repos.py:38) (torch___torch7)
09/12/2024 05:43:39 PM logger_torch___torch7 DEBUG --   Library mkl_intel: not found (install_repos.py:38) (torch___torch7)
09/12/2024 05:43:39 PM logger_torch___torch7 DEBUG -- Checking for [mkl_gf_lp64 - mkl_gnu_thread - mkl_core - pthread - m - dl] (install_repos.py:38) (torch___torch7)
09/12/2024 05:43:39 PM logger_torch___torch7 DEBUG --   Library mkl_gf_lp64: not found (install_repos.py:38) (torch___torch7)
09/12/2024 05:43:39 PM logger_torch___torch7 DEBUG -- Checking for [mkl_gf_lp64 - mkl_intel_thread - mkl_core - pthread - m - dl] (install_repos.py:38) (torch___torch7)
09/12/2024 05:43:39 PM logger_torch___torch7 DEBUG --   Library mkl_gf_lp64: not found (install_repos.py:38) (torch___torch7)
09/12/2024 05:43:39 PM logger_torch___torch7 DEBUG -- Checking for [mkl_gf - mkl_gnu_thread - mkl_core - pthread - m - dl] (install_repos.py:38) (torch___torch7)
09/12/2024 05:43:39 PM logger_torch___torch7 DEBUG --   Library mkl_gf: not found (install_repos.py:38) (torch___torch7)
09/12/2024 05:43:39 PM logger_torch___torch7 DEBUG -- Checking for [mkl_gf - mkl_intel_thread - mkl_core - pthread - m - dl] (install_repos.py:38) (torch___torch7)
09/12/2024 05:43:39 PM logger_torch___torch7 DEBUG --   Library mkl_gf: not found (install_repos.py:38) (torch___torch7)
09/12/2024 05:43:39 PM logger_torch___torch7 DEBUG -- Checking for [mkl_intel_lp64 - mkl_gnu_thread - mkl_core - pthread - m - dl] (install_repos.py:38) (torch___torch7)
09/12/2024 05:43:39 PM logger_torch___torch7 DEBUG --   Library mkl_intel_lp64: not found (install_repos.py:38) (torch___torch7)
09/12/2024 05:43:39 PM logger_torch___torch7 DEBUG -- Checking for [mkl_intel_lp64 - mkl_intel_thread - mkl_core - pthread - m - dl] (install_repos.py:38) (torch___torch7)
09/12/2024 05:43:39 PM logger_torch___torch7 DEBUG --   Library mkl_intel_lp64: not found (install_repos.py:38) (torch___torch7)
09/12/2024 05:43:39 PM logger_torch___torch7 DEBUG -- Checking for [mkl_intel - mkl_gnu_thread - mkl_core - pthread - m - dl] (install_repos.py:38) (torch___torch7)
09/12/2024 05:43:39 PM logger_torch___torch7 DEBUG --   Library mkl_intel: not found (install_repos.py:38) (torch___torch7)
09/12/2024 05:43:39 PM logger_torch___torch7 DEBUG -- Checking for [mkl_intel - mkl_intel_thread - mkl_core - pthread - m - dl] (install_repos.py:38) (torch___torch7)
09/12/2024 05:43:39 PM logger_torch___torch7 DEBUG --   Library mkl_intel: not found (install_repos.py:38) (torch___torch7)
09/12/2024 05:43:39 PM logger_torch___torch7 DEBUG -- Checking for [mkl_gf_lp64 - mkl_sequential - mkl_core - m - dl] (install_repos.py:38) (torch___torch7)
09/12/2024 05:43:39 PM logger_torch___torch7 DEBUG --   Library mkl_gf_lp64: not found (install_repos.py:38) (torch___torch7)
09/12/2024 05:43:39 PM logger_torch___torch7 DEBUG -- Checking for [mkl_gf - mkl_sequential - mkl_core - m - dl] (install_repos.py:38) (torch___torch7)
09/12/2024 05:43:39 PM logger_torch___torch7 DEBUG --   Library mkl_gf: not found (install_repos.py:38) (torch___torch7)
09/12/2024 05:43:39 PM logger_torch___torch7 DEBUG -- Checking for [mkl_intel_lp64 - mkl_sequential - mkl_core - m - dl] (install_repos.py:38) (torch___torch7)
09/12/2024 05:43:39 PM logger_torch___torch7 DEBUG --   Library mkl_intel_lp64: not found (install_repos.py:38) (torch___torch7)
09/12/2024 05:43:39 PM logger_torch___torch7 DEBUG -- Checking for [mkl_intel - mkl_sequential - mkl_core - m - dl] (install_repos.py:38) (torch___torch7)
09/12/2024 05:43:39 PM logger_torch___torch7 DEBUG --   Library mkl_intel: not found (install_repos.py:38) (torch___torch7)
09/12/2024 05:43:39 PM logger_torch___torch7 DEBUG -- Checking for [mkl_gf_lp64 - mkl_sequential - mkl_core - m - dl] (install_repos.py:38) (torch___torch7)
09/12/2024 05:43:39 PM logger_torch___torch7 DEBUG --   Library mkl_gf_lp64: not found (install_repos.py:38) (torch___torch7)
09/12/2024 05:43:39 PM logger_torch___torch7 DEBUG -- Checking for [mkl_gf - mkl_sequential - mkl_core - m - dl] (install_repos.py:38) (torch___torch7)
09/12/2024 05:43:39 PM logger_torch___torch7 DEBUG --   Library mkl_gf: not found (install_repos.py:38) (torch___torch7)
09/12/2024 05:43:39 PM logger_torch___torch7 DEBUG -- Checking for [mkl_intel_lp64 - mkl_sequential - mkl_core - m - dl] (install_repos.py:38) (torch___torch7)
09/12/2024 05:43:39 PM logger_torch___torch7 DEBUG --   Library mkl_intel_lp64: not found (install_repos.py:38) (torch___torch7)
09/12/2024 05:43:39 PM logger_torch___torch7 DEBUG -- Checking for [mkl_intel - mkl_sequential - mkl_core - m - dl] (install_repos.py:38) (torch___torch7)
09/12/2024 05:43:39 PM logger_torch___torch7 DEBUG --   Library mkl_intel: not found (install_repos.py:38) (torch___torch7)
09/12/2024 05:43:39 PM logger_torch___torch7 DEBUG -- Checking for [mkl_gf_lp64 - mkl_sequential - mkl_core - m - dl] (install_repos.py:38) (torch___torch7)
09/12/2024 05:43:39 PM logger_torch___torch7 DEBUG --   Library mkl_gf_lp64: not found (install_repos.py:38) (torch___torch7)
09/12/2024 05:43:39 PM logger_torch___torch7 DEBUG -- Checking for [mkl_gf - mkl_sequential - mkl_core - m - dl] (install_repos.py:38) (torch___torch7)
09/12/2024 05:43:39 PM logger_torch___torch7 DEBUG --   Library mkl_gf: not found (install_repos.py:38) (torch___torch7)
09/12/2024 05:43:39 PM logger_torch___torch7 DEBUG -- Checking for [mkl_intel_lp64 - mkl_sequential - mkl_core - m - dl] (install_repos.py:38) (torch___torch7)
09/12/2024 05:43:39 PM logger_torch___torch7 DEBUG --   Library mkl_intel_lp64: not found (install_repos.py:38) (torch___torch7)
09/12/2024 05:43:39 PM logger_torch___torch7 DEBUG -- Checking for [mkl_intel - mkl_sequential - mkl_core - m - dl] (install_repos.py:38) (torch___torch7)
09/12/2024 05:43:39 PM logger_torch___torch7 DEBUG --   Library mkl_intel: not found (install_repos.py:38) (torch___torch7)
09/12/2024 05:43:39 PM logger_torch___torch7 DEBUG -- Checking for [mkl_gf_lp64 - mkl_gnu_thread - mkl_core - gomp - pthread - m - dl] (install_repos.py:38) (torch___torch7)
09/12/2024 05:43:39 PM logger_torch___torch7 DEBUG --   Library mkl_gf_lp64: not found (install_repos.py:38) (torch___torch7)
09/12/2024 05:43:39 PM logger_torch___torch7 DEBUG -- Checking for [mkl_gf_lp64 - mkl_intel_thread - mkl_core - gomp - pthread - m - dl] (install_repos.py:38) (torch___torch7)
09/12/2024 05:43:39 PM logger_torch___torch7 DEBUG --   Library mkl_gf_lp64: not found (install_repos.py:38) (torch___torch7)
09/12/2024 05:43:39 PM logger_torch___torch7 DEBUG -- Checking for [mkl_gf - mkl_gnu_thread - mkl_core - gomp - pthread - m - dl] (install_repos.py:38) (torch___torch7)
09/12/2024 05:43:39 PM logger_torch___torch7 DEBUG --   Library mkl_gf: not found (install_repos.py:38) (torch___torch7)
09/12/2024 05:43:39 PM logger_torch___torch7 DEBUG -- Checking for [mkl_gf - mkl_intel_thread - mkl_core - gomp - pthread - m - dl] (install_repos.py:38) (torch___torch7)
09/12/2024 05:43:39 PM logger_torch___torch7 DEBUG --   Library mkl_gf: not found (install_repos.py:38) (torch___torch7)
09/12/2024 05:43:39 PM logger_torch___torch7 DEBUG -- Checking for [mkl_intel_lp64 - mkl_gnu_thread - mkl_core - gomp - pthread - m - dl] (install_repos.py:38) (torch___torch7)
09/12/2024 05:43:39 PM logger_torch___torch7 DEBUG --   Library mkl_intel_lp64: not found (install_repos.py:38) (torch___torch7)
09/12/2024 05:43:39 PM logger_torch___torch7 DEBUG -- Checking for [mkl_intel_lp64 - mkl_intel_thread - mkl_core - gomp - pthread - m - dl] (install_repos.py:38) (torch___torch7)
09/12/2024 05:43:39 PM logger_torch___torch7 DEBUG --   Library mkl_intel_lp64: not found (install_repos.py:38) (torch___torch7)
09/12/2024 05:43:39 PM logger_torch___torch7 DEBUG -- Checking for [mkl_intel - mkl_gnu_thread - mkl_core - gomp - pthread - m - dl] (install_repos.py:38) (torch___torch7)
09/12/2024 05:43:39 PM logger_torch___torch7 DEBUG --   Library mkl_intel: not found (install_repos.py:38) (torch___torch7)
09/12/2024 05:43:39 PM logger_torch___torch7 DEBUG -- Checking for [mkl_intel - mkl_intel_thread - mkl_core - gomp - pthread - m - dl] (install_repos.py:38) (torch___torch7)
09/12/2024 05:43:39 PM logger_torch___torch7 DEBUG --   Library mkl_intel: not found (install_repos.py:38) (torch___torch7)
09/12/2024 05:43:39 PM logger_torch___torch7 DEBUG -- Checking for [mkl_gf_lp64 - mkl_gnu_thread - mkl_core - iomp5 - pthread - m - dl] (install_repos.py:38) (torch___torch7)
09/12/2024 05:43:39 PM logger_torch___torch7 DEBUG --   Library mkl_gf_lp64: not found (install_repos.py:38) (torch___torch7)
09/12/2024 05:43:39 PM logger_torch___torch7 DEBUG -- Checking for [mkl_gf_lp64 - mkl_intel_thread - mkl_core - iomp5 - pthread - m - dl] (install_repos.py:38) (torch___torch7)
09/12/2024 05:43:39 PM logger_torch___torch7 DEBUG --   Library mkl_gf_lp64: not found (install_repos.py:38) (torch___torch7)
09/12/2024 05:43:39 PM logger_torch___torch7 DEBUG -- Checking for [mkl_gf - mkl_gnu_thread - mkl_core - iomp5 - pthread - m - dl] (install_repos.py:38) (torch___torch7)
09/12/2024 05:43:39 PM logger_torch___torch7 DEBUG --   Library mkl_gf: not found (install_repos.py:38) (torch___torch7)
09/12/2024 05:43:39 PM logger_torch___torch7 DEBUG -- Checking for [mkl_gf - mkl_intel_thread - mkl_core - iomp5 - pthread - m - dl] (install_repos.py:38) (torch___torch7)
09/12/2024 05:43:39 PM logger_torch___torch7 DEBUG --   Library mkl_gf: not found (install_repos.py:38) (torch___torch7)
09/12/2024 05:43:39 PM logger_torch___torch7 DEBUG -- Checking for [mkl_intel_lp64 - mkl_gnu_thread - mkl_core - iomp5 - pthread - m - dl] (install_repos.py:38) (torch___torch7)
09/12/2024 05:43:39 PM logger_torch___torch7 DEBUG --   Library mkl_intel_lp64: not found (install_repos.py:38) (torch___torch7)
09/12/2024 05:43:39 PM logger_torch___torch7 DEBUG -- Checking for [mkl_intel_lp64 - mkl_intel_thread - mkl_core - iomp5 - pthread - m - dl] (install_repos.py:38) (torch___torch7)
09/12/2024 05:43:39 PM logger_torch___torch7 DEBUG --   Library mkl_intel_lp64: not found (install_repos.py:38) (torch___torch7)
09/12/2024 05:43:39 PM logger_torch___torch7 DEBUG -- Checking for [mkl_intel - mkl_gnu_thread - mkl_core - iomp5 - pthread - m - dl] (install_repos.py:38) (torch___torch7)
09/12/2024 05:43:39 PM logger_torch___torch7 DEBUG --   Library mkl_intel: not found (install_repos.py:38) (torch___torch7)
09/12/2024 05:43:39 PM logger_torch___torch7 DEBUG -- Checking for [mkl_intel - mkl_intel_thread - mkl_core - iomp5 - pthread - m - dl] (install_repos.py:38) (torch___torch7)
09/12/2024 05:43:39 PM logger_torch___torch7 DEBUG --   Library mkl_intel: not found (install_repos.py:38) (torch___torch7)
09/12/2024 05:43:39 PM logger_torch___torch7 DEBUG -- Checking for [mkl_gf_lp64 - mkl_gnu_thread - mkl_core - pthread - m - dl] (install_repos.py:38) (torch___torch7)
09/12/2024 05:43:39 PM logger_torch___torch7 DEBUG --   Library mkl_gf_lp64: not found (install_repos.py:38) (torch___torch7)
09/12/2024 05:43:39 PM logger_torch___torch7 DEBUG -- Checking for [mkl_gf_lp64 - mkl_intel_thread - mkl_core - pthread - m - dl] (install_repos.py:38) (torch___torch7)
09/12/2024 05:43:39 PM logger_torch___torch7 DEBUG --   Library mkl_gf_lp64: not found (install_repos.py:38) (torch___torch7)
09/12/2024 05:43:39 PM logger_torch___torch7 DEBUG -- Checking for [mkl_gf - mkl_gnu_thread - mkl_core - pthread - m - dl] (install_repos.py:38) (torch___torch7)
09/12/2024 05:43:39 PM logger_torch___torch7 DEBUG --   Library mkl_gf: not found (install_repos.py:38) (torch___torch7)
09/12/2024 05:43:39 PM logger_torch___torch7 DEBUG -- Checking for [mkl_gf - mkl_intel_thread - mkl_core - pthread - m - dl] (install_repos.py:38) (torch___torch7)
09/12/2024 05:43:39 PM logger_torch___torch7 DEBUG --   Library mkl_gf: not found (install_repos.py:38) (torch___torch7)
09/12/2024 05:43:39 PM logger_torch___torch7 DEBUG -- Checking for [mkl_intel_lp64 - mkl_gnu_thread - mkl_core - pthread - m - dl] (install_repos.py:38) (torch___torch7)
09/12/2024 05:43:39 PM logger_torch___torch7 DEBUG --   Library mkl_intel_lp64: not found (install_repos.py:38) (torch___torch7)
09/12/2024 05:43:39 PM logger_torch___torch7 DEBUG -- Checking for [mkl_intel_lp64 - mkl_intel_thread - mkl_core - pthread - m - dl] (install_repos.py:38) (torch___torch7)
09/12/2024 05:43:39 PM logger_torch___torch7 DEBUG --   Library mkl_intel_lp64: not found (install_repos.py:38) (torch___torch7)
09/12/2024 05:43:39 PM logger_torch___torch7 DEBUG -- Checking for [mkl_intel - mkl_gnu_thread - mkl_core - pthread - m - dl] (install_repos.py:38) (torch___torch7)
09/12/2024 05:43:39 PM logger_torch___torch7 DEBUG --   Library mkl_intel: not found (install_repos.py:38) (torch___torch7)
09/12/2024 05:43:39 PM logger_torch___torch7 DEBUG -- Checking for [mkl_intel - mkl_intel_thread - mkl_core - pthread - m - dl] (install_repos.py:38) (torch___torch7)
09/12/2024 05:43:39 PM logger_torch___torch7 DEBUG --   Library mkl_intel: not found (install_repos.py:38) (torch___torch7)
09/12/2024 05:43:39 PM logger_torch___torch7 DEBUG -- Checking for [mkl - guide - pthread - m] (install_repos.py:38) (torch___torch7)
09/12/2024 05:43:39 PM logger_torch___torch7 DEBUG --   Library mkl: not found (install_repos.py:38) (torch___torch7)
09/12/2024 05:43:39 PM logger_torch___torch7 DEBUG -- MKL library not found (install_repos.py:38) (torch___torch7)
09/12/2024 05:43:39 PM logger_torch___torch7 DEBUG -- Checking for [openblas] (install_repos.py:38) (torch___torch7)
09/12/2024 05:43:39 PM logger_torch___torch7 DEBUG --   Library openblas: BLAS_openblas_LIBRARY-NOTFOUND (install_repos.py:38) (torch___torch7)
09/12/2024 05:43:39 PM logger_torch___torch7 DEBUG -- Checking for [openblas - pthread] (install_repos.py:38) (torch___torch7)
09/12/2024 05:43:39 PM logger_torch___torch7 DEBUG --   Library openblas: BLAS_openblas_LIBRARY-NOTFOUND (install_repos.py:38) (torch___torch7)
09/12/2024 05:43:39 PM logger_torch___torch7 DEBUG -- Checking for [goto2 - gfortran] (install_repos.py:38) (torch___torch7)
09/12/2024 05:43:39 PM logger_torch___torch7 DEBUG --   Library goto2: BLAS_goto2_LIBRARY-NOTFOUND (install_repos.py:38) (torch___torch7)
09/12/2024 05:43:39 PM logger_torch___torch7 DEBUG -- Checking for [goto2 - gfortran - pthread] (install_repos.py:38) (torch___torch7)
09/12/2024 05:43:39 PM logger_torch___torch7 DEBUG --   Library goto2: BLAS_goto2_LIBRARY-NOTFOUND (install_repos.py:38) (torch___torch7)
09/12/2024 05:43:39 PM logger_torch___torch7 DEBUG -- Checking for [acml - gfortran] (install_repos.py:38) (torch___torch7)
09/12/2024 05:43:39 PM logger_torch___torch7 DEBUG --   Library acml: BLAS_acml_LIBRARY-NOTFOUND (install_repos.py:38) (torch___torch7)
09/12/2024 05:43:39 PM logger_torch___torch7 DEBUG -- Checking for [Accelerate] (install_repos.py:38) (torch___torch7)
09/12/2024 05:43:39 PM logger_torch___torch7 DEBUG --   Library Accelerate: BLAS_Accelerate_LIBRARY-NOTFOUND (install_repos.py:38) (torch___torch7)
09/12/2024 05:43:39 PM logger_torch___torch7 DEBUG -- Checking for [vecLib] (install_repos.py:38) (torch___torch7)
09/12/2024 05:43:39 PM logger_torch___torch7 DEBUG --   Library vecLib: BLAS_vecLib_LIBRARY-NOTFOUND (install_repos.py:38) (torch___torch7)
09/12/2024 05:43:39 PM logger_torch___torch7 DEBUG -- Checking for [ptf77blas - atlas - gfortran] (install_repos.py:38) (torch___torch7)
09/12/2024 05:43:39 PM logger_torch___torch7 DEBUG --   Library ptf77blas: BLAS_ptf77blas_LIBRARY-NOTFOUND (install_repos.py:38) (torch___torch7)
09/12/2024 05:43:39 PM logger_torch___torch7 DEBUG -- Checking for [blas] (install_repos.py:38) (torch___torch7)
09/12/2024 05:43:39 PM logger_torch___torch7 DEBUG --   Library blas: BLAS_blas_LIBRARY-NOTFOUND (install_repos.py:38) (torch___torch7)
09/12/2024 05:43:39 PM logger_torch___torch7 DEBUG -- Cannot find a library with BLAS API. Not using BLAS. (install_repos.py:38) (torch___torch7)
09/12/2024 05:43:39 PM logger_torch___torch7 DEBUG -- LAPACK requires BLAS (install_repos.py:38) (torch___torch7)
09/12/2024 05:43:39 PM logger_torch___torch7 DEBUG -- Cannot find a library with LAPACK API. Not using LAPACK. (install_repos.py:38) (torch___torch7)
09/12/2024 05:43:39 PM logger_torch___torch7 DEBUG -- Looking for clock_gettime in rt (install_repos.py:38) (torch___torch7)
09/12/2024 05:43:39 PM logger_torch___torch7 DEBUG -- Looking for clock_gettime in rt - found (install_repos.py:38) (torch___torch7)
09/12/2024 05:43:39 PM logger_torch___torch7 DEBUG -- Looking for mmap (install_repos.py:38) (torch___torch7)
09/12/2024 05:43:39 PM logger_torch___torch7 DEBUG -- Looking for mmap - found (install_repos.py:38) (torch___torch7)
09/12/2024 05:43:39 PM logger_torch___torch7 DEBUG -- Looking for shm_open (install_repos.py:38) (torch___torch7)
09/12/2024 05:43:39 PM logger_torch___torch7 DEBUG -- Looking for shm_open - found (install_repos.py:38) (torch___torch7)
09/12/2024 05:43:39 PM logger_torch___torch7 DEBUG -- Looking for shm_unlink (install_repos.py:38) (torch___torch7)
09/12/2024 05:43:39 PM logger_torch___torch7 DEBUG -- Looking for shm_unlink - found (install_repos.py:38) (torch___torch7)
09/12/2024 05:43:39 PM logger_torch___torch7 DEBUG -- Looking for malloc_usable_size (install_repos.py:38) (torch___torch7)
09/12/2024 05:43:39 PM logger_torch___torch7 DEBUG -- Looking for malloc_usable_size - found (install_repos.py:38) (torch___torch7)
09/12/2024 05:43:39 PM logger_torch___torch7 DEBUG -- Performing Test C_HAS_THREAD (install_repos.py:38) (torch___torch7)
09/12/2024 05:43:39 PM logger_torch___torch7 DEBUG -- Performing Test C_HAS_THREAD - Success (install_repos.py:38) (torch___torch7)
09/12/2024 05:43:39 PM logger_torch___torch7 DEBUG CMake Deprecation Warning at lib/luaT/CMakeLists.txt:3 (CMAKE_POLICY): (install_repos.py:38) (torch___torch7)
09/12/2024 05:43:39 PM logger_torch___torch7 DEBUG The OLD behavior for policy CMP0026 will be removed from a future version (install_repos.py:38) (torch___torch7)
09/12/2024 05:43:39 PM logger_torch___torch7 DEBUG of CMake. (install_repos.py:38) (torch___torch7)
09/12/2024 05:43:39 PM logger_torch___torch7 DEBUG  (install_repos.py:38) (torch___torch7)
09/12/2024 05:43:39 PM logger_torch___torch7 DEBUG The cmake-policies(7) manual explains that the OLD behaviors of all (install_repos.py:38) (torch___torch7)
09/12/2024 05:43:39 PM logger_torch___torch7 DEBUG policies are deprecated and that a policy should be set to OLD only under (install_repos.py:38) (torch___torch7)
09/12/2024 05:43:39 PM logger_torch___torch7 DEBUG specific short-term circumstances.  Projects should be ported to the NEW (install_repos.py:38) (torch___torch7)
09/12/2024 05:43:39 PM logger_torch___torch7 DEBUG behavior and not rely on setting a policy to OLD. (install_repos.py:38) (torch___torch7)
09/12/2024 05:43:39 PM logger_torch___torch7 DEBUG  (install_repos.py:38) (torch___torch7)
09/12/2024 05:43:39 PM logger_torch___torch7 DEBUG  (install_repos.py:38) (torch___torch7)
09/12/2024 05:43:39 PM logger_torch___torch7 DEBUG -- Configuring done (install_repos.py:38) (torch___torch7)
09/12/2024 05:43:39 PM logger_torch___torch7 DEBUG CMake Warning (dev) at lib/TH/CMakeLists.txt:38 (ADD_LIBRARY): (install_repos.py:38) (torch___torch7)
09/12/2024 05:43:39 PM logger_torch___torch7 DEBUG Policy CMP0115 is not set: Source file extensions must be explicit.  Run (install_repos.py:38) (torch___torch7)
09/12/2024 05:43:39 PM logger_torch___torch7 DEBUG "cmake --help-policy CMP0115" for policy details.  Use the cmake_policy (install_repos.py:38) (torch___torch7)
09/12/2024 05:43:39 PM logger_torch___torch7 DEBUG command to set the policy and suppress this warning. (install_repos.py:38) (torch___torch7)
09/12/2024 05:43:39 PM logger_torch___torch7 DEBUG  (install_repos.py:38) (torch___torch7)
09/12/2024 05:43:39 PM logger_torch___torch7 DEBUG File: (install_repos.py:38) (torch___torch7)
09/12/2024 05:43:39 PM logger_torch___torch7 DEBUG  (install_repos.py:38) (torch___torch7)
09/12/2024 05:43:39 PM logger_torch___torch7 DEBUG /INSTALL_C/repos/repos_400_c_round_two/torch___torch7/lib/TH/THGeneral.h.in (install_repos.py:38) (torch___torch7)
09/12/2024 05:43:39 PM logger_torch___torch7 DEBUG Call Stack (most recent call first): (install_repos.py:38) (torch___torch7)
09/12/2024 05:43:39 PM logger_torch___torch7 DEBUG lib/TH/CMakeLists.txt:266 (ADD_TORCH_LIBRARY) (install_repos.py:38) (torch___torch7)
09/12/2024 05:43:39 PM logger_torch___torch7 DEBUG This warning is for project developers.  Use -Wno-dev to suppress it. (install_repos.py:38) (torch___torch7)
09/12/2024 05:43:39 PM logger_torch___torch7 DEBUG  (install_repos.py:38) (torch___torch7)
09/12/2024 05:43:39 PM logger_torch___torch7 DEBUG -- Generating done (install_repos.py:38) (torch___torch7)
09/12/2024 05:43:39 PM logger_torch___torch7 DEBUG -- Build files have been written to: /INSTALL_C/repos/repos_400_c_round_two/torch___torch7/build (install_repos.py:38) (torch___torch7)
09/12/2024 05:43:39 PM logger_torch___torch7 INFO Running command: cmake --build . (install_repos.py:20) (torch___torch7)
09/12/2024 05:43:39 PM logger_torch___torch7 INFO Logging output to: logs/repos/repos_400_c_round_two_install_logs_with_make_cmake_gradlew_meson_scons_bazel_2024-09-12_17-35-05/build_build.log (install_repos.py:21) (torch___torch7)
09/12/2024 05:43:39 PM logger_torch___torch7 DEBUG [  2%] Building C object lib/TH/CMakeFiles/TH.dir/THGeneral.c.o (install_repos.py:38) (torch___torch7)
09/12/2024 05:43:39 PM logger_torch___torch7 DEBUG [  5%] Building C object lib/TH/CMakeFiles/TH.dir/THHalf.c.o (install_repos.py:38) (torch___torch7)
09/12/2024 05:43:39 PM logger_torch___torch7 DEBUG [  7%] Building C object lib/TH/CMakeFiles/TH.dir/THAllocator.c.o (install_repos.py:38) (torch___torch7)
09/12/2024 05:43:40 PM logger_torch___torch7 DEBUG [ 10%] Building C object lib/TH/CMakeFiles/TH.dir/THSize.c.o (install_repos.py:38) (torch___torch7)
09/12/2024 05:43:40 PM logger_torch___torch7 DEBUG [ 12%] Building C object lib/TH/CMakeFiles/TH.dir/THStorage.c.o (install_repos.py:38) (torch___torch7)
09/12/2024 05:43:40 PM logger_torch___torch7 DEBUG [ 15%] Building C object lib/TH/CMakeFiles/TH.dir/THTensor.c.o (install_repos.py:38) (torch___torch7)
09/12/2024 05:43:54 PM logger_torch___torch7 DEBUG [ 17%] Building C object lib/TH/CMakeFiles/TH.dir/THBlas.c.o (install_repos.py:38) (torch___torch7)
09/12/2024 05:43:55 PM logger_torch___torch7 DEBUG [ 20%] Building C object lib/TH/CMakeFiles/TH.dir/THLapack.c.o (install_repos.py:38) (torch___torch7)
09/12/2024 05:43:55 PM logger_torch___torch7 DEBUG [ 23%] Building C object lib/TH/CMakeFiles/TH.dir/THLogAdd.c.o (install_repos.py:38) (torch___torch7)
09/12/2024 05:43:55 PM logger_torch___torch7 DEBUG [ 25%] Building C object lib/TH/CMakeFiles/TH.dir/THRandom.c.o (install_repos.py:38) (torch___torch7)
09/12/2024 05:43:55 PM logger_torch___torch7 DEBUG [ 28%] Building C object lib/TH/CMakeFiles/TH.dir/THFile.c.o (install_repos.py:38) (torch___torch7)
09/12/2024 05:43:55 PM logger_torch___torch7 DEBUG [ 30%] Building C object lib/TH/CMakeFiles/TH.dir/THDiskFile.c.o (install_repos.py:38) (torch___torch7)
09/12/2024 05:43:55 PM logger_torch___torch7 DEBUG [ 33%] Building C object lib/TH/CMakeFiles/TH.dir/THMemoryFile.c.o (install_repos.py:38) (torch___torch7)
09/12/2024 05:43:55 PM logger_torch___torch7 DEBUG [ 35%] Building C object lib/TH/CMakeFiles/TH.dir/THAtomic.c.o (install_repos.py:38) (torch___torch7)
09/12/2024 05:43:55 PM logger_torch___torch7 DEBUG [ 38%] Building C object lib/TH/CMakeFiles/TH.dir/THVector.c.o (install_repos.py:38) (torch___torch7)
09/12/2024 05:43:56 PM logger_torch___torch7 DEBUG [ 41%] Building C object lib/TH/CMakeFiles/TH.dir/generic/simd/convolve.c.o (install_repos.py:38) (torch___torch7)
09/12/2024 05:43:56 PM logger_torch___torch7 DEBUG [ 43%] Building C object lib/TH/CMakeFiles/TH.dir/generic/simd/convolve5x5_sse.c.o (install_repos.py:38) (torch___torch7)
09/12/2024 05:43:56 PM logger_torch___torch7 DEBUG [ 46%] Building C object lib/TH/CMakeFiles/TH.dir/vector/AVX.c.o (install_repos.py:38) (torch___torch7)
09/12/2024 05:43:57 PM logger_torch___torch7 DEBUG [ 48%] Building C object lib/TH/CMakeFiles/TH.dir/generic/simd/convolve5x5_avx.c.o (install_repos.py:38) (torch___torch7)
09/12/2024 05:43:59 PM logger_torch___torch7 DEBUG [ 51%] Building C object lib/TH/CMakeFiles/TH.dir/vector/AVX2.c.o (install_repos.py:38) (torch___torch7)
09/12/2024 05:44:00 PM logger_torch___torch7 DEBUG [ 53%] Linking C shared library libTH.so (install_repos.py:38) (torch___torch7)
09/12/2024 05:44:00 PM logger_torch___torch7 DEBUG [ 53%] Built target TH (install_repos.py:38) (torch___torch7)
09/12/2024 05:44:00 PM logger_torch___torch7 DEBUG [ 56%] Building C object lib/luaT/CMakeFiles/luaT.dir/luaT.c.o (install_repos.py:38) (torch___torch7)
09/12/2024 05:44:00 PM logger_torch___torch7 DEBUG In file included from /INSTALL_C/repos/repos_400_c_round_two/torch___torch7/lib/luaT/luaT.c:5: (install_repos.py:38) (torch___torch7)
09/12/2024 05:44:00 PM logger_torch___torch7 DEBUG /INSTALL_C/repos/repos_400_c_round_two/torch___torch7/lib/luaT/luaT.h:7:10: fatal error: lua.h: No such file or directory (install_repos.py:38) (torch___torch7)
09/12/2024 05:44:00 PM logger_torch___torch7 DEBUG 7 | #include <lua.h> (install_repos.py:38) (torch___torch7)
09/12/2024 05:44:00 PM logger_torch___torch7 DEBUG |          ^~~~~~~ (install_repos.py:38) (torch___torch7)
09/12/2024 05:44:00 PM logger_torch___torch7 DEBUG compilation terminated. (install_repos.py:38) (torch___torch7)
09/12/2024 05:44:00 PM logger_torch___torch7 DEBUG gmake[2]: *** [lib/luaT/CMakeFiles/luaT.dir/build.make:76: lib/luaT/CMakeFiles/luaT.dir/luaT.c.o] Error 1 (install_repos.py:38) (torch___torch7)
09/12/2024 05:44:00 PM logger_torch___torch7 DEBUG gmake[1]: *** [CMakeFiles/Makefile2:186: lib/luaT/CMakeFiles/luaT.dir/all] Error 2 (install_repos.py:38) (torch___torch7)
09/12/2024 05:44:00 PM logger_torch___torch7 DEBUG gmake: *** [Makefile:136: all] Error 2 (install_repos.py:38) (torch___torch7)
09/12/2024 05:44:00 PM logger_torch___torch7 ERROR Error: Build failed for torch___torch7
Build failed for reason: cmake build failed (install_repos.py:295) (torch___torch7)
