09/12/2024 06:06:33 PM logger_tronkko___dirent INFO <<<<<<<<<<<<<<<<<< Logger setup anew <<<<<<<<<<<<<<<<<<< (utils.py:39) (tronkko___dirent)
09/12/2024 06:06:33 PM logger_tronkko___dirent INFO Analyzing repos/repos_400_c_round_two/tronkko___dirent (install_repos.py:285) (tronkko___dirent)
09/12/2024 06:06:33 PM logger_tronkko___dirent INFO Running command: rm -rf build/ (install_repos.py:20) (tronkko___dirent)
09/12/2024 06:06:33 PM logger_tronkko___dirent INFO Logging output to: logs/repos/repos_400_c_round_two_install_logs_with_make_cmake_gradlew_meson_scons_bazel_2024-09-12_17-35-05/tronkko___dirent_build.log (install_repos.py:21) (tronkko___dirent)
09/12/2024 06:06:33 PM logger_tronkko___dirent INFO Running command: rm -rf CMakeCache.txt (install_repos.py:20) (tronkko___dirent)
09/12/2024 06:06:33 PM logger_tronkko___dirent INFO Logging output to: logs/repos/repos_400_c_round_two_install_logs_with_make_cmake_gradlew_meson_scons_bazel_2024-09-12_17-35-05/tronkko___dirent_build.log (install_repos.py:21) (tronkko___dirent)
09/12/2024 06:06:33 PM logger_tronkko___dirent INFO Running command: rm -rf CMakeFiles/ (install_repos.py:20) (tronkko___dirent)
09/12/2024 06:06:33 PM logger_tronkko___dirent INFO Logging output to: logs/repos/repos_400_c_round_two_install_logs_with_make_cmake_gradlew_meson_scons_bazel_2024-09-12_17-35-05/tronkko___dirent_build.log (install_repos.py:21) (tronkko___dirent)
09/12/2024 06:06:33 PM logger_tronkko___dirent INFO Running CMake (install_repos.py:141) (tronkko___dirent)
09/12/2024 06:06:33 PM logger_tronkko___dirent INFO Running command: cmake .. (install_repos.py:20) (tronkko___dirent)
09/12/2024 06:06:33 PM logger_tronkko___dirent INFO Logging output to: logs/repos/repos_400_c_round_two_install_logs_with_make_cmake_gradlew_meson_scons_bazel_2024-09-12_17-35-05/build_build.log (install_repos.py:21) (tronkko___dirent)
09/12/2024 06:06:33 PM logger_tronkko___dirent DEBUG -- The C compiler identification is GNU 12.2.0 (install_repos.py:38) (tronkko___dirent)
09/12/2024 06:06:33 PM logger_tronkko___dirent DEBUG -- The CXX compiler identification is GNU 12.2.0 (install_repos.py:38) (tronkko___dirent)
09/12/2024 06:06:33 PM logger_tronkko___dirent DEBUG -- Detecting C compiler ABI info (install_repos.py:38) (tronkko___dirent)
09/12/2024 06:06:33 PM logger_tronkko___dirent DEBUG -- Detecting C compiler ABI info - done (install_repos.py:38) (tronkko___dirent)
09/12/2024 06:06:33 PM logger_tronkko___dirent DEBUG -- Check for working C compiler: /usr/bin/cc - skipped (install_repos.py:38) (tronkko___dirent)
09/12/2024 06:06:33 PM logger_tronkko___dirent DEBUG -- Detecting C compile features (install_repos.py:38) (tronkko___dirent)
09/12/2024 06:06:33 PM logger_tronkko___dirent DEBUG -- Detecting C compile features - done (install_repos.py:38) (tronkko___dirent)
09/12/2024 06:06:33 PM logger_tronkko___dirent DEBUG -- Detecting CXX compiler ABI info (install_repos.py:38) (tronkko___dirent)
09/12/2024 06:06:34 PM logger_tronkko___dirent DEBUG -- Detecting CXX compiler ABI info - done (install_repos.py:38) (tronkko___dirent)
09/12/2024 06:06:34 PM logger_tronkko___dirent DEBUG -- Check for working CXX compiler: /usr/bin/c++ - skipped (install_repos.py:38) (tronkko___dirent)
09/12/2024 06:06:34 PM logger_tronkko___dirent DEBUG -- Detecting CXX compile features (install_repos.py:38) (tronkko___dirent)
09/12/2024 06:06:34 PM logger_tronkko___dirent DEBUG -- Detecting CXX compile features - done (install_repos.py:38) (tronkko___dirent)
09/12/2024 06:06:34 PM logger_tronkko___dirent DEBUG -- Build test and example programs: ON (install_repos.py:38) (tronkko___dirent)
09/12/2024 06:06:34 PM logger_tronkko___dirent DEBUG -- Configuring done (install_repos.py:38) (tronkko___dirent)
09/12/2024 06:06:34 PM logger_tronkko___dirent DEBUG -- Generating done (install_repos.py:38) (tronkko___dirent)
09/12/2024 06:06:34 PM logger_tronkko___dirent DEBUG -- Build files have been written to: /INSTALL_C/repos/repos_400_c_round_two/tronkko___dirent/build (install_repos.py:38) (tronkko___dirent)
09/12/2024 06:06:34 PM logger_tronkko___dirent INFO Running command: cmake --build . (install_repos.py:20) (tronkko___dirent)
09/12/2024 06:06:34 PM logger_tronkko___dirent INFO Logging output to: logs/repos/repos_400_c_round_two_install_logs_with_make_cmake_gradlew_meson_scons_bazel_2024-09-12_17-35-05/build_build.log (install_repos.py:21) (tronkko___dirent)
09/12/2024 06:06:34 PM logger_tronkko___dirent DEBUG [  6%] Building C object CMakeFiles/find.dir/examples/find.c.o (install_repos.py:38) (tronkko___dirent)
09/12/2024 06:06:34 PM logger_tronkko___dirent DEBUG [ 12%] Linking C executable find (install_repos.py:38) (tronkko___dirent)
09/12/2024 06:06:34 PM logger_tronkko___dirent DEBUG [ 12%] Built target find (install_repos.py:38) (tronkko___dirent)
09/12/2024 06:06:34 PM logger_tronkko___dirent DEBUG [ 18%] Building C object CMakeFiles/ls.dir/examples/ls.c.o (install_repos.py:38) (tronkko___dirent)
09/12/2024 06:06:34 PM logger_tronkko___dirent DEBUG [ 25%] Linking C executable ls (install_repos.py:38) (tronkko___dirent)
09/12/2024 06:06:34 PM logger_tronkko___dirent DEBUG [ 25%] Built target ls (install_repos.py:38) (tronkko___dirent)
09/12/2024 06:06:34 PM logger_tronkko___dirent DEBUG [ 31%] Building C object CMakeFiles/locate.dir/examples/locate.c.o (install_repos.py:38) (tronkko___dirent)
09/12/2024 06:06:34 PM logger_tronkko___dirent DEBUG [ 37%] Linking C executable locate (install_repos.py:38) (tronkko___dirent)
09/12/2024 06:06:34 PM logger_tronkko___dirent DEBUG [ 37%] Built target locate (install_repos.py:38) (tronkko___dirent)
09/12/2024 06:06:34 PM logger_tronkko___dirent DEBUG [ 43%] Building C object CMakeFiles/updatedb.dir/examples/updatedb.c.o (install_repos.py:38) (tronkko___dirent)
09/12/2024 06:06:34 PM logger_tronkko___dirent DEBUG [ 50%] Linking C executable updatedb (install_repos.py:38) (tronkko___dirent)
09/12/2024 06:06:34 PM logger_tronkko___dirent DEBUG [ 50%] Built target updatedb (install_repos.py:38) (tronkko___dirent)
09/12/2024 06:06:34 PM logger_tronkko___dirent DEBUG [ 56%] Building C object CMakeFiles/scandir.dir/examples/scandir.c.o (install_repos.py:38) (tronkko___dirent)
09/12/2024 06:06:34 PM logger_tronkko___dirent DEBUG [ 62%] Linking C executable scandir (install_repos.py:38) (tronkko___dirent)
09/12/2024 06:06:34 PM logger_tronkko___dirent DEBUG [ 62%] Built target scandir (install_repos.py:38) (tronkko___dirent)
09/12/2024 06:06:34 PM logger_tronkko___dirent DEBUG [ 68%] Building C object CMakeFiles/cat.dir/examples/cat.c.o (install_repos.py:38) (tronkko___dirent)
09/12/2024 06:06:34 PM logger_tronkko___dirent DEBUG [ 75%] Linking C executable cat (install_repos.py:38) (tronkko___dirent)
09/12/2024 06:06:34 PM logger_tronkko___dirent DEBUG [ 75%] Built target cat (install_repos.py:38) (tronkko___dirent)
09/12/2024 06:06:34 PM logger_tronkko___dirent DEBUG [ 81%] Building C object CMakeFiles/dir.dir/examples/dir.c.o (install_repos.py:38) (tronkko___dirent)
09/12/2024 06:06:34 PM logger_tronkko___dirent DEBUG [ 87%] Linking C executable dir (install_repos.py:38) (tronkko___dirent)
09/12/2024 06:06:34 PM logger_tronkko___dirent DEBUG [ 87%] Built target dir (install_repos.py:38) (tronkko___dirent)
09/12/2024 06:06:34 PM logger_tronkko___dirent DEBUG [ 93%] Building C object CMakeFiles/du.dir/examples/du.c.o (install_repos.py:38) (tronkko___dirent)
09/12/2024 06:06:34 PM logger_tronkko___dirent DEBUG [100%] Linking C executable du (install_repos.py:38) (tronkko___dirent)
09/12/2024 06:06:35 PM logger_tronkko___dirent DEBUG [100%] Built target du (install_repos.py:38) (tronkko___dirent)
09/12/2024 06:06:35 PM logger_tronkko___dirent INFO Success: Build succeeded for tronkko___dirent (install_repos.py:292) (tronkko___dirent)
