09/12/2024 06:07:21 PM logger_way-cooler___way-cooler INFO <<<<<<<<<<<<<<<<<< Logger setup anew <<<<<<<<<<<<<<<<<<< (utils.py:39) (way-cooler___way-cooler)
09/12/2024 06:07:21 PM logger_way-cooler___way-cooler INFO Analyzing repos/repos_400_c_round_two/way-cooler___way-cooler (install_repos.py:285) (way-cooler___way-cooler)
09/12/2024 06:07:21 PM logger_way-cooler___way-cooler INFO Running command: rm -rf build/ (install_repos.py:20) (way-cooler___way-cooler)
09/12/2024 06:07:21 PM logger_way-cooler___way-cooler INFO Logging output to: logs/repos/repos_400_c_round_two_install_logs_with_make_cmake_gradlew_meson_scons_bazel_2024-09-12_17-35-05/way-cooler___way-cooler_build.log (install_repos.py:21) (way-cooler___way-cooler)
09/12/2024 06:07:21 PM logger_way-cooler___way-cooler INFO Running Meson build (install_repos.py:202) (way-cooler___way-cooler)
09/12/2024 06:07:21 PM logger_way-cooler___way-cooler INFO Running command: meson .. (install_repos.py:20) (way-cooler___way-cooler)
09/12/2024 06:07:21 PM logger_way-cooler___way-cooler INFO Logging output to: logs/repos/repos_400_c_round_two_install_logs_with_make_cmake_gradlew_meson_scons_bazel_2024-09-12_17-35-05/build_build.log (install_repos.py:21) (way-cooler___way-cooler)
09/12/2024 06:07:22 PM logger_way-cooler___way-cooler DEBUG The Meson build system (install_repos.py:38) (way-cooler___way-cooler)
09/12/2024 06:07:22 PM logger_way-cooler___way-cooler DEBUG Version: 1.5.1 (install_repos.py:38) (way-cooler___way-cooler)
09/12/2024 06:07:22 PM logger_way-cooler___way-cooler DEBUG Source dir: /INSTALL_C/repos/repos_400_c_round_two/way-cooler___way-cooler (install_repos.py:38) (way-cooler___way-cooler)
09/12/2024 06:07:22 PM logger_way-cooler___way-cooler DEBUG Build dir: /INSTALL_C/repos/repos_400_c_round_two/way-cooler___way-cooler/build (install_repos.py:38) (way-cooler___way-cooler)
09/12/2024 06:07:22 PM logger_way-cooler___way-cooler DEBUG Build type: native build (install_repos.py:38) (way-cooler___way-cooler)
09/12/2024 06:07:22 PM logger_way-cooler___way-cooler DEBUG Project name: way-cooler (install_repos.py:38) (way-cooler___way-cooler)
09/12/2024 06:07:22 PM logger_way-cooler___way-cooler DEBUG Project version: 0.8.0 (install_repos.py:38) (way-cooler___way-cooler)
09/12/2024 06:07:22 PM logger_way-cooler___way-cooler DEBUG C compiler for the host machine: cc (gcc 12.2.0 "cc (Debian 12.2.0-14) 12.2.0") (install_repos.py:38) (way-cooler___way-cooler)
09/12/2024 06:07:22 PM logger_way-cooler___way-cooler DEBUG C linker for the host machine: cc ld.bfd 2.40 (install_repos.py:38) (way-cooler___way-cooler)
09/12/2024 06:07:22 PM logger_way-cooler___way-cooler DEBUG Host machine cpu family: x86_64 (install_repos.py:38) (way-cooler___way-cooler)
09/12/2024 06:07:22 PM logger_way-cooler___way-cooler DEBUG Host machine cpu: x86_64 (install_repos.py:38) (way-cooler___way-cooler)
09/12/2024 06:07:22 PM logger_way-cooler___way-cooler DEBUG Program git found: YES (/usr/bin/git) (install_repos.py:38) (way-cooler___way-cooler)
09/12/2024 06:07:22 PM logger_way-cooler___way-cooler DEBUG WARNING: You should add the boolean check kwarg to the run_command call. (install_repos.py:38) (way-cooler___way-cooler)
09/12/2024 06:07:22 PM logger_way-cooler___way-cooler DEBUG It currently defaults to false, (install_repos.py:38) (way-cooler___way-cooler)
09/12/2024 06:07:22 PM logger_way-cooler___way-cooler DEBUG but it will default to true in future releases of meson. (install_repos.py:38) (way-cooler___way-cooler)
09/12/2024 06:07:22 PM logger_way-cooler___way-cooler DEBUG See also: https://github.com/mesonbuild/meson/issues/9300 (install_repos.py:38) (way-cooler___way-cooler)
09/12/2024 06:07:22 PM logger_way-cooler___way-cooler DEBUG Found pkg-config: YES (/usr/bin/pkg-config) 1.8.1 (install_repos.py:38) (way-cooler___way-cooler)
09/12/2024 06:07:22 PM logger_way-cooler___way-cooler DEBUG Found CMake: /usr/bin/cmake (3.25.1) (install_repos.py:38) (way-cooler___way-cooler)
09/12/2024 06:07:23 PM logger_way-cooler___way-cooler DEBUG Run-time dependency wayland-protocols found: NO (tried pkgconfig and cmake) (install_repos.py:38) (way-cooler___way-cooler)
09/12/2024 06:07:23 PM logger_way-cooler___way-cooler DEBUG  (install_repos.py:38) (way-cooler___way-cooler)
09/12/2024 06:07:23 PM logger_way-cooler___way-cooler DEBUG ../protocols/meson.build:1:17: ERROR: Dependency "wayland-protocols" not found, tried pkgconfig and cmake (install_repos.py:38) (way-cooler___way-cooler)
09/12/2024 06:07:23 PM logger_way-cooler___way-cooler DEBUG  (install_repos.py:38) (way-cooler___way-cooler)
09/12/2024 06:07:23 PM logger_way-cooler___way-cooler DEBUG A full log can be found at /INSTALL_C/repos/repos_400_c_round_two/way-cooler___way-cooler/build/meson-logs/meson-log.txt (install_repos.py:38) (way-cooler___way-cooler)
09/12/2024 06:07:23 PM logger_way-cooler___way-cooler DEBUG WARNING: Running the setup command as `meson [options]` instead of `meson setup [options]` is ambiguous and deprecated. (install_repos.py:38) (way-cooler___way-cooler)
09/12/2024 06:07:23 PM logger_way-cooler___way-cooler ERROR Error: Build failed for way-cooler___way-cooler
Build failed for reason: meson failed (install_repos.py:295) (way-cooler___way-cooler)
