09/12/2024 06:06:28 PM logger_yangjie10930___epmedia INFO <<<<<<<<<<<<<<<<<< Logger setup anew <<<<<<<<<<<<<<<<<<< (utils.py:39) (yangjie10930___epmedia)
09/12/2024 06:06:28 PM logger_yangjie10930___epmedia INFO Analyzing repos/repos_400_c_round_two/yangjie10930___epmedia (install_repos.py:285) (yangjie10930___epmedia)
09/12/2024 06:06:28 PM logger_yangjie10930___epmedia INFO Running command: ./gradlew clean (install_repos.py:20) (yangjie10930___epmedia)
09/12/2024 06:06:28 PM logger_yangjie10930___epmedia INFO Logging output to: logs/repos/repos_400_c_round_two_install_logs_with_make_cmake_gradlew_meson_scons_bazel_2024-09-12_17-35-05/yangjie10930___epmedia_build.log (install_repos.py:21) (yangjie10930___epmedia)
09/12/2024 06:06:29 PM logger_yangjie10930___epmedia DEBUG Starting a Gradle Daemon, 1 incompatible and 1 stopped Daemons could not be reused, use --status for details (install_repos.py:38) (yangjie10930___epmedia)
09/12/2024 06:06:31 PM logger_yangjie10930___epmedia DEBUG java.lang.NoClassDefFoundError: Could not initialize class org.codehaus.groovy.vmplugin.v7.Java7 (install_repos.py:38) (yangjie10930___epmedia)
09/12/2024 06:06:31 PM logger_yangjie10930___epmedia DEBUG at org.codehaus.groovy.vmplugin.VMPluginFactory.<clinit>(VMPluginFactory.java:43) (install_repos.py:38) (yangjie10930___epmedia)
09/12/2024 06:06:31 PM logger_yangjie10930___epmedia DEBUG at org.codehaus.groovy.reflection.GroovyClassValueFactory.<clinit>(GroovyClassValueFactory.java:35) (install_repos.py:38) (yangjie10930___epmedia)
09/12/2024 06:06:31 PM logger_yangjie10930___epmedia DEBUG at org.codehaus.groovy.reflection.ClassInfo.<clinit>(ClassInfo.java:109) (install_repos.py:38) (yangjie10930___epmedia)
09/12/2024 06:06:31 PM logger_yangjie10930___epmedia DEBUG at org.codehaus.groovy.reflection.ReflectionCache.getCachedClass(ReflectionCache.java:95) (install_repos.py:38) (yangjie10930___epmedia)
09/12/2024 06:06:31 PM logger_yangjie10930___epmedia DEBUG at org.codehaus.groovy.reflection.ReflectionCache.<clinit>(ReflectionCache.java:39) (install_repos.py:38) (yangjie10930___epmedia)
09/12/2024 06:06:31 PM logger_yangjie10930___epmedia DEBUG at org.codehaus.groovy.runtime.metaclass.MetaClassRegistryImpl.registerMethods(MetaClassRegistryImpl.java:209) (install_repos.py:38) (yangjie10930___epmedia)
09/12/2024 06:06:31 PM logger_yangjie10930___epmedia DEBUG at org.codehaus.groovy.runtime.metaclass.MetaClassRegistryImpl.<init>(MetaClassRegistryImpl.java:107) (install_repos.py:38) (yangjie10930___epmedia)
09/12/2024 06:06:31 PM logger_yangjie10930___epmedia DEBUG at org.codehaus.groovy.runtime.metaclass.MetaClassRegistryImpl.<init>(MetaClassRegistryImpl.java:85) (install_repos.py:38) (yangjie10930___epmedia)
09/12/2024 06:06:31 PM logger_yangjie10930___epmedia DEBUG at groovy.lang.GroovySystem.<clinit>(GroovySystem.java:36) (install_repos.py:38) (yangjie10930___epmedia)
09/12/2024 06:06:31 PM logger_yangjie10930___epmedia DEBUG at org.codehaus.groovy.runtime.InvokerHelper.<clinit>(InvokerHelper.java:86) (install_repos.py:38) (yangjie10930___epmedia)
09/12/2024 06:06:31 PM logger_yangjie10930___epmedia DEBUG at groovy.lang.GroovyObjectSupport.getDefaultMetaClass(GroovyObjectSupport.java:59) (install_repos.py:38) (yangjie10930___epmedia)
09/12/2024 06:06:31 PM logger_yangjie10930___epmedia DEBUG at groovy.lang.GroovyObjectSupport.<init>(GroovyObjectSupport.java:32) (install_repos.py:38) (yangjie10930___epmedia)
09/12/2024 06:06:31 PM logger_yangjie10930___epmedia DEBUG at org.gradle.internal.extensibility.DefaultExtraPropertiesExtension.<init>(DefaultExtraPropertiesExtension.java:29) (install_repos.py:38) (yangjie10930___epmedia)
09/12/2024 06:06:31 PM logger_yangjie10930___epmedia DEBUG at org.gradle.internal.extensibility.DefaultConvention.<init>(DefaultConvention.java:48) (install_repos.py:38) (yangjie10930___epmedia)
09/12/2024 06:06:31 PM logger_yangjie10930___epmedia DEBUG at org.gradle.api.internal.plugins.DefaultConvention.<init>(DefaultConvention.java:28) (install_repos.py:38) (yangjie10930___epmedia)
09/12/2024 06:06:31 PM logger_yangjie10930___epmedia DEBUG at org.gradle.internal.extensibility.ExtensibleDynamicObject.<init>(ExtensibleDynamicObject.java:60) (install_repos.py:38) (yangjie10930___epmedia)
09/12/2024 06:06:31 PM logger_yangjie10930___epmedia DEBUG at org.gradle.internal.instantiation.MixInExtensibleDynamicObject.<init>(MixInExtensibleDynamicObject.java:34) (install_repos.py:38) (yangjie10930___epmedia)
09/12/2024 06:06:31 PM logger_yangjie10930___epmedia DEBUG at org.gradle.initialization.DefaultSettings_Decorated.getAsDynamicObject(Unknown Source) (install_repos.py:38) (yangjie10930___epmedia)
09/12/2024 06:06:31 PM logger_yangjie10930___epmedia DEBUG at org.gradle.initialization.SettingsFactory.createSettings(SettingsFactory.java:58) (install_repos.py:38) (yangjie10930___epmedia)
09/12/2024 06:06:31 PM logger_yangjie10930___epmedia DEBUG at org.gradle.initialization.ScriptEvaluatingSettingsProcessor.process(ScriptEvaluatingSettingsProcessor.java:61) (install_repos.py:38) (yangjie10930___epmedia)
09/12/2024 06:06:31 PM logger_yangjie10930___epmedia DEBUG at org.gradle.initialization.PropertiesLoadingSettingsProcessor.process(PropertiesLoadingSettingsProcessor.java:38) (install_repos.py:38) (yangjie10930___epmedia)
09/12/2024 06:06:31 PM logger_yangjie10930___epmedia DEBUG at org.gradle.initialization.SettingsEvaluatedCallbackFiringSettingsProcessor.process(SettingsEvaluatedCallbackFiringSettingsProcessor.java:34) (install_repos.py:38) (yangjie10930___epmedia)
09/12/2024 06:06:31 PM logger_yangjie10930___epmedia DEBUG at org.gradle.initialization.RootBuildCacheControllerSettingsProcessor.process(RootBuildCacheControllerSettingsProcessor.java:36) (install_repos.py:38) (yangjie10930___epmedia)
09/12/2024 06:06:31 PM logger_yangjie10930___epmedia DEBUG at org.gradle.initialization.BuildOperationSettingsProcessor$2.call(BuildOperationSettingsProcessor.java:50) (install_repos.py:38) (yangjie10930___epmedia)
09/12/2024 06:06:31 PM logger_yangjie10930___epmedia DEBUG at org.gradle.initialization.BuildOperationSettingsProcessor$2.call(BuildOperationSettingsProcessor.java:47) (install_repos.py:38) (yangjie10930___epmedia)
09/12/2024 06:06:31 PM logger_yangjie10930___epmedia DEBUG at org.gradle.internal.operations.DefaultBuildOperationExecutor$CallableBuildOperationWorker.execute(DefaultBuildOperationExecutor.java:416) (install_repos.py:38) (yangjie10930___epmedia)
09/12/2024 06:06:31 PM logger_yangjie10930___epmedia DEBUG at org.gradle.internal.operations.DefaultBuildOperationExecutor$CallableBuildOperationWorker.execute(DefaultBuildOperationExecutor.java:406) (install_repos.py:38) (yangjie10930___epmedia)
09/12/2024 06:06:31 PM logger_yangjie10930___epmedia DEBUG at org.gradle.internal.operations.DefaultBuildOperationExecutor$1.execute(DefaultBuildOperationExecutor.java:165) (install_repos.py:38) (yangjie10930___epmedia)
09/12/2024 06:06:31 PM logger_yangjie10930___epmedia DEBUG at org.gradle.internal.operations.DefaultBuildOperationExecutor.execute(DefaultBuildOperationExecutor.java:250) (install_repos.py:38) (yangjie10930___epmedia)
09/12/2024 06:06:31 PM logger_yangjie10930___epmedia DEBUG at org.gradle.internal.operations.DefaultBuildOperationExecutor.execute(DefaultBuildOperationExecutor.java:158) (install_repos.py:38) (yangjie10930___epmedia)
09/12/2024 06:06:31 PM logger_yangjie10930___epmedia DEBUG at org.gradle.internal.operations.DefaultBuildOperationExecutor.call(DefaultBuildOperationExecutor.java:102) (install_repos.py:38) (yangjie10930___epmedia)
09/12/2024 06:06:31 PM logger_yangjie10930___epmedia DEBUG at org.gradle.internal.operations.DelegatingBuildOperationExecutor.call(DelegatingBuildOperationExecutor.java:36) (install_repos.py:38) (yangjie10930___epmedia)
09/12/2024 06:06:31 PM logger_yangjie10930___epmedia DEBUG at org.gradle.initialization.BuildOperationSettingsProcessor.process(BuildOperationSettingsProcessor.java:47) (install_repos.py:38) (yangjie10930___epmedia)
09/12/2024 06:06:31 PM logger_yangjie10930___epmedia DEBUG at org.gradle.initialization.DefaultSettingsLoader.findSettingsAndLoadIfAppropriate(DefaultSettingsLoader.java:104) (install_repos.py:38) (yangjie10930___epmedia)
09/12/2024 06:06:31 PM logger_yangjie10930___epmedia DEBUG at org.gradle.initialization.DefaultSettingsLoader.findAndLoadSettings(DefaultSettingsLoader.java:45) (install_repos.py:38) (yangjie10930___epmedia)
09/12/2024 06:06:31 PM logger_yangjie10930___epmedia DEBUG at org.gradle.initialization.SettingsAttachingSettingsLoader.findAndLoadSettings(SettingsAttachingSettingsLoader.java:35) (install_repos.py:38) (yangjie10930___epmedia)
09/12/2024 06:06:31 PM logger_yangjie10930___epmedia DEBUG at org.gradle.internal.composite.CommandLineIncludedBuildSettingsLoader.findAndLoadSettings(CommandLineIncludedBuildSettingsLoader.java:34) (install_repos.py:38) (yangjie10930___epmedia)
09/12/2024 06:06:31 PM logger_yangjie10930___epmedia DEBUG at org.gradle.internal.composite.ChildBuildRegisteringSettingsLoader.findAndLoadSettings(ChildBuildRegisteringSettingsLoader.java:47) (install_repos.py:38) (yangjie10930___epmedia)
09/12/2024 06:06:31 PM logger_yangjie10930___epmedia DEBUG at org.gradle.internal.composite.CompositeBuildSettingsLoader.findAndLoadSettings(CompositeBuildSettingsLoader.java:35) (install_repos.py:38) (yangjie10930___epmedia)
09/12/2024 06:06:31 PM logger_yangjie10930___epmedia DEBUG at org.gradle.initialization.DefaultSettingsPreparer.prepareSettings(DefaultSettingsPreparer.java:36) (install_repos.py:38) (yangjie10930___epmedia)
09/12/2024 06:06:31 PM logger_yangjie10930___epmedia DEBUG at org.gradle.initialization.BuildOperatingFiringSettingsPreparer$LoadBuild.doLoadBuild(BuildOperatingFiringSettingsPreparer.java:59) (install_repos.py:38) (yangjie10930___epmedia)
09/12/2024 06:06:31 PM logger_yangjie10930___epmedia DEBUG at org.gradle.initialization.BuildOperatingFiringSettingsPreparer$LoadBuild.run(BuildOperatingFiringSettingsPreparer.java:54) (install_repos.py:38) (yangjie10930___epmedia)
09/12/2024 06:06:31 PM logger_yangjie10930___epmedia DEBUG at org.gradle.internal.operations.DefaultBuildOperationExecutor$RunnableBuildOperationWorker.execute(DefaultBuildOperationExecutor.java:402) (install_repos.py:38) (yangjie10930___epmedia)
09/12/2024 06:06:31 PM logger_yangjie10930___epmedia DEBUG at org.gradle.internal.operations.DefaultBuildOperationExecutor$RunnableBuildOperationWorker.execute(DefaultBuildOperationExecutor.java:394) (install_repos.py:38) (yangjie10930___epmedia)
09/12/2024 06:06:31 PM logger_yangjie10930___epmedia DEBUG at org.gradle.internal.operations.DefaultBuildOperationExecutor$1.execute(DefaultBuildOperationExecutor.java:165) (install_repos.py:38) (yangjie10930___epmedia)
09/12/2024 06:06:31 PM logger_yangjie10930___epmedia DEBUG at org.gradle.internal.operations.DefaultBuildOperationExecutor.execute(DefaultBuildOperationExecutor.java:250) (install_repos.py:38) (yangjie10930___epmedia)
09/12/2024 06:06:31 PM logger_yangjie10930___epmedia DEBUG at org.gradle.internal.operations.DefaultBuildOperationExecutor.execute(DefaultBuildOperationExecutor.java:158) (install_repos.py:38) (yangjie10930___epmedia)
09/12/2024 06:06:31 PM logger_yangjie10930___epmedia DEBUG at org.gradle.internal.operations.DefaultBuildOperationExecutor.run(DefaultBuildOperationExecutor.java:92) (install_repos.py:38) (yangjie10930___epmedia)
09/12/2024 06:06:31 PM logger_yangjie10930___epmedia DEBUG at org.gradle.internal.operations.DelegatingBuildOperationExecutor.run(DelegatingBuildOperationExecutor.java:31) (install_repos.py:38) (yangjie10930___epmedia)
09/12/2024 06:06:31 PM logger_yangjie10930___epmedia DEBUG at org.gradle.initialization.BuildOperatingFiringSettingsPreparer.prepareSettings(BuildOperatingFiringSettingsPreparer.java:42) (install_repos.py:38) (yangjie10930___epmedia)
09/12/2024 06:06:31 PM logger_yangjie10930___epmedia DEBUG at org.gradle.initialization.DefaultGradleLauncher.prepareSettings(DefaultGradleLauncher.java:190) (install_repos.py:38) (yangjie10930___epmedia)
09/12/2024 06:06:31 PM logger_yangjie10930___epmedia DEBUG at org.gradle.initialization.DefaultGradleLauncher.doClassicBuildStages(DefaultGradleLauncher.java:134) (install_repos.py:38) (yangjie10930___epmedia)
09/12/2024 06:06:31 PM logger_yangjie10930___epmedia DEBUG at org.gradle.initialization.DefaultGradleLauncher.doBuildStages(DefaultGradleLauncher.java:126) (install_repos.py:38) (yangjie10930___epmedia)
09/12/2024 06:06:31 PM logger_yangjie10930___epmedia DEBUG at org.gradle.initialization.DefaultGradleLauncher.executeTasks(DefaultGradleLauncher.java:106) (install_repos.py:38) (yangjie10930___epmedia)
09/12/2024 06:06:31 PM logger_yangjie10930___epmedia DEBUG at org.gradle.internal.invocation.GradleBuildController$1.execute(GradleBuildController.java:60) (install_repos.py:38) (yangjie10930___epmedia)
09/12/2024 06:06:31 PM logger_yangjie10930___epmedia DEBUG at org.gradle.internal.invocation.GradleBuildController$1.execute(GradleBuildController.java:57) (install_repos.py:38) (yangjie10930___epmedia)
09/12/2024 06:06:31 PM logger_yangjie10930___epmedia DEBUG at org.gradle.internal.invocation.GradleBuildController$3.create(GradleBuildController.java:85) (install_repos.py:38) (yangjie10930___epmedia)
09/12/2024 06:06:31 PM logger_yangjie10930___epmedia DEBUG at org.gradle.internal.invocation.GradleBuildController$3.create(GradleBuildController.java:78) (install_repos.py:38) (yangjie10930___epmedia)
09/12/2024 06:06:31 PM logger_yangjie10930___epmedia DEBUG at org.gradle.internal.work.DefaultWorkerLeaseService.withLocks(DefaultWorkerLeaseService.java:189) (install_repos.py:38) (yangjie10930___epmedia)
09/12/2024 06:06:31 PM logger_yangjie10930___epmedia DEBUG at org.gradle.internal.work.StopShieldingWorkerLeaseService.withLocks(StopShieldingWorkerLeaseService.java:40) (install_repos.py:38) (yangjie10930___epmedia)
09/12/2024 06:06:31 PM logger_yangjie10930___epmedia DEBUG at org.gradle.internal.invocation.GradleBuildController.doBuild(GradleBuildController.java:78) (install_repos.py:38) (yangjie10930___epmedia)
09/12/2024 06:06:31 PM logger_yangjie10930___epmedia DEBUG at org.gradle.internal.invocation.GradleBuildController.run(GradleBuildController.java:57) (install_repos.py:38) (yangjie10930___epmedia)
09/12/2024 06:06:31 PM logger_yangjie10930___epmedia DEBUG at org.gradle.tooling.internal.provider.ExecuteBuildActionRunner.run(ExecuteBuildActionRunner.java:31) (install_repos.py:38) (yangjie10930___epmedia)
09/12/2024 06:06:31 PM logger_yangjie10930___epmedia DEBUG at org.gradle.launcher.exec.ChainingBuildActionRunner.run(ChainingBuildActionRunner.java:35) (install_repos.py:38) (yangjie10930___epmedia)
09/12/2024 06:06:31 PM logger_yangjie10930___epmedia DEBUG at org.gradle.launcher.exec.BuildOutcomeReportingBuildActionRunner.run(BuildOutcomeReportingBuildActionRunner.java:63) (install_repos.py:38) (yangjie10930___epmedia)
09/12/2024 06:06:31 PM logger_yangjie10930___epmedia DEBUG at org.gradle.tooling.internal.provider.ValidatingBuildActionRunner.run(ValidatingBuildActionRunner.java:32) (install_repos.py:38) (yangjie10930___epmedia)
09/12/2024 06:06:31 PM logger_yangjie10930___epmedia DEBUG at org.gradle.launcher.exec.BuildCompletionNotifyingBuildActionRunner.run(BuildCompletionNotifyingBuildActionRunner.java:39) (install_repos.py:38) (yangjie10930___epmedia)
09/12/2024 06:06:31 PM logger_yangjie10930___epmedia DEBUG at org.gradle.launcher.exec.RunAsBuildOperationBuildActionRunner$3.call(RunAsBuildOperationBuildActionRunner.java:51) (install_repos.py:38) (yangjie10930___epmedia)
09/12/2024 06:06:31 PM logger_yangjie10930___epmedia DEBUG at org.gradle.launcher.exec.RunAsBuildOperationBuildActionRunner$3.call(RunAsBuildOperationBuildActionRunner.java:45) (install_repos.py:38) (yangjie10930___epmedia)
09/12/2024 06:06:31 PM logger_yangjie10930___epmedia DEBUG at org.gradle.internal.operations.DefaultBuildOperationExecutor$CallableBuildOperationWorker.execute(DefaultBuildOperationExecutor.java:416) (install_repos.py:38) (yangjie10930___epmedia)
09/12/2024 06:06:31 PM logger_yangjie10930___epmedia DEBUG at org.gradle.internal.operations.DefaultBuildOperationExecutor$CallableBuildOperationWorker.execute(DefaultBuildOperationExecutor.java:406) (install_repos.py:38) (yangjie10930___epmedia)
09/12/2024 06:06:31 PM logger_yangjie10930___epmedia DEBUG at org.gradle.internal.operations.DefaultBuildOperationExecutor$1.execute(DefaultBuildOperationExecutor.java:165) (install_repos.py:38) (yangjie10930___epmedia)
09/12/2024 06:06:31 PM logger_yangjie10930___epmedia DEBUG at org.gradle.internal.operations.DefaultBuildOperationExecutor.execute(DefaultBuildOperationExecutor.java:250) (install_repos.py:38) (yangjie10930___epmedia)
09/12/2024 06:06:31 PM logger_yangjie10930___epmedia DEBUG at org.gradle.internal.operations.DefaultBuildOperationExecutor.execute(DefaultBuildOperationExecutor.java:158) (install_repos.py:38) (yangjie10930___epmedia)
09/12/2024 06:06:31 PM logger_yangjie10930___epmedia DEBUG at org.gradle.internal.operations.DefaultBuildOperationExecutor.call(DefaultBuildOperationExecutor.java:102) (install_repos.py:38) (yangjie10930___epmedia)
09/12/2024 06:06:31 PM logger_yangjie10930___epmedia DEBUG at org.gradle.internal.operations.DelegatingBuildOperationExecutor.call(DelegatingBuildOperationExecutor.java:36) (install_repos.py:38) (yangjie10930___epmedia)
09/12/2024 06:06:31 PM logger_yangjie10930___epmedia DEBUG at org.gradle.launcher.exec.RunAsBuildOperationBuildActionRunner.run(RunAsBuildOperationBuildActionRunner.java:45) (install_repos.py:38) (yangjie10930___epmedia)
09/12/2024 06:06:31 PM logger_yangjie10930___epmedia DEBUG at org.gradle.launcher.exec.InProcessBuildActionExecuter$1.transform(InProcessBuildActionExecuter.java:50) (install_repos.py:38) (yangjie10930___epmedia)
09/12/2024 06:06:31 PM logger_yangjie10930___epmedia DEBUG at org.gradle.launcher.exec.InProcessBuildActionExecuter$1.transform(InProcessBuildActionExecuter.java:47) (install_repos.py:38) (yangjie10930___epmedia)
09/12/2024 06:06:31 PM logger_yangjie10930___epmedia DEBUG at org.gradle.composite.internal.DefaultRootBuildState.run(DefaultRootBuildState.java:78) (install_repos.py:38) (yangjie10930___epmedia)
09/12/2024 06:06:31 PM logger_yangjie10930___epmedia DEBUG at org.gradle.launcher.exec.InProcessBuildActionExecuter.execute(InProcessBuildActionExecuter.java:47) (install_repos.py:38) (yangjie10930___epmedia)
09/12/2024 06:06:31 PM logger_yangjie10930___epmedia DEBUG at org.gradle.launcher.exec.InProcessBuildActionExecuter.execute(InProcessBuildActionExecuter.java:31) (install_repos.py:38) (yangjie10930___epmedia)
09/12/2024 06:06:31 PM logger_yangjie10930___epmedia DEBUG at org.gradle.launcher.exec.BuildTreeScopeBuildActionExecuter.execute(BuildTreeScopeBuildActionExecuter.java:42) (install_repos.py:38) (yangjie10930___epmedia)
09/12/2024 06:06:31 PM logger_yangjie10930___epmedia DEBUG at org.gradle.launcher.exec.BuildTreeScopeBuildActionExecuter.execute(BuildTreeScopeBuildActionExecuter.java:28) (install_repos.py:38) (yangjie10930___epmedia)
09/12/2024 06:06:31 PM logger_yangjie10930___epmedia DEBUG at org.gradle.tooling.internal.provider.ContinuousBuildActionExecuter.execute(ContinuousBuildActionExecuter.java:78) (install_repos.py:38) (yangjie10930___epmedia)
09/12/2024 06:06:31 PM logger_yangjie10930___epmedia DEBUG at org.gradle.tooling.internal.provider.ContinuousBuildActionExecuter.execute(ContinuousBuildActionExecuter.java:52) (install_repos.py:38) (yangjie10930___epmedia)
09/12/2024 06:06:31 PM logger_yangjie10930___epmedia DEBUG at org.gradle.tooling.internal.provider.SubscribableBuildActionExecuter.execute(SubscribableBuildActionExecuter.java:59) (install_repos.py:38) (yangjie10930___epmedia)
09/12/2024 06:06:31 PM logger_yangjie10930___epmedia DEBUG at org.gradle.tooling.internal.provider.SubscribableBuildActionExecuter.execute(SubscribableBuildActionExecuter.java:36) (install_repos.py:38) (yangjie10930___epmedia)
09/12/2024 06:06:31 PM logger_yangjie10930___epmedia DEBUG at org.gradle.tooling.internal.provider.SessionScopeBuildActionExecuter.execute(SessionScopeBuildActionExecuter.java:68) (install_repos.py:38) (yangjie10930___epmedia)
09/12/2024 06:06:31 PM logger_yangjie10930___epmedia DEBUG at org.gradle.tooling.internal.provider.SessionScopeBuildActionExecuter.execute(SessionScopeBuildActionExecuter.java:38) (install_repos.py:38) (yangjie10930___epmedia)
09/12/2024 06:06:31 PM logger_yangjie10930___epmedia DEBUG at org.gradle.tooling.internal.provider.GradleThreadBuildActionExecuter.execute(GradleThreadBuildActionExecuter.java:37) (install_repos.py:38) (yangjie10930___epmedia)
09/12/2024 06:06:31 PM logger_yangjie10930___epmedia DEBUG at org.gradle.tooling.internal.provider.GradleThreadBuildActionExecuter.execute(GradleThreadBuildActionExecuter.java:26) (install_repos.py:38) (yangjie10930___epmedia)
09/12/2024 06:06:31 PM logger_yangjie10930___epmedia DEBUG at org.gradle.tooling.internal.provider.ParallelismConfigurationBuildActionExecuter.execute(ParallelismConfigurationBuildActionExecuter.java:43) (install_repos.py:38) (yangjie10930___epmedia)
09/12/2024 06:06:31 PM logger_yangjie10930___epmedia DEBUG at org.gradle.tooling.internal.provider.ParallelismConfigurationBuildActionExecuter.execute(ParallelismConfigurationBuildActionExecuter.java:29) (install_repos.py:38) (yangjie10930___epmedia)
09/12/2024 06:06:31 PM logger_yangjie10930___epmedia DEBUG at org.gradle.tooling.internal.provider.StartParamsValidatingActionExecuter.execute(StartParamsValidatingActionExecuter.java:60) (install_repos.py:38) (yangjie10930___epmedia)
09/12/2024 06:06:31 PM logger_yangjie10930___epmedia DEBUG at org.gradle.tooling.internal.provider.StartParamsValidatingActionExecuter.execute(StartParamsValidatingActionExecuter.java:32) (install_repos.py:38) (yangjie10930___epmedia)
09/12/2024 06:06:31 PM logger_yangjie10930___epmedia DEBUG at org.gradle.tooling.internal.provider.SessionFailureReportingActionExecuter.execute(SessionFailureReportingActionExecuter.java:55) (install_repos.py:38) (yangjie10930___epmedia)
09/12/2024 06:06:31 PM logger_yangjie10930___epmedia DEBUG at org.gradle.tooling.internal.provider.SessionFailureReportingActionExecuter.execute(SessionFailureReportingActionExecuter.java:41) (install_repos.py:38) (yangjie10930___epmedia)
09/12/2024 06:06:31 PM logger_yangjie10930___epmedia DEBUG at org.gradle.tooling.internal.provider.SetupLoggingActionExecuter.execute(SetupLoggingActionExecuter.java:48) (install_repos.py:38) (yangjie10930___epmedia)
09/12/2024 06:06:31 PM logger_yangjie10930___epmedia DEBUG at org.gradle.tooling.internal.provider.SetupLoggingActionExecuter.execute(SetupLoggingActionExecuter.java:32) (install_repos.py:38) (yangjie10930___epmedia)
09/12/2024 06:06:31 PM logger_yangjie10930___epmedia DEBUG at org.gradle.launcher.daemon.server.exec.ExecuteBuild.doBuild(ExecuteBuild.java:68) (install_repos.py:38) (yangjie10930___epmedia)
09/12/2024 06:06:31 PM logger_yangjie10930___epmedia DEBUG at org.gradle.launcher.daemon.server.exec.BuildCommandOnly.execute(BuildCommandOnly.java:37) (install_repos.py:38) (yangjie10930___epmedia)
09/12/2024 06:06:31 PM logger_yangjie10930___epmedia DEBUG at org.gradle.launcher.daemon.server.api.DaemonCommandExecution.proceed(DaemonCommandExecution.java:104) (install_repos.py:38) (yangjie10930___epmedia)
09/12/2024 06:06:31 PM logger_yangjie10930___epmedia DEBUG at org.gradle.launcher.daemon.server.exec.WatchForDisconnection.execute(WatchForDisconnection.java:39) (install_repos.py:38) (yangjie10930___epmedia)
09/12/2024 06:06:31 PM logger_yangjie10930___epmedia DEBUG at org.gradle.launcher.daemon.server.api.DaemonCommandExecution.proceed(DaemonCommandExecution.java:104) (install_repos.py:38) (yangjie10930___epmedia)
09/12/2024 06:06:31 PM logger_yangjie10930___epmedia DEBUG at org.gradle.launcher.daemon.server.exec.ResetDeprecationLogger.execute(ResetDeprecationLogger.java:27) (install_repos.py:38) (yangjie10930___epmedia)
09/12/2024 06:06:31 PM logger_yangjie10930___epmedia DEBUG at org.gradle.launcher.daemon.server.api.DaemonCommandExecution.proceed(DaemonCommandExecution.java:104) (install_repos.py:38) (yangjie10930___epmedia)
09/12/2024 06:06:31 PM logger_yangjie10930___epmedia DEBUG at org.gradle.launcher.daemon.server.exec.RequestStopIfSingleUsedDaemon.execute(RequestStopIfSingleUsedDaemon.java:35) (install_repos.py:38) (yangjie10930___epmedia)
09/12/2024 06:06:31 PM logger_yangjie10930___epmedia DEBUG at org.gradle.launcher.daemon.server.api.DaemonCommandExecution.proceed(DaemonCommandExecution.java:104) (install_repos.py:38) (yangjie10930___epmedia)
09/12/2024 06:06:31 PM logger_yangjie10930___epmedia DEBUG at org.gradle.launcher.daemon.server.exec.ForwardClientInput$2.create(ForwardClientInput.java:78) (install_repos.py:38) (yangjie10930___epmedia)
09/12/2024 06:06:31 PM logger_yangjie10930___epmedia DEBUG at org.gradle.launcher.daemon.server.exec.ForwardClientInput$2.create(ForwardClientInput.java:75) (install_repos.py:38) (yangjie10930___epmedia)
09/12/2024 06:06:31 PM logger_yangjie10930___epmedia DEBUG at org.gradle.util.Swapper.swap(Swapper.java:38) (install_repos.py:38) (yangjie10930___epmedia)
09/12/2024 06:06:31 PM logger_yangjie10930___epmedia DEBUG at org.gradle.launcher.daemon.server.exec.ForwardClientInput.execute(ForwardClientInput.java:75) (install_repos.py:38) (yangjie10930___epmedia)
09/12/2024 06:06:31 PM logger_yangjie10930___epmedia DEBUG at org.gradle.launcher.daemon.server.api.DaemonCommandExecution.proceed(DaemonCommandExecution.java:104) (install_repos.py:38) (yangjie10930___epmedia)
09/12/2024 06:06:31 PM logger_yangjie10930___epmedia DEBUG at org.gradle.launcher.daemon.server.exec.LogAndCheckHealth.execute(LogAndCheckHealth.java:55) (install_repos.py:38) (yangjie10930___epmedia)
09/12/2024 06:06:31 PM logger_yangjie10930___epmedia DEBUG at org.gradle.launcher.daemon.server.api.DaemonCommandExecution.proceed(DaemonCommandExecution.java:104) (install_repos.py:38) (yangjie10930___epmedia)
09/12/2024 06:06:31 PM logger_yangjie10930___epmedia DEBUG at org.gradle.launcher.daemon.server.exec.LogToClient.doBuild(LogToClient.java:63) (install_repos.py:38) (yangjie10930___epmedia)
09/12/2024 06:06:31 PM logger_yangjie10930___epmedia DEBUG at org.gradle.launcher.daemon.server.exec.BuildCommandOnly.execute(BuildCommandOnly.java:37) (install_repos.py:38) (yangjie10930___epmedia)
09/12/2024 06:06:31 PM logger_yangjie10930___epmedia DEBUG at org.gradle.launcher.daemon.server.api.DaemonCommandExecution.proceed(DaemonCommandExecution.java:104) (install_repos.py:38) (yangjie10930___epmedia)
09/12/2024 06:06:31 PM logger_yangjie10930___epmedia DEBUG at org.gradle.launcher.daemon.server.exec.EstablishBuildEnvironment.doBuild(EstablishBuildEnvironment.java:82) (install_repos.py:38) (yangjie10930___epmedia)
09/12/2024 06:06:31 PM logger_yangjie10930___epmedia DEBUG at org.gradle.launcher.daemon.server.exec.BuildCommandOnly.execute(BuildCommandOnly.java:37) (install_repos.py:38) (yangjie10930___epmedia)
09/12/2024 06:06:31 PM logger_yangjie10930___epmedia DEBUG at org.gradle.launcher.daemon.server.api.DaemonCommandExecution.proceed(DaemonCommandExecution.java:104) (install_repos.py:38) (yangjie10930___epmedia)
09/12/2024 06:06:31 PM logger_yangjie10930___epmedia DEBUG at org.gradle.launcher.daemon.server.exec.StartBuildOrRespondWithBusy$1.run(StartBuildOrRespondWithBusy.java:52) (install_repos.py:38) (yangjie10930___epmedia)
09/12/2024 06:06:31 PM logger_yangjie10930___epmedia DEBUG at org.gradle.launcher.daemon.server.DaemonStateCoordinator$1.run(DaemonStateCoordinator.java:297) (install_repos.py:38) (yangjie10930___epmedia)
09/12/2024 06:06:31 PM logger_yangjie10930___epmedia DEBUG at org.gradle.internal.concurrent.ExecutorPolicy$CatchAndRecordFailures.onExecute(ExecutorPolicy.java:64) (install_repos.py:38) (yangjie10930___epmedia)
09/12/2024 06:06:31 PM logger_yangjie10930___epmedia DEBUG at org.gradle.internal.concurrent.ManagedExecutorImpl$1.run(ManagedExecutorImpl.java:48) (install_repos.py:38) (yangjie10930___epmedia)
09/12/2024 06:06:31 PM logger_yangjie10930___epmedia DEBUG at java.base/java.util.concurrent.ThreadPoolExecutor.runWorker(ThreadPoolExecutor.java:1136) (install_repos.py:38) (yangjie10930___epmedia)
09/12/2024 06:06:31 PM logger_yangjie10930___epmedia DEBUG at java.base/java.util.concurrent.ThreadPoolExecutor$Worker.run(ThreadPoolExecutor.java:635) (install_repos.py:38) (yangjie10930___epmedia)
09/12/2024 06:06:31 PM logger_yangjie10930___epmedia DEBUG at org.gradle.internal.concurrent.ThreadFactoryImpl$ManagedThreadRunnable.run(ThreadFactoryImpl.java:56) (install_repos.py:38) (yangjie10930___epmedia)
09/12/2024 06:06:31 PM logger_yangjie10930___epmedia DEBUG at java.base/java.lang.Thread.run(Thread.java:840) (install_repos.py:38) (yangjie10930___epmedia)
09/12/2024 06:06:31 PM logger_yangjie10930___epmedia DEBUG Caused by: java.lang.ExceptionInInitializerError: Exception org.codehaus.groovy.GroovyBugError [in thread "Daemon worker"] (install_repos.py:38) (yangjie10930___epmedia)
09/12/2024 06:06:31 PM logger_yangjie10930___epmedia DEBUG at org.codehaus.groovy.vmplugin.v7.Java7.<clinit>(Java7.java:45) (install_repos.py:38) (yangjie10930___epmedia)
09/12/2024 06:06:31 PM logger_yangjie10930___epmedia DEBUG at java.base/jdk.internal.reflect.NativeConstructorAccessorImpl.newInstance0(Native Method) (install_repos.py:38) (yangjie10930___epmedia)
09/12/2024 06:06:31 PM logger_yangjie10930___epmedia DEBUG at java.base/jdk.internal.reflect.NativeConstructorAccessorImpl.newInstance(NativeConstructorAccessorImpl.java:77) (install_repos.py:38) (yangjie10930___epmedia)
09/12/2024 06:06:31 PM logger_yangjie10930___epmedia DEBUG at java.base/jdk.internal.reflect.DelegatingConstructorAccessorImpl.newInstance(DelegatingConstructorAccessorImpl.java:45) (install_repos.py:38) (yangjie10930___epmedia)
09/12/2024 06:06:31 PM logger_yangjie10930___epmedia DEBUG at java.base/java.lang.reflect.Constructor.newInstanceWithCaller(Constructor.java:500) (install_repos.py:38) (yangjie10930___epmedia)
09/12/2024 06:06:31 PM logger_yangjie10930___epmedia DEBUG at java.base/java.lang.reflect.ReflectAccess.newInstance(ReflectAccess.java:128) (install_repos.py:38) (yangjie10930___epmedia)
09/12/2024 06:06:31 PM logger_yangjie10930___epmedia DEBUG at java.base/jdk.internal.reflect.ReflectionFactory.newInstance(ReflectionFactory.java:347) (install_repos.py:38) (yangjie10930___epmedia)
09/12/2024 06:06:31 PM logger_yangjie10930___epmedia DEBUG at java.base/java.lang.Class.newInstance(Class.java:645) (install_repos.py:38) (yangjie10930___epmedia)
09/12/2024 06:06:31 PM logger_yangjie10930___epmedia DEBUG at org.codehaus.groovy.vmplugin.VMPluginFactory.createPlugin(VMPluginFactory.java:57) (install_repos.py:38) (yangjie10930___epmedia)
09/12/2024 06:06:31 PM logger_yangjie10930___epmedia DEBUG at org.codehaus.groovy.vmplugin.VMPluginFactory.<clinit>(VMPluginFactory.java:39) (install_repos.py:38) (yangjie10930___epmedia)
09/12/2024 06:06:31 PM logger_yangjie10930___epmedia DEBUG ... 129 more (install_repos.py:38) (yangjie10930___epmedia)
09/12/2024 06:06:31 PM logger_yangjie10930___epmedia DEBUG  (install_repos.py:38) (yangjie10930___epmedia)
09/12/2024 06:06:31 PM logger_yangjie10930___epmedia DEBUG FAILURE: Build failed with an exception. (install_repos.py:38) (yangjie10930___epmedia)
09/12/2024 06:06:31 PM logger_yangjie10930___epmedia DEBUG  (install_repos.py:38) (yangjie10930___epmedia)
09/12/2024 06:06:31 PM logger_yangjie10930___epmedia DEBUG * What went wrong: (install_repos.py:38) (yangjie10930___epmedia)
09/12/2024 06:06:31 PM logger_yangjie10930___epmedia DEBUG Could not initialize class org.codehaus.groovy.reflection.ReflectionCache (install_repos.py:38) (yangjie10930___epmedia)
09/12/2024 06:06:31 PM logger_yangjie10930___epmedia DEBUG > Exception java.lang.NoClassDefFoundError: Could not initialize class org.codehaus.groovy.vmplugin.v7.Java7 [in thread "Daemon worker"] (install_repos.py:38) (yangjie10930___epmedia)
09/12/2024 06:06:31 PM logger_yangjie10930___epmedia DEBUG  (install_repos.py:38) (yangjie10930___epmedia)
09/12/2024 06:06:31 PM logger_yangjie10930___epmedia DEBUG * Try: (install_repos.py:38) (yangjie10930___epmedia)
09/12/2024 06:06:31 PM logger_yangjie10930___epmedia DEBUG Run with --stacktrace option to get the stack trace. Run with --info or --debug option to get more log output. Run with --scan to get full insights. (install_repos.py:38) (yangjie10930___epmedia)
09/12/2024 06:06:31 PM logger_yangjie10930___epmedia DEBUG  (install_repos.py:38) (yangjie10930___epmedia)
09/12/2024 06:06:31 PM logger_yangjie10930___epmedia DEBUG * Get more help at https://help.gradle.org (install_repos.py:38) (yangjie10930___epmedia)
09/12/2024 06:06:31 PM logger_yangjie10930___epmedia DEBUG  (install_repos.py:38) (yangjie10930___epmedia)
09/12/2024 06:06:31 PM logger_yangjie10930___epmedia DEBUG BUILD FAILED in 2s (install_repos.py:38) (yangjie10930___epmedia)
09/12/2024 06:06:31 PM logger_yangjie10930___epmedia INFO Running command: rm -rf .gradle/ (install_repos.py:20) (yangjie10930___epmedia)
09/12/2024 06:06:31 PM logger_yangjie10930___epmedia INFO Logging output to: logs/repos/repos_400_c_round_two_install_logs_with_make_cmake_gradlew_meson_scons_bazel_2024-09-12_17-35-05/yangjie10930___epmedia_build.log (install_repos.py:21) (yangjie10930___epmedia)
09/12/2024 06:06:31 PM logger_yangjie10930___epmedia INFO Running command: rm -rf build/ (install_repos.py:20) (yangjie10930___epmedia)
09/12/2024 06:06:31 PM logger_yangjie10930___epmedia INFO Logging output to: logs/repos/repos_400_c_round_two_install_logs_with_make_cmake_gradlew_meson_scons_bazel_2024-09-12_17-35-05/yangjie10930___epmedia_build.log (install_repos.py:21) (yangjie10930___epmedia)
09/12/2024 06:06:31 PM logger_yangjie10930___epmedia INFO Running Gradle build (install_repos.py:120) (yangjie10930___epmedia)
09/12/2024 06:06:31 PM logger_yangjie10930___epmedia INFO Running command: chmod +x gradlew && ./gradlew build (install_repos.py:20) (yangjie10930___epmedia)
09/12/2024 06:06:31 PM logger_yangjie10930___epmedia INFO Logging output to: logs/repos/repos_400_c_round_two_install_logs_with_make_cmake_gradlew_meson_scons_bazel_2024-09-12_17-35-05/yangjie10930___epmedia_build.log (install_repos.py:21) (yangjie10930___epmedia)
09/12/2024 06:06:32 PM logger_yangjie10930___epmedia DEBUG  (install_repos.py:38) (yangjie10930___epmedia)
09/12/2024 06:06:32 PM logger_yangjie10930___epmedia DEBUG FAILURE: Build failed with an exception. (install_repos.py:38) (yangjie10930___epmedia)
09/12/2024 06:06:32 PM logger_yangjie10930___epmedia DEBUG  (install_repos.py:38) (yangjie10930___epmedia)
09/12/2024 06:06:32 PM logger_yangjie10930___epmedia DEBUG * What went wrong: (install_repos.py:38) (yangjie10930___epmedia)
09/12/2024 06:06:32 PM logger_yangjie10930___epmedia DEBUG Could not initialize class org.codehaus.groovy.runtime.InvokerHelper (install_repos.py:38) (yangjie10930___epmedia)
09/12/2024 06:06:32 PM logger_yangjie10930___epmedia DEBUG > Exception java.lang.NoClassDefFoundError: Could not initialize class org.codehaus.groovy.reflection.ReflectionCache [in thread "Daemon worker"] (install_repos.py:38) (yangjie10930___epmedia)
09/12/2024 06:06:32 PM logger_yangjie10930___epmedia DEBUG  (install_repos.py:38) (yangjie10930___epmedia)
09/12/2024 06:06:32 PM logger_yangjie10930___epmedia DEBUG * Try: (install_repos.py:38) (yangjie10930___epmedia)
09/12/2024 06:06:32 PM logger_yangjie10930___epmedia DEBUG Run with --stacktrace option to get the stack trace. Run with --info or --debug option to get more log output. Run with --scan to get full insights. (install_repos.py:38) (yangjie10930___epmedia)
09/12/2024 06:06:32 PM logger_yangjie10930___epmedia DEBUG  (install_repos.py:38) (yangjie10930___epmedia)
09/12/2024 06:06:32 PM logger_yangjie10930___epmedia DEBUG * Get more help at https://help.gradle.org (install_repos.py:38) (yangjie10930___epmedia)
09/12/2024 06:06:32 PM logger_yangjie10930___epmedia DEBUG  (install_repos.py:38) (yangjie10930___epmedia)
09/12/2024 06:06:32 PM logger_yangjie10930___epmedia DEBUG BUILD FAILED in 434ms (install_repos.py:38) (yangjie10930___epmedia)
09/12/2024 06:06:32 PM logger_yangjie10930___epmedia ERROR Error: Build failed for yangjie10930___epmedia
Build failed for reason: gradle failed (install_repos.py:295) (yangjie10930___epmedia)
