09/12/2024 05:44:11 PM logger_zauonlok___renderer INFO <<<<<<<<<<<<<<<<<< Logger setup anew <<<<<<<<<<<<<<<<<<< (utils.py:39) (zauonlok___renderer)
09/12/2024 05:44:11 PM logger_zauonlok___renderer INFO Analyzing repos/repos_400_c_round_two/zauonlok___renderer (install_repos.py:285) (zauonlok___renderer)
09/12/2024 05:44:11 PM logger_zauonlok___renderer INFO Running command: rm -rf build/ (install_repos.py:20) (zauonlok___renderer)
09/12/2024 05:44:11 PM logger_zauonlok___renderer INFO Logging output to: logs/repos/repos_400_c_round_two_install_logs_with_make_cmake_gradlew_meson_scons_bazel_2024-09-12_17-35-05/zauonlok___renderer_build.log (install_repos.py:21) (zauonlok___renderer)
09/12/2024 05:44:11 PM logger_zauonlok___renderer INFO Running command: rm -rf CMakeCache.txt (install_repos.py:20) (zauonlok___renderer)
09/12/2024 05:44:11 PM logger_zauonlok___renderer INFO Logging output to: logs/repos/repos_400_c_round_two_install_logs_with_make_cmake_gradlew_meson_scons_bazel_2024-09-12_17-35-05/zauonlok___renderer_build.log (install_repos.py:21) (zauonlok___renderer)
09/12/2024 05:44:11 PM logger_zauonlok___renderer INFO Running command: rm -rf CMakeFiles/ (install_repos.py:20) (zauonlok___renderer)
09/12/2024 05:44:11 PM logger_zauonlok___renderer INFO Logging output to: logs/repos/repos_400_c_round_two_install_logs_with_make_cmake_gradlew_meson_scons_bazel_2024-09-12_17-35-05/zauonlok___renderer_build.log (install_repos.py:21) (zauonlok___renderer)
09/12/2024 05:44:11 PM logger_zauonlok___renderer INFO Running CMake (install_repos.py:141) (zauonlok___renderer)
09/12/2024 05:44:11 PM logger_zauonlok___renderer INFO Running command: cmake .. (install_repos.py:20) (zauonlok___renderer)
09/12/2024 05:44:11 PM logger_zauonlok___renderer INFO Logging output to: logs/repos/repos_400_c_round_two_install_logs_with_make_cmake_gradlew_meson_scons_bazel_2024-09-12_17-35-05/build_build.log (install_repos.py:21) (zauonlok___renderer)
09/12/2024 05:44:11 PM logger_zauonlok___renderer DEBUG -- The C compiler identification is GNU 12.2.0 (install_repos.py:38) (zauonlok___renderer)
09/12/2024 05:44:11 PM logger_zauonlok___renderer DEBUG -- Detecting C compiler ABI info (install_repos.py:38) (zauonlok___renderer)
09/12/2024 05:44:11 PM logger_zauonlok___renderer DEBUG -- Detecting C compiler ABI info - done (install_repos.py:38) (zauonlok___renderer)
09/12/2024 05:44:11 PM logger_zauonlok___renderer DEBUG -- Check for working C compiler: /usr/bin/cc - skipped (install_repos.py:38) (zauonlok___renderer)
09/12/2024 05:44:11 PM logger_zauonlok___renderer DEBUG -- Detecting C compile features (install_repos.py:38) (zauonlok___renderer)
09/12/2024 05:44:11 PM logger_zauonlok___renderer DEBUG -- Detecting C compile features - done (install_repos.py:38) (zauonlok___renderer)
09/12/2024 05:44:11 PM logger_zauonlok___renderer DEBUG -- Configuring done (install_repos.py:38) (zauonlok___renderer)
09/12/2024 05:44:11 PM logger_zauonlok___renderer DEBUG -- Generating done (install_repos.py:38) (zauonlok___renderer)
09/12/2024 05:44:11 PM logger_zauonlok___renderer DEBUG -- Build files have been written to: /INSTALL_C/repos/repos_400_c_round_two/zauonlok___renderer/build (install_repos.py:38) (zauonlok___renderer)
09/12/2024 05:44:11 PM logger_zauonlok___renderer INFO Running command: cmake --build . (install_repos.py:20) (zauonlok___renderer)
09/12/2024 05:44:11 PM logger_zauonlok___renderer INFO Logging output to: logs/repos/repos_400_c_round_two_install_logs_with_make_cmake_gradlew_meson_scons_bazel_2024-09-12_17-35-05/build_build.log (install_repos.py:21) (zauonlok___renderer)
09/12/2024 05:44:11 PM logger_zauonlok___renderer DEBUG [  4%] Building C object CMakeFiles/Viewer.dir/renderer/core/camera.c.o (install_repos.py:38) (zauonlok___renderer)
09/12/2024 05:44:11 PM logger_zauonlok___renderer DEBUG [  8%] Building C object CMakeFiles/Viewer.dir/renderer/core/darray.c.o (install_repos.py:38) (zauonlok___renderer)
09/12/2024 05:44:11 PM logger_zauonlok___renderer DEBUG [ 12%] Building C object CMakeFiles/Viewer.dir/renderer/core/draw2d.c.o (install_repos.py:38) (zauonlok___renderer)
09/12/2024 05:44:11 PM logger_zauonlok___renderer DEBUG [ 16%] Building C object CMakeFiles/Viewer.dir/renderer/core/graphics.c.o (install_repos.py:38) (zauonlok___renderer)
09/12/2024 05:44:11 PM logger_zauonlok___renderer DEBUG [ 20%] Building C object CMakeFiles/Viewer.dir/renderer/core/image.c.o (install_repos.py:38) (zauonlok___renderer)
09/12/2024 05:44:11 PM logger_zauonlok___renderer DEBUG [ 25%] Building C object CMakeFiles/Viewer.dir/renderer/core/maths.c.o (install_repos.py:38) (zauonlok___renderer)
09/12/2024 05:44:11 PM logger_zauonlok___renderer DEBUG [ 29%] Building C object CMakeFiles/Viewer.dir/renderer/core/mesh.c.o (install_repos.py:38) (zauonlok___renderer)
09/12/2024 05:44:12 PM logger_zauonlok___renderer DEBUG [ 33%] Building C object CMakeFiles/Viewer.dir/renderer/core/private.c.o (install_repos.py:38) (zauonlok___renderer)
09/12/2024 05:44:12 PM logger_zauonlok___renderer DEBUG [ 37%] Building C object CMakeFiles/Viewer.dir/renderer/core/scene.c.o (install_repos.py:38) (zauonlok___renderer)
09/12/2024 05:44:12 PM logger_zauonlok___renderer DEBUG [ 41%] Building C object CMakeFiles/Viewer.dir/renderer/core/skeleton.c.o (install_repos.py:38) (zauonlok___renderer)
09/12/2024 05:44:12 PM logger_zauonlok___renderer DEBUG [ 45%] Building C object CMakeFiles/Viewer.dir/renderer/core/texture.c.o (install_repos.py:38) (zauonlok___renderer)
09/12/2024 05:44:12 PM logger_zauonlok___renderer DEBUG [ 50%] Building C object CMakeFiles/Viewer.dir/renderer/scenes/blinn_scenes.c.o (install_repos.py:38) (zauonlok___renderer)
09/12/2024 05:44:12 PM logger_zauonlok___renderer DEBUG [ 54%] Building C object CMakeFiles/Viewer.dir/renderer/scenes/pbr_scenes.c.o (install_repos.py:38) (zauonlok___renderer)
09/12/2024 05:44:12 PM logger_zauonlok___renderer DEBUG [ 58%] Building C object CMakeFiles/Viewer.dir/renderer/scenes/scene_helper.c.o (install_repos.py:38) (zauonlok___renderer)
09/12/2024 05:44:12 PM logger_zauonlok___renderer DEBUG [ 62%] Building C object CMakeFiles/Viewer.dir/renderer/shaders/blinn_shader.c.o (install_repos.py:38) (zauonlok___renderer)
09/12/2024 05:44:12 PM logger_zauonlok___renderer DEBUG [ 66%] Building C object CMakeFiles/Viewer.dir/renderer/shaders/cache_helper.c.o (install_repos.py:38) (zauonlok___renderer)
09/12/2024 05:44:12 PM logger_zauonlok___renderer DEBUG [ 70%] Building C object CMakeFiles/Viewer.dir/renderer/shaders/pbr_shader.c.o (install_repos.py:38) (zauonlok___renderer)
09/12/2024 05:44:12 PM logger_zauonlok___renderer DEBUG [ 75%] Building C object CMakeFiles/Viewer.dir/renderer/shaders/skybox_shader.c.o (install_repos.py:38) (zauonlok___renderer)
09/12/2024 05:44:12 PM logger_zauonlok___renderer DEBUG [ 79%] Building C object CMakeFiles/Viewer.dir/renderer/tests/test_blinn.c.o (install_repos.py:38) (zauonlok___renderer)
09/12/2024 05:44:12 PM logger_zauonlok___renderer DEBUG [ 83%] Building C object CMakeFiles/Viewer.dir/renderer/tests/test_helper.c.o (install_repos.py:38) (zauonlok___renderer)
09/12/2024 05:44:12 PM logger_zauonlok___renderer DEBUG [ 87%] Building C object CMakeFiles/Viewer.dir/renderer/tests/test_pbr.c.o (install_repos.py:38) (zauonlok___renderer)
09/12/2024 05:44:12 PM logger_zauonlok___renderer DEBUG [ 91%] Building C object CMakeFiles/Viewer.dir/renderer/main.c.o (install_repos.py:38) (zauonlok___renderer)
09/12/2024 05:44:12 PM logger_zauonlok___renderer DEBUG [ 95%] Building C object CMakeFiles/Viewer.dir/renderer/platforms/linux.c.o (install_repos.py:38) (zauonlok___renderer)
09/12/2024 05:44:12 PM logger_zauonlok___renderer DEBUG /INSTALL_C/repos/repos_400_c_round_two/zauonlok___renderer/renderer/platforms/linux.c:6:10: fatal error: X11/Xlib.h: No such file or directory (install_repos.py:38) (zauonlok___renderer)
09/12/2024 05:44:12 PM logger_zauonlok___renderer DEBUG 6 | #include <X11/Xlib.h> (install_repos.py:38) (zauonlok___renderer)
09/12/2024 05:44:12 PM logger_zauonlok___renderer DEBUG |          ^~~~~~~~~~~~ (install_repos.py:38) (zauonlok___renderer)
09/12/2024 05:44:12 PM logger_zauonlok___renderer DEBUG compilation terminated. (install_repos.py:38) (zauonlok___renderer)
09/12/2024 05:44:12 PM logger_zauonlok___renderer DEBUG gmake[2]: *** [CMakeFiles/Viewer.dir/build.make:384: CMakeFiles/Viewer.dir/renderer/platforms/linux.c.o] Error 1 (install_repos.py:38) (zauonlok___renderer)
09/12/2024 05:44:12 PM logger_zauonlok___renderer DEBUG gmake[1]: *** [CMakeFiles/Makefile2:83: CMakeFiles/Viewer.dir/all] Error 2 (install_repos.py:38) (zauonlok___renderer)
09/12/2024 05:44:12 PM logger_zauonlok___renderer DEBUG gmake: *** [Makefile:91: all] Error 2 (install_repos.py:38) (zauonlok___renderer)
09/12/2024 05:44:12 PM logger_zauonlok___renderer ERROR Error: Build failed for zauonlok___renderer
Build failed for reason: cmake build failed (install_repos.py:295) (zauonlok___renderer)
