09/12/2024 05:36:49 PM logger_zmap___zmap INFO <<<<<<<<<<<<<<<<<< Logger setup anew <<<<<<<<<<<<<<<<<<< (utils.py:39) (zmap___zmap)
09/12/2024 05:36:49 PM logger_zmap___zmap INFO Analyzing repos/repos_400_c_round_two/zmap___zmap (install_repos.py:285) (zmap___zmap)
09/12/2024 05:36:49 PM logger_zmap___zmap INFO Checking for build system in repos/repos_400_c_round_two/zmap___zmap/src (install_repos.py:267) (zmap___zmap)
09/12/2024 05:36:49 PM logger_zmap___zmap INFO Checking for build system in repos/repos_400_c_round_two/zmap___zmap/src (install_repos.py:267) (zmap___zmap)
09/12/2024 05:36:49 PM logger_zmap___zmap INFO Running command: rm -rf build/ (install_repos.py:20) (zmap___zmap)
09/12/2024 05:36:49 PM logger_zmap___zmap INFO Logging output to: logs/repos/repos_400_c_round_two_install_logs_with_make_cmake_gradlew_meson_scons_bazel_2024-09-12_17-35-05/zmap___zmap_build.log (install_repos.py:21) (zmap___zmap)
09/12/2024 05:36:49 PM logger_zmap___zmap INFO Running command: rm -rf CMakeCache.txt (install_repos.py:20) (zmap___zmap)
09/12/2024 05:36:49 PM logger_zmap___zmap INFO Logging output to: logs/repos/repos_400_c_round_two_install_logs_with_make_cmake_gradlew_meson_scons_bazel_2024-09-12_17-35-05/zmap___zmap_build.log (install_repos.py:21) (zmap___zmap)
09/12/2024 05:36:49 PM logger_zmap___zmap INFO Running command: rm -rf CMakeFiles/ (install_repos.py:20) (zmap___zmap)
09/12/2024 05:36:49 PM logger_zmap___zmap INFO Logging output to: logs/repos/repos_400_c_round_two_install_logs_with_make_cmake_gradlew_meson_scons_bazel_2024-09-12_17-35-05/zmap___zmap_build.log (install_repos.py:21) (zmap___zmap)
09/12/2024 05:36:49 PM logger_zmap___zmap INFO Running CMake (install_repos.py:141) (zmap___zmap)
09/12/2024 05:36:49 PM logger_zmap___zmap INFO Running command: cmake .. (install_repos.py:20) (zmap___zmap)
09/12/2024 05:36:49 PM logger_zmap___zmap INFO Logging output to: logs/repos/repos_400_c_round_two_install_logs_with_make_cmake_gradlew_meson_scons_bazel_2024-09-12_17-35-05/build_build.log (install_repos.py:21) (zmap___zmap)
09/12/2024 05:36:49 PM logger_zmap___zmap DEBUG -- The C compiler identification is GNU 12.2.0 (install_repos.py:38) (zmap___zmap)
09/12/2024 05:36:50 PM logger_zmap___zmap DEBUG -- Detecting C compiler ABI info (install_repos.py:38) (zmap___zmap)
09/12/2024 05:36:50 PM logger_zmap___zmap DEBUG -- Detecting C compiler ABI info - done (install_repos.py:38) (zmap___zmap)
09/12/2024 05:36:50 PM logger_zmap___zmap DEBUG -- Check for working C compiler: /usr/bin/cc - skipped (install_repos.py:38) (zmap___zmap)
09/12/2024 05:36:50 PM logger_zmap___zmap DEBUG -- Detecting C compile features (install_repos.py:38) (zmap___zmap)
09/12/2024 05:36:50 PM logger_zmap___zmap DEBUG -- Detecting C compile features - done (install_repos.py:38) (zmap___zmap)
09/12/2024 05:36:50 PM logger_zmap___zmap DEBUG CMake Error at CMakeLists.txt:50 (message): (install_repos.py:38) (zmap___zmap)
09/12/2024 05:36:50 PM logger_zmap___zmap DEBUG Missing dependency: did not find Judy library, please install Judy or (install_repos.py:38) (zmap___zmap)
09/12/2024 05:36:50 PM logger_zmap___zmap DEBUG equivalent.  More details in INSTALL.md (install_repos.py:38) (zmap___zmap)
09/12/2024 05:36:50 PM logger_zmap___zmap DEBUG  (install_repos.py:38) (zmap___zmap)
09/12/2024 05:36:50 PM logger_zmap___zmap DEBUG  (install_repos.py:38) (zmap___zmap)
09/12/2024 05:36:50 PM logger_zmap___zmap DEBUG -- Configuring incomplete, errors occurred! (install_repos.py:38) (zmap___zmap)
09/12/2024 05:36:50 PM logger_zmap___zmap DEBUG See also "/INSTALL_C/repos/repos_400_c_round_two/zmap___zmap/build/CMakeFiles/CMakeOutput.log". (install_repos.py:38) (zmap___zmap)
09/12/2024 05:36:50 PM logger_zmap___zmap ERROR Error: Build failed for zmap___zmap
Build failed for reason: cmake failed (install_repos.py:295) (zmap___zmap)
