10/07/2024 12:49:46 AM logger_apache___httpd INFO <<<<<<<<<<<<<<<<<< Logger setup anew <<<<<<<<<<<<<<<<<<< (utils.py:39) (apache___httpd)
10/07/2024 12:49:46 AM logger_apache___httpd INFO Analyzing repos/apache___httpd (install_repos.py:338) (apache___httpd)
10/07/2024 12:49:46 AM logger_apache___httpd INFO Running command: rm -rf build/ (install_repos.py:21) (apache___httpd)
10/07/2024 12:49:46 AM logger_apache___httpd INFO Logging output to: logs/repos_400_c_round_two_with_manual_installation_of_missing_packages_2024-10-07_00-38-25/apache___httpd_build.log (install_repos.py:22) (apache___httpd)
10/07/2024 12:49:46 AM logger_apache___httpd INFO Running command: rm -rf CMakeCache.txt (install_repos.py:21) (apache___httpd)
10/07/2024 12:49:46 AM logger_apache___httpd INFO Logging output to: logs/repos_400_c_round_two_with_manual_installation_of_missing_packages_2024-10-07_00-38-25/apache___httpd_build.log (install_repos.py:22) (apache___httpd)
10/07/2024 12:49:46 AM logger_apache___httpd INFO Running command: rm -rf CMakeFiles/ (install_repos.py:21) (apache___httpd)
10/07/2024 12:49:46 AM logger_apache___httpd INFO Logging output to: logs/repos_400_c_round_two_with_manual_installation_of_missing_packages_2024-10-07_00-38-25/apache___httpd_build.log (install_repos.py:22) (apache___httpd)
10/07/2024 12:49:46 AM logger_apache___httpd INFO Running CMake (install_repos.py:153) (apache___httpd)
10/07/2024 12:49:46 AM logger_apache___httpd INFO Running command: cmake .. (install_repos.py:21) (apache___httpd)
10/07/2024 12:49:46 AM logger_apache___httpd INFO Logging output to: logs/repos_400_c_round_two_with_manual_installation_of_missing_packages_2024-10-07_00-38-25/build_build.log (install_repos.py:22) (apache___httpd)
10/07/2024 12:49:46 AM logger_apache___httpd DEBUG -- The C compiler identification is GNU 9.4.0 (install_repos.py:39) (apache___httpd)
10/07/2024 12:49:46 AM logger_apache___httpd DEBUG -- Check for working C compiler: /usr/bin/cc (install_repos.py:39) (apache___httpd)
10/07/2024 12:49:46 AM logger_apache___httpd DEBUG -- Check for working C compiler: /usr/bin/cc -- works (install_repos.py:39) (apache___httpd)
10/07/2024 12:49:46 AM logger_apache___httpd DEBUG -- Detecting C compiler ABI info (install_repos.py:39) (apache___httpd)
10/07/2024 12:49:46 AM logger_apache___httpd DEBUG -- Detecting C compiler ABI info - done (install_repos.py:39) (apache___httpd)
10/07/2024 12:49:46 AM logger_apache___httpd DEBUG -- Detecting C compile features (install_repos.py:39) (apache___httpd)
10/07/2024 12:49:46 AM logger_apache___httpd DEBUG -- Detecting C compile features - done (install_repos.py:39) (apache___httpd)
10/07/2024 12:49:46 AM logger_apache___httpd DEBUG CMake Error at CMakeLists.txt:26 (INCLUDE): (install_repos.py:39) (apache___httpd)
10/07/2024 12:49:46 AM logger_apache___httpd DEBUG INCLUDE could not find load file: (install_repos.py:39) (apache___httpd)
10/07/2024 12:49:46 AM logger_apache___httpd DEBUG  (install_repos.py:39) (apache___httpd)
10/07/2024 12:49:46 AM logger_apache___httpd DEBUG build/build-modules-c.cmake (install_repos.py:39) (apache___httpd)
10/07/2024 12:49:46 AM logger_apache___httpd DEBUG  (install_repos.py:39) (apache___httpd)
10/07/2024 12:49:46 AM logger_apache___httpd DEBUG  (install_repos.py:39) (apache___httpd)
10/07/2024 12:49:46 AM logger_apache___httpd DEBUG -- Could NOT find LibXml2 (missing: LIBXML2_LIBRARY LIBXML2_INCLUDE_DIR) (install_repos.py:39) (apache___httpd)
10/07/2024 12:49:46 AM logger_apache___httpd DEBUG -- Could NOT find Lua51 (missing: LUA_LIBRARIES LUA_INCLUDE_DIR) (install_repos.py:39) (apache___httpd)
10/07/2024 12:49:46 AM logger_apache___httpd DEBUG -- Found OpenSSL: /usr/lib/x86_64-linux-gnu/libcrypto.so (found version "1.1.1f") (install_repos.py:39) (apache___httpd)
10/07/2024 12:49:46 AM logger_apache___httpd DEBUG -- Found ZLIB: /usr/lib/x86_64-linux-gnu/libz.so (found version "1.2.11") (install_repos.py:39) (apache___httpd)
10/07/2024 12:49:46 AM logger_apache___httpd DEBUG -- Could NOT find CURL (missing: CURL_LIBRARY CURL_INCLUDE_DIR) (install_repos.py:39) (apache___httpd)
10/07/2024 12:49:46 AM logger_apache___httpd DEBUG CMake Warning at CMakeLists.txt:33 (FIND_PACKAGE): (install_repos.py:39) (apache___httpd)
10/07/2024 12:49:46 AM logger_apache___httpd DEBUG By not providing "FindPCRE2.cmake" in CMAKE_MODULE_PATH this project has (install_repos.py:39) (apache___httpd)
10/07/2024 12:49:46 AM logger_apache___httpd DEBUG asked CMake to find a package configuration file provided by "PCRE2", but (install_repos.py:39) (apache___httpd)
10/07/2024 12:49:46 AM logger_apache___httpd DEBUG CMake did not find one. (install_repos.py:39) (apache___httpd)
10/07/2024 12:49:46 AM logger_apache___httpd DEBUG  (install_repos.py:39) (apache___httpd)
10/07/2024 12:49:46 AM logger_apache___httpd DEBUG Could not find a package configuration file provided by "PCRE2" with any of (install_repos.py:39) (apache___httpd)
10/07/2024 12:49:46 AM logger_apache___httpd DEBUG the following names: (install_repos.py:39) (apache___httpd)
10/07/2024 12:49:46 AM logger_apache___httpd DEBUG  (install_repos.py:39) (apache___httpd)
10/07/2024 12:49:46 AM logger_apache___httpd DEBUG PCRE2Config.cmake (install_repos.py:39) (apache___httpd)
10/07/2024 12:49:46 AM logger_apache___httpd DEBUG pcre2-config.cmake (install_repos.py:39) (apache___httpd)
10/07/2024 12:49:46 AM logger_apache___httpd DEBUG  (install_repos.py:39) (apache___httpd)
10/07/2024 12:49:46 AM logger_apache___httpd DEBUG Add the installation prefix of "PCRE2" to CMAKE_PREFIX_PATH or set (install_repos.py:39) (apache___httpd)
10/07/2024 12:49:46 AM logger_apache___httpd DEBUG "PCRE2_DIR" to a directory containing one of the above files.  If "PCRE2" (install_repos.py:39) (apache___httpd)
10/07/2024 12:49:46 AM logger_apache___httpd DEBUG provides a separate development package or SDK, be sure it has been (install_repos.py:39) (apache___httpd)
10/07/2024 12:49:46 AM logger_apache___httpd DEBUG installed. (install_repos.py:39) (apache___httpd)
10/07/2024 12:49:46 AM logger_apache___httpd DEBUG  (install_repos.py:39) (apache___httpd)
10/07/2024 12:49:46 AM logger_apache___httpd DEBUG  (install_repos.py:39) (apache___httpd)
10/07/2024 12:49:46 AM logger_apache___httpd DEBUG CMake Error at CMakeLists.txt:137 (MESSAGE): (install_repos.py:39) (apache___httpd)
10/07/2024 12:49:46 AM logger_apache___httpd DEBUG APR include directory /usr/local/include is not correct. (install_repos.py:39) (apache___httpd)
10/07/2024 12:49:46 AM logger_apache___httpd DEBUG  (install_repos.py:39) (apache___httpd)
10/07/2024 12:49:46 AM logger_apache___httpd DEBUG  (install_repos.py:39) (apache___httpd)
10/07/2024 12:49:46 AM logger_apache___httpd DEBUG -- Configuring incomplete, errors occurred! (install_repos.py:39) (apache___httpd)
10/07/2024 12:49:46 AM logger_apache___httpd DEBUG See also "/INSTALL_C/repos/apache___httpd/build/CMakeFiles/CMakeOutput.log". (install_repos.py:39) (apache___httpd)
10/07/2024 12:49:46 AM logger_apache___httpd ERROR Error: Build failed for apache___httpd
Build failed for reason: cmake failed (install_repos.py:353) (apache___httpd)
