10/07/2024 12:38:26 AM logger_brgl___libgpiod INFO <<<<<<<<<<<<<<<<<< Logger setup anew <<<<<<<<<<<<<<<<<<< (utils.py:39) (brgl___libgpiod)
10/07/2024 12:38:26 AM logger_brgl___libgpiod INFO Analyzing repos/brgl___libgpiod (install_repos.py:338) (brgl___libgpiod)
10/07/2024 12:38:26 AM logger_brgl___libgpiod INFO Running autoreconf (install_repos.py:91) (brgl___libgpiod)
10/07/2024 12:38:26 AM logger_brgl___libgpiod INFO Running command: autoreconf -i (install_repos.py:21) (brgl___libgpiod)
10/07/2024 12:38:26 AM logger_brgl___libgpiod INFO Logging output to: logs/repos_400_c_round_two_with_manual_installation_of_missing_packages_2024-10-07_00-38-25/brgl___libgpiod_build.log (install_repos.py:22) (brgl___libgpiod)
10/07/2024 12:38:27 AM logger_brgl___libgpiod DEBUG aclocal: warning: couldn't open directory 'm4': No such file or directory (install_repos.py:39) (brgl___libgpiod)
10/07/2024 12:38:29 AM logger_brgl___libgpiod DEBUG libtoolize: putting auxiliary files in AC_CONFIG_AUX_DIR, 'autostuff'. (install_repos.py:39) (brgl___libgpiod)
10/07/2024 12:38:29 AM logger_brgl___libgpiod DEBUG libtoolize: copying file 'autostuff/ltmain.sh' (install_repos.py:39) (brgl___libgpiod)
10/07/2024 12:38:29 AM logger_brgl___libgpiod DEBUG libtoolize: putting macros in AC_CONFIG_MACRO_DIRS, 'm4'. (install_repos.py:39) (brgl___libgpiod)
10/07/2024 12:38:29 AM logger_brgl___libgpiod DEBUG libtoolize: copying file 'm4/libtool.m4' (install_repos.py:39) (brgl___libgpiod)
10/07/2024 12:38:29 AM logger_brgl___libgpiod DEBUG libtoolize: copying file 'm4/ltoptions.m4' (install_repos.py:39) (brgl___libgpiod)
10/07/2024 12:38:29 AM logger_brgl___libgpiod DEBUG libtoolize: copying file 'm4/ltsugar.m4' (install_repos.py:39) (brgl___libgpiod)
10/07/2024 12:38:29 AM logger_brgl___libgpiod DEBUG libtoolize: copying file 'm4/ltversion.m4' (install_repos.py:39) (brgl___libgpiod)
10/07/2024 12:38:29 AM logger_brgl___libgpiod DEBUG libtoolize: copying file 'm4/lt~obsolete.m4' (install_repos.py:39) (brgl___libgpiod)
10/07/2024 12:38:31 AM logger_brgl___libgpiod DEBUG configure.ac:207: error: Unexpanded AX_ macro found. Please install GNU autoconf-archive. (install_repos.py:39) (brgl___libgpiod)
10/07/2024 12:38:31 AM logger_brgl___libgpiod DEBUG If this token and others are legitimate, please use m4_pattern_allow. (install_repos.py:39) (brgl___libgpiod)
10/07/2024 12:38:31 AM logger_brgl___libgpiod DEBUG See the Autoconf documentation. (install_repos.py:39) (brgl___libgpiod)
10/07/2024 12:38:31 AM logger_brgl___libgpiod DEBUG autoreconf: /usr/bin/autoconf failed with exit status: 1 (install_repos.py:39) (brgl___libgpiod)
10/07/2024 12:38:31 AM logger_brgl___libgpiod ERROR Error: Build failed for brgl___libgpiod
Build failed for reason: autoreconf failed (install_repos.py:353) (brgl___libgpiod)
