10/07/2024 12:43:52 AM logger_kcat___openal-soft INFO <<<<<<<<<<<<<<<<<< Logger setup anew <<<<<<<<<<<<<<<<<<< (utils.py:39) (kcat___openal-soft)
10/07/2024 12:43:52 AM logger_kcat___openal-soft INFO Analyzing repos/kcat___openal-soft (install_repos.py:338) (kcat___openal-soft)
10/07/2024 12:43:52 AM logger_kcat___openal-soft INFO Running command: rm -rf build/ (install_repos.py:21) (kcat___openal-soft)
10/07/2024 12:43:52 AM logger_kcat___openal-soft INFO Logging output to: logs/repos_400_c_round_two_with_manual_installation_of_missing_packages_2024-10-07_00-38-25/kcat___openal-soft_build.log (install_repos.py:22) (kcat___openal-soft)
10/07/2024 12:43:52 AM logger_kcat___openal-soft INFO Running command: rm -rf CMakeCache.txt (install_repos.py:21) (kcat___openal-soft)
10/07/2024 12:43:52 AM logger_kcat___openal-soft INFO Logging output to: logs/repos_400_c_round_two_with_manual_installation_of_missing_packages_2024-10-07_00-38-25/kcat___openal-soft_build.log (install_repos.py:22) (kcat___openal-soft)
10/07/2024 12:43:52 AM logger_kcat___openal-soft INFO Running command: rm -rf CMakeFiles/ (install_repos.py:21) (kcat___openal-soft)
10/07/2024 12:43:52 AM logger_kcat___openal-soft INFO Logging output to: logs/repos_400_c_round_two_with_manual_installation_of_missing_packages_2024-10-07_00-38-25/kcat___openal-soft_build.log (install_repos.py:22) (kcat___openal-soft)
10/07/2024 12:43:52 AM logger_kcat___openal-soft INFO Running CMake (install_repos.py:153) (kcat___openal-soft)
10/07/2024 12:43:52 AM logger_kcat___openal-soft INFO Running command: cmake .. (install_repos.py:21) (kcat___openal-soft)
10/07/2024 12:43:52 AM logger_kcat___openal-soft INFO Logging output to: logs/repos_400_c_round_two_with_manual_installation_of_missing_packages_2024-10-07_00-38-25/build_build.log (install_repos.py:22) (kcat___openal-soft)
10/07/2024 12:43:52 AM logger_kcat___openal-soft DEBUG -- The C compiler identification is GNU 9.4.0 (install_repos.py:39) (kcat___openal-soft)
10/07/2024 12:43:52 AM logger_kcat___openal-soft DEBUG -- The CXX compiler identification is GNU 9.4.0 (install_repos.py:39) (kcat___openal-soft)
10/07/2024 12:43:52 AM logger_kcat___openal-soft DEBUG -- Check for working C compiler: /usr/bin/cc (install_repos.py:39) (kcat___openal-soft)
10/07/2024 12:43:53 AM logger_kcat___openal-soft DEBUG -- Check for working C compiler: /usr/bin/cc -- works (install_repos.py:39) (kcat___openal-soft)
10/07/2024 12:43:53 AM logger_kcat___openal-soft DEBUG -- Detecting C compiler ABI info (install_repos.py:39) (kcat___openal-soft)
10/07/2024 12:43:53 AM logger_kcat___openal-soft DEBUG -- Detecting C compiler ABI info - done (install_repos.py:39) (kcat___openal-soft)
10/07/2024 12:43:53 AM logger_kcat___openal-soft DEBUG -- Detecting C compile features (install_repos.py:39) (kcat___openal-soft)
10/07/2024 12:43:53 AM logger_kcat___openal-soft DEBUG -- Detecting C compile features - done (install_repos.py:39) (kcat___openal-soft)
10/07/2024 12:43:53 AM logger_kcat___openal-soft DEBUG -- Check for working CXX compiler: /usr/bin/c++ (install_repos.py:39) (kcat___openal-soft)
10/07/2024 12:43:53 AM logger_kcat___openal-soft DEBUG -- Check for working CXX compiler: /usr/bin/c++ -- works (install_repos.py:39) (kcat___openal-soft)
10/07/2024 12:43:53 AM logger_kcat___openal-soft DEBUG -- Detecting CXX compiler ABI info (install_repos.py:39) (kcat___openal-soft)
10/07/2024 12:43:53 AM logger_kcat___openal-soft DEBUG -- Detecting CXX compiler ABI info - done (install_repos.py:39) (kcat___openal-soft)
10/07/2024 12:43:53 AM logger_kcat___openal-soft DEBUG -- Detecting CXX compile features (install_repos.py:39) (kcat___openal-soft)
10/07/2024 12:43:53 AM logger_kcat___openal-soft DEBUG -- Detecting CXX compile features - done (install_repos.py:39) (kcat___openal-soft)
10/07/2024 12:43:53 AM logger_kcat___openal-soft DEBUG -- Found PkgConfig: /usr/bin/pkg-config (found version "0.29.1") (install_repos.py:39) (kcat___openal-soft)
10/07/2024 12:43:53 AM logger_kcat___openal-soft DEBUG -- Performing Test HAVE_STDC_FORMAT_MACROS (install_repos.py:39) (kcat___openal-soft)
10/07/2024 12:43:53 AM logger_kcat___openal-soft DEBUG -- Performing Test HAVE_STDC_FORMAT_MACROS - Success (install_repos.py:39) (kcat___openal-soft)
10/07/2024 12:43:53 AM logger_kcat___openal-soft DEBUG -- Performing Test HAVE_LIBATOMIC (install_repos.py:39) (kcat___openal-soft)
10/07/2024 12:43:53 AM logger_kcat___openal-soft DEBUG -- Performing Test HAVE_LIBATOMIC - Success (install_repos.py:39) (kcat___openal-soft)
10/07/2024 12:43:53 AM logger_kcat___openal-soft DEBUG -- Performing Test HAVE_WNO_CXX20_ATTR_EXT (install_repos.py:39) (kcat___openal-soft)
10/07/2024 12:43:53 AM logger_kcat___openal-soft DEBUG -- Performing Test HAVE_WNO_CXX20_ATTR_EXT - Success (install_repos.py:39) (kcat___openal-soft)
10/07/2024 12:43:53 AM logger_kcat___openal-soft DEBUG -- Performing Test HAVE_WNO_INTERFERENCE_SIZE (install_repos.py:39) (kcat___openal-soft)
10/07/2024 12:43:53 AM logger_kcat___openal-soft DEBUG -- Performing Test HAVE_WNO_INTERFERENCE_SIZE - Success (install_repos.py:39) (kcat___openal-soft)
10/07/2024 12:43:53 AM logger_kcat___openal-soft DEBUG -- Performing Test HAVE_FNO_MATH_ERRNO (install_repos.py:39) (kcat___openal-soft)
10/07/2024 12:43:53 AM logger_kcat___openal-soft DEBUG -- Performing Test HAVE_FNO_MATH_ERRNO - Success (install_repos.py:39) (kcat___openal-soft)
10/07/2024 12:43:53 AM logger_kcat___openal-soft DEBUG -- Performing Test HAVE_GCC_PROTECTED_VISIBILITY (install_repos.py:39) (kcat___openal-soft)
10/07/2024 12:43:53 AM logger_kcat___openal-soft DEBUG -- Performing Test HAVE_GCC_PROTECTED_VISIBILITY - Success (install_repos.py:39) (kcat___openal-soft)
10/07/2024 12:43:53 AM logger_kcat___openal-soft DEBUG -- Performing Test HAVE_MSSE2_SWITCH (install_repos.py:39) (kcat___openal-soft)
10/07/2024 12:43:53 AM logger_kcat___openal-soft DEBUG -- Performing Test HAVE_MSSE2_SWITCH - Success (install_repos.py:39) (kcat___openal-soft)
10/07/2024 12:43:53 AM logger_kcat___openal-soft DEBUG -- Looking for xmmintrin.h (install_repos.py:39) (kcat___openal-soft)
10/07/2024 12:43:53 AM logger_kcat___openal-soft DEBUG -- Looking for xmmintrin.h - found (install_repos.py:39) (kcat___openal-soft)
10/07/2024 12:43:53 AM logger_kcat___openal-soft DEBUG -- Looking for emmintrin.h (install_repos.py:39) (kcat___openal-soft)
10/07/2024 12:43:53 AM logger_kcat___openal-soft DEBUG -- Looking for emmintrin.h - found (install_repos.py:39) (kcat___openal-soft)
10/07/2024 12:43:53 AM logger_kcat___openal-soft DEBUG -- Looking for pmmintrin.h (install_repos.py:39) (kcat___openal-soft)
10/07/2024 12:43:53 AM logger_kcat___openal-soft DEBUG -- Looking for pmmintrin.h - found (install_repos.py:39) (kcat___openal-soft)
10/07/2024 12:43:53 AM logger_kcat___openal-soft DEBUG -- Looking for smmintrin.h (install_repos.py:39) (kcat___openal-soft)
10/07/2024 12:43:53 AM logger_kcat___openal-soft DEBUG -- Looking for smmintrin.h - found (install_repos.py:39) (kcat___openal-soft)
10/07/2024 12:43:53 AM logger_kcat___openal-soft DEBUG -- Looking for arm_neon.h (install_repos.py:39) (kcat___openal-soft)
10/07/2024 12:43:53 AM logger_kcat___openal-soft DEBUG -- Looking for arm_neon.h - not found (install_repos.py:39) (kcat___openal-soft)
10/07/2024 12:43:53 AM logger_kcat___openal-soft DEBUG -- Performing Test HAVE_SSE_INTRINSICS (install_repos.py:39) (kcat___openal-soft)
10/07/2024 12:43:54 AM logger_kcat___openal-soft DEBUG -- Performing Test HAVE_SSE_INTRINSICS - Success (install_repos.py:39) (kcat___openal-soft)
10/07/2024 12:43:54 AM logger_kcat___openal-soft DEBUG -- Looking for cpuid.h (install_repos.py:39) (kcat___openal-soft)
10/07/2024 12:43:54 AM logger_kcat___openal-soft DEBUG -- Looking for cpuid.h - found (install_repos.py:39) (kcat___openal-soft)
10/07/2024 12:43:54 AM logger_kcat___openal-soft DEBUG -- Looking for intrin.h (install_repos.py:39) (kcat___openal-soft)
10/07/2024 12:43:54 AM logger_kcat___openal-soft DEBUG -- Looking for intrin.h - not found (install_repos.py:39) (kcat___openal-soft)
10/07/2024 12:43:54 AM logger_kcat___openal-soft DEBUG -- Looking for guiddef.h (install_repos.py:39) (kcat___openal-soft)
10/07/2024 12:43:54 AM logger_kcat___openal-soft DEBUG -- Looking for guiddef.h - not found (install_repos.py:39) (kcat___openal-soft)
10/07/2024 12:43:54 AM logger_kcat___openal-soft DEBUG -- Looking for pow in m (install_repos.py:39) (kcat___openal-soft)
10/07/2024 12:43:54 AM logger_kcat___openal-soft DEBUG -- Looking for pow in m - found (install_repos.py:39) (kcat___openal-soft)
10/07/2024 12:43:54 AM logger_kcat___openal-soft DEBUG -- Looking for clock_gettime in rt (install_repos.py:39) (kcat___openal-soft)
10/07/2024 12:43:54 AM logger_kcat___openal-soft DEBUG -- Looking for clock_gettime in rt - found (install_repos.py:39) (kcat___openal-soft)
10/07/2024 12:43:54 AM logger_kcat___openal-soft DEBUG -- Looking for dlfcn.h (install_repos.py:39) (kcat___openal-soft)
10/07/2024 12:43:54 AM logger_kcat___openal-soft DEBUG -- Looking for dlfcn.h - found (install_repos.py:39) (kcat___openal-soft)
10/07/2024 12:43:54 AM logger_kcat___openal-soft DEBUG -- Looking for dlopen in dl (install_repos.py:39) (kcat___openal-soft)
10/07/2024 12:43:54 AM logger_kcat___openal-soft DEBUG -- Looking for dlopen in dl - found (install_repos.py:39) (kcat___openal-soft)
10/07/2024 12:43:54 AM logger_kcat___openal-soft DEBUG -- Performing Test HAVE_GCC_GET_CPUID (install_repos.py:39) (kcat___openal-soft)
10/07/2024 12:43:54 AM logger_kcat___openal-soft DEBUG -- Performing Test HAVE_GCC_GET_CPUID - Success (install_repos.py:39) (kcat___openal-soft)
10/07/2024 12:43:54 AM logger_kcat___openal-soft DEBUG -- Looking for proc_pidpath (install_repos.py:39) (kcat___openal-soft)
10/07/2024 12:43:54 AM logger_kcat___openal-soft DEBUG -- Looking for proc_pidpath - not found (install_repos.py:39) (kcat___openal-soft)
10/07/2024 12:43:54 AM logger_kcat___openal-soft DEBUG -- Looking for pthread.h (install_repos.py:39) (kcat___openal-soft)
10/07/2024 12:43:54 AM logger_kcat___openal-soft DEBUG -- Looking for pthread.h - found (install_repos.py:39) (kcat___openal-soft)
10/07/2024 12:43:54 AM logger_kcat___openal-soft DEBUG -- Performing Test HAVE_PTHREAD (install_repos.py:39) (kcat___openal-soft)
10/07/2024 12:43:54 AM logger_kcat___openal-soft DEBUG -- Performing Test HAVE_PTHREAD - Success (install_repos.py:39) (kcat___openal-soft)
10/07/2024 12:43:54 AM logger_kcat___openal-soft DEBUG -- Looking for pthread_setschedparam (install_repos.py:39) (kcat___openal-soft)
10/07/2024 12:43:54 AM logger_kcat___openal-soft DEBUG -- Looking for pthread_setschedparam - found (install_repos.py:39) (kcat___openal-soft)
10/07/2024 12:43:54 AM logger_kcat___openal-soft DEBUG -- Looking for include files pthread.h, pthread_np.h (install_repos.py:39) (kcat___openal-soft)
10/07/2024 12:43:54 AM logger_kcat___openal-soft DEBUG -- Looking for include files pthread.h, pthread_np.h - not found (install_repos.py:39) (kcat___openal-soft)
10/07/2024 12:43:54 AM logger_kcat___openal-soft DEBUG -- Looking for pthread_setname_np (install_repos.py:39) (kcat___openal-soft)
10/07/2024 12:43:54 AM logger_kcat___openal-soft DEBUG -- Looking for pthread_setname_np - not found (install_repos.py:39) (kcat___openal-soft)
10/07/2024 12:43:54 AM logger_kcat___openal-soft DEBUG -- Looking for pthread_set_name_np (install_repos.py:39) (kcat___openal-soft)
10/07/2024 12:43:54 AM logger_kcat___openal-soft DEBUG -- Looking for pthread_set_name_np - not found (install_repos.py:39) (kcat___openal-soft)
10/07/2024 12:43:54 AM logger_kcat___openal-soft DEBUG -- Checking for module 'libpipewire-0.3>=0.3.23' (install_repos.py:39) (kcat___openal-soft)
10/07/2024 12:43:54 AM logger_kcat___openal-soft DEBUG --   No package 'libpipewire-0.3' found (install_repos.py:39) (kcat___openal-soft)
10/07/2024 12:43:54 AM logger_kcat___openal-soft DEBUG -- Found PulseAudio: /usr/lib/x86_64-linux-gnu/libpulse.so (found version "13.99.0") (install_repos.py:39) (kcat___openal-soft)
10/07/2024 12:43:54 AM logger_kcat___openal-soft DEBUG -- Found ALSA: /usr/lib/x86_64-linux-gnu/libasound.so (found version "1.2.2") (install_repos.py:39) (kcat___openal-soft)
10/07/2024 12:43:54 AM logger_kcat___openal-soft DEBUG -- Found OSS: /usr/include/x86_64-linux-gnu (install_repos.py:39) (kcat___openal-soft)
10/07/2024 12:43:54 AM logger_kcat___openal-soft DEBUG -- Could NOT find AudioIO (missing: AUDIOIO_INCLUDE_DIR) (install_repos.py:39) (kcat___openal-soft)
10/07/2024 12:43:54 AM logger_kcat___openal-soft DEBUG -- Found JACK: /usr/lib/x86_64-linux-gnu/libjack.so (install_repos.py:39) (kcat___openal-soft)
10/07/2024 12:43:54 AM logger_kcat___openal-soft DEBUG -- Could NOT find OpenSL (missing: OPENSL_LIBRARY OPENSL_INCLUDE_DIR OPENSL_ANDROID_INCLUDE_DIR) (install_repos.py:39) (kcat___openal-soft)
10/07/2024 12:43:54 AM logger_kcat___openal-soft DEBUG -- Found PortAudio: /usr/lib/x86_64-linux-gnu/libportaudio.so (install_repos.py:39) (kcat___openal-soft)
10/07/2024 12:43:54 AM logger_kcat___openal-soft DEBUG -- Found Git: /usr/bin/git (found version "2.25.1") (install_repos.py:39) (kcat___openal-soft)
10/07/2024 12:43:54 AM logger_kcat___openal-soft DEBUG -- Found ZLIB: /usr/lib/x86_64-linux-gnu/libz.so (found version "1.2.11") (install_repos.py:39) (kcat___openal-soft)
10/07/2024 12:43:54 AM logger_kcat___openal-soft DEBUG -- Could NOT find MySOFA (missing: MYSOFA_LIBRARY MYSOFA_INCLUDE_DIR) (install_repos.py:39) (kcat___openal-soft)
10/07/2024 12:43:54 AM logger_kcat___openal-soft DEBUG -- Could NOT find Qt5Widgets (install_repos.py:39) (kcat___openal-soft)
10/07/2024 12:43:54 AM logger_kcat___openal-soft DEBUG -- Found SndFile: /usr/lib/x86_64-linux-gnu/libsndfile.so (install_repos.py:39) (kcat___openal-soft)
10/07/2024 12:43:54 AM logger_kcat___openal-soft DEBUG -- Checking for module 'libavcodec' (install_repos.py:39) (kcat___openal-soft)
10/07/2024 12:43:54 AM logger_kcat___openal-soft DEBUG --   Found libavcodec, version 58.54.100 (install_repos.py:39) (kcat___openal-soft)
10/07/2024 12:43:54 AM logger_kcat___openal-soft DEBUG -- Checking for module 'libavformat' (install_repos.py:39) (kcat___openal-soft)
10/07/2024 12:43:54 AM logger_kcat___openal-soft DEBUG --   Found libavformat, version 58.29.100 (install_repos.py:39) (kcat___openal-soft)
10/07/2024 12:43:54 AM logger_kcat___openal-soft DEBUG -- Checking for module 'libavdevice' (install_repos.py:39) (kcat___openal-soft)
10/07/2024 12:43:54 AM logger_kcat___openal-soft DEBUG --   No package 'libavdevice' found (install_repos.py:39) (kcat___openal-soft)
10/07/2024 12:43:54 AM logger_kcat___openal-soft DEBUG -- Checking for module 'libavutil' (install_repos.py:39) (kcat___openal-soft)
10/07/2024 12:43:54 AM logger_kcat___openal-soft DEBUG --   Found libavutil, version 56.31.100 (install_repos.py:39) (kcat___openal-soft)
10/07/2024 12:43:54 AM logger_kcat___openal-soft DEBUG -- Checking for module 'libswscale' (install_repos.py:39) (kcat___openal-soft)
10/07/2024 12:43:54 AM logger_kcat___openal-soft DEBUG --   Found libswscale, version 5.5.100 (install_repos.py:39) (kcat___openal-soft)
10/07/2024 12:43:54 AM logger_kcat___openal-soft DEBUG -- Checking for module 'libswresample' (install_repos.py:39) (kcat___openal-soft)
10/07/2024 12:43:54 AM logger_kcat___openal-soft DEBUG --   Found libswresample, version 3.5.100 (install_repos.py:39) (kcat___openal-soft)
10/07/2024 12:43:54 AM logger_kcat___openal-soft DEBUG -- Checking for module 'libpostproc' (install_repos.py:39) (kcat___openal-soft)
10/07/2024 12:43:54 AM logger_kcat___openal-soft DEBUG --   No package 'libpostproc' found (install_repos.py:39) (kcat___openal-soft)
10/07/2024 12:43:54 AM logger_kcat___openal-soft DEBUG -- Found FFmpeg: /usr/lib/x86_64-linux-gnu/libavformat.so;/usr/lib/x86_64-linux-gnu/libavcodec.so;/usr/lib/x86_64-linux-gnu/libavutil.so;/usr/lib/x86_64-linux-gnu/libswscale.so;/usr/lib/x86_64-linux-gnu/libswresample.so;/usr/lib/x86_64-linux-gnu/libz.so (install_repos.py:39) (kcat___openal-soft)
10/07/2024 12:43:54 AM logger_kcat___openal-soft DEBUG -- (install_repos.py:39) (kcat___openal-soft)
10/07/2024 12:43:54 AM logger_kcat___openal-soft DEBUG -- Building OpenAL with support for the following backends: (install_repos.py:39) (kcat___openal-soft)
10/07/2024 12:43:54 AM logger_kcat___openal-soft DEBUG --     PulseAudio, ALSA, OSS, JACK, PortAudio, WaveFile, Null (install_repos.py:39) (kcat___openal-soft)
10/07/2024 12:43:54 AM logger_kcat___openal-soft DEBUG -- (install_repos.py:39) (kcat___openal-soft)
10/07/2024 12:43:54 AM logger_kcat___openal-soft DEBUG -- Building with support for CPU extensions: (install_repos.py:39) (kcat___openal-soft)
10/07/2024 12:43:54 AM logger_kcat___openal-soft DEBUG --     Default, SSE, SSE2, SSE3, SSE4.1 (install_repos.py:39) (kcat___openal-soft)
10/07/2024 12:43:54 AM logger_kcat___openal-soft DEBUG -- (install_repos.py:39) (kcat___openal-soft)
10/07/2024 12:43:54 AM logger_kcat___openal-soft DEBUG -- Embedding HRTF datasets (install_repos.py:39) (kcat___openal-soft)
10/07/2024 12:43:54 AM logger_kcat___openal-soft DEBUG -- (install_repos.py:39) (kcat___openal-soft)
10/07/2024 12:43:54 AM logger_kcat___openal-soft DEBUG -- Installing library and headers (install_repos.py:39) (kcat___openal-soft)
10/07/2024 12:43:54 AM logger_kcat___openal-soft DEBUG -- Installing sample configuration (install_repos.py:39) (kcat___openal-soft)
10/07/2024 12:43:54 AM logger_kcat___openal-soft DEBUG -- Installing HRTF data files (install_repos.py:39) (kcat___openal-soft)
10/07/2024 12:43:54 AM logger_kcat___openal-soft DEBUG -- Installing AmbDec presets (install_repos.py:39) (kcat___openal-soft)
10/07/2024 12:43:54 AM logger_kcat___openal-soft DEBUG -- (install_repos.py:39) (kcat___openal-soft)
10/07/2024 12:43:54 AM logger_kcat___openal-soft DEBUG -- Building utility programs (install_repos.py:39) (kcat___openal-soft)
10/07/2024 12:43:54 AM logger_kcat___openal-soft DEBUG -- (install_repos.py:39) (kcat___openal-soft)
10/07/2024 12:43:54 AM logger_kcat___openal-soft DEBUG -- Building example programs (install_repos.py:39) (kcat___openal-soft)
10/07/2024 12:43:54 AM logger_kcat___openal-soft DEBUG -- Building SndFile example programs (install_repos.py:39) (kcat___openal-soft)
10/07/2024 12:43:54 AM logger_kcat___openal-soft DEBUG -- Building SDL example programs (install_repos.py:39) (kcat___openal-soft)
10/07/2024 12:43:54 AM logger_kcat___openal-soft DEBUG -- libavformat is too old! (58.29.100, wanted 59.27.100) (install_repos.py:39) (kcat___openal-soft)
10/07/2024 12:43:54 AM logger_kcat___openal-soft DEBUG -- libavcodec is too old! (58.54.100, wanted 59.37.100) (install_repos.py:39) (kcat___openal-soft)
10/07/2024 12:43:54 AM logger_kcat___openal-soft DEBUG -- libavutil is too old! (56.31.100, wanted 57.28.100) (install_repos.py:39) (kcat___openal-soft)
10/07/2024 12:43:54 AM logger_kcat___openal-soft DEBUG -- libswscale is too old! (5.5.100, wanted 6.7.100) (install_repos.py:39) (kcat___openal-soft)
10/07/2024 12:43:54 AM logger_kcat___openal-soft DEBUG -- libswresample is too old! (3.5.100, wanted 4.7.100) (install_repos.py:39) (kcat___openal-soft)
10/07/2024 12:43:54 AM logger_kcat___openal-soft DEBUG -- (install_repos.py:39) (kcat___openal-soft)
10/07/2024 12:43:54 AM logger_kcat___openal-soft DEBUG -- Configuring done (install_repos.py:39) (kcat___openal-soft)
10/07/2024 12:43:55 AM logger_kcat___openal-soft DEBUG CMake Error at CMakeLists.txt:1787 (add_executable): (install_repos.py:39) (kcat___openal-soft)
10/07/2024 12:43:55 AM logger_kcat___openal-soft DEBUG Target "alloopback" links to target "SDL2::SDL2" but the target was not (install_repos.py:39) (kcat___openal-soft)
10/07/2024 12:43:55 AM logger_kcat___openal-soft DEBUG found.  Perhaps a find_package() call is missing for an IMPORTED target, or (install_repos.py:39) (kcat___openal-soft)
10/07/2024 12:43:55 AM logger_kcat___openal-soft DEBUG an ALIAS target is missing? (install_repos.py:39) (kcat___openal-soft)
10/07/2024 12:43:55 AM logger_kcat___openal-soft DEBUG  (install_repos.py:39) (kcat___openal-soft)
10/07/2024 12:43:55 AM logger_kcat___openal-soft DEBUG  (install_repos.py:39) (kcat___openal-soft)
10/07/2024 12:43:55 AM logger_kcat___openal-soft DEBUG -- Generating done (install_repos.py:39) (kcat___openal-soft)
10/07/2024 12:43:55 AM logger_kcat___openal-soft DEBUG CMake Generate step failed.  Build files cannot be regenerated correctly. (install_repos.py:39) (kcat___openal-soft)
10/07/2024 12:43:55 AM logger_kcat___openal-soft ERROR Error: Build failed for kcat___openal-soft
Build failed for reason: cmake failed (install_repos.py:353) (kcat___openal-soft)
