10/07/2024 12:49:45 AM logger_Mbed-TLS___mbedtls INFO <<<<<<<<<<<<<<<<<< Logger setup anew <<<<<<<<<<<<<<<<<<< (utils.py:39) (Mbed-TLS___mbedtls)
10/07/2024 12:49:45 AM logger_Mbed-TLS___mbedtls INFO Analyzing repos/Mbed-TLS___mbedtls (install_repos.py:338) (Mbed-TLS___mbedtls)
10/07/2024 12:49:45 AM logger_Mbed-TLS___mbedtls INFO Running command: rm -rf build/ (install_repos.py:21) (Mbed-TLS___mbedtls)
10/07/2024 12:49:45 AM logger_Mbed-TLS___mbedtls INFO Logging output to: logs/repos_400_c_round_two_with_manual_installation_of_missing_packages_2024-10-07_00-38-25/Mbed-TLS___mbedtls_build.log (install_repos.py:22) (Mbed-TLS___mbedtls)
10/07/2024 12:49:45 AM logger_Mbed-TLS___mbedtls INFO Running command: rm -rf CMakeCache.txt (install_repos.py:21) (Mbed-TLS___mbedtls)
10/07/2024 12:49:45 AM logger_Mbed-TLS___mbedtls INFO Logging output to: logs/repos_400_c_round_two_with_manual_installation_of_missing_packages_2024-10-07_00-38-25/Mbed-TLS___mbedtls_build.log (install_repos.py:22) (Mbed-TLS___mbedtls)
10/07/2024 12:49:45 AM logger_Mbed-TLS___mbedtls INFO Running command: rm -rf CMakeFiles/ (install_repos.py:21) (Mbed-TLS___mbedtls)
10/07/2024 12:49:45 AM logger_Mbed-TLS___mbedtls INFO Logging output to: logs/repos_400_c_round_two_with_manual_installation_of_missing_packages_2024-10-07_00-38-25/Mbed-TLS___mbedtls_build.log (install_repos.py:22) (Mbed-TLS___mbedtls)
10/07/2024 12:49:45 AM logger_Mbed-TLS___mbedtls INFO Running CMake (install_repos.py:153) (Mbed-TLS___mbedtls)
10/07/2024 12:49:45 AM logger_Mbed-TLS___mbedtls INFO Running command: cmake .. (install_repos.py:21) (Mbed-TLS___mbedtls)
10/07/2024 12:49:45 AM logger_Mbed-TLS___mbedtls INFO Logging output to: logs/repos_400_c_round_two_with_manual_installation_of_missing_packages_2024-10-07_00-38-25/build_build.log (install_repos.py:22) (Mbed-TLS___mbedtls)
10/07/2024 12:49:45 AM logger_Mbed-TLS___mbedtls DEBUG -- The C compiler identification is GNU 9.4.0 (install_repos.py:39) (Mbed-TLS___mbedtls)
10/07/2024 12:49:45 AM logger_Mbed-TLS___mbedtls DEBUG -- Check for working C compiler: /usr/bin/cc (install_repos.py:39) (Mbed-TLS___mbedtls)
10/07/2024 12:49:45 AM logger_Mbed-TLS___mbedtls DEBUG -- Check for working C compiler: /usr/bin/cc -- works (install_repos.py:39) (Mbed-TLS___mbedtls)
10/07/2024 12:49:45 AM logger_Mbed-TLS___mbedtls DEBUG -- Detecting C compiler ABI info (install_repos.py:39) (Mbed-TLS___mbedtls)
10/07/2024 12:49:45 AM logger_Mbed-TLS___mbedtls DEBUG -- Detecting C compiler ABI info - done (install_repos.py:39) (Mbed-TLS___mbedtls)
10/07/2024 12:49:45 AM logger_Mbed-TLS___mbedtls DEBUG -- Detecting C compile features (install_repos.py:39) (Mbed-TLS___mbedtls)
10/07/2024 12:49:45 AM logger_Mbed-TLS___mbedtls DEBUG -- Detecting C compile features - done (install_repos.py:39) (Mbed-TLS___mbedtls)
10/07/2024 12:49:45 AM logger_Mbed-TLS___mbedtls DEBUG -- Found Python3: /usr/bin/python3.8 (found version "3.8.10") found components: Interpreter (install_repos.py:39) (Mbed-TLS___mbedtls)
10/07/2024 12:49:45 AM logger_Mbed-TLS___mbedtls DEBUG Traceback (most recent call last): (install_repos.py:39) (Mbed-TLS___mbedtls)
10/07/2024 12:49:45 AM logger_Mbed-TLS___mbedtls DEBUG File "/INSTALL_C/repos/Mbed-TLS___mbedtls/scripts/config.py", line 19, in <module> (install_repos.py:39) (Mbed-TLS___mbedtls)
10/07/2024 12:49:45 AM logger_Mbed-TLS___mbedtls DEBUG from mbedtls_framework import config_common (install_repos.py:39) (Mbed-TLS___mbedtls)
10/07/2024 12:49:45 AM logger_Mbed-TLS___mbedtls DEBUG ModuleNotFoundError: No module named 'mbedtls_framework' (install_repos.py:39) (Mbed-TLS___mbedtls)
10/07/2024 12:49:45 AM logger_Mbed-TLS___mbedtls DEBUG -- Looking for pthread.h (install_repos.py:39) (Mbed-TLS___mbedtls)
10/07/2024 12:49:45 AM logger_Mbed-TLS___mbedtls DEBUG -- Looking for pthread.h - found (install_repos.py:39) (Mbed-TLS___mbedtls)
10/07/2024 12:49:45 AM logger_Mbed-TLS___mbedtls DEBUG -- Performing Test CMAKE_HAVE_LIBC_PTHREAD (install_repos.py:39) (Mbed-TLS___mbedtls)
10/07/2024 12:49:46 AM logger_Mbed-TLS___mbedtls DEBUG -- Performing Test CMAKE_HAVE_LIBC_PTHREAD - Failed (install_repos.py:39) (Mbed-TLS___mbedtls)
10/07/2024 12:49:46 AM logger_Mbed-TLS___mbedtls DEBUG -- Check if compiler accepts -pthread (install_repos.py:39) (Mbed-TLS___mbedtls)
10/07/2024 12:49:46 AM logger_Mbed-TLS___mbedtls DEBUG -- Check if compiler accepts -pthread - yes (install_repos.py:39) (Mbed-TLS___mbedtls)
10/07/2024 12:49:46 AM logger_Mbed-TLS___mbedtls DEBUG -- Found Threads: TRUE (install_repos.py:39) (Mbed-TLS___mbedtls)
10/07/2024 12:49:46 AM logger_Mbed-TLS___mbedtls DEBUG -- Performing Test C_COMPILER_SUPPORTS_WFORMAT_SIGNEDNESS (install_repos.py:39) (Mbed-TLS___mbedtls)
10/07/2024 12:49:46 AM logger_Mbed-TLS___mbedtls DEBUG -- Performing Test C_COMPILER_SUPPORTS_WFORMAT_SIGNEDNESS - Success (install_repos.py:39) (Mbed-TLS___mbedtls)
10/07/2024 12:49:46 AM logger_Mbed-TLS___mbedtls DEBUG CMake Error at CMakeLists.txt:318 (message): (install_repos.py:39) (Mbed-TLS___mbedtls)
10/07/2024 12:49:46 AM logger_Mbed-TLS___mbedtls DEBUG /INSTALL_C/repos/Mbed-TLS___mbedtls/framework/CMakeLists.txt not found. (install_repos.py:39) (Mbed-TLS___mbedtls)
10/07/2024 12:49:46 AM logger_Mbed-TLS___mbedtls DEBUG Run `git submodule update --init` from the source tree to fetch the (install_repos.py:39) (Mbed-TLS___mbedtls)
10/07/2024 12:49:46 AM logger_Mbed-TLS___mbedtls DEBUG submodule contents. (install_repos.py:39) (Mbed-TLS___mbedtls)
10/07/2024 12:49:46 AM logger_Mbed-TLS___mbedtls DEBUG  (install_repos.py:39) (Mbed-TLS___mbedtls)
10/07/2024 12:49:46 AM logger_Mbed-TLS___mbedtls DEBUG  (install_repos.py:39) (Mbed-TLS___mbedtls)
10/07/2024 12:49:46 AM logger_Mbed-TLS___mbedtls DEBUG -- Configuring incomplete, errors occurred! (install_repos.py:39) (Mbed-TLS___mbedtls)
10/07/2024 12:49:46 AM logger_Mbed-TLS___mbedtls DEBUG See also "/INSTALL_C/repos/Mbed-TLS___mbedtls/build/CMakeFiles/CMakeOutput.log". (install_repos.py:39) (Mbed-TLS___mbedtls)
10/07/2024 12:49:46 AM logger_Mbed-TLS___mbedtls DEBUG See also "/INSTALL_C/repos/Mbed-TLS___mbedtls/build/CMakeFiles/CMakeError.log". (install_repos.py:39) (Mbed-TLS___mbedtls)
10/07/2024 12:49:46 AM logger_Mbed-TLS___mbedtls ERROR Error: Build failed for Mbed-TLS___mbedtls
Build failed for reason: cmake failed (install_repos.py:353) (Mbed-TLS___mbedtls)
