10/07/2024 12:51:10 AM logger_neovim___neovim INFO <<<<<<<<<<<<<<<<<< Logger setup anew <<<<<<<<<<<<<<<<<<< (utils.py:39) (neovim___neovim)
10/07/2024 12:51:10 AM logger_neovim___neovim INFO Analyzing repos/neovim___neovim (install_repos.py:338) (neovim___neovim)
10/07/2024 12:51:10 AM logger_neovim___neovim INFO Running command: rm -rf build/ (install_repos.py:21) (neovim___neovim)
10/07/2024 12:51:10 AM logger_neovim___neovim INFO Logging output to: logs/repos_400_c_round_two_with_manual_installation_of_missing_packages_2024-10-07_00-38-25/neovim___neovim_build.log (install_repos.py:22) (neovim___neovim)
10/07/2024 12:51:10 AM logger_neovim___neovim INFO Running command: rm -rf CMakeCache.txt (install_repos.py:21) (neovim___neovim)
10/07/2024 12:51:10 AM logger_neovim___neovim INFO Logging output to: logs/repos_400_c_round_two_with_manual_installation_of_missing_packages_2024-10-07_00-38-25/neovim___neovim_build.log (install_repos.py:22) (neovim___neovim)
10/07/2024 12:51:10 AM logger_neovim___neovim INFO Running command: rm -rf CMakeFiles/ (install_repos.py:21) (neovim___neovim)
10/07/2024 12:51:10 AM logger_neovim___neovim INFO Logging output to: logs/repos_400_c_round_two_with_manual_installation_of_missing_packages_2024-10-07_00-38-25/neovim___neovim_build.log (install_repos.py:22) (neovim___neovim)
10/07/2024 12:51:10 AM logger_neovim___neovim INFO Running CMake (install_repos.py:153) (neovim___neovim)
10/07/2024 12:51:10 AM logger_neovim___neovim INFO Running command: cmake .. (install_repos.py:21) (neovim___neovim)
10/07/2024 12:51:10 AM logger_neovim___neovim INFO Logging output to: logs/repos_400_c_round_two_with_manual_installation_of_missing_packages_2024-10-07_00-38-25/build_build.log (install_repos.py:22) (neovim___neovim)
10/07/2024 12:51:10 AM logger_neovim___neovim DEBUG -- The C compiler identification is GNU 9.4.0 (install_repos.py:39) (neovim___neovim)
10/07/2024 12:51:10 AM logger_neovim___neovim DEBUG -- Check for working C compiler: /usr/bin/cc (install_repos.py:39) (neovim___neovim)
10/07/2024 12:51:10 AM logger_neovim___neovim DEBUG -- Check for working C compiler: /usr/bin/cc -- works (install_repos.py:39) (neovim___neovim)
10/07/2024 12:51:10 AM logger_neovim___neovim DEBUG -- Detecting C compiler ABI info (install_repos.py:39) (neovim___neovim)
10/07/2024 12:51:10 AM logger_neovim___neovim DEBUG -- Detecting C compiler ABI info - done (install_repos.py:39) (neovim___neovim)
10/07/2024 12:51:10 AM logger_neovim___neovim DEBUG -- Detecting C compile features (install_repos.py:39) (neovim___neovim)
10/07/2024 12:51:10 AM logger_neovim___neovim DEBUG -- Detecting C compile features - done (install_repos.py:39) (neovim___neovim)
10/07/2024 12:51:10 AM logger_neovim___neovim DEBUG -- Found GNU Make at /usr/bin/make (install_repos.py:39) (neovim___neovim)
10/07/2024 12:51:10 AM logger_neovim___neovim DEBUG -- CMAKE_INSTALL_PREFIX=/usr/local (install_repos.py:39) (neovim___neovim)
10/07/2024 12:51:10 AM logger_neovim___neovim DEBUG -- CMAKE_BUILD_TYPE not specified, default is 'Debug' (install_repos.py:39) (neovim___neovim)
10/07/2024 12:51:10 AM logger_neovim___neovim DEBUG -- Using Lua interpreter: /usr/bin/lua (install_repos.py:39) (neovim___neovim)
10/07/2024 12:51:10 AM logger_neovim___neovim DEBUG -- Using Lua interpreter for code generation: /usr/bin/lua (install_repos.py:39) (neovim___neovim)
10/07/2024 12:51:10 AM logger_neovim___neovim DEBUG CMake Error at /usr/share/cmake-3.16/Modules/FindPackageHandleStandardArgs.cmake:146 (message): (install_repos.py:39) (neovim___neovim)
10/07/2024 12:51:10 AM logger_neovim___neovim DEBUG Could NOT find Luv (missing: LUV_LIBRARY LUV_INCLUDE_DIR) (Required is at (install_repos.py:39) (neovim___neovim)
10/07/2024 12:51:10 AM logger_neovim___neovim DEBUG least version "1.43.0") (install_repos.py:39) (neovim___neovim)
10/07/2024 12:51:10 AM logger_neovim___neovim DEBUG Call Stack (most recent call first): (install_repos.py:39) (neovim___neovim)
10/07/2024 12:51:10 AM logger_neovim___neovim DEBUG /usr/share/cmake-3.16/Modules/FindPackageHandleStandardArgs.cmake:393 (_FPHSA_FAILURE_MESSAGE) (install_repos.py:39) (neovim___neovim)
10/07/2024 12:51:10 AM logger_neovim___neovim DEBUG cmake/FindLuv.cmake:4 (find_package_handle_standard_args) (install_repos.py:39) (neovim___neovim)
10/07/2024 12:51:10 AM logger_neovim___neovim DEBUG src/nvim/CMakeLists.txt:27 (find_package) (install_repos.py:39) (neovim___neovim)
10/07/2024 12:51:10 AM logger_neovim___neovim DEBUG  (install_repos.py:39) (neovim___neovim)
10/07/2024 12:51:10 AM logger_neovim___neovim DEBUG  (install_repos.py:39) (neovim___neovim)
10/07/2024 12:51:10 AM logger_neovim___neovim DEBUG -- Configuring incomplete, errors occurred! (install_repos.py:39) (neovim___neovim)
10/07/2024 12:51:10 AM logger_neovim___neovim DEBUG See also "/INSTALL_C/repos/neovim___neovim/build/CMakeFiles/CMakeOutput.log". (install_repos.py:39) (neovim___neovim)
10/07/2024 12:51:10 AM logger_neovim___neovim ERROR Error: Build failed for neovim___neovim
Build failed for reason: cmake failed (install_repos.py:353) (neovim___neovim)
