10/07/2024 12:49:46 AM logger_openwrt___libubox INFO <<<<<<<<<<<<<<<<<< Logger setup anew <<<<<<<<<<<<<<<<<<< (utils.py:39) (openwrt___libubox)
10/07/2024 12:49:46 AM logger_openwrt___libubox INFO Analyzing repos/openwrt___libubox (install_repos.py:338) (openwrt___libubox)
10/07/2024 12:49:46 AM logger_openwrt___libubox INFO Running command: rm -rf build/ (install_repos.py:21) (openwrt___libubox)
10/07/2024 12:49:46 AM logger_openwrt___libubox INFO Logging output to: logs/repos_400_c_round_two_with_manual_installation_of_missing_packages_2024-10-07_00-38-25/openwrt___libubox_build.log (install_repos.py:22) (openwrt___libubox)
10/07/2024 12:49:46 AM logger_openwrt___libubox INFO Running command: rm -rf CMakeCache.txt (install_repos.py:21) (openwrt___libubox)
10/07/2024 12:49:46 AM logger_openwrt___libubox INFO Logging output to: logs/repos_400_c_round_two_with_manual_installation_of_missing_packages_2024-10-07_00-38-25/openwrt___libubox_build.log (install_repos.py:22) (openwrt___libubox)
10/07/2024 12:49:46 AM logger_openwrt___libubox INFO Running command: rm -rf CMakeFiles/ (install_repos.py:21) (openwrt___libubox)
10/07/2024 12:49:46 AM logger_openwrt___libubox INFO Logging output to: logs/repos_400_c_round_two_with_manual_installation_of_missing_packages_2024-10-07_00-38-25/openwrt___libubox_build.log (install_repos.py:22) (openwrt___libubox)
10/07/2024 12:49:46 AM logger_openwrt___libubox INFO Running CMake (install_repos.py:153) (openwrt___libubox)
10/07/2024 12:49:46 AM logger_openwrt___libubox INFO Running command: cmake .. (install_repos.py:21) (openwrt___libubox)
10/07/2024 12:49:46 AM logger_openwrt___libubox INFO Logging output to: logs/repos_400_c_round_two_with_manual_installation_of_missing_packages_2024-10-07_00-38-25/build_build.log (install_repos.py:22) (openwrt___libubox)
10/07/2024 12:49:46 AM logger_openwrt___libubox DEBUG -- The C compiler identification is GNU 9.4.0 (install_repos.py:39) (openwrt___libubox)
10/07/2024 12:49:46 AM logger_openwrt___libubox DEBUG -- Check for working C compiler: /usr/bin/cc (install_repos.py:39) (openwrt___libubox)
10/07/2024 12:49:46 AM logger_openwrt___libubox DEBUG -- Check for working C compiler: /usr/bin/cc -- works (install_repos.py:39) (openwrt___libubox)
10/07/2024 12:49:46 AM logger_openwrt___libubox DEBUG -- Detecting C compiler ABI info (install_repos.py:39) (openwrt___libubox)
10/07/2024 12:49:46 AM logger_openwrt___libubox DEBUG -- Detecting C compiler ABI info - done (install_repos.py:39) (openwrt___libubox)
10/07/2024 12:49:46 AM logger_openwrt___libubox DEBUG -- Detecting C compile features (install_repos.py:39) (openwrt___libubox)
10/07/2024 12:49:46 AM logger_openwrt___libubox DEBUG -- Detecting C compile features - done (install_repos.py:39) (openwrt___libubox)
10/07/2024 12:49:46 AM logger_openwrt___libubox DEBUG -- Found PkgConfig: /usr/bin/pkg-config (found version "0.29.1") (install_repos.py:39) (openwrt___libubox)
10/07/2024 12:49:46 AM logger_openwrt___libubox DEBUG -- Checking for one of the modules 'json-c' (install_repos.py:39) (openwrt___libubox)
10/07/2024 12:49:46 AM logger_openwrt___libubox DEBUG -- Looking for clock_gettime (install_repos.py:39) (openwrt___libubox)
10/07/2024 12:49:46 AM logger_openwrt___libubox DEBUG -- Looking for clock_gettime - found (install_repos.py:39) (openwrt___libubox)
10/07/2024 12:49:46 AM logger_openwrt___libubox DEBUG -- Looking for shm_open (install_repos.py:39) (openwrt___libubox)
10/07/2024 12:49:46 AM logger_openwrt___libubox DEBUG -- Looking for shm_open - not found (install_repos.py:39) (openwrt___libubox)
10/07/2024 12:49:46 AM logger_openwrt___libubox DEBUG -- Looking for clock_gettime in rt (install_repos.py:39) (openwrt___libubox)
10/07/2024 12:49:46 AM logger_openwrt___libubox DEBUG -- Looking for clock_gettime in rt - found (install_repos.py:39) (openwrt___libubox)
10/07/2024 12:49:46 AM logger_openwrt___libubox DEBUG -- Looking for shm_open in rt (install_repos.py:39) (openwrt___libubox)
10/07/2024 12:49:46 AM logger_openwrt___libubox DEBUG -- Looking for shm_open in rt - found (install_repos.py:39) (openwrt___libubox)
10/07/2024 12:49:46 AM logger_openwrt___libubox DEBUG -- Checking for one of the modules 'lua5.1;lua-5.1' (install_repos.py:39) (openwrt___libubox)
10/07/2024 12:49:46 AM logger_openwrt___libubox DEBUG CMake Error: The following variables are used in this project, but they are set to NOTFOUND. (install_repos.py:39) (openwrt___libubox)
10/07/2024 12:49:46 AM logger_openwrt___libubox DEBUG Please set them or make sure they are set and tested correctly in the CMake files: (install_repos.py:39) (openwrt___libubox)
10/07/2024 12:49:46 AM logger_openwrt___libubox DEBUG json (install_repos.py:39) (openwrt___libubox)
10/07/2024 12:49:46 AM logger_openwrt___libubox DEBUG linked by target "json_script-example" in directory /INSTALL_C/repos/openwrt___libubox/examples (install_repos.py:39) (openwrt___libubox)
10/07/2024 12:49:46 AM logger_openwrt___libubox DEBUG  (install_repos.py:39) (openwrt___libubox)
10/07/2024 12:49:46 AM logger_openwrt___libubox DEBUG -- Configuring incomplete, errors occurred! (install_repos.py:39) (openwrt___libubox)
10/07/2024 12:49:46 AM logger_openwrt___libubox DEBUG See also "/INSTALL_C/repos/openwrt___libubox/build/CMakeFiles/CMakeOutput.log". (install_repos.py:39) (openwrt___libubox)
10/07/2024 12:49:46 AM logger_openwrt___libubox DEBUG See also "/INSTALL_C/repos/openwrt___libubox/build/CMakeFiles/CMakeError.log". (install_repos.py:39) (openwrt___libubox)
10/07/2024 12:49:46 AM logger_openwrt___libubox ERROR Error: Build failed for openwrt___libubox
Build failed for reason: cmake failed (install_repos.py:353) (openwrt___libubox)
