10/07/2024 12:51:38 AM logger_symisc___unqlite INFO <<<<<<<<<<<<<<<<<< Logger setup anew <<<<<<<<<<<<<<<<<<< (utils.py:39) (symisc___unqlite)
10/07/2024 12:51:38 AM logger_symisc___unqlite INFO Analyzing repos/symisc___unqlite (install_repos.py:338) (symisc___unqlite)
10/07/2024 12:51:38 AM logger_symisc___unqlite INFO Running command: rm -rf build/ (install_repos.py:21) (symisc___unqlite)
10/07/2024 12:51:38 AM logger_symisc___unqlite INFO Logging output to: logs/repos_400_c_round_two_with_manual_installation_of_missing_packages_2024-10-07_00-38-25/symisc___unqlite_build.log (install_repos.py:22) (symisc___unqlite)
10/07/2024 12:51:38 AM logger_symisc___unqlite INFO Running command: rm -rf CMakeCache.txt (install_repos.py:21) (symisc___unqlite)
10/07/2024 12:51:38 AM logger_symisc___unqlite INFO Logging output to: logs/repos_400_c_round_two_with_manual_installation_of_missing_packages_2024-10-07_00-38-25/symisc___unqlite_build.log (install_repos.py:22) (symisc___unqlite)
10/07/2024 12:51:38 AM logger_symisc___unqlite INFO Running command: rm -rf CMakeFiles/ (install_repos.py:21) (symisc___unqlite)
10/07/2024 12:51:38 AM logger_symisc___unqlite INFO Logging output to: logs/repos_400_c_round_two_with_manual_installation_of_missing_packages_2024-10-07_00-38-25/symisc___unqlite_build.log (install_repos.py:22) (symisc___unqlite)
10/07/2024 12:51:38 AM logger_symisc___unqlite INFO Running CMake (install_repos.py:153) (symisc___unqlite)
10/07/2024 12:51:38 AM logger_symisc___unqlite INFO Running command: cmake .. (install_repos.py:21) (symisc___unqlite)
10/07/2024 12:51:38 AM logger_symisc___unqlite INFO Logging output to: logs/repos_400_c_round_two_with_manual_installation_of_missing_packages_2024-10-07_00-38-25/build_build.log (install_repos.py:22) (symisc___unqlite)
10/07/2024 12:51:38 AM logger_symisc___unqlite DEBUG -- The C compiler identification is GNU 9.4.0 (install_repos.py:39) (symisc___unqlite)
10/07/2024 12:51:38 AM logger_symisc___unqlite DEBUG -- The CXX compiler identification is GNU 9.4.0 (install_repos.py:39) (symisc___unqlite)
10/07/2024 12:51:38 AM logger_symisc___unqlite DEBUG -- Check for working C compiler: /usr/bin/cc (install_repos.py:39) (symisc___unqlite)
10/07/2024 12:51:39 AM logger_symisc___unqlite DEBUG -- Check for working C compiler: /usr/bin/cc -- works (install_repos.py:39) (symisc___unqlite)
10/07/2024 12:51:39 AM logger_symisc___unqlite DEBUG -- Detecting C compiler ABI info (install_repos.py:39) (symisc___unqlite)
10/07/2024 12:51:39 AM logger_symisc___unqlite DEBUG -- Detecting C compiler ABI info - done (install_repos.py:39) (symisc___unqlite)
10/07/2024 12:51:39 AM logger_symisc___unqlite DEBUG -- Detecting C compile features (install_repos.py:39) (symisc___unqlite)
10/07/2024 12:51:39 AM logger_symisc___unqlite DEBUG -- Detecting C compile features - done (install_repos.py:39) (symisc___unqlite)
10/07/2024 12:51:39 AM logger_symisc___unqlite DEBUG -- Check for working CXX compiler: /usr/bin/c++ (install_repos.py:39) (symisc___unqlite)
10/07/2024 12:51:39 AM logger_symisc___unqlite DEBUG -- Check for working CXX compiler: /usr/bin/c++ -- works (install_repos.py:39) (symisc___unqlite)
10/07/2024 12:51:39 AM logger_symisc___unqlite DEBUG -- Detecting CXX compiler ABI info (install_repos.py:39) (symisc___unqlite)
10/07/2024 12:51:39 AM logger_symisc___unqlite DEBUG -- Detecting CXX compiler ABI info - done (install_repos.py:39) (symisc___unqlite)
10/07/2024 12:51:39 AM logger_symisc___unqlite DEBUG -- Detecting CXX compile features (install_repos.py:39) (symisc___unqlite)
10/07/2024 12:51:39 AM logger_symisc___unqlite DEBUG -- Detecting CXX compile features - done (install_repos.py:39) (symisc___unqlite)
10/07/2024 12:51:39 AM logger_symisc___unqlite DEBUG -- Configuring done (install_repos.py:39) (symisc___unqlite)
10/07/2024 12:51:39 AM logger_symisc___unqlite DEBUG -- Generating done (install_repos.py:39) (symisc___unqlite)
10/07/2024 12:51:39 AM logger_symisc___unqlite DEBUG -- Build files have been written to: /INSTALL_C/repos/symisc___unqlite/build (install_repos.py:39) (symisc___unqlite)
10/07/2024 12:51:39 AM logger_symisc___unqlite INFO Running command: cmake --build . (install_repos.py:21) (symisc___unqlite)
10/07/2024 12:51:39 AM logger_symisc___unqlite INFO Logging output to: logs/repos_400_c_round_two_with_manual_installation_of_missing_packages_2024-10-07_00-38-25/build_build.log (install_repos.py:22) (symisc___unqlite)
10/07/2024 12:51:39 AM logger_symisc___unqlite DEBUG Scanning dependencies of target unqlite (install_repos.py:39) (symisc___unqlite)
10/07/2024 12:51:39 AM logger_symisc___unqlite DEBUG [  4%] Building C object CMakeFiles/unqlite.dir/unqlite.c.o (install_repos.py:39) (symisc___unqlite)
10/07/2024 12:51:40 AM logger_symisc___unqlite DEBUG [  9%] Linking C static library libunqlite.a (install_repos.py:39) (symisc___unqlite)
10/07/2024 12:51:40 AM logger_symisc___unqlite DEBUG [  9%] Built target unqlite (install_repos.py:39) (symisc___unqlite)
10/07/2024 12:51:40 AM logger_symisc___unqlite DEBUG Scanning dependencies of target unqlite_test_example_1 (install_repos.py:39) (symisc___unqlite)
10/07/2024 12:51:40 AM logger_symisc___unqlite DEBUG [ 13%] Building C object example/CMakeFiles/unqlite_test_example_1.dir/1.c.o (install_repos.py:39) (symisc___unqlite)
10/07/2024 12:51:40 AM logger_symisc___unqlite DEBUG [ 18%] Linking C executable unqlite_test_example_1 (install_repos.py:39) (symisc___unqlite)
10/07/2024 12:51:40 AM logger_symisc___unqlite DEBUG [ 18%] Built target unqlite_test_example_1 (install_repos.py:39) (symisc___unqlite)
10/07/2024 12:51:40 AM logger_symisc___unqlite DEBUG Scanning dependencies of target unqlite_test_example_unqlite_mp3 (install_repos.py:39) (symisc___unqlite)
10/07/2024 12:51:40 AM logger_symisc___unqlite DEBUG [ 22%] Building C object example/CMakeFiles/unqlite_test_example_unqlite_mp3.dir/unqlite_mp3.c.o (install_repos.py:39) (symisc___unqlite)
10/07/2024 12:51:40 AM logger_symisc___unqlite DEBUG [ 27%] Linking C executable unqlite_test_example_unqlite_mp3 (install_repos.py:39) (symisc___unqlite)
10/07/2024 12:51:41 AM logger_symisc___unqlite DEBUG [ 27%] Built target unqlite_test_example_unqlite_mp3 (install_repos.py:39) (symisc___unqlite)
10/07/2024 12:51:41 AM logger_symisc___unqlite DEBUG Scanning dependencies of target unqlite_test_example_2 (install_repos.py:39) (symisc___unqlite)
10/07/2024 12:51:41 AM logger_symisc___unqlite DEBUG [ 31%] Building C object example/CMakeFiles/unqlite_test_example_2.dir/2.c.o (install_repos.py:39) (symisc___unqlite)
10/07/2024 12:51:41 AM logger_symisc___unqlite DEBUG [ 36%] Linking C executable unqlite_test_example_2 (install_repos.py:39) (symisc___unqlite)
10/07/2024 12:51:41 AM logger_symisc___unqlite DEBUG [ 36%] Built target unqlite_test_example_2 (install_repos.py:39) (symisc___unqlite)
10/07/2024 12:51:41 AM logger_symisc___unqlite DEBUG Scanning dependencies of target unqlite_test_example_5 (install_repos.py:39) (symisc___unqlite)
10/07/2024 12:51:41 AM logger_symisc___unqlite DEBUG [ 40%] Building C object example/CMakeFiles/unqlite_test_example_5.dir/5.c.o (install_repos.py:39) (symisc___unqlite)
10/07/2024 12:51:41 AM logger_symisc___unqlite DEBUG [ 45%] Linking C executable unqlite_test_example_5 (install_repos.py:39) (symisc___unqlite)
10/07/2024 12:51:41 AM logger_symisc___unqlite DEBUG [ 45%] Built target unqlite_test_example_5 (install_repos.py:39) (symisc___unqlite)
10/07/2024 12:51:41 AM logger_symisc___unqlite DEBUG Scanning dependencies of target unqlite_test_example_6 (install_repos.py:39) (symisc___unqlite)
10/07/2024 12:51:41 AM logger_symisc___unqlite DEBUG [ 50%] Building C object example/CMakeFiles/unqlite_test_example_6.dir/6.c.o (install_repos.py:39) (symisc___unqlite)
10/07/2024 12:51:41 AM logger_symisc___unqlite DEBUG [ 54%] Linking C executable unqlite_test_example_6 (install_repos.py:39) (symisc___unqlite)
10/07/2024 12:51:41 AM logger_symisc___unqlite DEBUG [ 54%] Built target unqlite_test_example_6 (install_repos.py:39) (symisc___unqlite)
10/07/2024 12:51:41 AM logger_symisc___unqlite DEBUG Scanning dependencies of target unqlite_test_example_unqlite_huge (install_repos.py:39) (symisc___unqlite)
10/07/2024 12:51:41 AM logger_symisc___unqlite DEBUG [ 59%] Building C object example/CMakeFiles/unqlite_test_example_unqlite_huge.dir/unqlite_huge.c.o (install_repos.py:39) (symisc___unqlite)
10/07/2024 12:51:41 AM logger_symisc___unqlite DEBUG [ 63%] Linking C executable unqlite_test_example_unqlite_huge (install_repos.py:39) (symisc___unqlite)
10/07/2024 12:51:41 AM logger_symisc___unqlite DEBUG [ 63%] Built target unqlite_test_example_unqlite_huge (install_repos.py:39) (symisc___unqlite)
10/07/2024 12:51:41 AM logger_symisc___unqlite DEBUG Scanning dependencies of target unqlite_test_example_unqlite_tar (install_repos.py:39) (symisc___unqlite)
10/07/2024 12:51:41 AM logger_symisc___unqlite DEBUG [ 68%] Building C object example/CMakeFiles/unqlite_test_example_unqlite_tar.dir/unqlite_tar.c.o (install_repos.py:39) (symisc___unqlite)
10/07/2024 12:51:41 AM logger_symisc___unqlite DEBUG /INSTALL_C/repos/symisc___unqlite/example/unqlite_tar.c: In function ‘main’: (install_repos.py:39) (symisc___unqlite)
10/07/2024 12:51:41 AM logger_symisc___unqlite DEBUG /INSTALL_C/repos/symisc___unqlite/example/unqlite_tar.c:204:11: warning: format ‘%ld’ expects argument of type ‘long int’, but argument 2 has type ‘unqlite_int64’ {aka ‘long long int’} [-Wformat=] (install_repos.py:39) (symisc___unqlite)
10/07/2024 12:51:41 AM logger_symisc___unqlite DEBUG 204 |    printf(":\t %l"NUM_FORMAT"d Bytes\n", nDataLen); (install_repos.py:39) (symisc___unqlite)
10/07/2024 12:51:41 AM logger_symisc___unqlite DEBUG |           ^~~~~~~~                       ~~~~~~~~ (install_repos.py:39) (symisc___unqlite)
10/07/2024 12:51:41 AM logger_symisc___unqlite DEBUG |                                          | (install_repos.py:39) (symisc___unqlite)
10/07/2024 12:51:41 AM logger_symisc___unqlite DEBUG |                                          unqlite_int64 {aka long long int} (install_repos.py:39) (symisc___unqlite)
10/07/2024 12:51:41 AM logger_symisc___unqlite DEBUG /INSTALL_C/repos/symisc___unqlite/example/unqlite_tar.c:204:30: note: format string is defined here (install_repos.py:39) (symisc___unqlite)
10/07/2024 12:51:41 AM logger_symisc___unqlite DEBUG 204 |    printf(":\t %l"NUM_FORMAT"d Bytes\n", nDataLen); (install_repos.py:39) (symisc___unqlite)
10/07/2024 12:51:41 AM logger_symisc___unqlite DEBUG |                ~~~~~~~~~~~~~~^ (install_repos.py:39) (symisc___unqlite)
10/07/2024 12:51:41 AM logger_symisc___unqlite DEBUG |                              | (install_repos.py:39) (symisc___unqlite)
10/07/2024 12:51:41 AM logger_symisc___unqlite DEBUG |                              long int (install_repos.py:39) (symisc___unqlite)
10/07/2024 12:51:41 AM logger_symisc___unqlite DEBUG |                %lld (install_repos.py:39) (symisc___unqlite)
10/07/2024 12:51:41 AM logger_symisc___unqlite DEBUG [ 72%] Linking C executable unqlite_test_example_unqlite_tar (install_repos.py:39) (symisc___unqlite)
10/07/2024 12:51:41 AM logger_symisc___unqlite DEBUG [ 72%] Built target unqlite_test_example_unqlite_tar (install_repos.py:39) (symisc___unqlite)
10/07/2024 12:51:41 AM logger_symisc___unqlite DEBUG Scanning dependencies of target unqlite_test_example_3 (install_repos.py:39) (symisc___unqlite)
10/07/2024 12:51:41 AM logger_symisc___unqlite DEBUG [ 77%] Building C object example/CMakeFiles/unqlite_test_example_3.dir/3.c.o (install_repos.py:39) (symisc___unqlite)
10/07/2024 12:51:41 AM logger_symisc___unqlite DEBUG [ 81%] Linking C executable unqlite_test_example_3 (install_repos.py:39) (symisc___unqlite)
10/07/2024 12:51:41 AM logger_symisc___unqlite DEBUG [ 81%] Built target unqlite_test_example_3 (install_repos.py:39) (symisc___unqlite)
10/07/2024 12:51:41 AM logger_symisc___unqlite DEBUG Scanning dependencies of target unqlite_test_example_4 (install_repos.py:39) (symisc___unqlite)
10/07/2024 12:51:41 AM logger_symisc___unqlite DEBUG [ 86%] Building C object example/CMakeFiles/unqlite_test_example_4.dir/4.c.o (install_repos.py:39) (symisc___unqlite)
10/07/2024 12:51:41 AM logger_symisc___unqlite DEBUG [ 90%] Linking C executable unqlite_test_example_4 (install_repos.py:39) (symisc___unqlite)
10/07/2024 12:51:41 AM logger_symisc___unqlite DEBUG [ 90%] Built target unqlite_test_example_4 (install_repos.py:39) (symisc___unqlite)
10/07/2024 12:51:41 AM logger_symisc___unqlite DEBUG Scanning dependencies of target unqlite_test_example_unqlite_demovfs (install_repos.py:39) (symisc___unqlite)
10/07/2024 12:51:41 AM logger_symisc___unqlite DEBUG [ 95%] Building C object example/demovfs/CMakeFiles/unqlite_test_example_unqlite_demovfs.dir/unqlite_demovfs.c.o (install_repos.py:39) (symisc___unqlite)
10/07/2024 12:51:41 AM logger_symisc___unqlite DEBUG [100%] Linking C executable unqlite_test_example_unqlite_demovfs (install_repos.py:39) (symisc___unqlite)
10/07/2024 12:51:41 AM logger_symisc___unqlite DEBUG [100%] Built target unqlite_test_example_unqlite_demovfs (install_repos.py:39) (symisc___unqlite)
10/07/2024 12:51:41 AM logger_symisc___unqlite INFO Success: Build succeeded for symisc___unqlite (install_repos.py:350) (symisc___unqlite)
