10/07/2024 12:42:54 AM logger_transmission___transmission INFO <<<<<<<<<<<<<<<<<< Logger setup anew <<<<<<<<<<<<<<<<<<< (utils.py:39) (transmission___transmission)
10/07/2024 12:42:54 AM logger_transmission___transmission INFO Analyzing repos/transmission___transmission (install_repos.py:338) (transmission___transmission)
10/07/2024 12:42:54 AM logger_transmission___transmission INFO Running command: rm -rf build/ (install_repos.py:21) (transmission___transmission)
10/07/2024 12:42:54 AM logger_transmission___transmission INFO Logging output to: logs/repos_400_c_round_two_with_manual_installation_of_missing_packages_2024-10-07_00-38-25/transmission___transmission_build.log (install_repos.py:22) (transmission___transmission)
10/07/2024 12:42:54 AM logger_transmission___transmission INFO Running command: rm -rf CMakeCache.txt (install_repos.py:21) (transmission___transmission)
10/07/2024 12:42:54 AM logger_transmission___transmission INFO Logging output to: logs/repos_400_c_round_two_with_manual_installation_of_missing_packages_2024-10-07_00-38-25/transmission___transmission_build.log (install_repos.py:22) (transmission___transmission)
10/07/2024 12:42:54 AM logger_transmission___transmission INFO Running command: rm -rf CMakeFiles/ (install_repos.py:21) (transmission___transmission)
10/07/2024 12:42:54 AM logger_transmission___transmission INFO Logging output to: logs/repos_400_c_round_two_with_manual_installation_of_missing_packages_2024-10-07_00-38-25/transmission___transmission_build.log (install_repos.py:22) (transmission___transmission)
10/07/2024 12:42:54 AM logger_transmission___transmission INFO Running CMake (install_repos.py:153) (transmission___transmission)
10/07/2024 12:42:54 AM logger_transmission___transmission INFO Running command: cmake .. (install_repos.py:21) (transmission___transmission)
10/07/2024 12:42:54 AM logger_transmission___transmission INFO Logging output to: logs/repos_400_c_round_two_with_manual_installation_of_missing_packages_2024-10-07_00-38-25/build_build.log (install_repos.py:22) (transmission___transmission)
10/07/2024 12:42:54 AM logger_transmission___transmission DEBUG -- The C compiler identification is GNU 9.4.0 (install_repos.py:39) (transmission___transmission)
10/07/2024 12:42:54 AM logger_transmission___transmission DEBUG -- The CXX compiler identification is GNU 9.4.0 (install_repos.py:39) (transmission___transmission)
10/07/2024 12:42:54 AM logger_transmission___transmission DEBUG -- Check for working C compiler: /usr/bin/cc (install_repos.py:39) (transmission___transmission)
10/07/2024 12:42:54 AM logger_transmission___transmission DEBUG -- Check for working C compiler: /usr/bin/cc -- works (install_repos.py:39) (transmission___transmission)
10/07/2024 12:42:54 AM logger_transmission___transmission DEBUG -- Detecting C compiler ABI info (install_repos.py:39) (transmission___transmission)
10/07/2024 12:42:54 AM logger_transmission___transmission DEBUG -- Detecting C compiler ABI info - done (install_repos.py:39) (transmission___transmission)
10/07/2024 12:42:54 AM logger_transmission___transmission DEBUG -- Detecting C compile features (install_repos.py:39) (transmission___transmission)
10/07/2024 12:42:54 AM logger_transmission___transmission DEBUG -- Detecting C compile features - done (install_repos.py:39) (transmission___transmission)
10/07/2024 12:42:54 AM logger_transmission___transmission DEBUG -- Check for working CXX compiler: /usr/bin/c++ (install_repos.py:39) (transmission___transmission)
10/07/2024 12:42:55 AM logger_transmission___transmission DEBUG -- Check for working CXX compiler: /usr/bin/c++ -- works (install_repos.py:39) (transmission___transmission)
10/07/2024 12:42:55 AM logger_transmission___transmission DEBUG -- Detecting CXX compiler ABI info (install_repos.py:39) (transmission___transmission)
10/07/2024 12:42:55 AM logger_transmission___transmission DEBUG -- Detecting CXX compiler ABI info - done (install_repos.py:39) (transmission___transmission)
10/07/2024 12:42:55 AM logger_transmission___transmission DEBUG -- Detecting CXX compile features (install_repos.py:39) (transmission___transmission)
10/07/2024 12:42:55 AM logger_transmission___transmission DEBUG -- Detecting CXX compile features - done (install_repos.py:39) (transmission___transmission)
10/07/2024 12:42:55 AM logger_transmission___transmission DEBUG -- Found Git: /usr/bin/git (found version "2.25.1") (install_repos.py:39) (transmission___transmission)
10/07/2024 12:42:55 AM logger_transmission___transmission DEBUG CMake Error at CMakeLists.txt:186 (include): (install_repos.py:39) (transmission___transmission)
10/07/2024 12:42:55 AM logger_transmission___transmission DEBUG include could not find load file: (install_repos.py:39) (transmission___transmission)
10/07/2024 12:42:55 AM logger_transmission___transmission DEBUG  (install_repos.py:39) (transmission___transmission)
10/07/2024 12:42:55 AM logger_transmission___transmission DEBUG GetGitRevisionDescription (install_repos.py:39) (transmission___transmission)
10/07/2024 12:42:55 AM logger_transmission___transmission DEBUG  (install_repos.py:39) (transmission___transmission)
10/07/2024 12:42:55 AM logger_transmission___transmission DEBUG  (install_repos.py:39) (transmission___transmission)
10/07/2024 12:42:55 AM logger_transmission___transmission DEBUG CMake Error at CMakeLists.txt:187 (get_git_head_revision): (install_repos.py:39) (transmission___transmission)
10/07/2024 12:42:55 AM logger_transmission___transmission DEBUG Unknown CMake command "get_git_head_revision". (install_repos.py:39) (transmission___transmission)
10/07/2024 12:42:55 AM logger_transmission___transmission DEBUG  (install_repos.py:39) (transmission___transmission)
10/07/2024 12:42:55 AM logger_transmission___transmission DEBUG  (install_repos.py:39) (transmission___transmission)
10/07/2024 12:42:55 AM logger_transmission___transmission DEBUG -- Configuring incomplete, errors occurred! (install_repos.py:39) (transmission___transmission)
10/07/2024 12:42:55 AM logger_transmission___transmission DEBUG See also "/INSTALL_C/repos/transmission___transmission/build/CMakeFiles/CMakeOutput.log". (install_repos.py:39) (transmission___transmission)
10/07/2024 12:42:55 AM logger_transmission___transmission ERROR Error: Build failed for transmission___transmission
Build failed for reason: cmake failed (install_repos.py:353) (transmission___transmission)
